2022-01-05 09:06:15,701 INFO org.springframework.boot.StartupInfoLogger [main] Starting IpsPayApplication on HO-BIPSAPPUAT01 with PID 22448 (C:\Users\Ext_KalaivananR\git\BIPSCIMPAY\target\classes started by Ext_KalaivananR in C:\Users\Ext_KalaivananR\git\BIPSCIMPAY)
2022-01-05 09:06:15,711 DEBUG org.springframework.boot.StartupInfoLogger [main] Running with Spring Boot v2.2.4.RELEASE, Spring v5.2.3.RELEASE
2022-01-05 09:06:15,711 INFO org.springframework.boot.SpringApplication [main] No active profile set, falling back to default profiles: default
2022-01-05 09:06:16,759 INFO org.springframework.data.repository.config.RepositoryConfigurationDelegate [main] Multiple Spring Data modules found, entering strict repository configuration mode!
2022-01-05 09:06:17,040 INFO org.springframework.data.repository.config.RepositoryConfigurationDelegate [main] Bootstrapping Spring Data JPA repositories in DEFAULT mode.
2022-01-05 09:06:17,276 INFO org.springframework.data.repository.config.RepositoryConfigurationDelegate [main] Finished Spring Data repository scanning in 220ms. Found 36 JPA repository interfaces.
2022-01-05 09:06:17,663 INFO org.springframework.data.repository.config.RepositoryConfigurationDelegate [main] Multiple Spring Data modules found, entering strict repository configuration mode!
2022-01-05 09:06:17,664 INFO org.springframework.data.repository.config.RepositoryConfigurationDelegate [main] Bootstrapping Spring Data LDAP repositories in DEFAULT mode.
2022-01-05 09:06:17,809 INFO org.springframework.data.repository.config.RepositoryConfigurationExtensionSupport [main] Spring Data LDAP - Could not safely identify store assignment for repository candidate interface com.bornfire.entity.BankAgentTableRep. If you want this repository to be a LDAP repository, consider annotating your entities with one of these annotations: org.springframework.ldap.odm.annotations.Entry (preferred), or consider extending one of the following types with your repository: org.springframework.data.ldap.repository.LdapRepository.
2022-01-05 09:06:17,810 INFO org.springframework.data.repository.config.RepositoryConfigurationExtensionSupport [main] Spring Data LDAP - Could not safely identify store assignment for repository candidate interface com.bornfire.entity.BusinessHoursRep. If you want this repository to be a LDAP repository, consider annotating your entities with one of these annotations: org.springframework.ldap.odm.annotations.Entry (preferred), or consider extending one of the following types with your repository: org.springframework.data.ldap.repository.LdapRepository.
2022-01-05 09:06:17,811 INFO org.springframework.data.repository.config.RepositoryConfigurationExtensionSupport [main] Spring Data LDAP - Could not safely identify store assignment for repository candidate interface com.bornfire.entity.ConsentAccessInquiryTableRep. If you want this repository to be a LDAP repository, consider annotating your entities with one of these annotations: org.springframework.ldap.odm.annotations.Entry (preferred), or consider extending one of the following types with your repository: org.springframework.data.ldap.repository.LdapRepository.
2022-01-05 09:06:17,811 INFO org.springframework.data.repository.config.RepositoryConfigurationExtensionSupport [main] Spring Data LDAP - Could not safely identify store assignment for repository candidate interface com.bornfire.entity.ConsentAccessTableRep. If you want this repository to be a LDAP repository, consider annotating your entities with one of these annotations: org.springframework.ldap.odm.annotations.Entry (preferred), or consider extending one of the following types with your repository: org.springframework.data.ldap.repository.LdapRepository.
2022-01-05 09:06:17,812 INFO org.springframework.data.repository.config.RepositoryConfigurationExtensionSupport [main] Spring Data LDAP - Could not safely identify store assignment for repository candidate interface com.bornfire.entity.ConsentAccessTmpTableRep. If you want this repository to be a LDAP repository, consider annotating your entities with one of these annotations: org.springframework.ldap.odm.annotations.Entry (preferred), or consider extending one of the following types with your repository: org.springframework.data.ldap.repository.LdapRepository.
2022-01-05 09:06:17,813 INFO org.springframework.data.repository.config.RepositoryConfigurationExtensionSupport [main] Spring Data LDAP - Could not safely identify store assignment for repository candidate interface com.bornfire.entity.ConsentOutwardAccessTableRep. If you want this repository to be a LDAP repository, consider annotating your entities with one of these annotations: org.springframework.ldap.odm.annotations.Entry (preferred), or consider extending one of the following types with your repository: org.springframework.data.ldap.repository.LdapRepository.
2022-01-05 09:06:17,813 INFO org.springframework.data.repository.config.RepositoryConfigurationExtensionSupport [main] Spring Data LDAP - Could not safely identify store assignment for repository candidate interface com.bornfire.entity.ConsentOutwardAccessTmpTableRep. If you want this repository to be a LDAP repository, consider annotating your entities with one of these annotations: org.springframework.ldap.odm.annotations.Entry (preferred), or consider extending one of the following types with your repository: org.springframework.data.ldap.repository.LdapRepository.
2022-01-05 09:06:17,814 INFO org.springframework.data.repository.config.RepositoryConfigurationExtensionSupport [main] Spring Data LDAP - Could not safely identify store assignment for repository candidate interface com.bornfire.entity.ConsentOutwardAuthorisationTableRep. If you want this repository to be a LDAP repository, consider annotating your entities with one of these annotations: org.springframework.ldap.odm.annotations.Entry (preferred), or consider extending one of the following types with your repository: org.springframework.data.ldap.repository.LdapRepository.
2022-01-05 09:06:17,814 INFO org.springframework.data.repository.config.RepositoryConfigurationExtensionSupport [main] Spring Data LDAP - Could not safely identify store assignment for repository candidate interface com.bornfire.entity.ConsentOutwardInquiryTableRep. If you want this repository to be a LDAP repository, consider annotating your entities with one of these annotations: org.springframework.ldap.odm.annotations.Entry (preferred), or consider extending one of the following types with your repository: org.springframework.data.ldap.repository.LdapRepository.
2022-01-05 09:06:17,815 INFO org.springframework.data.repository.config.RepositoryConfigurationExtensionSupport [main] Spring Data LDAP - Could not safely identify store assignment for repository candidate interface com.bornfire.entity.ConsentTableRep. If you want this repository to be a LDAP repository, consider annotating your entities with one of these annotations: org.springframework.ldap.odm.annotations.Entry (preferred), or consider extending one of the following types with your repository: org.springframework.data.ldap.repository.LdapRepository.
2022-01-05 09:06:17,815 INFO org.springframework.data.repository.config.RepositoryConfigurationExtensionSupport [main] Spring Data LDAP - Could not safely identify store assignment for repository candidate interface com.bornfire.entity.IPSChargesAndFeesRep. If you want this repository to be a LDAP repository, consider annotating your entities with one of these annotations: org.springframework.ldap.odm.annotations.Entry (preferred), or consider extending one of the following types with your repository: org.springframework.data.ldap.repository.LdapRepository.
2022-01-05 09:06:17,816 INFO org.springframework.data.repository.config.RepositoryConfigurationExtensionSupport [main] Spring Data LDAP - Could not safely identify store assignment for repository candidate interface com.bornfire.entity.IPSFlowTableRep. If you want this repository to be a LDAP repository, consider annotating your entities with one of these annotations: org.springframework.ldap.odm.annotations.Entry (preferred), or consider extending one of the following types with your repository: org.springframework.data.ldap.repository.LdapRepository.
2022-01-05 09:06:17,817 INFO org.springframework.data.repository.config.RepositoryConfigurationExtensionSupport [main] Spring Data LDAP - Could not safely identify store assignment for repository candidate interface com.bornfire.entity.MerchantQrCodeRegRep. If you want this repository to be a LDAP repository, consider annotating your entities with one of these annotations: org.springframework.ldap.odm.annotations.Entry (preferred), or consider extending one of the following types with your repository: org.springframework.data.ldap.repository.LdapRepository.
2022-01-05 09:06:17,817 INFO org.springframework.data.repository.config.RepositoryConfigurationExtensionSupport [main] Spring Data LDAP - Could not safely identify store assignment for repository candidate interface com.bornfire.entity.MerchantQrGenTablerep. If you want this repository to be a LDAP repository, consider annotating your entities with one of these annotations: org.springframework.ldap.odm.annotations.Entry (preferred), or consider extending one of the following types with your repository: org.springframework.data.ldap.repository.LdapRepository.
2022-01-05 09:06:17,818 INFO org.springframework.data.repository.config.RepositoryConfigurationExtensionSupport [main] Spring Data LDAP - Could not safely identify store assignment for repository candidate interface com.bornfire.entity.OTPGenTableRep. If you want this repository to be a LDAP repository, consider annotating your entities with one of these annotations: org.springframework.ldap.odm.annotations.Entry (preferred), or consider extending one of the following types with your repository: org.springframework.data.ldap.repository.LdapRepository.
2022-01-05 09:06:17,819 INFO org.springframework.data.repository.config.RepositoryConfigurationExtensionSupport [main] Spring Data LDAP - Could not safely identify store assignment for repository candidate interface com.bornfire.entity.OutwardTransHistMonitoringTableRep. If you want this repository to be a LDAP repository, consider annotating your entities with one of these annotations: org.springframework.ldap.odm.annotations.Entry (preferred), or consider extending one of the following types with your repository: org.springframework.data.ldap.repository.LdapRepository.
2022-01-05 09:06:17,819 INFO org.springframework.data.repository.config.RepositoryConfigurationExtensionSupport [main] Spring Data LDAP - Could not safely identify store assignment for repository candidate interface com.bornfire.entity.OutwardTransactionMonitoringTableRep. If you want this repository to be a LDAP repository, consider annotating your entities with one of these annotations: org.springframework.ldap.odm.annotations.Entry (preferred), or consider extending one of the following types with your repository: org.springframework.data.ldap.repository.LdapRepository.
2022-01-05 09:06:17,820 INFO org.springframework.data.repository.config.RepositoryConfigurationExtensionSupport [main] Spring Data LDAP - Could not safely identify store assignment for repository candidate interface com.bornfire.entity.RegPublicKeyRep. If you want this repository to be a LDAP repository, consider annotating your entities with one of these annotations: org.springframework.ldap.odm.annotations.Entry (preferred), or consider extending one of the following types with your repository: org.springframework.data.ldap.repository.LdapRepository.
2022-01-05 09:06:17,821 INFO org.springframework.data.repository.config.RepositoryConfigurationExtensionSupport [main] Spring Data LDAP - Could not safely identify store assignment for repository candidate interface com.bornfire.entity.RegPublicKeyTmpRep. If you want this repository to be a LDAP repository, consider annotating your entities with one of these annotations: org.springframework.ldap.odm.annotations.Entry (preferred), or consider extending one of the following types with your repository: org.springframework.data.ldap.repository.LdapRepository.
2022-01-05 09:06:17,822 INFO org.springframework.data.repository.config.RepositoryConfigurationExtensionSupport [main] Spring Data LDAP - Could not safely identify store assignment for repository candidate interface com.bornfire.entity.SettlementAccountAmtRep. If you want this repository to be a LDAP repository, consider annotating your entities with one of these annotations: org.springframework.ldap.odm.annotations.Entry (preferred), or consider extending one of the following types with your repository: org.springframework.data.ldap.repository.LdapRepository.
2022-01-05 09:06:17,823 INFO org.springframework.data.repository.config.RepositoryConfigurationExtensionSupport [main] Spring Data LDAP - Could not safely identify store assignment for repository candidate interface com.bornfire.entity.SettlementAccountRep. If you want this repository to be a LDAP repository, consider annotating your entities with one of these annotations: org.springframework.ldap.odm.annotations.Entry (preferred), or consider extending one of the following types with your repository: org.springframework.data.ldap.repository.LdapRepository.
2022-01-05 09:06:17,825 INFO org.springframework.data.repository.config.RepositoryConfigurationExtensionSupport [main] Spring Data LDAP - Could not safely identify store assignment for repository candidate interface com.bornfire.entity.SettlementLimitReportRep. If you want this repository to be a LDAP repository, consider annotating your entities with one of these annotations: org.springframework.ldap.odm.annotations.Entry (preferred), or consider extending one of the following types with your repository: org.springframework.data.ldap.repository.LdapRepository.
2022-01-05 09:06:17,828 INFO org.springframework.data.repository.config.RepositoryConfigurationExtensionSupport [main] Spring Data LDAP - Could not safely identify store assignment for repository candidate interface com.bornfire.entity.SettlementReportRep. If you want this repository to be a LDAP repository, consider annotating your entities with one of these annotations: org.springframework.ldap.odm.annotations.Entry (preferred), or consider extending one of the following types with your repository: org.springframework.data.ldap.repository.LdapRepository.
2022-01-05 09:06:17,830 INFO org.springframework.data.repository.config.RepositoryConfigurationExtensionSupport [main] Spring Data LDAP - Could not safely identify store assignment for repository candidate interface com.bornfire.entity.TranAllDetailsTableRep. If you want this repository to be a LDAP repository, consider annotating your entities with one of these annotations: org.springframework.ldap.odm.annotations.Entry (preferred), or consider extending one of the following types with your repository: org.springframework.data.ldap.repository.LdapRepository.
2022-01-05 09:06:17,831 INFO org.springframework.data.repository.config.RepositoryConfigurationExtensionSupport [main] Spring Data LDAP - Could not safely identify store assignment for repository candidate interface com.bornfire.entity.TranCBSTableRep. If you want this repository to be a LDAP repository, consider annotating your entities with one of these annotations: org.springframework.ldap.odm.annotations.Entry (preferred), or consider extending one of the following types with your repository: org.springframework.data.ldap.repository.LdapRepository.
2022-01-05 09:06:17,832 INFO org.springframework.data.repository.config.RepositoryConfigurationExtensionSupport [main] Spring Data LDAP - Could not safely identify store assignment for repository candidate interface com.bornfire.entity.TranCimCBSTableRep. If you want this repository to be a LDAP repository, consider annotating your entities with one of these annotations: org.springframework.ldap.odm.annotations.Entry (preferred), or consider extending one of the following types with your repository: org.springframework.data.ldap.repository.LdapRepository.
2022-01-05 09:06:17,833 INFO org.springframework.data.repository.config.RepositoryConfigurationExtensionSupport [main] Spring Data LDAP - Could not safely identify store assignment for repository candidate interface com.bornfire.entity.TranCimGLRep. If you want this repository to be a LDAP repository, consider annotating your entities with one of these annotations: org.springframework.ldap.odm.annotations.Entry (preferred), or consider extending one of the following types with your repository: org.springframework.data.ldap.repository.LdapRepository.
2022-01-05 09:06:17,833 INFO org.springframework.data.repository.config.RepositoryConfigurationExtensionSupport [main] Spring Data LDAP - Could not safely identify store assignment for repository candidate interface com.bornfire.entity.TranHistMonitorHistRep. If you want this repository to be a LDAP repository, consider annotating your entities with one of these annotations: org.springframework.ldap.odm.annotations.Entry (preferred), or consider extending one of the following types with your repository: org.springframework.data.ldap.repository.LdapRepository.
2022-01-05 09:06:17,834 INFO org.springframework.data.repository.config.RepositoryConfigurationExtensionSupport [main] Spring Data LDAP - Could not safely identify store assignment for repository candidate interface com.bornfire.entity.TranIPSTableRep. If you want this repository to be a LDAP repository, consider annotating your entities with one of these annotations: org.springframework.ldap.odm.annotations.Entry (preferred), or consider extending one of the following types with your repository: org.springframework.data.ldap.repository.LdapRepository.
2022-01-05 09:06:17,835 INFO org.springframework.data.repository.config.RepositoryConfigurationExtensionSupport [main] Spring Data LDAP - Could not safely identify store assignment for repository candidate interface com.bornfire.entity.TranNetStatRep. If you want this repository to be a LDAP repository, consider annotating your entities with one of these annotations: org.springframework.ldap.odm.annotations.Entry (preferred), or consider extending one of the following types with your repository: org.springframework.data.ldap.repository.LdapRepository.
2022-01-05 09:06:17,835 INFO org.springframework.data.repository.config.RepositoryConfigurationExtensionSupport [main] Spring Data LDAP - Could not safely identify store assignment for repository candidate interface com.bornfire.entity.TranNonCBSTableRep. If you want this repository to be a LDAP repository, consider annotating your entities with one of these annotations: org.springframework.ldap.odm.annotations.Entry (preferred), or consider extending one of the following types with your repository: org.springframework.data.ldap.repository.LdapRepository.
2022-01-05 09:06:17,836 INFO org.springframework.data.repository.config.RepositoryConfigurationExtensionSupport [main] Spring Data LDAP - Could not safely identify store assignment for repository candidate interface com.bornfire.entity.TransactionMonitorRep. If you want this repository to be a LDAP repository, consider annotating your entities with one of these annotations: org.springframework.ldap.odm.annotations.Entry (preferred), or consider extending one of the following types with your repository: org.springframework.data.ldap.repository.LdapRepository.
2022-01-05 09:06:17,836 INFO org.springframework.data.repository.config.RepositoryConfigurationExtensionSupport [main] Spring Data LDAP - Could not safely identify store assignment for repository candidate interface com.bornfire.entity.UpdateCBSIncProceRep. If you want this repository to be a LDAP repository, consider annotating your entities with one of these annotations: org.springframework.ldap.odm.annotations.Entry (preferred), or consider extending one of the following types with your repository: org.springframework.data.ldap.repository.LdapRepository.
2022-01-05 09:06:17,837 INFO org.springframework.data.repository.config.RepositoryConfigurationExtensionSupport [main] Spring Data LDAP - Could not safely identify store assignment for repository candidate interface com.bornfire.entity.WalletAccessTableRep. If you want this repository to be a LDAP repository, consider annotating your entities with one of these annotations: org.springframework.ldap.odm.annotations.Entry (preferred), or consider extending one of the following types with your repository: org.springframework.data.ldap.repository.LdapRepository.
2022-01-05 09:06:17,837 INFO org.springframework.data.repository.config.RepositoryConfigurationExtensionSupport [main] Spring Data LDAP - Could not safely identify store assignment for repository candidate interface com.bornfire.entity.WalletAccessTmpTableRep. If you want this repository to be a LDAP repository, consider annotating your entities with one of these annotations: org.springframework.ldap.odm.annotations.Entry (preferred), or consider extending one of the following types with your repository: org.springframework.data.ldap.repository.LdapRepository.
2022-01-05 09:06:17,837 INFO org.springframework.data.repository.config.RepositoryConfigurationExtensionSupport [main] Spring Data LDAP - Could not safely identify store assignment for repository candidate interface com.bornfire.entity.WalletRequestRegisterTableRep. If you want this repository to be a LDAP repository, consider annotating your entities with one of these annotations: org.springframework.ldap.odm.annotations.Entry (preferred), or consider extending one of the following types with your repository: org.springframework.data.ldap.repository.LdapRepository.
2022-01-05 09:06:17,838 INFO org.springframework.data.repository.config.RepositoryConfigurationDelegate [main] Finished Spring Data repository scanning in 173ms. Found 0 LDAP repository interfaces.
2022-01-05 09:06:18,171 INFO org.springframework.context.support.PostProcessorRegistrationDelegate$BeanPostProcessorChecker [main] Bean 'IPSGenConfig' of type [com.bornfire.config.IPSGenConfig$$EnhancerBySpringCGLIB$$9b590de5] is not eligible for getting processed by all BeanPostProcessors (for example: not eligible for auto-proxying)
2022-01-05 09:06:18,192 INFO org.springframework.context.support.PostProcessorRegistrationDelegate$BeanPostProcessorChecker [main] Bean 'IPSServerConfig' of type [com.bornfire.config.IPSServerConfig$$EnhancerBySpringCGLIB$$80f8cdfc] is not eligible for getting processed by all BeanPostProcessors (for example: not eligible for auto-proxying)
2022-01-05 09:06:18,194 INFO org.springframework.context.support.PostProcessorRegistrationDelegate$BeanPostProcessorChecker [main] Bean 'org.springframework.ws.config.annotation.DelegatingWsConfiguration' of type [org.springframework.ws.config.annotation.DelegatingWsConfiguration$$EnhancerBySpringCGLIB$$6dd53c6f] is not eligible for getting processed by all BeanPostProcessors (for example: not eligible for auto-proxying)
2022-01-05 09:06:18,224 INFO org.springframework.ws.soap.addressing.server.AbstractAddressingEndpointMapping [main] Supporting [WS-Addressing August 2004, WS-Addressing 1.0]
2022-01-05 09:06:18,368 INFO org.springframework.context.support.PostProcessorRegistrationDelegate$BeanPostProcessorChecker [main] Bean 'org.springframework.transaction.annotation.ProxyTransactionManagementConfiguration' of type [org.springframework.transaction.annotation.ProxyTransactionManagementConfiguration] is not eligible for getting processed by all BeanPostProcessors (for example: not eligible for auto-proxying)
2022-01-05 09:06:18,725 INFO org.springframework.boot.web.embedded.tomcat.TomcatWebServer [main] Tomcat initialized with port(s): 8440 (http)
2022-01-05 09:06:18,738 INFO org.apache.juli.logging.DirectJDKLog [main] Initializing ProtocolHandler ["http-nio-8440"]
2022-01-05 09:06:18,739 INFO org.apache.juli.logging.DirectJDKLog [main] Starting service [Tomcat]
2022-01-05 09:06:18,740 INFO org.apache.juli.logging.DirectJDKLog [main] Starting Servlet engine: [Apache Tomcat/9.0.30]
2022-01-05 09:06:18,859 INFO org.apache.juli.logging.DirectJDKLog [main] Initializing Spring embedded WebApplicationContext
2022-01-05 09:06:18,860 INFO org.springframework.boot.web.servlet.context.ServletWebServerApplicationContext [main] Root WebApplicationContext: initialization completed in 3090 ms
2022-01-05 09:06:19,511 INFO org.hibernate.Version [main] HHH000412: Hibernate Core {5.4.10.Final}
2022-01-05 09:06:19,721 INFO org.hibernate.annotations.common.reflection.java.JavaReflectionManager [main] HCANN000001: Hibernate Commons Annotations {5.1.0.Final}
2022-01-05 09:06:19,837 INFO com.zaxxer.hikari.HikariDataSource [main] HikariBIPS - Starting...
2022-01-05 09:06:20,450 INFO com.zaxxer.hikari.HikariDataSource [main] HikariBIPS - Start completed.
2022-01-05 09:06:20,471 INFO org.hibernate.dialect.Dialect [main] HHH000400: Using dialect: org.hibernate.dialect.Oracle12cDialect
2022-01-05 09:06:21,060 WARN org.hibernate.mapping.RootClass [main] HHH000038: Composite-id class does not override equals(): com.bornfire.entity.TranIPSTableID
2022-01-05 09:06:21,061 WARN org.hibernate.mapping.RootClass [main] HHH000039: Composite-id class does not override hashCode(): com.bornfire.entity.TranIPSTableID
2022-01-05 09:06:21,062 WARN org.hibernate.mapping.RootClass [main] HHH000038: Composite-id class does not override equals(): com.bornfire.entity.TranCimGLDetailID
2022-01-05 09:06:21,063 WARN org.hibernate.mapping.RootClass [main] HHH000039: Composite-id class does not override hashCode(): com.bornfire.entity.TranCimGLDetailID
2022-01-05 09:06:21,063 WARN org.hibernate.mapping.RootClass [main] HHH000038: Composite-id class does not override equals(): com.bornfire.entity.SettlementReportDetailID
2022-01-05 09:06:21,064 WARN org.hibernate.mapping.RootClass [main] HHH000039: Composite-id class does not override hashCode(): com.bornfire.entity.SettlementReportDetailID
2022-01-05 09:06:22,739 INFO org.hibernate.engine.transaction.jta.platform.internal.JtaPlatformInitiator [main] HHH000490: Using JtaPlatform implementation: [org.hibernate.engine.transaction.jta.platform.internal.NoJtaPlatform]
2022-01-05 09:06:24,128 INFO org.springframework.ws.soap.saaj.SaajSoapMessageFactory [main] Creating SAAJ 1.3 MessageFactory with SOAP 1.1 Protocol
2022-01-05 09:06:24,365 INFO org.springframework.scheduling.concurrent.ExecutorConfigurationSupport [main] Initializing ExecutorService
2022-01-05 09:06:24,367 INFO org.springframework.scheduling.concurrent.ExecutorConfigurationSupport [main] Initializing ExecutorService 'taskExecutor'
2022-01-05 09:06:24,403 INFO org.springframework.scheduling.concurrent.ExecutorConfigurationSupport [main] Initializing ExecutorService
2022-01-05 09:06:24,404 INFO org.springframework.scheduling.concurrent.ExecutorConfigurationSupport [main] Initializing ExecutorService 'asyncExecutor'
2022-01-05 09:06:25,272 WARN org.springframework.boot.autoconfigure.orm.jpa.JpaBaseConfiguration$JpaWebConfiguration [main] spring.jpa.open-in-view is enabled by default. Therefore, database queries may be performed during view rendering. Explicitly configure spring.jpa.open-in-view to disable this warning
2022-01-05 09:06:25,880 INFO org.springframework.scheduling.concurrent.ExecutorConfigurationSupport [main] Initializing ExecutorService 'taskScheduler'
2022-01-05 09:06:25,903 INFO org.springframework.boot.actuate.endpoint.web.EndpointLinksResolver [main] Exposing 13 endpoint(s) beneath base path '/actuator'
2022-01-05 09:06:25,967 INFO org.apache.juli.logging.DirectJDKLog [main] Starting ProtocolHandler ["http-nio-8440"]
2022-01-05 09:06:25,998 INFO org.springframework.boot.web.embedded.tomcat.TomcatWebServer [main] Tomcat started on port(s): 8440 (http) with context path ''
2022-01-05 09:06:26,003 INFO org.springframework.boot.StartupInfoLogger [main] Started IpsPayApplication in 11.005 seconds (JVM running for 11.731)
2022-01-05 09:07:00,055 INFO com.bornfire.config.CronJobScheduler$CertMapper [scheduling-1] 0------
2022-01-05 09:07:01,118 INFO com.bornfire.config.CronJobScheduler$CertMapper [scheduling-1] Mapper[B@45c1e10f
2022-01-05 09:07:01,124 INFO com.bornfire.config.CronJobScheduler$CertMapper [scheduling-1] EMAILADDRESS=cert_publisher_test@ips.maucas.mu, CN=BOMMMUPLXIPS, O=BOMM, L=Port-Louis, C=MU
2022-01-05 09:07:01,126 INFO com.bornfire.config.CronJobScheduler [scheduling-1] LDAP Cert:Success
2022-01-05 09:08:00,021 INFO com.bornfire.config.CronJobScheduler$CertMapper [scheduling-1] 0------
2022-01-05 09:08:00,022 INFO com.bornfire.config.CronJobScheduler$CertMapper [scheduling-1] Mapper[B@5cebe264
2022-01-05 09:08:00,026 INFO com.bornfire.config.CronJobScheduler$CertMapper [scheduling-1] EMAILADDRESS=cert_publisher_test@ips.maucas.mu, CN=BOMMMUPLXIPS, O=BOMM, L=Port-Louis, C=MU
2022-01-05 09:08:00,027 INFO com.bornfire.config.CronJobScheduler [scheduling-1] LDAP Cert:Success
2022-01-05 09:08:00,027 INFO com.bornfire.config.CronJobScheduler [scheduling-1] Get Settlement Account Balance
2022-01-05 09:08:00,179 INFO com.bornfire.config.CronJobScheduler [scheduling-1] Settlement Account Balance Updated Successfully
2022-01-05 09:09:00,193 INFO com.bornfire.config.CronJobScheduler$CertMapper [scheduling-1] 0------
2022-01-05 09:09:00,193 INFO com.bornfire.config.CronJobScheduler$CertMapper [scheduling-1] Mapper[B@1f44bfb8
2022-01-05 09:09:00,201 INFO com.bornfire.config.CronJobScheduler$CertMapper [scheduling-1] EMAILADDRESS=cert_publisher_test@ips.maucas.mu, CN=BOMMMUPLXIPS, O=BOMM, L=Port-Louis, C=MU
2022-01-05 09:09:00,202 INFO com.bornfire.config.CronJobScheduler [scheduling-1] LDAP Cert:Success
2022-01-05 09:10:00,021 INFO com.bornfire.config.CronJobScheduler$CertMapper [scheduling-1] 0------
2022-01-05 09:10:00,022 INFO com.bornfire.config.CronJobScheduler$CertMapper [scheduling-1] Mapper[B@69a0da3f
2022-01-05 09:10:00,027 INFO com.bornfire.config.CronJobScheduler$CertMapper [scheduling-1] EMAILADDRESS=cert_publisher_test@ips.maucas.mu, CN=BOMMMUPLXIPS, O=BOMM, L=Port-Louis, C=MU
2022-01-05 09:10:00,027 INFO com.bornfire.config.CronJobScheduler [scheduling-1] LDAP Cert:Success
2022-01-05 09:11:00,022 INFO com.bornfire.config.CronJobScheduler$CertMapper [scheduling-1] 0------
2022-01-05 09:11:00,023 INFO com.bornfire.config.CronJobScheduler$CertMapper [scheduling-1] Mapper[B@59667d6d
2022-01-05 09:11:00,028 INFO com.bornfire.config.CronJobScheduler$CertMapper [scheduling-1] EMAILADDRESS=cert_publisher_test@ips.maucas.mu, CN=BOMMMUPLXIPS, O=BOMM, L=Port-Louis, C=MU
2022-01-05 09:11:00,028 INFO com.bornfire.config.CronJobScheduler [scheduling-1] LDAP Cert:Success
2022-01-05 09:12:00,020 INFO com.bornfire.config.CronJobScheduler$CertMapper [scheduling-1] 0------
2022-01-05 09:12:00,021 INFO com.bornfire.config.CronJobScheduler$CertMapper [scheduling-1] Mapper[B@362aa58b
2022-01-05 09:12:00,028 INFO com.bornfire.config.CronJobScheduler$CertMapper [scheduling-1] EMAILADDRESS=cert_publisher_test@ips.maucas.mu, CN=BOMMMUPLXIPS, O=BOMM, L=Port-Louis, C=MU
2022-01-05 09:12:00,028 INFO com.bornfire.config.CronJobScheduler [scheduling-1] LDAP Cert:Success
2022-01-05 09:13:00,022 INFO com.bornfire.config.CronJobScheduler$CertMapper [scheduling-1] 0------
2022-01-05 09:13:00,023 INFO com.bornfire.config.CronJobScheduler$CertMapper [scheduling-1] Mapper[B@c297589
2022-01-05 09:13:00,032 INFO com.bornfire.config.CronJobScheduler$CertMapper [scheduling-1] EMAILADDRESS=cert_publisher_test@ips.maucas.mu, CN=BOMMMUPLXIPS, O=BOMM, L=Port-Louis, C=MU
2022-01-05 09:13:00,033 INFO com.bornfire.config.CronJobScheduler [scheduling-1] LDAP Cert:Success
2022-01-05 09:14:03,027 INFO com.bornfire.config.CronJobScheduler$CertMapper [scheduling-1] 0------
2022-01-05 09:14:03,028 INFO com.bornfire.config.CronJobScheduler$CertMapper [scheduling-1] Mapper[B@63b72711
2022-01-05 09:14:03,032 INFO com.bornfire.config.CronJobScheduler$CertMapper [scheduling-1] EMAILADDRESS=cert_publisher_test@ips.maucas.mu, CN=BOMMMUPLXIPS, O=BOMM, L=Port-Louis, C=MU
2022-01-05 09:14:03,033 INFO com.bornfire.config.CronJobScheduler [scheduling-1] LDAP Cert:Success
2022-01-05 09:15:00,021 INFO com.bornfire.config.CronJobScheduler$CertMapper [scheduling-1] 0------
2022-01-05 09:15:00,022 INFO com.bornfire.config.CronJobScheduler$CertMapper [scheduling-1] Mapper[B@9d0a31f
2022-01-05 09:15:00,028 INFO com.bornfire.config.CronJobScheduler$CertMapper [scheduling-1] EMAILADDRESS=cert_publisher_test@ips.maucas.mu, CN=BOMMMUPLXIPS, O=BOMM, L=Port-Louis, C=MU
2022-01-05 09:15:00,028 INFO com.bornfire.config.CronJobScheduler [scheduling-1] LDAP Cert:Success
2022-01-05 09:16:00,020 INFO com.bornfire.config.CronJobScheduler$CertMapper [scheduling-1] 0------
2022-01-05 09:16:00,021 INFO com.bornfire.config.CronJobScheduler$CertMapper [scheduling-1] Mapper[B@6a355953
2022-01-05 09:16:00,026 INFO com.bornfire.config.CronJobScheduler$CertMapper [scheduling-1] EMAILADDRESS=cert_publisher_test@ips.maucas.mu, CN=BOMMMUPLXIPS, O=BOMM, L=Port-Louis, C=MU
2022-01-05 09:16:00,027 INFO com.bornfire.config.CronJobScheduler [scheduling-1] LDAP Cert:Success
2022-01-05 09:17:00,023 INFO com.bornfire.config.CronJobScheduler$CertMapper [scheduling-1] 0------
2022-01-05 09:17:00,024 INFO com.bornfire.config.CronJobScheduler$CertMapper [scheduling-1] Mapper[B@2df7fca1
2022-01-05 09:17:00,028 INFO com.bornfire.config.CronJobScheduler$CertMapper [scheduling-1] EMAILADDRESS=cert_publisher_test@ips.maucas.mu, CN=BOMMMUPLXIPS, O=BOMM, L=Port-Louis, C=MU
2022-01-05 09:17:00,028 INFO com.bornfire.config.CronJobScheduler [scheduling-1] LDAP Cert:Success
2022-01-05 09:18:00,180 INFO com.bornfire.config.CronJobScheduler$CertMapper [scheduling-1] 0------
2022-01-05 09:18:00,181 INFO com.bornfire.config.CronJobScheduler$CertMapper [scheduling-1] Mapper[B@7722c9a1
2022-01-05 09:18:00,191 INFO com.bornfire.config.CronJobScheduler$CertMapper [scheduling-1] EMAILADDRESS=cert_publisher_test@ips.maucas.mu, CN=BOMMMUPLXIPS, O=BOMM, L=Port-Louis, C=MU
2022-01-05 09:18:00,192 INFO com.bornfire.config.CronJobScheduler [scheduling-1] LDAP Cert:Success
2022-01-05 09:19:00,020 INFO com.bornfire.config.CronJobScheduler$CertMapper [scheduling-1] 0------
2022-01-05 09:19:00,021 INFO com.bornfire.config.CronJobScheduler$CertMapper [scheduling-1] Mapper[B@7b664401
2022-01-05 09:19:00,029 INFO com.bornfire.config.CronJobScheduler$CertMapper [scheduling-1] EMAILADDRESS=cert_publisher_test@ips.maucas.mu, CN=BOMMMUPLXIPS, O=BOMM, L=Port-Louis, C=MU
2022-01-05 09:19:00,030 INFO com.bornfire.config.CronJobScheduler [scheduling-1] LDAP Cert:Success
2022-01-05 09:20:00,020 INFO com.bornfire.config.CronJobScheduler$CertMapper [scheduling-1] 0------
2022-01-05 09:20:00,021 INFO com.bornfire.config.CronJobScheduler$CertMapper [scheduling-1] Mapper[B@3bd975ff
2022-01-05 09:20:00,028 INFO com.bornfire.config.CronJobScheduler$CertMapper [scheduling-1] EMAILADDRESS=cert_publisher_test@ips.maucas.mu, CN=BOMMMUPLXIPS, O=BOMM, L=Port-Louis, C=MU
2022-01-05 09:20:00,029 INFO com.bornfire.config.CronJobScheduler [scheduling-1] LDAP Cert:Success
2022-01-05 09:21:00,019 INFO com.bornfire.config.CronJobScheduler$CertMapper [scheduling-1] 0------
2022-01-05 09:21:00,020 INFO com.bornfire.config.CronJobScheduler$CertMapper [scheduling-1] Mapper[B@29d994d1
2022-01-05 09:21:00,026 INFO com.bornfire.config.CronJobScheduler$CertMapper [scheduling-1] EMAILADDRESS=cert_publisher_test@ips.maucas.mu, CN=BOMMMUPLXIPS, O=BOMM, L=Port-Louis, C=MU
2022-01-05 09:21:00,027 INFO com.bornfire.config.CronJobScheduler [scheduling-1] LDAP Cert:Success
2022-01-05 09:22:00,021 INFO com.bornfire.config.CronJobScheduler$CertMapper [scheduling-1] 0------
2022-01-05 09:22:00,022 INFO com.bornfire.config.CronJobScheduler$CertMapper [scheduling-1] Mapper[B@71dec794
2022-01-05 09:22:00,026 INFO com.bornfire.config.CronJobScheduler$CertMapper [scheduling-1] EMAILADDRESS=cert_publisher_test@ips.maucas.mu, CN=BOMMMUPLXIPS, O=BOMM, L=Port-Louis, C=MU
2022-01-05 09:22:00,026 INFO com.bornfire.config.CronJobScheduler [scheduling-1] LDAP Cert:Success
2022-01-05 09:23:00,021 INFO com.bornfire.config.CronJobScheduler$CertMapper [scheduling-1] 0------
2022-01-05 09:23:00,021 INFO com.bornfire.config.CronJobScheduler$CertMapper [scheduling-1] Mapper[B@659e7c0f
2022-01-05 09:23:00,026 INFO com.bornfire.config.CronJobScheduler$CertMapper [scheduling-1] EMAILADDRESS=cert_publisher_test@ips.maucas.mu, CN=BOMMMUPLXIPS, O=BOMM, L=Port-Louis, C=MU
2022-01-05 09:23:00,027 INFO com.bornfire.config.CronJobScheduler [scheduling-1] LDAP Cert:Success
2022-01-05 09:24:00,022 INFO com.bornfire.config.CronJobScheduler$CertMapper [scheduling-1] 0------
2022-01-05 09:24:00,024 INFO com.bornfire.config.CronJobScheduler$CertMapper [scheduling-1] Mapper[B@25e01a35
2022-01-05 09:24:00,032 INFO com.bornfire.config.CronJobScheduler$CertMapper [scheduling-1] EMAILADDRESS=cert_publisher_test@ips.maucas.mu, CN=BOMMMUPLXIPS, O=BOMM, L=Port-Louis, C=MU
2022-01-05 09:24:00,033 INFO com.bornfire.config.CronJobScheduler [scheduling-1] LDAP Cert:Success
2022-01-05 09:25:00,020 INFO com.bornfire.config.CronJobScheduler$CertMapper [scheduling-1] 0------
2022-01-05 09:25:00,020 INFO com.bornfire.config.CronJobScheduler$CertMapper [scheduling-1] Mapper[B@22858b7a
2022-01-05 09:25:00,025 INFO com.bornfire.config.CronJobScheduler$CertMapper [scheduling-1] EMAILADDRESS=cert_publisher_test@ips.maucas.mu, CN=BOMMMUPLXIPS, O=BOMM, L=Port-Louis, C=MU
2022-01-05 09:25:00,026 INFO com.bornfire.config.CronJobScheduler [scheduling-1] LDAP Cert:Success
2022-01-05 09:26:00,022 INFO com.bornfire.config.CronJobScheduler$CertMapper [scheduling-1] 0------
2022-01-05 09:26:00,022 INFO com.bornfire.config.CronJobScheduler$CertMapper [scheduling-1] Mapper[B@132322f2
2022-01-05 09:26:00,026 INFO com.bornfire.config.CronJobScheduler$CertMapper [scheduling-1] EMAILADDRESS=cert_publisher_test@ips.maucas.mu, CN=BOMMMUPLXIPS, O=BOMM, L=Port-Louis, C=MU
2022-01-05 09:26:00,027 INFO com.bornfire.config.CronJobScheduler [scheduling-1] LDAP Cert:Success
2022-01-05 09:27:00,021 INFO com.bornfire.config.CronJobScheduler$CertMapper [scheduling-1] 0------
2022-01-05 09:27:00,022 INFO com.bornfire.config.CronJobScheduler$CertMapper [scheduling-1] Mapper[B@54b4a9d
2022-01-05 09:27:00,030 INFO com.bornfire.config.CronJobScheduler$CertMapper [scheduling-1] EMAILADDRESS=cert_publisher_test@ips.maucas.mu, CN=BOMMMUPLXIPS, O=BOMM, L=Port-Louis, C=MU
2022-01-05 09:27:00,031 INFO com.bornfire.config.CronJobScheduler [scheduling-1] LDAP Cert:Success
2022-01-05 09:28:00,021 INFO com.bornfire.config.CronJobScheduler$CertMapper [scheduling-1] 0------
2022-01-05 09:28:00,022 INFO com.bornfire.config.CronJobScheduler$CertMapper [scheduling-1] Mapper[B@20dfd9b3
2022-01-05 09:28:00,028 INFO com.bornfire.config.CronJobScheduler$CertMapper [scheduling-1] EMAILADDRESS=cert_publisher_test@ips.maucas.mu, CN=BOMMMUPLXIPS, O=BOMM, L=Port-Louis, C=MU
2022-01-05 09:28:00,029 INFO com.bornfire.config.CronJobScheduler [scheduling-1] LDAP Cert:Success
2022-01-05 09:29:00,021 INFO com.bornfire.config.CronJobScheduler$CertMapper [scheduling-1] 0------
2022-01-05 09:29:00,021 INFO com.bornfire.config.CronJobScheduler$CertMapper [scheduling-1] Mapper[B@2e0f5889
2022-01-05 09:29:00,026 INFO com.bornfire.config.CronJobScheduler$CertMapper [scheduling-1] EMAILADDRESS=cert_publisher_test@ips.maucas.mu, CN=BOMMMUPLXIPS, O=BOMM, L=Port-Louis, C=MU
2022-01-05 09:29:00,026 INFO com.bornfire.config.CronJobScheduler [scheduling-1] LDAP Cert:Success
2022-01-05 09:30:00,020 INFO com.bornfire.config.CronJobScheduler$CertMapper [scheduling-1] 0------
2022-01-05 09:30:00,021 INFO com.bornfire.config.CronJobScheduler$CertMapper [scheduling-1] Mapper[B@24b1db08
2022-01-05 09:30:00,026 INFO com.bornfire.config.CronJobScheduler$CertMapper [scheduling-1] EMAILADDRESS=cert_publisher_test@ips.maucas.mu, CN=BOMMMUPLXIPS, O=BOMM, L=Port-Louis, C=MU
2022-01-05 09:30:00,027 INFO com.bornfire.config.CronJobScheduler [scheduling-1] LDAP Cert:Success
2022-01-05 09:31:00,018 INFO com.bornfire.config.CronJobScheduler$CertMapper [scheduling-1] 0------
2022-01-05 09:31:00,019 INFO com.bornfire.config.CronJobScheduler$CertMapper [scheduling-1] Mapper[B@7b7172a1
2022-01-05 09:31:00,024 INFO com.bornfire.config.CronJobScheduler$CertMapper [scheduling-1] EMAILADDRESS=cert_publisher_test@ips.maucas.mu, CN=BOMMMUPLXIPS, O=BOMM, L=Port-Louis, C=MU
2022-01-05 09:31:00,025 INFO com.bornfire.config.CronJobScheduler [scheduling-1] LDAP Cert:Success
2022-01-05 09:32:00,021 INFO com.bornfire.config.CronJobScheduler$CertMapper [scheduling-1] 0------
2022-01-05 09:32:00,022 INFO com.bornfire.config.CronJobScheduler$CertMapper [scheduling-1] Mapper[B@25bd2e3d
2022-01-05 09:32:00,031 INFO com.bornfire.config.CronJobScheduler$CertMapper [scheduling-1] EMAILADDRESS=cert_publisher_test@ips.maucas.mu, CN=BOMMMUPLXIPS, O=BOMM, L=Port-Louis, C=MU
2022-01-05 09:32:00,032 INFO com.bornfire.config.CronJobScheduler [scheduling-1] LDAP Cert:Success
2022-01-05 09:33:00,020 INFO com.bornfire.config.CronJobScheduler$CertMapper [scheduling-1] 0------
2022-01-05 09:33:00,021 INFO com.bornfire.config.CronJobScheduler$CertMapper [scheduling-1] Mapper[B@7122e113
2022-01-05 09:33:00,028 INFO com.bornfire.config.CronJobScheduler$CertMapper [scheduling-1] EMAILADDRESS=cert_publisher_test@ips.maucas.mu, CN=BOMMMUPLXIPS, O=BOMM, L=Port-Louis, C=MU
2022-01-05 09:33:00,029 INFO com.bornfire.config.CronJobScheduler [scheduling-1] LDAP Cert:Success
2022-01-05 09:34:00,019 INFO com.bornfire.config.CronJobScheduler$CertMapper [scheduling-1] 0------
2022-01-05 09:34:00,020 INFO com.bornfire.config.CronJobScheduler$CertMapper [scheduling-1] Mapper[B@5b610da4
2022-01-05 09:34:00,024 INFO com.bornfire.config.CronJobScheduler$CertMapper [scheduling-1] EMAILADDRESS=cert_publisher_test@ips.maucas.mu, CN=BOMMMUPLXIPS, O=BOMM, L=Port-Louis, C=MU
2022-01-05 09:34:00,025 INFO com.bornfire.config.CronJobScheduler [scheduling-1] LDAP Cert:Success
2022-01-05 09:35:00,022 INFO com.bornfire.config.CronJobScheduler$CertMapper [scheduling-1] 0------
2022-01-05 09:35:00,023 INFO com.bornfire.config.CronJobScheduler$CertMapper [scheduling-1] Mapper[B@2b758813
2022-01-05 09:35:00,028 INFO com.bornfire.config.CronJobScheduler$CertMapper [scheduling-1] EMAILADDRESS=cert_publisher_test@ips.maucas.mu, CN=BOMMMUPLXIPS, O=BOMM, L=Port-Louis, C=MU
2022-01-05 09:35:00,029 INFO com.bornfire.config.CronJobScheduler [scheduling-1] LDAP Cert:Success
2022-01-05 09:36:00,018 INFO com.bornfire.config.CronJobScheduler$CertMapper [scheduling-1] 0------
2022-01-05 09:36:00,018 INFO com.bornfire.config.CronJobScheduler$CertMapper [scheduling-1] Mapper[B@67f58786
2022-01-05 09:36:00,023 INFO com.bornfire.config.CronJobScheduler$CertMapper [scheduling-1] EMAILADDRESS=cert_publisher_test@ips.maucas.mu, CN=BOMMMUPLXIPS, O=BOMM, L=Port-Louis, C=MU
2022-01-05 09:36:00,024 INFO com.bornfire.config.CronJobScheduler [scheduling-1] LDAP Cert:Success
2022-01-05 09:37:00,020 INFO com.bornfire.config.CronJobScheduler$CertMapper [scheduling-1] 0------
2022-01-05 09:37:00,020 INFO com.bornfire.config.CronJobScheduler$CertMapper [scheduling-1] Mapper[B@139d812
2022-01-05 09:37:00,024 INFO com.bornfire.config.CronJobScheduler$CertMapper [scheduling-1] EMAILADDRESS=cert_publisher_test@ips.maucas.mu, CN=BOMMMUPLXIPS, O=BOMM, L=Port-Louis, C=MU
2022-01-05 09:37:00,024 INFO com.bornfire.config.CronJobScheduler [scheduling-1] LDAP Cert:Success
2022-01-05 09:38:00,020 INFO com.bornfire.config.CronJobScheduler$CertMapper [scheduling-1] 0------
2022-01-05 09:38:00,020 INFO com.bornfire.config.CronJobScheduler$CertMapper [scheduling-1] Mapper[B@52e6e9bc
2022-01-05 09:38:00,024 INFO com.bornfire.config.CronJobScheduler$CertMapper [scheduling-1] EMAILADDRESS=cert_publisher_test@ips.maucas.mu, CN=BOMMMUPLXIPS, O=BOMM, L=Port-Louis, C=MU
2022-01-05 09:38:00,025 INFO com.bornfire.config.CronJobScheduler [scheduling-1] LDAP Cert:Success
2022-01-05 09:39:00,019 INFO com.bornfire.config.CronJobScheduler$CertMapper [scheduling-1] 0------
2022-01-05 09:39:00,019 INFO com.bornfire.config.CronJobScheduler$CertMapper [scheduling-1] Mapper[B@5554c6e3
2022-01-05 09:39:00,025 INFO com.bornfire.config.CronJobScheduler$CertMapper [scheduling-1] EMAILADDRESS=cert_publisher_test@ips.maucas.mu, CN=BOMMMUPLXIPS, O=BOMM, L=Port-Louis, C=MU
2022-01-05 09:39:00,025 INFO com.bornfire.config.CronJobScheduler [scheduling-1] LDAP Cert:Success
2022-01-05 09:40:00,018 INFO com.bornfire.config.CronJobScheduler$CertMapper [scheduling-1] 0------
2022-01-05 09:40:00,019 INFO com.bornfire.config.CronJobScheduler$CertMapper [scheduling-1] Mapper[B@1e56a278
2022-01-05 09:40:00,026 INFO com.bornfire.config.CronJobScheduler$CertMapper [scheduling-1] EMAILADDRESS=cert_publisher_test@ips.maucas.mu, CN=BOMMMUPLXIPS, O=BOMM, L=Port-Louis, C=MU
2022-01-05 09:40:00,027 INFO com.bornfire.config.CronJobScheduler [scheduling-1] LDAP Cert:Success
2022-01-05 09:41:00,019 INFO com.bornfire.config.CronJobScheduler$CertMapper [scheduling-1] 0------
2022-01-05 09:41:00,020 INFO com.bornfire.config.CronJobScheduler$CertMapper [scheduling-1] Mapper[B@51e010e8
2022-01-05 09:41:00,028 INFO com.bornfire.config.CronJobScheduler$CertMapper [scheduling-1] EMAILADDRESS=cert_publisher_test@ips.maucas.mu, CN=BOMMMUPLXIPS, O=BOMM, L=Port-Louis, C=MU
2022-01-05 09:41:00,029 INFO com.bornfire.config.CronJobScheduler [scheduling-1] LDAP Cert:Success
2022-01-05 09:42:00,017 INFO com.bornfire.config.CronJobScheduler$CertMapper [scheduling-1] 0------
2022-01-05 09:42:00,018 INFO com.bornfire.config.CronJobScheduler$CertMapper [scheduling-1] Mapper[B@342eb861
2022-01-05 09:42:00,021 INFO com.bornfire.config.CronJobScheduler$CertMapper [scheduling-1] EMAILADDRESS=cert_publisher_test@ips.maucas.mu, CN=BOMMMUPLXIPS, O=BOMM, L=Port-Louis, C=MU
2022-01-05 09:42:00,022 INFO com.bornfire.config.CronJobScheduler [scheduling-1] LDAP Cert:Success
2022-01-05 09:43:00,018 INFO com.bornfire.config.CronJobScheduler$CertMapper [scheduling-1] 0------
2022-01-05 09:43:00,019 INFO com.bornfire.config.CronJobScheduler$CertMapper [scheduling-1] Mapper[B@473e03d9
2022-01-05 09:43:00,024 INFO com.bornfire.config.CronJobScheduler$CertMapper [scheduling-1] EMAILADDRESS=cert_publisher_test@ips.maucas.mu, CN=BOMMMUPLXIPS, O=BOMM, L=Port-Louis, C=MU
2022-01-05 09:43:00,024 INFO com.bornfire.config.CronJobScheduler [scheduling-1] LDAP Cert:Success
2022-01-05 09:44:00,020 INFO com.bornfire.config.CronJobScheduler$CertMapper [scheduling-1] 0------
2022-01-05 09:44:00,020 INFO com.bornfire.config.CronJobScheduler$CertMapper [scheduling-1] Mapper[B@6cd02c24
2022-01-05 09:44:00,026 INFO com.bornfire.config.CronJobScheduler$CertMapper [scheduling-1] EMAILADDRESS=cert_publisher_test@ips.maucas.mu, CN=BOMMMUPLXIPS, O=BOMM, L=Port-Louis, C=MU
2022-01-05 09:44:00,027 INFO com.bornfire.config.CronJobScheduler [scheduling-1] LDAP Cert:Success
2022-01-05 09:45:00,202 INFO com.bornfire.config.CronJobScheduler$CertMapper [scheduling-1] 0------
2022-01-05 09:45:00,203 INFO com.bornfire.config.CronJobScheduler$CertMapper [scheduling-1] Mapper[B@3de60606
2022-01-05 09:45:00,213 INFO com.bornfire.config.CronJobScheduler$CertMapper [scheduling-1] EMAILADDRESS=cert_publisher_test@ips.maucas.mu, CN=BOMMMUPLXIPS, O=BOMM, L=Port-Louis, C=MU
2022-01-05 09:45:00,213 INFO com.bornfire.config.CronJobScheduler [scheduling-1] LDAP Cert:Success
2022-01-05 09:46:00,022 INFO com.bornfire.config.CronJobScheduler$CertMapper [scheduling-1] 0------
2022-01-05 09:46:00,022 INFO com.bornfire.config.CronJobScheduler$CertMapper [scheduling-1] Mapper[B@7c4a4c6b
2022-01-05 09:46:00,028 INFO com.bornfire.config.CronJobScheduler$CertMapper [scheduling-1] EMAILADDRESS=cert_publisher_test@ips.maucas.mu, CN=BOMMMUPLXIPS, O=BOMM, L=Port-Louis, C=MU
2022-01-05 09:46:00,029 INFO com.bornfire.config.CronJobScheduler [scheduling-1] LDAP Cert:Success
2022-01-05 09:47:00,024 INFO com.bornfire.config.CronJobScheduler$CertMapper [scheduling-1] 0------
2022-01-05 09:47:00,025 INFO com.bornfire.config.CronJobScheduler$CertMapper [scheduling-1] Mapper[B@4bddb8f0
2022-01-05 09:47:00,029 INFO com.bornfire.config.CronJobScheduler$CertMapper [scheduling-1] EMAILADDRESS=cert_publisher_test@ips.maucas.mu, CN=BOMMMUPLXIPS, O=BOMM, L=Port-Louis, C=MU
2022-01-05 09:47:00,029 INFO com.bornfire.config.CronJobScheduler [scheduling-1] LDAP Cert:Success
2022-01-05 09:48:00,265 INFO com.bornfire.config.CronJobScheduler$CertMapper [scheduling-1] 0------
2022-01-05 09:48:00,293 INFO com.bornfire.config.CronJobScheduler$CertMapper [scheduling-1] Mapper[B@26010ca3
2022-01-05 09:48:00,297 INFO com.bornfire.config.CronJobScheduler$CertMapper [scheduling-1] EMAILADDRESS=cert_publisher_test@ips.maucas.mu, CN=BOMMMUPLXIPS, O=BOMM, L=Port-Louis, C=MU
2022-01-05 09:48:00,298 INFO com.bornfire.config.CronJobScheduler [scheduling-1] LDAP Cert:Success
2022-01-05 09:49:00,021 INFO com.bornfire.config.CronJobScheduler$CertMapper [scheduling-1] 0------
2022-01-05 09:49:00,022 INFO com.bornfire.config.CronJobScheduler$CertMapper [scheduling-1] Mapper[B@2b5ae853
2022-01-05 09:49:00,029 INFO com.bornfire.config.CronJobScheduler$CertMapper [scheduling-1] EMAILADDRESS=cert_publisher_test@ips.maucas.mu, CN=BOMMMUPLXIPS, O=BOMM, L=Port-Louis, C=MU
2022-01-05 09:49:00,030 INFO com.bornfire.config.CronJobScheduler [scheduling-1] LDAP Cert:Success
2022-01-05 09:50:00,019 INFO com.bornfire.config.CronJobScheduler$CertMapper [scheduling-1] 0------
2022-01-05 09:50:00,020 INFO com.bornfire.config.CronJobScheduler$CertMapper [scheduling-1] Mapper[B@5ddc047
2022-01-05 09:50:00,028 INFO com.bornfire.config.CronJobScheduler$CertMapper [scheduling-1] EMAILADDRESS=cert_publisher_test@ips.maucas.mu, CN=BOMMMUPLXIPS, O=BOMM, L=Port-Louis, C=MU
2022-01-05 09:50:00,029 INFO com.bornfire.config.CronJobScheduler [scheduling-1] LDAP Cert:Success
2022-01-05 09:51:00,020 INFO com.bornfire.config.CronJobScheduler$CertMapper [scheduling-1] 0------
2022-01-05 09:51:00,021 INFO com.bornfire.config.CronJobScheduler$CertMapper [scheduling-1] Mapper[B@2361e234
2022-01-05 09:51:00,028 INFO com.bornfire.config.CronJobScheduler$CertMapper [scheduling-1] EMAILADDRESS=cert_publisher_test@ips.maucas.mu, CN=BOMMMUPLXIPS, O=BOMM, L=Port-Louis, C=MU
2022-01-05 09:51:00,029 INFO com.bornfire.config.CronJobScheduler [scheduling-1] LDAP Cert:Success
2022-01-05 09:52:00,019 INFO com.bornfire.config.CronJobScheduler$CertMapper [scheduling-1] 0------
2022-01-05 09:52:00,020 INFO com.bornfire.config.CronJobScheduler$CertMapper [scheduling-1] Mapper[B@d2b86ef
2022-01-05 09:52:00,029 INFO com.bornfire.config.CronJobScheduler$CertMapper [scheduling-1] EMAILADDRESS=cert_publisher_test@ips.maucas.mu, CN=BOMMMUPLXIPS, O=BOMM, L=Port-Louis, C=MU
2022-01-05 09:52:00,030 INFO com.bornfire.config.CronJobScheduler [scheduling-1] LDAP Cert:Success
2022-01-05 09:53:00,017 INFO com.bornfire.config.CronJobScheduler$CertMapper [scheduling-1] 0------
2022-01-05 09:53:00,017 INFO com.bornfire.config.CronJobScheduler$CertMapper [scheduling-1] Mapper[B@714fff69
2022-01-05 09:53:00,024 INFO com.bornfire.config.CronJobScheduler$CertMapper [scheduling-1] EMAILADDRESS=cert_publisher_test@ips.maucas.mu, CN=BOMMMUPLXIPS, O=BOMM, L=Port-Louis, C=MU
2022-01-05 09:53:00,024 INFO com.bornfire.config.CronJobScheduler [scheduling-1] LDAP Cert:Success
2022-01-05 09:54:00,020 INFO com.bornfire.config.CronJobScheduler$CertMapper [scheduling-1] 0------
2022-01-05 09:54:00,021 INFO com.bornfire.config.CronJobScheduler$CertMapper [scheduling-1] Mapper[B@1a7bc6ff
2022-01-05 09:54:00,028 INFO com.bornfire.config.CronJobScheduler$CertMapper [scheduling-1] EMAILADDRESS=cert_publisher_test@ips.maucas.mu, CN=BOMMMUPLXIPS, O=BOMM, L=Port-Louis, C=MU
2022-01-05 09:54:00,029 INFO com.bornfire.config.CronJobScheduler [scheduling-1] LDAP Cert:Success
2022-01-05 09:55:00,018 INFO com.bornfire.config.CronJobScheduler$CertMapper [scheduling-1] 0------
2022-01-05 09:55:00,019 INFO com.bornfire.config.CronJobScheduler$CertMapper [scheduling-1] Mapper[B@36a7f7c6
2022-01-05 09:55:00,030 INFO com.bornfire.config.CronJobScheduler$CertMapper [scheduling-1] EMAILADDRESS=cert_publisher_test@ips.maucas.mu, CN=BOMMMUPLXIPS, O=BOMM, L=Port-Louis, C=MU
2022-01-05 09:55:00,030 INFO com.bornfire.config.CronJobScheduler [scheduling-1] LDAP Cert:Success
2022-01-05 09:56:00,022 INFO com.bornfire.config.CronJobScheduler$CertMapper [scheduling-1] 0------
2022-01-05 09:56:00,023 INFO com.bornfire.config.CronJobScheduler$CertMapper [scheduling-1] Mapper[B@676a0303
2022-01-05 09:56:00,029 INFO com.bornfire.config.CronJobScheduler$CertMapper [scheduling-1] EMAILADDRESS=cert_publisher_test@ips.maucas.mu, CN=BOMMMUPLXIPS, O=BOMM, L=Port-Louis, C=MU
2022-01-05 09:56:00,031 INFO com.bornfire.config.CronJobScheduler [scheduling-1] LDAP Cert:Success
2022-01-05 09:57:00,018 INFO com.bornfire.config.CronJobScheduler$CertMapper [scheduling-1] 0------
2022-01-05 09:57:00,019 INFO com.bornfire.config.CronJobScheduler$CertMapper [scheduling-1] Mapper[B@69500c30
2022-01-05 09:57:00,029 INFO com.bornfire.config.CronJobScheduler$CertMapper [scheduling-1] EMAILADDRESS=cert_publisher_test@ips.maucas.mu, CN=BOMMMUPLXIPS, O=BOMM, L=Port-Louis, C=MU
2022-01-05 09:57:00,029 INFO com.bornfire.config.CronJobScheduler [scheduling-1] LDAP Cert:Success
2022-01-05 09:58:00,021 INFO com.bornfire.config.CronJobScheduler$CertMapper [scheduling-1] 0------
2022-01-05 09:58:00,021 INFO com.bornfire.config.CronJobScheduler$CertMapper [scheduling-1] Mapper[B@2dd863db
2022-01-05 09:58:00,025 INFO com.bornfire.config.CronJobScheduler$CertMapper [scheduling-1] EMAILADDRESS=cert_publisher_test@ips.maucas.mu, CN=BOMMMUPLXIPS, O=BOMM, L=Port-Louis, C=MU
2022-01-05 09:58:00,026 INFO com.bornfire.config.CronJobScheduler [scheduling-1] LDAP Cert:Success
2022-01-05 09:59:00,021 INFO com.bornfire.config.CronJobScheduler$CertMapper [scheduling-1] 0------
2022-01-05 09:59:00,022 INFO com.bornfire.config.CronJobScheduler$CertMapper [scheduling-1] Mapper[B@2448b861
2022-01-05 09:59:00,028 INFO com.bornfire.config.CronJobScheduler$CertMapper [scheduling-1] EMAILADDRESS=cert_publisher_test@ips.maucas.mu, CN=BOMMMUPLXIPS, O=BOMM, L=Port-Louis, C=MU
2022-01-05 09:59:00,031 INFO com.bornfire.config.CronJobScheduler [scheduling-1] LDAP Cert:Success
2022-01-05 10:00:00,019 INFO com.bornfire.config.CronJobScheduler$CertMapper [scheduling-1] 0------
2022-01-05 10:00:00,019 INFO com.bornfire.config.CronJobScheduler$CertMapper [scheduling-1] Mapper[B@130dc5f0
2022-01-05 10:00:00,023 INFO com.bornfire.config.CronJobScheduler$CertMapper [scheduling-1] EMAILADDRESS=cert_publisher_test@ips.maucas.mu, CN=BOMMMUPLXIPS, O=BOMM, L=Port-Louis, C=MU
2022-01-05 10:00:00,023 INFO com.bornfire.config.CronJobScheduler [scheduling-1] LDAP Cert:Success
2022-01-05 10:01:00,019 INFO com.bornfire.config.CronJobScheduler$CertMapper [scheduling-1] 0------
2022-01-05 10:01:00,020 INFO com.bornfire.config.CronJobScheduler$CertMapper [scheduling-1] Mapper[B@7a556a2d
2022-01-05 10:01:00,025 INFO com.bornfire.config.CronJobScheduler$CertMapper [scheduling-1] EMAILADDRESS=cert_publisher_test@ips.maucas.mu, CN=BOMMMUPLXIPS, O=BOMM, L=Port-Louis, C=MU
2022-01-05 10:01:00,025 INFO com.bornfire.config.CronJobScheduler [scheduling-1] LDAP Cert:Success
2022-01-05 10:02:00,022 INFO com.bornfire.config.CronJobScheduler$CertMapper [scheduling-1] 0------
2022-01-05 10:02:00,023 INFO com.bornfire.config.CronJobScheduler$CertMapper [scheduling-1] Mapper[B@147d0807
2022-01-05 10:02:00,029 INFO com.bornfire.config.CronJobScheduler$CertMapper [scheduling-1] EMAILADDRESS=cert_publisher_test@ips.maucas.mu, CN=BOMMMUPLXIPS, O=BOMM, L=Port-Louis, C=MU
2022-01-05 10:02:00,030 INFO com.bornfire.config.CronJobScheduler [scheduling-1] LDAP Cert:Success
2022-01-05 10:03:00,026 INFO com.bornfire.config.CronJobScheduler$CertMapper [scheduling-1] 0------
2022-01-05 10:03:00,027 INFO com.bornfire.config.CronJobScheduler$CertMapper [scheduling-1] Mapper[B@75173159
2022-01-05 10:03:00,035 INFO com.bornfire.config.CronJobScheduler$CertMapper [scheduling-1] EMAILADDRESS=cert_publisher_test@ips.maucas.mu, CN=BOMMMUPLXIPS, O=BOMM, L=Port-Louis, C=MU
2022-01-05 10:03:00,036 INFO com.bornfire.config.CronJobScheduler [scheduling-1] LDAP Cert:Success
2022-01-05 10:04:00,026 INFO com.bornfire.config.CronJobScheduler$CertMapper [scheduling-1] 0------
2022-01-05 10:04:00,027 INFO com.bornfire.config.CronJobScheduler$CertMapper [scheduling-1] Mapper[B@8c8484e
2022-01-05 10:04:00,032 INFO com.bornfire.config.CronJobScheduler$CertMapper [scheduling-1] EMAILADDRESS=cert_publisher_test@ips.maucas.mu, CN=BOMMMUPLXIPS, O=BOMM, L=Port-Louis, C=MU
2022-01-05 10:04:00,033 INFO com.bornfire.config.CronJobScheduler [scheduling-1] LDAP Cert:Success
2022-01-05 10:05:00,020 INFO com.bornfire.config.CronJobScheduler$CertMapper [scheduling-1] 0------
2022-01-05 10:05:00,021 INFO com.bornfire.config.CronJobScheduler$CertMapper [scheduling-1] Mapper[B@599d4f78
2022-01-05 10:05:00,027 INFO com.bornfire.config.CronJobScheduler$CertMapper [scheduling-1] EMAILADDRESS=cert_publisher_test@ips.maucas.mu, CN=BOMMMUPLXIPS, O=BOMM, L=Port-Louis, C=MU
2022-01-05 10:05:00,027 INFO com.bornfire.config.CronJobScheduler [scheduling-1] LDAP Cert:Success
2022-01-05 10:06:00,187 INFO com.bornfire.config.CronJobScheduler$CertMapper [scheduling-1] 0------
2022-01-05 10:06:00,188 INFO com.bornfire.config.CronJobScheduler$CertMapper [scheduling-1] Mapper[B@255c497c
2022-01-05 10:06:00,196 INFO com.bornfire.config.CronJobScheduler$CertMapper [scheduling-1] EMAILADDRESS=cert_publisher_test@ips.maucas.mu, CN=BOMMMUPLXIPS, O=BOMM, L=Port-Louis, C=MU
2022-01-05 10:06:00,197 INFO com.bornfire.config.CronJobScheduler [scheduling-1] LDAP Cert:Success
2022-01-05 10:07:00,021 INFO com.bornfire.config.CronJobScheduler$CertMapper [scheduling-1] 0------
2022-01-05 10:07:00,021 INFO com.bornfire.config.CronJobScheduler$CertMapper [scheduling-1] Mapper[B@698d3977
2022-01-05 10:07:00,025 INFO com.bornfire.config.CronJobScheduler$CertMapper [scheduling-1] EMAILADDRESS=cert_publisher_test@ips.maucas.mu, CN=BOMMMUPLXIPS, O=BOMM, L=Port-Louis, C=MU
2022-01-05 10:07:00,026 INFO com.bornfire.config.CronJobScheduler [scheduling-1] LDAP Cert:Success
2022-01-05 10:08:00,021 INFO com.bornfire.config.CronJobScheduler$CertMapper [scheduling-1] 0------
2022-01-05 10:08:00,022 INFO com.bornfire.config.CronJobScheduler$CertMapper [scheduling-1] Mapper[B@234d9630
2022-01-05 10:08:00,029 INFO com.bornfire.config.CronJobScheduler$CertMapper [scheduling-1] EMAILADDRESS=cert_publisher_test@ips.maucas.mu, CN=BOMMMUPLXIPS, O=BOMM, L=Port-Louis, C=MU
2022-01-05 10:08:00,030 INFO com.bornfire.config.CronJobScheduler [scheduling-1] LDAP Cert:Success
2022-01-05 10:09:00,020 INFO com.bornfire.config.CronJobScheduler$CertMapper [scheduling-1] 0------
2022-01-05 10:09:00,021 INFO com.bornfire.config.CronJobScheduler$CertMapper [scheduling-1] Mapper[B@1018ebae
2022-01-05 10:09:00,030 INFO com.bornfire.config.CronJobScheduler$CertMapper [scheduling-1] EMAILADDRESS=cert_publisher_test@ips.maucas.mu, CN=BOMMMUPLXIPS, O=BOMM, L=Port-Louis, C=MU
2022-01-05 10:09:00,031 INFO com.bornfire.config.CronJobScheduler [scheduling-1] LDAP Cert:Success
2022-01-05 10:10:00,022 INFO com.bornfire.config.CronJobScheduler$CertMapper [scheduling-1] 0------
2022-01-05 10:10:00,022 INFO com.bornfire.config.CronJobScheduler$CertMapper [scheduling-1] Mapper[B@57485778
2022-01-05 10:10:00,029 INFO com.bornfire.config.CronJobScheduler$CertMapper [scheduling-1] EMAILADDRESS=cert_publisher_test@ips.maucas.mu, CN=BOMMMUPLXIPS, O=BOMM, L=Port-Louis, C=MU
2022-01-05 10:10:00,029 INFO com.bornfire.config.CronJobScheduler [scheduling-1] LDAP Cert:Success
2022-01-05 10:11:00,019 INFO com.bornfire.config.CronJobScheduler$CertMapper [scheduling-1] 0------
2022-01-05 10:11:00,019 INFO com.bornfire.config.CronJobScheduler$CertMapper [scheduling-1] Mapper[B@578e9a67
2022-01-05 10:11:00,027 INFO com.bornfire.config.CronJobScheduler$CertMapper [scheduling-1] EMAILADDRESS=cert_publisher_test@ips.maucas.mu, CN=BOMMMUPLXIPS, O=BOMM, L=Port-Louis, C=MU
2022-01-05 10:11:00,028 INFO com.bornfire.config.CronJobScheduler [scheduling-1] LDAP Cert:Success
2022-01-05 10:12:00,018 INFO com.bornfire.config.CronJobScheduler$CertMapper [scheduling-1] 0------
2022-01-05 10:12:00,019 INFO com.bornfire.config.CronJobScheduler$CertMapper [scheduling-1] Mapper[B@18bd6ab0
2022-01-05 10:12:00,022 INFO com.bornfire.config.CronJobScheduler$CertMapper [scheduling-1] EMAILADDRESS=cert_publisher_test@ips.maucas.mu, CN=BOMMMUPLXIPS, O=BOMM, L=Port-Louis, C=MU
2022-01-05 10:12:00,023 INFO com.bornfire.config.CronJobScheduler [scheduling-1] LDAP Cert:Success
2022-01-05 10:13:00,022 INFO com.bornfire.config.CronJobScheduler$CertMapper [scheduling-1] 0------
2022-01-05 10:13:00,023 INFO com.bornfire.config.CronJobScheduler$CertMapper [scheduling-1] Mapper[B@4f2fb792
2022-01-05 10:13:00,030 INFO com.bornfire.config.CronJobScheduler$CertMapper [scheduling-1] EMAILADDRESS=cert_publisher_test@ips.maucas.mu, CN=BOMMMUPLXIPS, O=BOMM, L=Port-Louis, C=MU
2022-01-05 10:13:00,030 INFO com.bornfire.config.CronJobScheduler [scheduling-1] LDAP Cert:Success
2022-01-05 10:14:00,021 INFO com.bornfire.config.CronJobScheduler$CertMapper [scheduling-1] 0------
2022-01-05 10:14:00,022 INFO com.bornfire.config.CronJobScheduler$CertMapper [scheduling-1] Mapper[B@5ac9ca98
2022-01-05 10:14:00,027 INFO com.bornfire.config.CronJobScheduler$CertMapper [scheduling-1] EMAILADDRESS=cert_publisher_test@ips.maucas.mu, CN=BOMMMUPLXIPS, O=BOMM, L=Port-Louis, C=MU
2022-01-05 10:14:00,028 INFO com.bornfire.config.CronJobScheduler [scheduling-1] LDAP Cert:Success
2022-01-05 10:15:00,024 INFO com.bornfire.config.CronJobScheduler$CertMapper [scheduling-1] 0------
2022-01-05 10:15:00,025 INFO com.bornfire.config.CronJobScheduler$CertMapper [scheduling-1] Mapper[B@79372e04
2022-01-05 10:15:00,032 INFO com.bornfire.config.CronJobScheduler$CertMapper [scheduling-1] EMAILADDRESS=cert_publisher_test@ips.maucas.mu, CN=BOMMMUPLXIPS, O=BOMM, L=Port-Louis, C=MU
2022-01-05 10:15:00,033 INFO com.bornfire.config.CronJobScheduler [scheduling-1] LDAP Cert:Success
2022-01-05 10:16:00,019 INFO com.bornfire.config.CronJobScheduler$CertMapper [scheduling-1] 0------
2022-01-05 10:16:00,020 INFO com.bornfire.config.CronJobScheduler$CertMapper [scheduling-1] Mapper[B@a2c2378
2022-01-05 10:16:00,031 INFO com.bornfire.config.CronJobScheduler$CertMapper [scheduling-1] EMAILADDRESS=cert_publisher_test@ips.maucas.mu, CN=BOMMMUPLXIPS, O=BOMM, L=Port-Louis, C=MU
2022-01-05 10:16:00,031 INFO com.bornfire.config.CronJobScheduler [scheduling-1] LDAP Cert:Success
2022-01-05 10:17:00,022 INFO com.bornfire.config.CronJobScheduler$CertMapper [scheduling-1] 0------
2022-01-05 10:17:00,023 INFO com.bornfire.config.CronJobScheduler$CertMapper [scheduling-1] Mapper[B@380d8688
2022-01-05 10:17:00,029 INFO com.bornfire.config.CronJobScheduler$CertMapper [scheduling-1] EMAILADDRESS=cert_publisher_test@ips.maucas.mu, CN=BOMMMUPLXIPS, O=BOMM, L=Port-Louis, C=MU
2022-01-05 10:17:00,030 INFO com.bornfire.config.CronJobScheduler [scheduling-1] LDAP Cert:Success
2022-01-05 10:18:00,195 INFO com.bornfire.config.CronJobScheduler$CertMapper [scheduling-1] 0------
2022-01-05 10:18:00,196 INFO com.bornfire.config.CronJobScheduler$CertMapper [scheduling-1] Mapper[B@2c04161b
2022-01-05 10:18:00,202 INFO com.bornfire.config.CronJobScheduler$CertMapper [scheduling-1] EMAILADDRESS=cert_publisher_test@ips.maucas.mu, CN=BOMMMUPLXIPS, O=BOMM, L=Port-Louis, C=MU
2022-01-05 10:18:00,202 INFO com.bornfire.config.CronJobScheduler [scheduling-1] LDAP Cert:Success
2022-01-05 10:19:00,018 INFO com.bornfire.config.CronJobScheduler$CertMapper [scheduling-1] 0------
2022-01-05 10:19:00,019 INFO com.bornfire.config.CronJobScheduler$CertMapper [scheduling-1] Mapper[B@6c834a91
2022-01-05 10:19:00,025 INFO com.bornfire.config.CronJobScheduler$CertMapper [scheduling-1] EMAILADDRESS=cert_publisher_test@ips.maucas.mu, CN=BOMMMUPLXIPS, O=BOMM, L=Port-Louis, C=MU
2022-01-05 10:19:00,026 INFO com.bornfire.config.CronJobScheduler [scheduling-1] LDAP Cert:Success
2022-01-05 10:20:00,020 INFO com.bornfire.config.CronJobScheduler$CertMapper [scheduling-1] 0------
2022-01-05 10:20:00,021 INFO com.bornfire.config.CronJobScheduler$CertMapper [scheduling-1] Mapper[B@75f939a
2022-01-05 10:20:00,029 INFO com.bornfire.config.CronJobScheduler$CertMapper [scheduling-1] EMAILADDRESS=cert_publisher_test@ips.maucas.mu, CN=BOMMMUPLXIPS, O=BOMM, L=Port-Louis, C=MU
2022-01-05 10:20:00,029 INFO com.bornfire.config.CronJobScheduler [scheduling-1] LDAP Cert:Success
2022-01-05 10:21:00,017 INFO com.bornfire.config.CronJobScheduler$CertMapper [scheduling-1] 0------
2022-01-05 10:21:00,017 INFO com.bornfire.config.CronJobScheduler$CertMapper [scheduling-1] Mapper[B@53327c3f
2022-01-05 10:21:00,021 INFO com.bornfire.config.CronJobScheduler$CertMapper [scheduling-1] EMAILADDRESS=cert_publisher_test@ips.maucas.mu, CN=BOMMMUPLXIPS, O=BOMM, L=Port-Louis, C=MU
2022-01-05 10:21:00,022 INFO com.bornfire.config.CronJobScheduler [scheduling-1] LDAP Cert:Success
2022-01-05 10:22:00,020 INFO com.bornfire.config.CronJobScheduler$CertMapper [scheduling-1] 0------
2022-01-05 10:22:00,021 INFO com.bornfire.config.CronJobScheduler$CertMapper [scheduling-1] Mapper[B@5f0a1c8c
2022-01-05 10:22:00,026 INFO com.bornfire.config.CronJobScheduler$CertMapper [scheduling-1] EMAILADDRESS=cert_publisher_test@ips.maucas.mu, CN=BOMMMUPLXIPS, O=BOMM, L=Port-Louis, C=MU
2022-01-05 10:22:00,027 INFO com.bornfire.config.CronJobScheduler [scheduling-1] LDAP Cert:Success
2022-01-05 10:23:00,025 INFO com.bornfire.config.CronJobScheduler$CertMapper [scheduling-1] 0------
2022-01-05 10:23:00,025 INFO com.bornfire.config.CronJobScheduler$CertMapper [scheduling-1] Mapper[B@29ab023e
2022-01-05 10:23:00,035 INFO com.bornfire.config.CronJobScheduler$CertMapper [scheduling-1] EMAILADDRESS=cert_publisher_test@ips.maucas.mu, CN=BOMMMUPLXIPS, O=BOMM, L=Port-Louis, C=MU
2022-01-05 10:23:00,036 INFO com.bornfire.config.CronJobScheduler [scheduling-1] LDAP Cert:Success
2022-01-05 10:24:00,022 INFO com.bornfire.config.CronJobScheduler$CertMapper [scheduling-1] 0------
2022-01-05 10:24:00,023 INFO com.bornfire.config.CronJobScheduler$CertMapper [scheduling-1] Mapper[B@521387d2
2022-01-05 10:24:00,035 INFO com.bornfire.config.CronJobScheduler$CertMapper [scheduling-1] EMAILADDRESS=cert_publisher_test@ips.maucas.mu, CN=BOMMMUPLXIPS, O=BOMM, L=Port-Louis, C=MU
2022-01-05 10:24:00,036 INFO com.bornfire.config.CronJobScheduler [scheduling-1] LDAP Cert:Success
2022-01-05 10:25:00,022 INFO com.bornfire.config.CronJobScheduler$CertMapper [scheduling-1] 0------
2022-01-05 10:25:00,023 INFO com.bornfire.config.CronJobScheduler$CertMapper [scheduling-1] Mapper[B@1280da2b
2022-01-05 10:25:00,029 INFO com.bornfire.config.CronJobScheduler$CertMapper [scheduling-1] EMAILADDRESS=cert_publisher_test@ips.maucas.mu, CN=BOMMMUPLXIPS, O=BOMM, L=Port-Louis, C=MU
2022-01-05 10:25:00,030 INFO com.bornfire.config.CronJobScheduler [scheduling-1] LDAP Cert:Success
2022-01-05 10:26:00,023 INFO com.bornfire.config.CronJobScheduler$CertMapper [scheduling-1] 0------
2022-01-05 10:26:00,024 INFO com.bornfire.config.CronJobScheduler$CertMapper [scheduling-1] Mapper[B@1d614a8b
2022-01-05 10:26:00,028 INFO com.bornfire.config.CronJobScheduler$CertMapper [scheduling-1] EMAILADDRESS=cert_publisher_test@ips.maucas.mu, CN=BOMMMUPLXIPS, O=BOMM, L=Port-Louis, C=MU
2022-01-05 10:26:00,028 INFO com.bornfire.config.CronJobScheduler [scheduling-1] LDAP Cert:Success
2022-01-05 10:27:00,018 INFO com.bornfire.config.CronJobScheduler$CertMapper [scheduling-1] 0------
2022-01-05 10:27:00,019 INFO com.bornfire.config.CronJobScheduler$CertMapper [scheduling-1] Mapper[B@6caa01eb
2022-01-05 10:27:00,023 INFO com.bornfire.config.CronJobScheduler$CertMapper [scheduling-1] EMAILADDRESS=cert_publisher_test@ips.maucas.mu, CN=BOMMMUPLXIPS, O=BOMM, L=Port-Louis, C=MU
2022-01-05 10:27:00,024 INFO com.bornfire.config.CronJobScheduler [scheduling-1] LDAP Cert:Success
2022-01-05 10:28:00,018 INFO com.bornfire.config.CronJobScheduler$CertMapper [scheduling-1] 0------
2022-01-05 10:28:00,018 INFO com.bornfire.config.CronJobScheduler$CertMapper [scheduling-1] Mapper[B@224936bb
2022-01-05 10:28:00,025 INFO com.bornfire.config.CronJobScheduler$CertMapper [scheduling-1] EMAILADDRESS=cert_publisher_test@ips.maucas.mu, CN=BOMMMUPLXIPS, O=BOMM, L=Port-Louis, C=MU
2022-01-05 10:28:00,025 INFO com.bornfire.config.CronJobScheduler [scheduling-1] LDAP Cert:Success
2022-01-05 10:29:00,017 INFO com.bornfire.config.CronJobScheduler$CertMapper [scheduling-1] 0------
2022-01-05 10:29:00,018 INFO com.bornfire.config.CronJobScheduler$CertMapper [scheduling-1] Mapper[B@360cf15b
2022-01-05 10:29:00,023 INFO com.bornfire.config.CronJobScheduler$CertMapper [scheduling-1] EMAILADDRESS=cert_publisher_test@ips.maucas.mu, CN=BOMMMUPLXIPS, O=BOMM, L=Port-Louis, C=MU
2022-01-05 10:29:00,024 INFO com.bornfire.config.CronJobScheduler [scheduling-1] LDAP Cert:Success
2022-01-05 10:30:00,018 INFO com.bornfire.config.CronJobScheduler$CertMapper [scheduling-1] 0------
2022-01-05 10:30:00,018 INFO com.bornfire.config.CronJobScheduler$CertMapper [scheduling-1] Mapper[B@212ec003
2022-01-05 10:30:00,022 INFO com.bornfire.config.CronJobScheduler$CertMapper [scheduling-1] EMAILADDRESS=cert_publisher_test@ips.maucas.mu, CN=BOMMMUPLXIPS, O=BOMM, L=Port-Louis, C=MU
2022-01-05 10:30:00,022 INFO com.bornfire.config.CronJobScheduler [scheduling-1] LDAP Cert:Success
2022-01-05 10:31:00,018 INFO com.bornfire.config.CronJobScheduler$CertMapper [scheduling-1] 0------
2022-01-05 10:31:00,019 INFO com.bornfire.config.CronJobScheduler$CertMapper [scheduling-1] Mapper[B@1db72894
2022-01-05 10:31:00,024 INFO com.bornfire.config.CronJobScheduler$CertMapper [scheduling-1] EMAILADDRESS=cert_publisher_test@ips.maucas.mu, CN=BOMMMUPLXIPS, O=BOMM, L=Port-Louis, C=MU
2022-01-05 10:31:00,025 INFO com.bornfire.config.CronJobScheduler [scheduling-1] LDAP Cert:Success
2022-01-05 10:32:00,020 INFO com.bornfire.config.CronJobScheduler$CertMapper [scheduling-1] 0------
2022-01-05 10:32:00,020 INFO com.bornfire.config.CronJobScheduler$CertMapper [scheduling-1] Mapper[B@76a02977
2022-01-05 10:32:00,025 INFO com.bornfire.config.CronJobScheduler$CertMapper [scheduling-1] EMAILADDRESS=cert_publisher_test@ips.maucas.mu, CN=BOMMMUPLXIPS, O=BOMM, L=Port-Louis, C=MU
2022-01-05 10:32:00,025 INFO com.bornfire.config.CronJobScheduler [scheduling-1] LDAP Cert:Success
2022-01-05 10:33:00,024 INFO com.bornfire.config.CronJobScheduler$CertMapper [scheduling-1] 0------
2022-01-05 10:33:00,025 INFO com.bornfire.config.CronJobScheduler$CertMapper [scheduling-1] Mapper[B@27f788d1
2022-01-05 10:33:00,033 INFO com.bornfire.config.CronJobScheduler$CertMapper [scheduling-1] EMAILADDRESS=cert_publisher_test@ips.maucas.mu, CN=BOMMMUPLXIPS, O=BOMM, L=Port-Louis, C=MU
2022-01-05 10:33:00,033 INFO com.bornfire.config.CronJobScheduler [scheduling-1] LDAP Cert:Success
2022-01-05 10:34:00,022 INFO com.bornfire.config.CronJobScheduler$CertMapper [scheduling-1] 0------
2022-01-05 10:34:00,022 INFO com.bornfire.config.CronJobScheduler$CertMapper [scheduling-1] Mapper[B@700e6af4
2022-01-05 10:34:00,027 INFO com.bornfire.config.CronJobScheduler$CertMapper [scheduling-1] EMAILADDRESS=cert_publisher_test@ips.maucas.mu, CN=BOMMMUPLXIPS, O=BOMM, L=Port-Louis, C=MU
2022-01-05 10:34:00,027 INFO com.bornfire.config.CronJobScheduler [scheduling-1] LDAP Cert:Success
2022-01-05 10:35:00,022 INFO com.bornfire.config.CronJobScheduler$CertMapper [scheduling-1] 0------
2022-01-05 10:35:00,023 INFO com.bornfire.config.CronJobScheduler$CertMapper [scheduling-1] Mapper[B@54d91fe9
2022-01-05 10:35:00,027 INFO com.bornfire.config.CronJobScheduler$CertMapper [scheduling-1] EMAILADDRESS=cert_publisher_test@ips.maucas.mu, CN=BOMMMUPLXIPS, O=BOMM, L=Port-Louis, C=MU
2022-01-05 10:35:00,027 INFO com.bornfire.config.CronJobScheduler [scheduling-1] LDAP Cert:Success
2022-01-05 10:36:00,020 INFO com.bornfire.config.CronJobScheduler$CertMapper [scheduling-1] 0------
2022-01-05 10:36:00,021 INFO com.bornfire.config.CronJobScheduler$CertMapper [scheduling-1] Mapper[B@23456f94
2022-01-05 10:36:00,025 INFO com.bornfire.config.CronJobScheduler$CertMapper [scheduling-1] EMAILADDRESS=cert_publisher_test@ips.maucas.mu, CN=BOMMMUPLXIPS, O=BOMM, L=Port-Louis, C=MU
2022-01-05 10:36:00,025 INFO com.bornfire.config.CronJobScheduler [scheduling-1] LDAP Cert:Success
2022-01-05 10:37:00,021 INFO com.bornfire.config.CronJobScheduler$CertMapper [scheduling-1] 0------
2022-01-05 10:37:00,022 INFO com.bornfire.config.CronJobScheduler$CertMapper [scheduling-1] Mapper[B@38efda2d
2022-01-05 10:37:00,026 INFO com.bornfire.config.CronJobScheduler$CertMapper [scheduling-1] EMAILADDRESS=cert_publisher_test@ips.maucas.mu, CN=BOMMMUPLXIPS, O=BOMM, L=Port-Louis, C=MU
2022-01-05 10:37:00,027 INFO com.bornfire.config.CronJobScheduler [scheduling-1] LDAP Cert:Success
2022-01-05 10:38:00,021 INFO com.bornfire.config.CronJobScheduler$CertMapper [scheduling-1] 0------
2022-01-05 10:38:00,022 INFO com.bornfire.config.CronJobScheduler$CertMapper [scheduling-1] Mapper[B@3bb54e0e
2022-01-05 10:38:00,026 INFO com.bornfire.config.CronJobScheduler$CertMapper [scheduling-1] EMAILADDRESS=cert_publisher_test@ips.maucas.mu, CN=BOMMMUPLXIPS, O=BOMM, L=Port-Louis, C=MU
2022-01-05 10:38:00,026 INFO com.bornfire.config.CronJobScheduler [scheduling-1] LDAP Cert:Success
2022-01-05 10:39:00,018 INFO com.bornfire.config.CronJobScheduler$CertMapper [scheduling-1] 0------
2022-01-05 10:39:00,019 INFO com.bornfire.config.CronJobScheduler$CertMapper [scheduling-1] Mapper[B@270f38c6
2022-01-05 10:39:00,022 INFO com.bornfire.config.CronJobScheduler$CertMapper [scheduling-1] EMAILADDRESS=cert_publisher_test@ips.maucas.mu, CN=BOMMMUPLXIPS, O=BOMM, L=Port-Louis, C=MU
2022-01-05 10:39:00,023 INFO com.bornfire.config.CronJobScheduler [scheduling-1] LDAP Cert:Success
2022-01-05 10:40:00,019 INFO com.bornfire.config.CronJobScheduler$CertMapper [scheduling-1] 0------
2022-01-05 10:40:00,020 INFO com.bornfire.config.CronJobScheduler$CertMapper [scheduling-1] Mapper[B@2f3eda7c
2022-01-05 10:40:00,027 INFO com.bornfire.config.CronJobScheduler$CertMapper [scheduling-1] EMAILADDRESS=cert_publisher_test@ips.maucas.mu, CN=BOMMMUPLXIPS, O=BOMM, L=Port-Louis, C=MU
2022-01-05 10:40:00,028 INFO com.bornfire.config.CronJobScheduler [scheduling-1] LDAP Cert:Success
2022-01-05 10:41:00,020 INFO com.bornfire.config.CronJobScheduler$CertMapper [scheduling-1] 0------
2022-01-05 10:41:00,020 INFO com.bornfire.config.CronJobScheduler$CertMapper [scheduling-1] Mapper[B@69464304
2022-01-05 10:41:00,026 INFO com.bornfire.config.CronJobScheduler$CertMapper [scheduling-1] EMAILADDRESS=cert_publisher_test@ips.maucas.mu, CN=BOMMMUPLXIPS, O=BOMM, L=Port-Louis, C=MU
2022-01-05 10:41:00,026 INFO com.bornfire.config.CronJobScheduler [scheduling-1] LDAP Cert:Success
2022-01-05 10:42:00,018 INFO com.bornfire.config.CronJobScheduler$CertMapper [scheduling-1] 0------
2022-01-05 10:42:00,019 INFO com.bornfire.config.CronJobScheduler$CertMapper [scheduling-1] Mapper[B@7812a51c
2022-01-05 10:42:00,024 INFO com.bornfire.config.CronJobScheduler$CertMapper [scheduling-1] EMAILADDRESS=cert_publisher_test@ips.maucas.mu, CN=BOMMMUPLXIPS, O=BOMM, L=Port-Louis, C=MU
2022-01-05 10:42:00,025 INFO com.bornfire.config.CronJobScheduler [scheduling-1] LDAP Cert:Success
2022-01-05 10:43:00,022 INFO com.bornfire.config.CronJobScheduler$CertMapper [scheduling-1] 0------
2022-01-05 10:43:00,022 INFO com.bornfire.config.CronJobScheduler$CertMapper [scheduling-1] Mapper[B@26056bd0
2022-01-05 10:43:00,032 INFO com.bornfire.config.CronJobScheduler$CertMapper [scheduling-1] EMAILADDRESS=cert_publisher_test@ips.maucas.mu, CN=BOMMMUPLXIPS, O=BOMM, L=Port-Louis, C=MU
2022-01-05 10:43:00,032 INFO com.bornfire.config.CronJobScheduler [scheduling-1] LDAP Cert:Success
2022-01-05 10:44:00,021 INFO com.bornfire.config.CronJobScheduler$CertMapper [scheduling-1] 0------
2022-01-05 10:44:00,022 INFO com.bornfire.config.CronJobScheduler$CertMapper [scheduling-1] Mapper[B@7fb1a856
2022-01-05 10:44:00,027 INFO com.bornfire.config.CronJobScheduler$CertMapper [scheduling-1] EMAILADDRESS=cert_publisher_test@ips.maucas.mu, CN=BOMMMUPLXIPS, O=BOMM, L=Port-Louis, C=MU
2022-01-05 10:44:00,028 INFO com.bornfire.config.CronJobScheduler [scheduling-1] LDAP Cert:Success
2022-01-05 10:45:00,019 INFO com.bornfire.config.CronJobScheduler$CertMapper [scheduling-1] 0------
2022-01-05 10:45:00,019 INFO com.bornfire.config.CronJobScheduler$CertMapper [scheduling-1] Mapper[B@24348ac7
2022-01-05 10:45:00,024 INFO com.bornfire.config.CronJobScheduler$CertMapper [scheduling-1] EMAILADDRESS=cert_publisher_test@ips.maucas.mu, CN=BOMMMUPLXIPS, O=BOMM, L=Port-Louis, C=MU
2022-01-05 10:45:00,024 INFO com.bornfire.config.CronJobScheduler [scheduling-1] LDAP Cert:Success
2022-01-05 10:46:00,018 INFO com.bornfire.config.CronJobScheduler$CertMapper [scheduling-1] 0------
2022-01-05 10:46:00,019 INFO com.bornfire.config.CronJobScheduler$CertMapper [scheduling-1] Mapper[B@49e3f118
2022-01-05 10:46:00,026 INFO com.bornfire.config.CronJobScheduler$CertMapper [scheduling-1] EMAILADDRESS=cert_publisher_test@ips.maucas.mu, CN=BOMMMUPLXIPS, O=BOMM, L=Port-Louis, C=MU
2022-01-05 10:46:00,027 INFO com.bornfire.config.CronJobScheduler [scheduling-1] LDAP Cert:Success
2022-01-05 10:47:00,020 INFO com.bornfire.config.CronJobScheduler$CertMapper [scheduling-1] 0------
2022-01-05 10:47:00,021 INFO com.bornfire.config.CronJobScheduler$CertMapper [scheduling-1] Mapper[B@4435581f
2022-01-05 10:47:00,026 INFO com.bornfire.config.CronJobScheduler$CertMapper [scheduling-1] EMAILADDRESS=cert_publisher_test@ips.maucas.mu, CN=BOMMMUPLXIPS, O=BOMM, L=Port-Louis, C=MU
2022-01-05 10:47:00,027 INFO com.bornfire.config.CronJobScheduler [scheduling-1] LDAP Cert:Success
2022-01-05 10:48:00,015 INFO com.bornfire.config.CronJobScheduler$CertMapper [scheduling-1] 0------
2022-01-05 10:48:00,015 INFO com.bornfire.config.CronJobScheduler$CertMapper [scheduling-1] Mapper[B@36b4bbd7
2022-01-05 10:48:00,021 INFO com.bornfire.config.CronJobScheduler$CertMapper [scheduling-1] EMAILADDRESS=cert_publisher_test@ips.maucas.mu, CN=BOMMMUPLXIPS, O=BOMM, L=Port-Louis, C=MU
2022-01-05 10:48:00,021 INFO com.bornfire.config.CronJobScheduler [scheduling-1] LDAP Cert:Success
2022-01-05 10:49:00,023 INFO com.bornfire.config.CronJobScheduler$CertMapper [scheduling-1] 0------
2022-01-05 10:49:00,024 INFO com.bornfire.config.CronJobScheduler$CertMapper [scheduling-1] Mapper[B@36566d74
2022-01-05 10:49:00,033 INFO com.bornfire.config.CronJobScheduler$CertMapper [scheduling-1] EMAILADDRESS=cert_publisher_test@ips.maucas.mu, CN=BOMMMUPLXIPS, O=BOMM, L=Port-Louis, C=MU
2022-01-05 10:49:00,034 INFO com.bornfire.config.CronJobScheduler [scheduling-1] LDAP Cert:Success
2022-01-05 10:50:03,036 INFO com.bornfire.config.CronJobScheduler$CertMapper [scheduling-1] 0------
2022-01-05 10:50:03,036 INFO com.bornfire.config.CronJobScheduler$CertMapper [scheduling-1] Mapper[B@60eb2197
2022-01-05 10:50:03,040 INFO com.bornfire.config.CronJobScheduler$CertMapper [scheduling-1] EMAILADDRESS=cert_publisher_test@ips.maucas.mu, CN=BOMMMUPLXIPS, O=BOMM, L=Port-Louis, C=MU
2022-01-05 10:50:03,041 INFO com.bornfire.config.CronJobScheduler [scheduling-1] LDAP Cert:Success
2022-01-05 10:51:00,021 INFO com.bornfire.config.CronJobScheduler$CertMapper [scheduling-1] 0------
2022-01-05 10:51:00,021 INFO com.bornfire.config.CronJobScheduler$CertMapper [scheduling-1] Mapper[B@ef07835
2022-01-05 10:51:00,026 INFO com.bornfire.config.CronJobScheduler$CertMapper [scheduling-1] EMAILADDRESS=cert_publisher_test@ips.maucas.mu, CN=BOMMMUPLXIPS, O=BOMM, L=Port-Louis, C=MU
2022-01-05 10:51:00,027 INFO com.bornfire.config.CronJobScheduler [scheduling-1] LDAP Cert:Success
2022-01-05 10:52:00,043 INFO com.bornfire.config.CronJobScheduler$CertMapper [scheduling-1] 0------
2022-01-05 10:52:00,043 INFO com.bornfire.config.CronJobScheduler$CertMapper [scheduling-1] Mapper[B@1d09003f
2022-01-05 10:52:00,048 INFO com.bornfire.config.CronJobScheduler$CertMapper [scheduling-1] EMAILADDRESS=cert_publisher_test@ips.maucas.mu, CN=BOMMMUPLXIPS, O=BOMM, L=Port-Louis, C=MU
2022-01-05 10:52:00,048 INFO com.bornfire.config.CronJobScheduler [scheduling-1] LDAP Cert:Success
2022-01-05 10:53:00,017 INFO com.bornfire.config.CronJobScheduler$CertMapper [scheduling-1] 0------
2022-01-05 10:53:00,018 INFO com.bornfire.config.CronJobScheduler$CertMapper [scheduling-1] Mapper[B@1831f327
2022-01-05 10:53:00,021 INFO com.bornfire.config.CronJobScheduler$CertMapper [scheduling-1] EMAILADDRESS=cert_publisher_test@ips.maucas.mu, CN=BOMMMUPLXIPS, O=BOMM, L=Port-Louis, C=MU
2022-01-05 10:53:00,022 INFO com.bornfire.config.CronJobScheduler [scheduling-1] LDAP Cert:Success
2022-01-05 10:54:00,019 INFO com.bornfire.config.CronJobScheduler$CertMapper [scheduling-1] 0------
2022-01-05 10:54:00,020 INFO com.bornfire.config.CronJobScheduler$CertMapper [scheduling-1] Mapper[B@21ef8e2f
2022-01-05 10:54:00,024 INFO com.bornfire.config.CronJobScheduler$CertMapper [scheduling-1] EMAILADDRESS=cert_publisher_test@ips.maucas.mu, CN=BOMMMUPLXIPS, O=BOMM, L=Port-Louis, C=MU
2022-01-05 10:54:00,025 INFO com.bornfire.config.CronJobScheduler [scheduling-1] LDAP Cert:Success
2022-01-05 10:55:00,020 INFO com.bornfire.config.CronJobScheduler$CertMapper [scheduling-1] 0------
2022-01-05 10:55:00,020 INFO com.bornfire.config.CronJobScheduler$CertMapper [scheduling-1] Mapper[B@2cd36bf7
2022-01-05 10:55:00,025 INFO com.bornfire.config.CronJobScheduler$CertMapper [scheduling-1] EMAILADDRESS=cert_publisher_test@ips.maucas.mu, CN=BOMMMUPLXIPS, O=BOMM, L=Port-Louis, C=MU
2022-01-05 10:55:00,025 INFO com.bornfire.config.CronJobScheduler [scheduling-1] LDAP Cert:Success
2022-01-05 10:55:20,706 INFO org.springframework.boot.admin.SpringApplicationAdminMXBeanRegistrar$SpringApplicationAdmin [RMI TCP Connection(2)-127.0.0.1] Application shutdown requested.
2022-01-05 10:55:20,747 INFO org.springframework.scheduling.concurrent.ExecutorConfigurationSupport [RMI TCP Connection(2)-127.0.0.1] Shutting down ExecutorService 'taskScheduler'
2022-01-05 10:55:20,753 INFO org.springframework.scheduling.concurrent.ExecutorConfigurationSupport [RMI TCP Connection(2)-127.0.0.1] Shutting down ExecutorService 'asyncExecutor'
2022-01-05 10:55:20,754 INFO org.springframework.scheduling.concurrent.ExecutorConfigurationSupport [RMI TCP Connection(2)-127.0.0.1] Shutting down ExecutorService 'taskExecutor'
2022-01-05 10:55:20,773 INFO com.zaxxer.hikari.HikariDataSource [RMI TCP Connection(2)-127.0.0.1] HikariBIPS - Shutdown initiated...
2022-01-05 10:55:20,958 INFO com.zaxxer.hikari.HikariDataSource [RMI TCP Connection(2)-127.0.0.1] HikariBIPS - Shutdown completed.
