2021-11-09 16:41:26,257 INFO org.springframework.boot.StartupInfoLogger [main] Starting IpsPayApplication on HO-BIPSAPPUAT01 with PID 4848 (C:\Users\Ext_KalaivananR\git\BIPSCIMPAY\target\classes started by Ext_KalaivananR in C:\Users\Ext_KalaivananR\git\BIPSCIMPAY)
2021-11-09 16:41:26,266 DEBUG org.springframework.boot.StartupInfoLogger [main] Running with Spring Boot v2.2.4.RELEASE, Spring v5.2.3.RELEASE
2021-11-09 16:41:26,266 INFO org.springframework.boot.SpringApplication [main] No active profile set, falling back to default profiles: default
2021-11-09 16:41:30,860 INFO org.springframework.data.repository.config.RepositoryConfigurationDelegate [main] Multiple Spring Data modules found, entering strict repository configuration mode!
2021-11-09 16:41:30,862 INFO org.springframework.data.repository.config.RepositoryConfigurationDelegate [main] Bootstrapping Spring Data JPA repositories in DEFAULT mode.
2021-11-09 16:41:31,087 INFO org.springframework.data.repository.config.RepositoryConfigurationDelegate [main] Finished Spring Data repository scanning in 214ms. Found 34 JPA repository interfaces.
2021-11-09 16:41:31,515 INFO org.springframework.data.repository.config.RepositoryConfigurationDelegate [main] Multiple Spring Data modules found, entering strict repository configuration mode!
2021-11-09 16:41:31,517 INFO org.springframework.data.repository.config.RepositoryConfigurationDelegate [main] Bootstrapping Spring Data LDAP repositories in DEFAULT mode.
2021-11-09 16:41:31,656 INFO org.springframework.data.repository.config.RepositoryConfigurationExtensionSupport [main] Spring Data LDAP - Could not safely identify store assignment for repository candidate interface com.bornfire.entity.BankAgentTableRep. If you want this repository to be a LDAP repository, consider annotating your entities with one of these annotations: org.springframework.ldap.odm.annotations.Entry (preferred), or consider extending one of the following types with your repository: org.springframework.data.ldap.repository.LdapRepository.
2021-11-09 16:41:31,657 INFO org.springframework.data.repository.config.RepositoryConfigurationExtensionSupport [main] Spring Data LDAP - Could not safely identify store assignment for repository candidate interface com.bornfire.entity.BusinessHoursRep. If you want this repository to be a LDAP repository, consider annotating your entities with one of these annotations: org.springframework.ldap.odm.annotations.Entry (preferred), or consider extending one of the following types with your repository: org.springframework.data.ldap.repository.LdapRepository.
2021-11-09 16:41:31,658 INFO org.springframework.data.repository.config.RepositoryConfigurationExtensionSupport [main] Spring Data LDAP - Could not safely identify store assignment for repository candidate interface com.bornfire.entity.ConsentAccessInquiryTableRep. If you want this repository to be a LDAP repository, consider annotating your entities with one of these annotations: org.springframework.ldap.odm.annotations.Entry (preferred), or consider extending one of the following types with your repository: org.springframework.data.ldap.repository.LdapRepository.
2021-11-09 16:41:31,659 INFO org.springframework.data.repository.config.RepositoryConfigurationExtensionSupport [main] Spring Data LDAP - Could not safely identify store assignment for repository candidate interface com.bornfire.entity.ConsentAccessTableRep. If you want this repository to be a LDAP repository, consider annotating your entities with one of these annotations: org.springframework.ldap.odm.annotations.Entry (preferred), or consider extending one of the following types with your repository: org.springframework.data.ldap.repository.LdapRepository.
2021-11-09 16:41:31,659 INFO org.springframework.data.repository.config.RepositoryConfigurationExtensionSupport [main] Spring Data LDAP - Could not safely identify store assignment for repository candidate interface com.bornfire.entity.ConsentAccessTmpTableRep. If you want this repository to be a LDAP repository, consider annotating your entities with one of these annotations: org.springframework.ldap.odm.annotations.Entry (preferred), or consider extending one of the following types with your repository: org.springframework.data.ldap.repository.LdapRepository.
2021-11-09 16:41:31,660 INFO org.springframework.data.repository.config.RepositoryConfigurationExtensionSupport [main] Spring Data LDAP - Could not safely identify store assignment for repository candidate interface com.bornfire.entity.ConsentOutwardAccessTableRep. If you want this repository to be a LDAP repository, consider annotating your entities with one of these annotations: org.springframework.ldap.odm.annotations.Entry (preferred), or consider extending one of the following types with your repository: org.springframework.data.ldap.repository.LdapRepository.
2021-11-09 16:41:31,660 INFO org.springframework.data.repository.config.RepositoryConfigurationExtensionSupport [main] Spring Data LDAP - Could not safely identify store assignment for repository candidate interface com.bornfire.entity.ConsentOutwardAccessTmpTableRep. If you want this repository to be a LDAP repository, consider annotating your entities with one of these annotations: org.springframework.ldap.odm.annotations.Entry (preferred), or consider extending one of the following types with your repository: org.springframework.data.ldap.repository.LdapRepository.
2021-11-09 16:41:31,661 INFO org.springframework.data.repository.config.RepositoryConfigurationExtensionSupport [main] Spring Data LDAP - Could not safely identify store assignment for repository candidate interface com.bornfire.entity.ConsentOutwardAuthorisationTableRep. If you want this repository to be a LDAP repository, consider annotating your entities with one of these annotations: org.springframework.ldap.odm.annotations.Entry (preferred), or consider extending one of the following types with your repository: org.springframework.data.ldap.repository.LdapRepository.
2021-11-09 16:41:31,662 INFO org.springframework.data.repository.config.RepositoryConfigurationExtensionSupport [main] Spring Data LDAP - Could not safely identify store assignment for repository candidate interface com.bornfire.entity.ConsentOutwardInquiryTableRep. If you want this repository to be a LDAP repository, consider annotating your entities with one of these annotations: org.springframework.ldap.odm.annotations.Entry (preferred), or consider extending one of the following types with your repository: org.springframework.data.ldap.repository.LdapRepository.
2021-11-09 16:41:31,663 INFO org.springframework.data.repository.config.RepositoryConfigurationExtensionSupport [main] Spring Data LDAP - Could not safely identify store assignment for repository candidate interface com.bornfire.entity.ConsentTableRep. If you want this repository to be a LDAP repository, consider annotating your entities with one of these annotations: org.springframework.ldap.odm.annotations.Entry (preferred), or consider extending one of the following types with your repository: org.springframework.data.ldap.repository.LdapRepository.
2021-11-09 16:41:31,664 INFO org.springframework.data.repository.config.RepositoryConfigurationExtensionSupport [main] Spring Data LDAP - Could not safely identify store assignment for repository candidate interface com.bornfire.entity.IPSChargesAndFeesRep. If you want this repository to be a LDAP repository, consider annotating your entities with one of these annotations: org.springframework.ldap.odm.annotations.Entry (preferred), or consider extending one of the following types with your repository: org.springframework.data.ldap.repository.LdapRepository.
2021-11-09 16:41:31,665 INFO org.springframework.data.repository.config.RepositoryConfigurationExtensionSupport [main] Spring Data LDAP - Could not safely identify store assignment for repository candidate interface com.bornfire.entity.IPSFlowTableRep. If you want this repository to be a LDAP repository, consider annotating your entities with one of these annotations: org.springframework.ldap.odm.annotations.Entry (preferred), or consider extending one of the following types with your repository: org.springframework.data.ldap.repository.LdapRepository.
2021-11-09 16:41:31,666 INFO org.springframework.data.repository.config.RepositoryConfigurationExtensionSupport [main] Spring Data LDAP - Could not safely identify store assignment for repository candidate interface com.bornfire.entity.MerchantQrCodeRegRep. If you want this repository to be a LDAP repository, consider annotating your entities with one of these annotations: org.springframework.ldap.odm.annotations.Entry (preferred), or consider extending one of the following types with your repository: org.springframework.data.ldap.repository.LdapRepository.
2021-11-09 16:41:31,666 INFO org.springframework.data.repository.config.RepositoryConfigurationExtensionSupport [main] Spring Data LDAP - Could not safely identify store assignment for repository candidate interface com.bornfire.entity.MerchantQrGenTablerep. If you want this repository to be a LDAP repository, consider annotating your entities with one of these annotations: org.springframework.ldap.odm.annotations.Entry (preferred), or consider extending one of the following types with your repository: org.springframework.data.ldap.repository.LdapRepository.
2021-11-09 16:41:31,667 INFO org.springframework.data.repository.config.RepositoryConfigurationExtensionSupport [main] Spring Data LDAP - Could not safely identify store assignment for repository candidate interface com.bornfire.entity.OTPGenTableRep. If you want this repository to be a LDAP repository, consider annotating your entities with one of these annotations: org.springframework.ldap.odm.annotations.Entry (preferred), or consider extending one of the following types with your repository: org.springframework.data.ldap.repository.LdapRepository.
2021-11-09 16:41:31,668 INFO org.springframework.data.repository.config.RepositoryConfigurationExtensionSupport [main] Spring Data LDAP - Could not safely identify store assignment for repository candidate interface com.bornfire.entity.OutwardTransHistMonitoringTableRep. If you want this repository to be a LDAP repository, consider annotating your entities with one of these annotations: org.springframework.ldap.odm.annotations.Entry (preferred), or consider extending one of the following types with your repository: org.springframework.data.ldap.repository.LdapRepository.
2021-11-09 16:41:31,669 INFO org.springframework.data.repository.config.RepositoryConfigurationExtensionSupport [main] Spring Data LDAP - Could not safely identify store assignment for repository candidate interface com.bornfire.entity.OutwardTransactionMonitoringTableRep. If you want this repository to be a LDAP repository, consider annotating your entities with one of these annotations: org.springframework.ldap.odm.annotations.Entry (preferred), or consider extending one of the following types with your repository: org.springframework.data.ldap.repository.LdapRepository.
2021-11-09 16:41:31,669 INFO org.springframework.data.repository.config.RepositoryConfigurationExtensionSupport [main] Spring Data LDAP - Could not safely identify store assignment for repository candidate interface com.bornfire.entity.RegPublicKeyRep. If you want this repository to be a LDAP repository, consider annotating your entities with one of these annotations: org.springframework.ldap.odm.annotations.Entry (preferred), or consider extending one of the following types with your repository: org.springframework.data.ldap.repository.LdapRepository.
2021-11-09 16:41:31,670 INFO org.springframework.data.repository.config.RepositoryConfigurationExtensionSupport [main] Spring Data LDAP - Could not safely identify store assignment for repository candidate interface com.bornfire.entity.RegPublicKeyTmpRep. If you want this repository to be a LDAP repository, consider annotating your entities with one of these annotations: org.springframework.ldap.odm.annotations.Entry (preferred), or consider extending one of the following types with your repository: org.springframework.data.ldap.repository.LdapRepository.
2021-11-09 16:41:31,670 INFO org.springframework.data.repository.config.RepositoryConfigurationExtensionSupport [main] Spring Data LDAP - Could not safely identify store assignment for repository candidate interface com.bornfire.entity.SettlementAccountAmtRep. If you want this repository to be a LDAP repository, consider annotating your entities with one of these annotations: org.springframework.ldap.odm.annotations.Entry (preferred), or consider extending one of the following types with your repository: org.springframework.data.ldap.repository.LdapRepository.
2021-11-09 16:41:31,671 INFO org.springframework.data.repository.config.RepositoryConfigurationExtensionSupport [main] Spring Data LDAP - Could not safely identify store assignment for repository candidate interface com.bornfire.entity.SettlementAccountRep. If you want this repository to be a LDAP repository, consider annotating your entities with one of these annotations: org.springframework.ldap.odm.annotations.Entry (preferred), or consider extending one of the following types with your repository: org.springframework.data.ldap.repository.LdapRepository.
2021-11-09 16:41:31,671 INFO org.springframework.data.repository.config.RepositoryConfigurationExtensionSupport [main] Spring Data LDAP - Could not safely identify store assignment for repository candidate interface com.bornfire.entity.SettlementLimitReportRep. If you want this repository to be a LDAP repository, consider annotating your entities with one of these annotations: org.springframework.ldap.odm.annotations.Entry (preferred), or consider extending one of the following types with your repository: org.springframework.data.ldap.repository.LdapRepository.
2021-11-09 16:41:31,673 INFO org.springframework.data.repository.config.RepositoryConfigurationExtensionSupport [main] Spring Data LDAP - Could not safely identify store assignment for repository candidate interface com.bornfire.entity.SettlementReportRep. If you want this repository to be a LDAP repository, consider annotating your entities with one of these annotations: org.springframework.ldap.odm.annotations.Entry (preferred), or consider extending one of the following types with your repository: org.springframework.data.ldap.repository.LdapRepository.
2021-11-09 16:41:31,674 INFO org.springframework.data.repository.config.RepositoryConfigurationExtensionSupport [main] Spring Data LDAP - Could not safely identify store assignment for repository candidate interface com.bornfire.entity.TranAllDetailsTableRep. If you want this repository to be a LDAP repository, consider annotating your entities with one of these annotations: org.springframework.ldap.odm.annotations.Entry (preferred), or consider extending one of the following types with your repository: org.springframework.data.ldap.repository.LdapRepository.
2021-11-09 16:41:31,674 INFO org.springframework.data.repository.config.RepositoryConfigurationExtensionSupport [main] Spring Data LDAP - Could not safely identify store assignment for repository candidate interface com.bornfire.entity.TranCBSTableRep. If you want this repository to be a LDAP repository, consider annotating your entities with one of these annotations: org.springframework.ldap.odm.annotations.Entry (preferred), or consider extending one of the following types with your repository: org.springframework.data.ldap.repository.LdapRepository.
2021-11-09 16:41:31,675 INFO org.springframework.data.repository.config.RepositoryConfigurationExtensionSupport [main] Spring Data LDAP - Could not safely identify store assignment for repository candidate interface com.bornfire.entity.TranCimCBSTableRep. If you want this repository to be a LDAP repository, consider annotating your entities with one of these annotations: org.springframework.ldap.odm.annotations.Entry (preferred), or consider extending one of the following types with your repository: org.springframework.data.ldap.repository.LdapRepository.
2021-11-09 16:41:31,675 INFO org.springframework.data.repository.config.RepositoryConfigurationExtensionSupport [main] Spring Data LDAP - Could not safely identify store assignment for repository candidate interface com.bornfire.entity.TranHistMonitorHistRep. If you want this repository to be a LDAP repository, consider annotating your entities with one of these annotations: org.springframework.ldap.odm.annotations.Entry (preferred), or consider extending one of the following types with your repository: org.springframework.data.ldap.repository.LdapRepository.
2021-11-09 16:41:31,677 INFO org.springframework.data.repository.config.RepositoryConfigurationExtensionSupport [main] Spring Data LDAP - Could not safely identify store assignment for repository candidate interface com.bornfire.entity.TranIPSTableRep. If you want this repository to be a LDAP repository, consider annotating your entities with one of these annotations: org.springframework.ldap.odm.annotations.Entry (preferred), or consider extending one of the following types with your repository: org.springframework.data.ldap.repository.LdapRepository.
2021-11-09 16:41:31,677 INFO org.springframework.data.repository.config.RepositoryConfigurationExtensionSupport [main] Spring Data LDAP - Could not safely identify store assignment for repository candidate interface com.bornfire.entity.TranNetStatRep. If you want this repository to be a LDAP repository, consider annotating your entities with one of these annotations: org.springframework.ldap.odm.annotations.Entry (preferred), or consider extending one of the following types with your repository: org.springframework.data.ldap.repository.LdapRepository.
2021-11-09 16:41:31,678 INFO org.springframework.data.repository.config.RepositoryConfigurationExtensionSupport [main] Spring Data LDAP - Could not safely identify store assignment for repository candidate interface com.bornfire.entity.TranNonCBSTableRep. If you want this repository to be a LDAP repository, consider annotating your entities with one of these annotations: org.springframework.ldap.odm.annotations.Entry (preferred), or consider extending one of the following types with your repository: org.springframework.data.ldap.repository.LdapRepository.
2021-11-09 16:41:31,679 INFO org.springframework.data.repository.config.RepositoryConfigurationExtensionSupport [main] Spring Data LDAP - Could not safely identify store assignment for repository candidate interface com.bornfire.entity.TransactionMonitorRep. If you want this repository to be a LDAP repository, consider annotating your entities with one of these annotations: org.springframework.ldap.odm.annotations.Entry (preferred), or consider extending one of the following types with your repository: org.springframework.data.ldap.repository.LdapRepository.
2021-11-09 16:41:31,679 INFO org.springframework.data.repository.config.RepositoryConfigurationExtensionSupport [main] Spring Data LDAP - Could not safely identify store assignment for repository candidate interface com.bornfire.entity.WalletAccessTableRep. If you want this repository to be a LDAP repository, consider annotating your entities with one of these annotations: org.springframework.ldap.odm.annotations.Entry (preferred), or consider extending one of the following types with your repository: org.springframework.data.ldap.repository.LdapRepository.
2021-11-09 16:41:31,680 INFO org.springframework.data.repository.config.RepositoryConfigurationExtensionSupport [main] Spring Data LDAP - Could not safely identify store assignment for repository candidate interface com.bornfire.entity.WalletAccessTmpTableRep. If you want this repository to be a LDAP repository, consider annotating your entities with one of these annotations: org.springframework.ldap.odm.annotations.Entry (preferred), or consider extending one of the following types with your repository: org.springframework.data.ldap.repository.LdapRepository.
2021-11-09 16:41:31,680 INFO org.springframework.data.repository.config.RepositoryConfigurationExtensionSupport [main] Spring Data LDAP - Could not safely identify store assignment for repository candidate interface com.bornfire.entity.WalletRequestRegisterTableRep. If you want this repository to be a LDAP repository, consider annotating your entities with one of these annotations: org.springframework.ldap.odm.annotations.Entry (preferred), or consider extending one of the following types with your repository: org.springframework.data.ldap.repository.LdapRepository.
2021-11-09 16:41:31,680 INFO org.springframework.data.repository.config.RepositoryConfigurationDelegate [main] Finished Spring Data repository scanning in 162ms. Found 0 LDAP repository interfaces.
2021-11-09 16:41:32,010 INFO org.springframework.context.support.PostProcessorRegistrationDelegate$BeanPostProcessorChecker [main] Bean 'IPSGenConfig' of type [com.bornfire.config.IPSGenConfig$$EnhancerBySpringCGLIB$$888a421d] is not eligible for getting processed by all BeanPostProcessors (for example: not eligible for auto-proxying)
2021-11-09 16:41:32,029 INFO org.springframework.context.support.PostProcessorRegistrationDelegate$BeanPostProcessorChecker [main] Bean 'IPSServerConfig' of type [com.bornfire.config.IPSServerConfig$$EnhancerBySpringCGLIB$$6e2a0234] is not eligible for getting processed by all BeanPostProcessors (for example: not eligible for auto-proxying)
2021-11-09 16:41:32,031 INFO org.springframework.context.support.PostProcessorRegistrationDelegate$BeanPostProcessorChecker [main] Bean 'org.springframework.ws.config.annotation.DelegatingWsConfiguration' of type [org.springframework.ws.config.annotation.DelegatingWsConfiguration$$EnhancerBySpringCGLIB$$5b0670a7] is not eligible for getting processed by all BeanPostProcessors (for example: not eligible for auto-proxying)
2021-11-09 16:41:32,059 INFO org.springframework.ws.soap.addressing.server.AbstractAddressingEndpointMapping [main] Supporting [WS-Addressing August 2004, WS-Addressing 1.0]
2021-11-09 16:41:32,122 INFO org.springframework.context.support.PostProcessorRegistrationDelegate$BeanPostProcessorChecker [main] Bean 'org.springframework.transaction.annotation.ProxyTransactionManagementConfiguration' of type [org.springframework.transaction.annotation.ProxyTransactionManagementConfiguration] is not eligible for getting processed by all BeanPostProcessors (for example: not eligible for auto-proxying)
2021-11-09 16:41:32,432 INFO org.springframework.boot.web.embedded.tomcat.TomcatWebServer [main] Tomcat initialized with port(s): 8440 (http)
2021-11-09 16:41:32,441 INFO org.apache.juli.logging.DirectJDKLog [main] Initializing ProtocolHandler ["http-nio-8440"]
2021-11-09 16:41:32,442 INFO org.apache.juli.logging.DirectJDKLog [main] Starting service [Tomcat]
2021-11-09 16:41:32,443 INFO org.apache.juli.logging.DirectJDKLog [main] Starting Servlet engine: [Apache Tomcat/9.0.30]
2021-11-09 16:41:32,637 INFO org.apache.juli.logging.DirectJDKLog [main] Initializing Spring embedded WebApplicationContext
2021-11-09 16:41:32,638 INFO org.springframework.boot.web.servlet.context.ServletWebServerApplicationContext [main] Root WebApplicationContext: initialization completed in 6330 ms
2021-11-09 16:41:33,282 INFO org.hibernate.Version [main] HHH000412: Hibernate Core {5.4.10.Final}
2021-11-09 16:41:33,471 INFO org.hibernate.annotations.common.reflection.java.JavaReflectionManager [main] HCANN000001: Hibernate Commons Annotations {5.1.0.Final}
2021-11-09 16:41:34,176 INFO org.hibernate.dialect.Dialect [main] HHH000400: Using dialect: org.hibernate.dialect.Oracle10gDialect
2021-11-09 16:41:34,704 WARN org.hibernate.mapping.RootClass [main] HHH000038: Composite-id class does not override equals(): com.bornfire.entity.TranIPSTableID
2021-11-09 16:41:34,705 WARN org.hibernate.mapping.RootClass [main] HHH000039: Composite-id class does not override hashCode(): com.bornfire.entity.TranIPSTableID
2021-11-09 16:41:34,706 WARN org.hibernate.mapping.RootClass [main] HHH000038: Composite-id class does not override equals(): com.bornfire.entity.SettlementReportDetailID
2021-11-09 16:41:34,706 WARN org.hibernate.mapping.RootClass [main] HHH000039: Composite-id class does not override hashCode(): com.bornfire.entity.SettlementReportDetailID
2021-11-09 16:41:36,760 INFO org.hibernate.engine.transaction.jta.platform.internal.JtaPlatformInitiator [main] HHH000490: Using JtaPlatform implementation: [org.hibernate.engine.transaction.jta.platform.internal.NoJtaPlatform]
2021-11-09 16:41:38,066 INFO org.springframework.ws.soap.saaj.SaajSoapMessageFactory [main] Creating SAAJ 1.3 MessageFactory with SOAP 1.1 Protocol
2021-11-09 16:41:38,091 INFO org.springframework.scheduling.concurrent.ExecutorConfigurationSupport [main] Initializing ExecutorService
2021-11-09 16:41:38,093 INFO org.springframework.scheduling.concurrent.ExecutorConfigurationSupport [main] Initializing ExecutorService 'taskExecutor'
2021-11-09 16:41:38,669 INFO org.springframework.scheduling.concurrent.ExecutorConfigurationSupport [main] Initializing ExecutorService
2021-11-09 16:41:38,669 INFO org.springframework.scheduling.concurrent.ExecutorConfigurationSupport [main] Initializing ExecutorService 'asyncExecutor'
2021-11-09 16:41:38,887 WARN org.springframework.boot.autoconfigure.orm.jpa.JpaBaseConfiguration$JpaWebConfiguration [main] spring.jpa.open-in-view is enabled by default. Therefore, database queries may be performed during view rendering. Explicitly configure spring.jpa.open-in-view to disable this warning
2021-11-09 16:41:39,477 INFO org.springframework.scheduling.concurrent.ExecutorConfigurationSupport [main] Initializing ExecutorService 'taskScheduler'
2021-11-09 16:41:39,502 INFO org.springframework.boot.actuate.endpoint.web.EndpointLinksResolver [main] Exposing 13 endpoint(s) beneath base path '/actuator'
2021-11-09 16:41:39,568 INFO org.apache.juli.logging.DirectJDKLog [main] Starting ProtocolHandler ["http-nio-8440"]
2021-11-09 16:41:39,591 INFO org.springframework.boot.web.embedded.tomcat.TomcatWebServer [main] Tomcat started on port(s): 8440 (http) with context path '/portal'
2021-11-09 16:41:39,593 INFO org.springframework.boot.StartupInfoLogger [main] Started IpsPayApplication in 13.764 seconds (JVM running for 14.485)
2021-11-09 16:42:00,044 INFO com.bornfire.config.CronJobScheduler$CertMapper [scheduling-1] 0------
2021-11-09 16:42:00,045 INFO com.bornfire.config.CronJobScheduler$CertMapper [scheduling-1] Mapper[B@66aa27b0
2021-11-09 16:42:00,052 INFO com.bornfire.config.CronJobScheduler$CertMapper [scheduling-1] EMAILADDRESS=cert_publisher_test@ips.maucas.mu, CN=BOMMMUPLXIPS, O=BOMM, L=Port-Louis, C=MU
2021-11-09 16:42:00,053 INFO com.bornfire.config.CronJobScheduler [scheduling-1] LDAP Cert:Success
2021-11-09 16:43:00,003 INFO com.bornfire.config.CronJobScheduler [scheduling-1] Get Settlement Account Balance
2021-11-09 16:43:00,597 INFO com.bornfire.config.CronJobScheduler [scheduling-1] Settlement Account Balance Updated Successfully
2021-11-09 16:43:01,478 INFO com.bornfire.config.CronJobScheduler$CertMapper [scheduling-1] 0------
2021-11-09 16:43:01,478 INFO com.bornfire.config.CronJobScheduler$CertMapper [scheduling-1] Mapper[B@1dbd5018
2021-11-09 16:43:01,481 INFO com.bornfire.config.CronJobScheduler$CertMapper [scheduling-1] EMAILADDRESS=cert_publisher_test@ips.maucas.mu, CN=BOMMMUPLXIPS, O=BOMM, L=Port-Louis, C=MU
2021-11-09 16:43:01,481 INFO com.bornfire.config.CronJobScheduler [scheduling-1] LDAP Cert:Success
2021-11-09 16:44:00,022 INFO com.bornfire.config.CronJobScheduler$CertMapper [scheduling-1] 0------
2021-11-09 16:44:00,023 INFO com.bornfire.config.CronJobScheduler$CertMapper [scheduling-1] Mapper[B@271b20be
2021-11-09 16:44:00,025 INFO com.bornfire.config.CronJobScheduler$CertMapper [scheduling-1] EMAILADDRESS=cert_publisher_test@ips.maucas.mu, CN=BOMMMUPLXIPS, O=BOMM, L=Port-Louis, C=MU
2021-11-09 16:44:00,026 INFO com.bornfire.config.CronJobScheduler [scheduling-1] LDAP Cert:Success
2021-11-09 16:45:00,022 INFO com.bornfire.config.CronJobScheduler$CertMapper [scheduling-1] 0------
2021-11-09 16:45:00,023 INFO com.bornfire.config.CronJobScheduler$CertMapper [scheduling-1] Mapper[B@643d1439
2021-11-09 16:45:00,028 INFO com.bornfire.config.CronJobScheduler$CertMapper [scheduling-1] EMAILADDRESS=cert_publisher_test@ips.maucas.mu, CN=BOMMMUPLXIPS, O=BOMM, L=Port-Louis, C=MU
2021-11-09 16:45:00,028 INFO com.bornfire.config.CronJobScheduler [scheduling-1] LDAP Cert:Success
2021-11-09 16:46:00,022 INFO com.bornfire.config.CronJobScheduler$CertMapper [scheduling-1] 0------
2021-11-09 16:46:00,023 INFO com.bornfire.config.CronJobScheduler$CertMapper [scheduling-1] Mapper[B@328e5b3c
2021-11-09 16:46:00,029 INFO com.bornfire.config.CronJobScheduler$CertMapper [scheduling-1] EMAILADDRESS=cert_publisher_test@ips.maucas.mu, CN=BOMMMUPLXIPS, O=BOMM, L=Port-Louis, C=MU
2021-11-09 16:46:00,030 INFO com.bornfire.config.CronJobScheduler [scheduling-1] LDAP Cert:Success
2021-11-09 16:47:00,019 INFO com.bornfire.config.CronJobScheduler$CertMapper [scheduling-1] 0------
2021-11-09 16:47:00,020 INFO com.bornfire.config.CronJobScheduler$CertMapper [scheduling-1] Mapper[B@4544e0e5
2021-11-09 16:47:00,023 INFO com.bornfire.config.CronJobScheduler$CertMapper [scheduling-1] EMAILADDRESS=cert_publisher_test@ips.maucas.mu, CN=BOMMMUPLXIPS, O=BOMM, L=Port-Louis, C=MU
2021-11-09 16:47:00,024 INFO com.bornfire.config.CronJobScheduler [scheduling-1] LDAP Cert:Success
2021-11-09 16:48:00,019 INFO com.bornfire.config.CronJobScheduler$CertMapper [scheduling-1] 0------
2021-11-09 16:48:00,019 INFO com.bornfire.config.CronJobScheduler$CertMapper [scheduling-1] Mapper[B@3b242623
2021-11-09 16:48:00,022 INFO com.bornfire.config.CronJobScheduler$CertMapper [scheduling-1] EMAILADDRESS=cert_publisher_test@ips.maucas.mu, CN=BOMMMUPLXIPS, O=BOMM, L=Port-Louis, C=MU
2021-11-09 16:48:00,023 INFO com.bornfire.config.CronJobScheduler [scheduling-1] LDAP Cert:Success
2021-11-09 16:49:00,019 INFO com.bornfire.config.CronJobScheduler$CertMapper [scheduling-1] 0------
2021-11-09 16:49:00,020 INFO com.bornfire.config.CronJobScheduler$CertMapper [scheduling-1] Mapper[B@373461a2
2021-11-09 16:49:00,023 INFO com.bornfire.config.CronJobScheduler$CertMapper [scheduling-1] EMAILADDRESS=cert_publisher_test@ips.maucas.mu, CN=BOMMMUPLXIPS, O=BOMM, L=Port-Louis, C=MU
2021-11-09 16:49:00,024 INFO com.bornfire.config.CronJobScheduler [scheduling-1] LDAP Cert:Success
2021-11-09 16:50:00,020 INFO com.bornfire.config.CronJobScheduler$CertMapper [scheduling-1] 0------
2021-11-09 16:50:00,021 INFO com.bornfire.config.CronJobScheduler$CertMapper [scheduling-1] Mapper[B@77a39bc3
2021-11-09 16:50:00,026 INFO com.bornfire.config.CronJobScheduler$CertMapper [scheduling-1] EMAILADDRESS=cert_publisher_test@ips.maucas.mu, CN=BOMMMUPLXIPS, O=BOMM, L=Port-Louis, C=MU
2021-11-09 16:50:00,027 INFO com.bornfire.config.CronJobScheduler [scheduling-1] LDAP Cert:Success
2021-11-09 16:51:00,023 INFO com.bornfire.config.CronJobScheduler$CertMapper [scheduling-1] 0------
2021-11-09 16:51:00,024 INFO com.bornfire.config.CronJobScheduler$CertMapper [scheduling-1] Mapper[B@15821e1a
2021-11-09 16:51:00,028 INFO com.bornfire.config.CronJobScheduler$CertMapper [scheduling-1] EMAILADDRESS=cert_publisher_test@ips.maucas.mu, CN=BOMMMUPLXIPS, O=BOMM, L=Port-Louis, C=MU
2021-11-09 16:51:00,029 INFO com.bornfire.config.CronJobScheduler [scheduling-1] LDAP Cert:Success
2021-11-09 16:52:00,023 INFO com.bornfire.config.CronJobScheduler$CertMapper [scheduling-1] 0------
2021-11-09 16:52:00,024 INFO com.bornfire.config.CronJobScheduler$CertMapper [scheduling-1] Mapper[B@f8d37b7
2021-11-09 16:52:00,031 INFO com.bornfire.config.CronJobScheduler$CertMapper [scheduling-1] EMAILADDRESS=cert_publisher_test@ips.maucas.mu, CN=BOMMMUPLXIPS, O=BOMM, L=Port-Louis, C=MU
2021-11-09 16:52:00,032 INFO com.bornfire.config.CronJobScheduler [scheduling-1] LDAP Cert:Success
2021-11-09 16:53:00,023 INFO com.bornfire.config.CronJobScheduler$CertMapper [scheduling-1] 0------
2021-11-09 16:53:00,024 INFO com.bornfire.config.CronJobScheduler$CertMapper [scheduling-1] Mapper[B@1ba07e95
2021-11-09 16:53:00,031 INFO com.bornfire.config.CronJobScheduler$CertMapper [scheduling-1] EMAILADDRESS=cert_publisher_test@ips.maucas.mu, CN=BOMMMUPLXIPS, O=BOMM, L=Port-Louis, C=MU
2021-11-09 16:53:00,033 INFO com.bornfire.config.CronJobScheduler [scheduling-1] LDAP Cert:Success
2021-11-09 16:54:00,020 INFO com.bornfire.config.CronJobScheduler$CertMapper [scheduling-1] 0------
2021-11-09 16:54:00,021 INFO com.bornfire.config.CronJobScheduler$CertMapper [scheduling-1] Mapper[B@70b683a1
2021-11-09 16:54:00,025 INFO com.bornfire.config.CronJobScheduler$CertMapper [scheduling-1] EMAILADDRESS=cert_publisher_test@ips.maucas.mu, CN=BOMMMUPLXIPS, O=BOMM, L=Port-Louis, C=MU
2021-11-09 16:54:00,026 INFO com.bornfire.config.CronJobScheduler [scheduling-1] LDAP Cert:Success
2021-11-09 16:55:00,023 INFO com.bornfire.config.CronJobScheduler$CertMapper [scheduling-1] 0------
2021-11-09 16:55:00,024 INFO com.bornfire.config.CronJobScheduler$CertMapper [scheduling-1] Mapper[B@75c13163
2021-11-09 16:55:00,027 INFO com.bornfire.config.CronJobScheduler$CertMapper [scheduling-1] EMAILADDRESS=cert_publisher_test@ips.maucas.mu, CN=BOMMMUPLXIPS, O=BOMM, L=Port-Louis, C=MU
2021-11-09 16:55:00,028 INFO com.bornfire.config.CronJobScheduler [scheduling-1] LDAP Cert:Success
2021-11-09 16:56:00,022 INFO com.bornfire.config.CronJobScheduler$CertMapper [scheduling-1] 0------
2021-11-09 16:56:00,022 INFO com.bornfire.config.CronJobScheduler$CertMapper [scheduling-1] Mapper[B@139780e3
2021-11-09 16:56:00,025 INFO com.bornfire.config.CronJobScheduler$CertMapper [scheduling-1] EMAILADDRESS=cert_publisher_test@ips.maucas.mu, CN=BOMMMUPLXIPS, O=BOMM, L=Port-Louis, C=MU
2021-11-09 16:56:00,026 INFO com.bornfire.config.CronJobScheduler [scheduling-1] LDAP Cert:Success
2021-11-09 16:57:00,022 INFO com.bornfire.config.CronJobScheduler$CertMapper [scheduling-1] 0------
2021-11-09 16:57:00,023 INFO com.bornfire.config.CronJobScheduler$CertMapper [scheduling-1] Mapper[B@1cbd4534
2021-11-09 16:57:00,030 INFO com.bornfire.config.CronJobScheduler$CertMapper [scheduling-1] EMAILADDRESS=cert_publisher_test@ips.maucas.mu, CN=BOMMMUPLXIPS, O=BOMM, L=Port-Louis, C=MU
2021-11-09 16:57:00,030 INFO com.bornfire.config.CronJobScheduler [scheduling-1] LDAP Cert:Success
2021-11-09 16:58:00,021 INFO com.bornfire.config.CronJobScheduler$CertMapper [scheduling-1] 0------
2021-11-09 16:58:00,022 INFO com.bornfire.config.CronJobScheduler$CertMapper [scheduling-1] Mapper[B@4fb30be1
2021-11-09 16:58:00,029 INFO com.bornfire.config.CronJobScheduler$CertMapper [scheduling-1] EMAILADDRESS=cert_publisher_test@ips.maucas.mu, CN=BOMMMUPLXIPS, O=BOMM, L=Port-Louis, C=MU
2021-11-09 16:58:00,030 INFO com.bornfire.config.CronJobScheduler [scheduling-1] LDAP Cert:Success
2021-11-09 16:59:00,180 INFO com.bornfire.config.CronJobScheduler$CertMapper [scheduling-1] 0------
2021-11-09 16:59:00,181 INFO com.bornfire.config.CronJobScheduler$CertMapper [scheduling-1] Mapper[B@216593ad
2021-11-09 16:59:00,189 INFO com.bornfire.config.CronJobScheduler$CertMapper [scheduling-1] EMAILADDRESS=cert_publisher_test@ips.maucas.mu, CN=BOMMMUPLXIPS, O=BOMM, L=Port-Louis, C=MU
2021-11-09 16:59:00,191 INFO com.bornfire.config.CronJobScheduler [scheduling-1] LDAP Cert:Success
2021-11-09 17:00:00,021 INFO com.bornfire.config.CronJobScheduler$CertMapper [scheduling-1] 0------
2021-11-09 17:00:00,022 INFO com.bornfire.config.CronJobScheduler$CertMapper [scheduling-1] Mapper[B@9f7f1d
2021-11-09 17:00:00,027 INFO com.bornfire.config.CronJobScheduler$CertMapper [scheduling-1] EMAILADDRESS=cert_publisher_test@ips.maucas.mu, CN=BOMMMUPLXIPS, O=BOMM, L=Port-Louis, C=MU
2021-11-09 17:00:00,028 INFO com.bornfire.config.CronJobScheduler [scheduling-1] LDAP Cert:Success
2021-11-09 17:01:00,022 INFO com.bornfire.config.CronJobScheduler$CertMapper [scheduling-1] 0------
2021-11-09 17:01:00,023 INFO com.bornfire.config.CronJobScheduler$CertMapper [scheduling-1] Mapper[B@76fd0edf
2021-11-09 17:01:00,028 INFO com.bornfire.config.CronJobScheduler$CertMapper [scheduling-1] EMAILADDRESS=cert_publisher_test@ips.maucas.mu, CN=BOMMMUPLXIPS, O=BOMM, L=Port-Louis, C=MU
2021-11-09 17:01:00,028 INFO com.bornfire.config.CronJobScheduler [scheduling-1] LDAP Cert:Success
2021-11-09 17:02:00,021 INFO com.bornfire.config.CronJobScheduler$CertMapper [scheduling-1] 0------
2021-11-09 17:02:00,022 INFO com.bornfire.config.CronJobScheduler$CertMapper [scheduling-1] Mapper[B@2146ffe2
2021-11-09 17:02:00,027 INFO com.bornfire.config.CronJobScheduler$CertMapper [scheduling-1] EMAILADDRESS=cert_publisher_test@ips.maucas.mu, CN=BOMMMUPLXIPS, O=BOMM, L=Port-Louis, C=MU
2021-11-09 17:02:00,028 INFO com.bornfire.config.CronJobScheduler [scheduling-1] LDAP Cert:Success
2021-11-09 17:03:00,019 INFO com.bornfire.config.CronJobScheduler$CertMapper [scheduling-1] 0------
2021-11-09 17:03:00,020 INFO com.bornfire.config.CronJobScheduler$CertMapper [scheduling-1] Mapper[B@2c33e89c
2021-11-09 17:03:00,027 INFO com.bornfire.config.CronJobScheduler$CertMapper [scheduling-1] EMAILADDRESS=cert_publisher_test@ips.maucas.mu, CN=BOMMMUPLXIPS, O=BOMM, L=Port-Louis, C=MU
2021-11-09 17:03:00,028 INFO com.bornfire.config.CronJobScheduler [scheduling-1] LDAP Cert:Success
2021-11-09 17:04:00,018 INFO com.bornfire.config.CronJobScheduler$CertMapper [scheduling-1] 0------
2021-11-09 17:04:00,019 INFO com.bornfire.config.CronJobScheduler$CertMapper [scheduling-1] Mapper[B@57af1d90
2021-11-09 17:04:00,022 INFO com.bornfire.config.CronJobScheduler$CertMapper [scheduling-1] EMAILADDRESS=cert_publisher_test@ips.maucas.mu, CN=BOMMMUPLXIPS, O=BOMM, L=Port-Louis, C=MU
2021-11-09 17:04:00,022 INFO com.bornfire.config.CronJobScheduler [scheduling-1] LDAP Cert:Success
2021-11-09 17:05:00,018 INFO com.bornfire.config.CronJobScheduler$CertMapper [scheduling-1] 0------
2021-11-09 17:05:00,019 INFO com.bornfire.config.CronJobScheduler$CertMapper [scheduling-1] Mapper[B@493a7a4c
2021-11-09 17:05:00,028 INFO com.bornfire.config.CronJobScheduler$CertMapper [scheduling-1] EMAILADDRESS=cert_publisher_test@ips.maucas.mu, CN=BOMMMUPLXIPS, O=BOMM, L=Port-Louis, C=MU
2021-11-09 17:05:00,028 INFO com.bornfire.config.CronJobScheduler [scheduling-1] LDAP Cert:Success
2021-11-09 17:06:00,022 INFO com.bornfire.config.CronJobScheduler$CertMapper [scheduling-1] 0------
2021-11-09 17:06:00,023 INFO com.bornfire.config.CronJobScheduler$CertMapper [scheduling-1] Mapper[B@5f153566
2021-11-09 17:06:00,027 INFO com.bornfire.config.CronJobScheduler$CertMapper [scheduling-1] EMAILADDRESS=cert_publisher_test@ips.maucas.mu, CN=BOMMMUPLXIPS, O=BOMM, L=Port-Louis, C=MU
2021-11-09 17:06:00,028 INFO com.bornfire.config.CronJobScheduler [scheduling-1] LDAP Cert:Success
2021-11-09 17:07:00,021 INFO com.bornfire.config.CronJobScheduler$CertMapper [scheduling-1] 0------
2021-11-09 17:07:00,022 INFO com.bornfire.config.CronJobScheduler$CertMapper [scheduling-1] Mapper[B@6cd14110
2021-11-09 17:07:00,025 INFO com.bornfire.config.CronJobScheduler$CertMapper [scheduling-1] EMAILADDRESS=cert_publisher_test@ips.maucas.mu, CN=BOMMMUPLXIPS, O=BOMM, L=Port-Louis, C=MU
2021-11-09 17:07:00,026 INFO com.bornfire.config.CronJobScheduler [scheduling-1] LDAP Cert:Success
2021-11-09 17:08:00,022 INFO com.bornfire.config.CronJobScheduler$CertMapper [scheduling-1] 0------
2021-11-09 17:08:00,023 INFO com.bornfire.config.CronJobScheduler$CertMapper [scheduling-1] Mapper[B@433d8287
2021-11-09 17:08:00,029 INFO com.bornfire.config.CronJobScheduler$CertMapper [scheduling-1] EMAILADDRESS=cert_publisher_test@ips.maucas.mu, CN=BOMMMUPLXIPS, O=BOMM, L=Port-Louis, C=MU
2021-11-09 17:08:00,029 INFO com.bornfire.config.CronJobScheduler [scheduling-1] LDAP Cert:Success
2021-11-09 17:09:00,021 INFO com.bornfire.config.CronJobScheduler$CertMapper [scheduling-1] 0------
2021-11-09 17:09:00,022 INFO com.bornfire.config.CronJobScheduler$CertMapper [scheduling-1] Mapper[B@59cf78b6
2021-11-09 17:09:00,029 INFO com.bornfire.config.CronJobScheduler$CertMapper [scheduling-1] EMAILADDRESS=cert_publisher_test@ips.maucas.mu, CN=BOMMMUPLXIPS, O=BOMM, L=Port-Louis, C=MU
2021-11-09 17:09:00,030 INFO com.bornfire.config.CronJobScheduler [scheduling-1] LDAP Cert:Success
2021-11-09 17:10:00,019 INFO com.bornfire.config.CronJobScheduler$CertMapper [scheduling-1] 0------
2021-11-09 17:10:00,020 INFO com.bornfire.config.CronJobScheduler$CertMapper [scheduling-1] Mapper[B@2f87c8ec
2021-11-09 17:10:00,026 INFO com.bornfire.config.CronJobScheduler$CertMapper [scheduling-1] EMAILADDRESS=cert_publisher_test@ips.maucas.mu, CN=BOMMMUPLXIPS, O=BOMM, L=Port-Louis, C=MU
2021-11-09 17:10:00,027 INFO com.bornfire.config.CronJobScheduler [scheduling-1] LDAP Cert:Success
2021-11-09 17:11:00,019 INFO com.bornfire.config.CronJobScheduler$CertMapper [scheduling-1] 0------
2021-11-09 17:11:00,020 INFO com.bornfire.config.CronJobScheduler$CertMapper [scheduling-1] Mapper[B@4938c5cd
2021-11-09 17:11:00,022 INFO com.bornfire.config.CronJobScheduler$CertMapper [scheduling-1] EMAILADDRESS=cert_publisher_test@ips.maucas.mu, CN=BOMMMUPLXIPS, O=BOMM, L=Port-Louis, C=MU
2021-11-09 17:11:00,023 INFO com.bornfire.config.CronJobScheduler [scheduling-1] LDAP Cert:Success
2021-11-09 17:12:00,021 INFO com.bornfire.config.CronJobScheduler$CertMapper [scheduling-1] 0------
2021-11-09 17:12:00,022 INFO com.bornfire.config.CronJobScheduler$CertMapper [scheduling-1] Mapper[B@66be4fd7
2021-11-09 17:12:00,026 INFO com.bornfire.config.CronJobScheduler$CertMapper [scheduling-1] EMAILADDRESS=cert_publisher_test@ips.maucas.mu, CN=BOMMMUPLXIPS, O=BOMM, L=Port-Louis, C=MU
2021-11-09 17:12:00,026 INFO com.bornfire.config.CronJobScheduler [scheduling-1] LDAP Cert:Success
2021-11-09 17:13:00,020 INFO com.bornfire.config.CronJobScheduler$CertMapper [scheduling-1] 0------
2021-11-09 17:13:00,021 INFO com.bornfire.config.CronJobScheduler$CertMapper [scheduling-1] Mapper[B@4496817e
2021-11-09 17:13:00,027 INFO com.bornfire.config.CronJobScheduler$CertMapper [scheduling-1] EMAILADDRESS=cert_publisher_test@ips.maucas.mu, CN=BOMMMUPLXIPS, O=BOMM, L=Port-Louis, C=MU
2021-11-09 17:13:00,028 INFO com.bornfire.config.CronJobScheduler [scheduling-1] LDAP Cert:Success
2021-11-09 17:14:00,019 INFO com.bornfire.config.CronJobScheduler$CertMapper [scheduling-1] 0------
2021-11-09 17:14:00,020 INFO com.bornfire.config.CronJobScheduler$CertMapper [scheduling-1] Mapper[B@55c7e1a8
2021-11-09 17:14:00,023 INFO com.bornfire.config.CronJobScheduler$CertMapper [scheduling-1] EMAILADDRESS=cert_publisher_test@ips.maucas.mu, CN=BOMMMUPLXIPS, O=BOMM, L=Port-Louis, C=MU
2021-11-09 17:14:00,023 INFO com.bornfire.config.CronJobScheduler [scheduling-1] LDAP Cert:Success
2021-11-09 17:15:00,020 INFO com.bornfire.config.CronJobScheduler$CertMapper [scheduling-1] 0------
2021-11-09 17:15:00,021 INFO com.bornfire.config.CronJobScheduler$CertMapper [scheduling-1] Mapper[B@5ade4070
2021-11-09 17:15:00,028 INFO com.bornfire.config.CronJobScheduler$CertMapper [scheduling-1] EMAILADDRESS=cert_publisher_test@ips.maucas.mu, CN=BOMMMUPLXIPS, O=BOMM, L=Port-Louis, C=MU
2021-11-09 17:15:00,029 INFO com.bornfire.config.CronJobScheduler [scheduling-1] LDAP Cert:Success
2021-11-09 17:16:00,020 INFO com.bornfire.config.CronJobScheduler$CertMapper [scheduling-1] 0------
2021-11-09 17:16:00,021 INFO com.bornfire.config.CronJobScheduler$CertMapper [scheduling-1] Mapper[B@4e8a6c0b
2021-11-09 17:16:00,025 INFO com.bornfire.config.CronJobScheduler$CertMapper [scheduling-1] EMAILADDRESS=cert_publisher_test@ips.maucas.mu, CN=BOMMMUPLXIPS, O=BOMM, L=Port-Louis, C=MU
2021-11-09 17:16:00,026 INFO com.bornfire.config.CronJobScheduler [scheduling-1] LDAP Cert:Success
2021-11-09 17:17:00,188 INFO com.bornfire.config.CronJobScheduler$CertMapper [scheduling-1] 0------
2021-11-09 17:17:00,189 INFO com.bornfire.config.CronJobScheduler$CertMapper [scheduling-1] Mapper[B@3ee789d5
2021-11-09 17:17:00,196 INFO com.bornfire.config.CronJobScheduler$CertMapper [scheduling-1] EMAILADDRESS=cert_publisher_test@ips.maucas.mu, CN=BOMMMUPLXIPS, O=BOMM, L=Port-Louis, C=MU
2021-11-09 17:17:00,196 INFO com.bornfire.config.CronJobScheduler [scheduling-1] LDAP Cert:Success
2021-11-09 17:18:00,022 INFO com.bornfire.config.CronJobScheduler$CertMapper [scheduling-1] 0------
2021-11-09 17:18:00,023 INFO com.bornfire.config.CronJobScheduler$CertMapper [scheduling-1] Mapper[B@54c7f500
2021-11-09 17:18:00,029 INFO com.bornfire.config.CronJobScheduler$CertMapper [scheduling-1] EMAILADDRESS=cert_publisher_test@ips.maucas.mu, CN=BOMMMUPLXIPS, O=BOMM, L=Port-Louis, C=MU
2021-11-09 17:18:00,030 INFO com.bornfire.config.CronJobScheduler [scheduling-1] LDAP Cert:Success
2021-11-09 17:19:00,021 INFO com.bornfire.config.CronJobScheduler$CertMapper [scheduling-1] 0------
2021-11-09 17:19:00,022 INFO com.bornfire.config.CronJobScheduler$CertMapper [scheduling-1] Mapper[B@7c32e228
2021-11-09 17:19:00,029 INFO com.bornfire.config.CronJobScheduler$CertMapper [scheduling-1] EMAILADDRESS=cert_publisher_test@ips.maucas.mu, CN=BOMMMUPLXIPS, O=BOMM, L=Port-Louis, C=MU
2021-11-09 17:19:00,030 INFO com.bornfire.config.CronJobScheduler [scheduling-1] LDAP Cert:Success
2021-11-09 17:20:00,025 INFO com.bornfire.config.CronJobScheduler$CertMapper [scheduling-1] 0------
2021-11-09 17:20:00,026 INFO com.bornfire.config.CronJobScheduler$CertMapper [scheduling-1] Mapper[B@61c53391
2021-11-09 17:20:00,033 INFO com.bornfire.config.CronJobScheduler$CertMapper [scheduling-1] EMAILADDRESS=cert_publisher_test@ips.maucas.mu, CN=BOMMMUPLXIPS, O=BOMM, L=Port-Louis, C=MU
2021-11-09 17:20:00,034 INFO com.bornfire.config.CronJobScheduler [scheduling-1] LDAP Cert:Success
2021-11-09 17:21:00,024 INFO com.bornfire.config.CronJobScheduler$CertMapper [scheduling-1] 0------
2021-11-09 17:21:00,025 INFO com.bornfire.config.CronJobScheduler$CertMapper [scheduling-1] Mapper[B@63eeb75d
2021-11-09 17:21:00,027 INFO com.bornfire.config.CronJobScheduler$CertMapper [scheduling-1] EMAILADDRESS=cert_publisher_test@ips.maucas.mu, CN=BOMMMUPLXIPS, O=BOMM, L=Port-Louis, C=MU
2021-11-09 17:21:00,027 INFO com.bornfire.config.CronJobScheduler [scheduling-1] LDAP Cert:Success
2021-11-09 17:22:00,022 INFO com.bornfire.config.CronJobScheduler$CertMapper [scheduling-1] 0------
2021-11-09 17:22:00,023 INFO com.bornfire.config.CronJobScheduler$CertMapper [scheduling-1] Mapper[B@8ea31d5
2021-11-09 17:22:00,028 INFO com.bornfire.config.CronJobScheduler$CertMapper [scheduling-1] EMAILADDRESS=cert_publisher_test@ips.maucas.mu, CN=BOMMMUPLXIPS, O=BOMM, L=Port-Louis, C=MU
2021-11-09 17:22:00,029 INFO com.bornfire.config.CronJobScheduler [scheduling-1] LDAP Cert:Success
2021-11-09 17:23:00,022 INFO com.bornfire.config.CronJobScheduler$CertMapper [scheduling-1] 0------
2021-11-09 17:23:00,023 INFO com.bornfire.config.CronJobScheduler$CertMapper [scheduling-1] Mapper[B@6322a142
2021-11-09 17:23:00,030 INFO com.bornfire.config.CronJobScheduler$CertMapper [scheduling-1] EMAILADDRESS=cert_publisher_test@ips.maucas.mu, CN=BOMMMUPLXIPS, O=BOMM, L=Port-Louis, C=MU
2021-11-09 17:23:00,031 INFO com.bornfire.config.CronJobScheduler [scheduling-1] LDAP Cert:Success
2021-11-09 17:24:00,020 INFO com.bornfire.config.CronJobScheduler$CertMapper [scheduling-1] 0------
2021-11-09 17:24:00,020 INFO com.bornfire.config.CronJobScheduler$CertMapper [scheduling-1] Mapper[B@2b334f0c
2021-11-09 17:24:00,024 INFO com.bornfire.config.CronJobScheduler$CertMapper [scheduling-1] EMAILADDRESS=cert_publisher_test@ips.maucas.mu, CN=BOMMMUPLXIPS, O=BOMM, L=Port-Louis, C=MU
2021-11-09 17:24:00,024 INFO com.bornfire.config.CronJobScheduler [scheduling-1] LDAP Cert:Success
2021-11-09 17:25:00,022 INFO com.bornfire.config.CronJobScheduler$CertMapper [scheduling-1] 0------
2021-11-09 17:25:00,022 INFO com.bornfire.config.CronJobScheduler$CertMapper [scheduling-1] Mapper[B@3df14168
2021-11-09 17:25:00,030 INFO com.bornfire.config.CronJobScheduler$CertMapper [scheduling-1] EMAILADDRESS=cert_publisher_test@ips.maucas.mu, CN=BOMMMUPLXIPS, O=BOMM, L=Port-Louis, C=MU
2021-11-09 17:25:00,031 INFO com.bornfire.config.CronJobScheduler [scheduling-1] LDAP Cert:Success
2021-11-09 17:26:00,021 INFO com.bornfire.config.CronJobScheduler$CertMapper [scheduling-1] 0------
2021-11-09 17:26:00,021 INFO com.bornfire.config.CronJobScheduler$CertMapper [scheduling-1] Mapper[B@644cab9a
2021-11-09 17:26:00,024 INFO com.bornfire.config.CronJobScheduler$CertMapper [scheduling-1] EMAILADDRESS=cert_publisher_test@ips.maucas.mu, CN=BOMMMUPLXIPS, O=BOMM, L=Port-Louis, C=MU
2021-11-09 17:26:00,025 INFO com.bornfire.config.CronJobScheduler [scheduling-1] LDAP Cert:Success
2021-11-09 17:27:00,021 INFO com.bornfire.config.CronJobScheduler$CertMapper [scheduling-1] 0------
2021-11-09 17:27:00,023 INFO com.bornfire.config.CronJobScheduler$CertMapper [scheduling-1] Mapper[B@12123ee0
2021-11-09 17:27:00,030 INFO com.bornfire.config.CronJobScheduler$CertMapper [scheduling-1] EMAILADDRESS=cert_publisher_test@ips.maucas.mu, CN=BOMMMUPLXIPS, O=BOMM, L=Port-Louis, C=MU
2021-11-09 17:27:00,031 INFO com.bornfire.config.CronJobScheduler [scheduling-1] LDAP Cert:Success
2021-11-09 17:28:00,022 INFO com.bornfire.config.CronJobScheduler$CertMapper [scheduling-1] 0------
2021-11-09 17:28:00,023 INFO com.bornfire.config.CronJobScheduler$CertMapper [scheduling-1] Mapper[B@23e85881
2021-11-09 17:28:00,028 INFO com.bornfire.config.CronJobScheduler$CertMapper [scheduling-1] EMAILADDRESS=cert_publisher_test@ips.maucas.mu, CN=BOMMMUPLXIPS, O=BOMM, L=Port-Louis, C=MU
2021-11-09 17:28:00,029 INFO com.bornfire.config.CronJobScheduler [scheduling-1] LDAP Cert:Success
2021-11-09 17:29:00,018 INFO com.bornfire.config.CronJobScheduler$CertMapper [scheduling-1] 0------
2021-11-09 17:29:00,019 INFO com.bornfire.config.CronJobScheduler$CertMapper [scheduling-1] Mapper[B@1425b795
2021-11-09 17:29:00,024 INFO com.bornfire.config.CronJobScheduler$CertMapper [scheduling-1] EMAILADDRESS=cert_publisher_test@ips.maucas.mu, CN=BOMMMUPLXIPS, O=BOMM, L=Port-Louis, C=MU
2021-11-09 17:29:00,024 INFO com.bornfire.config.CronJobScheduler [scheduling-1] LDAP Cert:Success
2021-11-09 17:30:00,025 INFO com.bornfire.config.CronJobScheduler$CertMapper [scheduling-1] 0------
2021-11-09 17:30:00,026 INFO com.bornfire.config.CronJobScheduler$CertMapper [scheduling-1] Mapper[B@1534cef0
2021-11-09 17:30:00,030 INFO com.bornfire.config.CronJobScheduler$CertMapper [scheduling-1] EMAILADDRESS=cert_publisher_test@ips.maucas.mu, CN=BOMMMUPLXIPS, O=BOMM, L=Port-Louis, C=MU
2021-11-09 17:30:00,031 INFO com.bornfire.config.CronJobScheduler [scheduling-1] LDAP Cert:Success
2021-11-09 17:31:00,021 INFO com.bornfire.config.CronJobScheduler$CertMapper [scheduling-1] 0------
2021-11-09 17:31:00,022 INFO com.bornfire.config.CronJobScheduler$CertMapper [scheduling-1] Mapper[B@16520788
2021-11-09 17:31:00,028 INFO com.bornfire.config.CronJobScheduler$CertMapper [scheduling-1] EMAILADDRESS=cert_publisher_test@ips.maucas.mu, CN=BOMMMUPLXIPS, O=BOMM, L=Port-Louis, C=MU
2021-11-09 17:31:00,029 INFO com.bornfire.config.CronJobScheduler [scheduling-1] LDAP Cert:Success
2021-11-09 17:32:00,019 INFO com.bornfire.config.CronJobScheduler$CertMapper [scheduling-1] 0------
2021-11-09 17:32:00,019 INFO com.bornfire.config.CronJobScheduler$CertMapper [scheduling-1] Mapper[B@779f7993
2021-11-09 17:32:00,023 INFO com.bornfire.config.CronJobScheduler$CertMapper [scheduling-1] EMAILADDRESS=cert_publisher_test@ips.maucas.mu, CN=BOMMMUPLXIPS, O=BOMM, L=Port-Louis, C=MU
2021-11-09 17:32:00,024 INFO com.bornfire.config.CronJobScheduler [scheduling-1] LDAP Cert:Success
2021-11-09 17:33:00,021 INFO com.bornfire.config.CronJobScheduler$CertMapper [scheduling-1] 0------
2021-11-09 17:33:00,022 INFO com.bornfire.config.CronJobScheduler$CertMapper [scheduling-1] Mapper[B@4ebfe1ea
2021-11-09 17:33:00,024 INFO com.bornfire.config.CronJobScheduler$CertMapper [scheduling-1] EMAILADDRESS=cert_publisher_test@ips.maucas.mu, CN=BOMMMUPLXIPS, O=BOMM, L=Port-Louis, C=MU
2021-11-09 17:33:00,026 INFO com.bornfire.config.CronJobScheduler [scheduling-1] LDAP Cert:Success
2021-11-09 17:34:00,022 INFO com.bornfire.config.CronJobScheduler$CertMapper [scheduling-1] 0------
2021-11-09 17:34:00,023 INFO com.bornfire.config.CronJobScheduler$CertMapper [scheduling-1] Mapper[B@7dcfe583
2021-11-09 17:34:00,029 INFO com.bornfire.config.CronJobScheduler$CertMapper [scheduling-1] EMAILADDRESS=cert_publisher_test@ips.maucas.mu, CN=BOMMMUPLXIPS, O=BOMM, L=Port-Louis, C=MU
2021-11-09 17:34:00,030 INFO com.bornfire.config.CronJobScheduler [scheduling-1] LDAP Cert:Success
2021-11-09 17:35:00,020 INFO com.bornfire.config.CronJobScheduler$CertMapper [scheduling-1] 0------
2021-11-09 17:35:00,021 INFO com.bornfire.config.CronJobScheduler$CertMapper [scheduling-1] Mapper[B@7b27c3f5
2021-11-09 17:35:00,027 INFO com.bornfire.config.CronJobScheduler$CertMapper [scheduling-1] EMAILADDRESS=cert_publisher_test@ips.maucas.mu, CN=BOMMMUPLXIPS, O=BOMM, L=Port-Louis, C=MU
2021-11-09 17:35:00,033 INFO com.bornfire.config.CronJobScheduler [scheduling-1] LDAP Cert:Success
2021-11-09 17:36:00,022 INFO com.bornfire.config.CronJobScheduler$CertMapper [scheduling-1] 0------
2021-11-09 17:36:00,023 INFO com.bornfire.config.CronJobScheduler$CertMapper [scheduling-1] Mapper[B@77786ee3
2021-11-09 17:36:00,025 INFO com.bornfire.config.CronJobScheduler$CertMapper [scheduling-1] EMAILADDRESS=cert_publisher_test@ips.maucas.mu, CN=BOMMMUPLXIPS, O=BOMM, L=Port-Louis, C=MU
2021-11-09 17:36:00,025 INFO com.bornfire.config.CronJobScheduler [scheduling-1] LDAP Cert:Success
2021-11-09 17:37:00,020 INFO com.bornfire.config.CronJobScheduler$CertMapper [scheduling-1] 0------
2021-11-09 17:37:00,021 INFO com.bornfire.config.CronJobScheduler$CertMapper [scheduling-1] Mapper[B@46797157
2021-11-09 17:37:00,024 INFO com.bornfire.config.CronJobScheduler$CertMapper [scheduling-1] EMAILADDRESS=cert_publisher_test@ips.maucas.mu, CN=BOMMMUPLXIPS, O=BOMM, L=Port-Louis, C=MU
2021-11-09 17:37:00,024 INFO com.bornfire.config.CronJobScheduler [scheduling-1] LDAP Cert:Success
2021-11-09 17:38:00,022 INFO com.bornfire.config.CronJobScheduler$CertMapper [scheduling-1] 0------
2021-11-09 17:38:00,023 INFO com.bornfire.config.CronJobScheduler$CertMapper [scheduling-1] Mapper[B@449867e6
2021-11-09 17:38:00,028 INFO com.bornfire.config.CronJobScheduler$CertMapper [scheduling-1] EMAILADDRESS=cert_publisher_test@ips.maucas.mu, CN=BOMMMUPLXIPS, O=BOMM, L=Port-Louis, C=MU
2021-11-09 17:38:00,029 INFO com.bornfire.config.CronJobScheduler [scheduling-1] LDAP Cert:Success
2021-11-09 17:39:00,020 INFO com.bornfire.config.CronJobScheduler$CertMapper [scheduling-1] 0------
2021-11-09 17:39:00,021 INFO com.bornfire.config.CronJobScheduler$CertMapper [scheduling-1] Mapper[B@1653ceb
2021-11-09 17:39:00,028 INFO com.bornfire.config.CronJobScheduler$CertMapper [scheduling-1] EMAILADDRESS=cert_publisher_test@ips.maucas.mu, CN=BOMMMUPLXIPS, O=BOMM, L=Port-Louis, C=MU
2021-11-09 17:39:00,029 INFO com.bornfire.config.CronJobScheduler [scheduling-1] LDAP Cert:Success
2021-11-09 17:40:00,021 INFO com.bornfire.config.CronJobScheduler$CertMapper [scheduling-1] 0------
2021-11-09 17:40:00,022 INFO com.bornfire.config.CronJobScheduler$CertMapper [scheduling-1] Mapper[B@355e5552
2021-11-09 17:40:00,029 INFO com.bornfire.config.CronJobScheduler$CertMapper [scheduling-1] EMAILADDRESS=cert_publisher_test@ips.maucas.mu, CN=BOMMMUPLXIPS, O=BOMM, L=Port-Louis, C=MU
2021-11-09 17:40:00,030 INFO com.bornfire.config.CronJobScheduler [scheduling-1] LDAP Cert:Success
2021-11-09 17:41:00,023 INFO com.bornfire.config.CronJobScheduler$CertMapper [scheduling-1] 0------
2021-11-09 17:41:00,024 INFO com.bornfire.config.CronJobScheduler$CertMapper [scheduling-1] Mapper[B@38207967
2021-11-09 17:41:00,027 INFO com.bornfire.config.CronJobScheduler$CertMapper [scheduling-1] EMAILADDRESS=cert_publisher_test@ips.maucas.mu, CN=BOMMMUPLXIPS, O=BOMM, L=Port-Louis, C=MU
2021-11-09 17:41:00,027 INFO com.bornfire.config.CronJobScheduler [scheduling-1] LDAP Cert:Success
2021-11-09 17:42:00,023 INFO com.bornfire.config.CronJobScheduler$CertMapper [scheduling-1] 0------
2021-11-09 17:42:00,024 INFO com.bornfire.config.CronJobScheduler$CertMapper [scheduling-1] Mapper[B@3f008ed2
2021-11-09 17:42:00,031 INFO com.bornfire.config.CronJobScheduler$CertMapper [scheduling-1] EMAILADDRESS=cert_publisher_test@ips.maucas.mu, CN=BOMMMUPLXIPS, O=BOMM, L=Port-Louis, C=MU
2021-11-09 17:42:00,032 INFO com.bornfire.config.CronJobScheduler [scheduling-1] LDAP Cert:Success
2021-11-09 17:43:00,023 INFO com.bornfire.config.CronJobScheduler$CertMapper [scheduling-1] 0------
2021-11-09 17:43:00,024 INFO com.bornfire.config.CronJobScheduler$CertMapper [scheduling-1] Mapper[B@172a7fbd
2021-11-09 17:43:00,029 INFO com.bornfire.config.CronJobScheduler$CertMapper [scheduling-1] EMAILADDRESS=cert_publisher_test@ips.maucas.mu, CN=BOMMMUPLXIPS, O=BOMM, L=Port-Louis, C=MU
2021-11-09 17:43:00,030 INFO com.bornfire.config.CronJobScheduler [scheduling-1] LDAP Cert:Success
2021-11-09 17:44:00,018 INFO com.bornfire.config.CronJobScheduler$CertMapper [scheduling-1] 0------
2021-11-09 17:44:00,019 INFO com.bornfire.config.CronJobScheduler$CertMapper [scheduling-1] Mapper[B@50994ccf
2021-11-09 17:44:00,025 INFO com.bornfire.config.CronJobScheduler$CertMapper [scheduling-1] EMAILADDRESS=cert_publisher_test@ips.maucas.mu, CN=BOMMMUPLXIPS, O=BOMM, L=Port-Louis, C=MU
2021-11-09 17:44:00,026 INFO com.bornfire.config.CronJobScheduler [scheduling-1] LDAP Cert:Success
2021-11-09 17:45:00,020 INFO com.bornfire.config.CronJobScheduler$CertMapper [scheduling-1] 0------
2021-11-09 17:45:00,021 INFO com.bornfire.config.CronJobScheduler$CertMapper [scheduling-1] Mapper[B@6b49ecfa
2021-11-09 17:45:00,027 INFO com.bornfire.config.CronJobScheduler$CertMapper [scheduling-1] EMAILADDRESS=cert_publisher_test@ips.maucas.mu, CN=BOMMMUPLXIPS, O=BOMM, L=Port-Louis, C=MU
2021-11-09 17:45:00,028 INFO com.bornfire.config.CronJobScheduler [scheduling-1] LDAP Cert:Success
2021-11-09 17:46:00,022 INFO com.bornfire.config.CronJobScheduler$CertMapper [scheduling-1] 0------
2021-11-09 17:46:00,022 INFO com.bornfire.config.CronJobScheduler$CertMapper [scheduling-1] Mapper[B@5084895f
2021-11-09 17:46:00,029 INFO com.bornfire.config.CronJobScheduler$CertMapper [scheduling-1] EMAILADDRESS=cert_publisher_test@ips.maucas.mu, CN=BOMMMUPLXIPS, O=BOMM, L=Port-Louis, C=MU
2021-11-09 17:46:00,030 INFO com.bornfire.config.CronJobScheduler [scheduling-1] LDAP Cert:Success
2021-11-09 17:47:00,189 INFO com.bornfire.config.CronJobScheduler$CertMapper [scheduling-1] 0------
2021-11-09 17:47:00,190 INFO com.bornfire.config.CronJobScheduler$CertMapper [scheduling-1] Mapper[B@1417d365
2021-11-09 17:47:00,197 INFO com.bornfire.config.CronJobScheduler$CertMapper [scheduling-1] EMAILADDRESS=cert_publisher_test@ips.maucas.mu, CN=BOMMMUPLXIPS, O=BOMM, L=Port-Louis, C=MU
2021-11-09 17:47:00,197 INFO com.bornfire.config.CronJobScheduler [scheduling-1] LDAP Cert:Success
2021-11-09 17:48:00,017 INFO com.bornfire.config.CronJobScheduler$CertMapper [scheduling-1] 0------
2021-11-09 17:48:00,018 INFO com.bornfire.config.CronJobScheduler$CertMapper [scheduling-1] Mapper[B@e720a1c
2021-11-09 17:48:00,021 INFO com.bornfire.config.CronJobScheduler$CertMapper [scheduling-1] EMAILADDRESS=cert_publisher_test@ips.maucas.mu, CN=BOMMMUPLXIPS, O=BOMM, L=Port-Louis, C=MU
2021-11-09 17:48:00,021 INFO com.bornfire.config.CronJobScheduler [scheduling-1] LDAP Cert:Success
2021-11-09 17:49:00,021 INFO com.bornfire.config.CronJobScheduler$CertMapper [scheduling-1] 0------
2021-11-09 17:49:00,022 INFO com.bornfire.config.CronJobScheduler$CertMapper [scheduling-1] Mapper[B@2a781914
2021-11-09 17:49:00,025 INFO com.bornfire.config.CronJobScheduler$CertMapper [scheduling-1] EMAILADDRESS=cert_publisher_test@ips.maucas.mu, CN=BOMMMUPLXIPS, O=BOMM, L=Port-Louis, C=MU
2021-11-09 17:49:00,026 INFO com.bornfire.config.CronJobScheduler [scheduling-1] LDAP Cert:Success
2021-11-09 17:50:00,020 INFO com.bornfire.config.CronJobScheduler$CertMapper [scheduling-1] 0------
2021-11-09 17:50:00,021 INFO com.bornfire.config.CronJobScheduler$CertMapper [scheduling-1] Mapper[B@5e42a375
2021-11-09 17:50:00,027 INFO com.bornfire.config.CronJobScheduler$CertMapper [scheduling-1] EMAILADDRESS=cert_publisher_test@ips.maucas.mu, CN=BOMMMUPLXIPS, O=BOMM, L=Port-Louis, C=MU
2021-11-09 17:50:00,028 INFO com.bornfire.config.CronJobScheduler [scheduling-1] LDAP Cert:Success
2021-11-09 17:51:00,025 INFO com.bornfire.config.CronJobScheduler$CertMapper [scheduling-1] 0------
2021-11-09 17:51:00,027 INFO com.bornfire.config.CronJobScheduler$CertMapper [scheduling-1] Mapper[B@74e4cf23
2021-11-09 17:51:00,034 INFO com.bornfire.config.CronJobScheduler$CertMapper [scheduling-1] EMAILADDRESS=cert_publisher_test@ips.maucas.mu, CN=BOMMMUPLXIPS, O=BOMM, L=Port-Louis, C=MU
2021-11-09 17:51:00,035 INFO com.bornfire.config.CronJobScheduler [scheduling-1] LDAP Cert:Success
2021-11-09 17:52:00,018 INFO com.bornfire.config.CronJobScheduler$CertMapper [scheduling-1] 0------
2021-11-09 17:52:00,019 INFO com.bornfire.config.CronJobScheduler$CertMapper [scheduling-1] Mapper[B@6a581949
2021-11-09 17:52:00,023 INFO com.bornfire.config.CronJobScheduler$CertMapper [scheduling-1] EMAILADDRESS=cert_publisher_test@ips.maucas.mu, CN=BOMMMUPLXIPS, O=BOMM, L=Port-Louis, C=MU
2021-11-09 17:52:00,023 INFO com.bornfire.config.CronJobScheduler [scheduling-1] LDAP Cert:Success
2021-11-09 17:53:00,188 INFO com.bornfire.config.CronJobScheduler$CertMapper [scheduling-1] 0------
2021-11-09 17:53:00,189 INFO com.bornfire.config.CronJobScheduler$CertMapper [scheduling-1] Mapper[B@21daf
2021-11-09 17:53:00,193 INFO com.bornfire.config.CronJobScheduler$CertMapper [scheduling-1] EMAILADDRESS=cert_publisher_test@ips.maucas.mu, CN=BOMMMUPLXIPS, O=BOMM, L=Port-Louis, C=MU
2021-11-09 17:53:00,194 INFO com.bornfire.config.CronJobScheduler [scheduling-1] LDAP Cert:Success
2021-11-09 17:54:00,019 INFO com.bornfire.config.CronJobScheduler$CertMapper [scheduling-1] 0------
2021-11-09 17:54:00,020 INFO com.bornfire.config.CronJobScheduler$CertMapper [scheduling-1] Mapper[B@4b905fd1
2021-11-09 17:54:00,023 INFO com.bornfire.config.CronJobScheduler$CertMapper [scheduling-1] EMAILADDRESS=cert_publisher_test@ips.maucas.mu, CN=BOMMMUPLXIPS, O=BOMM, L=Port-Louis, C=MU
2021-11-09 17:54:00,024 INFO com.bornfire.config.CronJobScheduler [scheduling-1] LDAP Cert:Success
2021-11-09 17:55:00,022 INFO com.bornfire.config.CronJobScheduler$CertMapper [scheduling-1] 0------
2021-11-09 17:55:00,023 INFO com.bornfire.config.CronJobScheduler$CertMapper [scheduling-1] Mapper[B@19df1c57
2021-11-09 17:55:00,028 INFO com.bornfire.config.CronJobScheduler$CertMapper [scheduling-1] EMAILADDRESS=cert_publisher_test@ips.maucas.mu, CN=BOMMMUPLXIPS, O=BOMM, L=Port-Louis, C=MU
2021-11-09 17:55:00,029 INFO com.bornfire.config.CronJobScheduler [scheduling-1] LDAP Cert:Success
2021-11-09 17:56:00,019 INFO com.bornfire.config.CronJobScheduler$CertMapper [scheduling-1] 0------
2021-11-09 17:56:00,020 INFO com.bornfire.config.CronJobScheduler$CertMapper [scheduling-1] Mapper[B@33e7cc74
2021-11-09 17:56:00,026 INFO com.bornfire.config.CronJobScheduler$CertMapper [scheduling-1] EMAILADDRESS=cert_publisher_test@ips.maucas.mu, CN=BOMMMUPLXIPS, O=BOMM, L=Port-Louis, C=MU
2021-11-09 17:56:00,027 INFO com.bornfire.config.CronJobScheduler [scheduling-1] LDAP Cert:Success
2021-11-09 17:57:00,021 INFO com.bornfire.config.CronJobScheduler$CertMapper [scheduling-1] 0------
2021-11-09 17:57:00,022 INFO com.bornfire.config.CronJobScheduler$CertMapper [scheduling-1] Mapper[B@239840c2
2021-11-09 17:57:00,028 INFO com.bornfire.config.CronJobScheduler$CertMapper [scheduling-1] EMAILADDRESS=cert_publisher_test@ips.maucas.mu, CN=BOMMMUPLXIPS, O=BOMM, L=Port-Louis, C=MU
2021-11-09 17:57:00,029 INFO com.bornfire.config.CronJobScheduler [scheduling-1] LDAP Cert:Success
2021-11-09 17:58:00,021 INFO com.bornfire.config.CronJobScheduler$CertMapper [scheduling-1] 0------
2021-11-09 17:58:00,022 INFO com.bornfire.config.CronJobScheduler$CertMapper [scheduling-1] Mapper[B@6a3fedb7
2021-11-09 17:58:00,029 INFO com.bornfire.config.CronJobScheduler$CertMapper [scheduling-1] EMAILADDRESS=cert_publisher_test@ips.maucas.mu, CN=BOMMMUPLXIPS, O=BOMM, L=Port-Louis, C=MU
2021-11-09 17:58:00,030 INFO com.bornfire.config.CronJobScheduler [scheduling-1] LDAP Cert:Success
2021-11-09 17:59:00,021 INFO com.bornfire.config.CronJobScheduler$CertMapper [scheduling-1] 0------
2021-11-09 17:59:00,022 INFO com.bornfire.config.CronJobScheduler$CertMapper [scheduling-1] Mapper[B@b637903
2021-11-09 17:59:00,028 INFO com.bornfire.config.CronJobScheduler$CertMapper [scheduling-1] EMAILADDRESS=cert_publisher_test@ips.maucas.mu, CN=BOMMMUPLXIPS, O=BOMM, L=Port-Louis, C=MU
2021-11-09 17:59:00,029 INFO com.bornfire.config.CronJobScheduler [scheduling-1] LDAP Cert:Success
2021-11-09 18:00:00,021 INFO com.bornfire.config.CronJobScheduler$CertMapper [scheduling-1] 0------
2021-11-09 18:00:00,022 INFO com.bornfire.config.CronJobScheduler$CertMapper [scheduling-1] Mapper[B@6ea9077
2021-11-09 18:00:00,025 INFO com.bornfire.config.CronJobScheduler$CertMapper [scheduling-1] EMAILADDRESS=cert_publisher_test@ips.maucas.mu, CN=BOMMMUPLXIPS, O=BOMM, L=Port-Louis, C=MU
2021-11-09 18:00:00,025 INFO com.bornfire.config.CronJobScheduler [scheduling-1] LDAP Cert:Success
2021-11-09 18:01:00,021 INFO com.bornfire.config.CronJobScheduler$CertMapper [scheduling-1] 0------
2021-11-09 18:01:00,022 INFO com.bornfire.config.CronJobScheduler$CertMapper [scheduling-1] Mapper[B@67155e38
2021-11-09 18:01:00,028 INFO com.bornfire.config.CronJobScheduler$CertMapper [scheduling-1] EMAILADDRESS=cert_publisher_test@ips.maucas.mu, CN=BOMMMUPLXIPS, O=BOMM, L=Port-Louis, C=MU
2021-11-09 18:01:00,029 INFO com.bornfire.config.CronJobScheduler [scheduling-1] LDAP Cert:Success
2021-11-09 18:02:00,185 INFO com.bornfire.config.CronJobScheduler$CertMapper [scheduling-1] 0------
2021-11-09 18:02:00,186 INFO com.bornfire.config.CronJobScheduler$CertMapper [scheduling-1] Mapper[B@72d25538
2021-11-09 18:02:00,192 INFO com.bornfire.config.CronJobScheduler$CertMapper [scheduling-1] EMAILADDRESS=cert_publisher_test@ips.maucas.mu, CN=BOMMMUPLXIPS, O=BOMM, L=Port-Louis, C=MU
2021-11-09 18:02:00,193 INFO com.bornfire.config.CronJobScheduler [scheduling-1] LDAP Cert:Success
2021-11-09 18:03:00,021 INFO com.bornfire.config.CronJobScheduler$CertMapper [scheduling-1] 0------
2021-11-09 18:03:00,021 INFO com.bornfire.config.CronJobScheduler$CertMapper [scheduling-1] Mapper[B@62698100
2021-11-09 18:03:00,027 INFO com.bornfire.config.CronJobScheduler$CertMapper [scheduling-1] EMAILADDRESS=cert_publisher_test@ips.maucas.mu, CN=BOMMMUPLXIPS, O=BOMM, L=Port-Louis, C=MU
2021-11-09 18:03:00,028 INFO com.bornfire.config.CronJobScheduler [scheduling-1] LDAP Cert:Success
2021-11-09 18:04:00,021 INFO com.bornfire.config.CronJobScheduler$CertMapper [scheduling-1] 0------
2021-11-09 18:04:00,022 INFO com.bornfire.config.CronJobScheduler$CertMapper [scheduling-1] Mapper[B@3052dc12
2021-11-09 18:04:00,028 INFO com.bornfire.config.CronJobScheduler$CertMapper [scheduling-1] EMAILADDRESS=cert_publisher_test@ips.maucas.mu, CN=BOMMMUPLXIPS, O=BOMM, L=Port-Louis, C=MU
2021-11-09 18:04:00,029 INFO com.bornfire.config.CronJobScheduler [scheduling-1] LDAP Cert:Success
2021-11-09 18:05:00,018 INFO com.bornfire.config.CronJobScheduler$CertMapper [scheduling-1] 0------
2021-11-09 18:05:00,019 INFO com.bornfire.config.CronJobScheduler$CertMapper [scheduling-1] Mapper[B@7d7bb0be
2021-11-09 18:05:00,022 INFO com.bornfire.config.CronJobScheduler$CertMapper [scheduling-1] EMAILADDRESS=cert_publisher_test@ips.maucas.mu, CN=BOMMMUPLXIPS, O=BOMM, L=Port-Louis, C=MU
2021-11-09 18:05:00,022 INFO com.bornfire.config.CronJobScheduler [scheduling-1] LDAP Cert:Success
2021-11-09 18:06:00,021 INFO com.bornfire.config.CronJobScheduler$CertMapper [scheduling-1] 0------
2021-11-09 18:06:00,022 INFO com.bornfire.config.CronJobScheduler$CertMapper [scheduling-1] Mapper[B@1d6051bc
2021-11-09 18:06:00,028 INFO com.bornfire.config.CronJobScheduler$CertMapper [scheduling-1] EMAILADDRESS=cert_publisher_test@ips.maucas.mu, CN=BOMMMUPLXIPS, O=BOMM, L=Port-Louis, C=MU
2021-11-09 18:06:00,028 INFO com.bornfire.config.CronJobScheduler [scheduling-1] LDAP Cert:Success
2021-11-09 18:07:00,019 INFO com.bornfire.config.CronJobScheduler$CertMapper [scheduling-1] 0------
2021-11-09 18:07:00,019 INFO com.bornfire.config.CronJobScheduler$CertMapper [scheduling-1] Mapper[B@33afb291
2021-11-09 18:07:00,025 INFO com.bornfire.config.CronJobScheduler$CertMapper [scheduling-1] EMAILADDRESS=cert_publisher_test@ips.maucas.mu, CN=BOMMMUPLXIPS, O=BOMM, L=Port-Louis, C=MU
2021-11-09 18:07:00,026 INFO com.bornfire.config.CronJobScheduler [scheduling-1] LDAP Cert:Success
2021-11-09 18:08:00,181 INFO com.bornfire.config.CronJobScheduler$CertMapper [scheduling-1] 0------
2021-11-09 18:08:00,182 INFO com.bornfire.config.CronJobScheduler$CertMapper [scheduling-1] Mapper[B@153b5aba
2021-11-09 18:08:00,189 INFO com.bornfire.config.CronJobScheduler$CertMapper [scheduling-1] EMAILADDRESS=cert_publisher_test@ips.maucas.mu, CN=BOMMMUPLXIPS, O=BOMM, L=Port-Louis, C=MU
2021-11-09 18:08:00,190 INFO com.bornfire.config.CronJobScheduler [scheduling-1] LDAP Cert:Success
2021-11-09 18:09:00,019 INFO com.bornfire.config.CronJobScheduler$CertMapper [scheduling-1] 0------
2021-11-09 18:09:00,020 INFO com.bornfire.config.CronJobScheduler$CertMapper [scheduling-1] Mapper[B@3565f6e3
2021-11-09 18:09:00,026 INFO com.bornfire.config.CronJobScheduler$CertMapper [scheduling-1] EMAILADDRESS=cert_publisher_test@ips.maucas.mu, CN=BOMMMUPLXIPS, O=BOMM, L=Port-Louis, C=MU
2021-11-09 18:09:00,027 INFO com.bornfire.config.CronJobScheduler [scheduling-1] LDAP Cert:Success
2021-11-09 18:10:00,019 INFO com.bornfire.config.CronJobScheduler$CertMapper [scheduling-1] 0------
2021-11-09 18:10:00,020 INFO com.bornfire.config.CronJobScheduler$CertMapper [scheduling-1] Mapper[B@2a97ac42
2021-11-09 18:10:00,023 INFO com.bornfire.config.CronJobScheduler$CertMapper [scheduling-1] EMAILADDRESS=cert_publisher_test@ips.maucas.mu, CN=BOMMMUPLXIPS, O=BOMM, L=Port-Louis, C=MU
2021-11-09 18:10:00,024 INFO com.bornfire.config.CronJobScheduler [scheduling-1] LDAP Cert:Success
2021-11-09 18:11:00,021 INFO com.bornfire.config.CronJobScheduler$CertMapper [scheduling-1] 0------
2021-11-09 18:11:00,022 INFO com.bornfire.config.CronJobScheduler$CertMapper [scheduling-1] Mapper[B@6462a8bb
2021-11-09 18:11:00,030 INFO com.bornfire.config.CronJobScheduler$CertMapper [scheduling-1] EMAILADDRESS=cert_publisher_test@ips.maucas.mu, CN=BOMMMUPLXIPS, O=BOMM, L=Port-Louis, C=MU
2021-11-09 18:11:00,031 INFO com.bornfire.config.CronJobScheduler [scheduling-1] LDAP Cert:Success
2021-11-09 18:12:00,019 INFO com.bornfire.config.CronJobScheduler$CertMapper [scheduling-1] 0------
2021-11-09 18:12:00,020 INFO com.bornfire.config.CronJobScheduler$CertMapper [scheduling-1] Mapper[B@2bc3d007
2021-11-09 18:12:00,027 INFO com.bornfire.config.CronJobScheduler$CertMapper [scheduling-1] EMAILADDRESS=cert_publisher_test@ips.maucas.mu, CN=BOMMMUPLXIPS, O=BOMM, L=Port-Louis, C=MU
2021-11-09 18:12:00,027 INFO com.bornfire.config.CronJobScheduler [scheduling-1] LDAP Cert:Success
2021-11-09 18:13:00,024 INFO com.bornfire.config.CronJobScheduler$CertMapper [scheduling-1] 0------
2021-11-09 18:13:00,025 INFO com.bornfire.config.CronJobScheduler$CertMapper [scheduling-1] Mapper[B@310bf972
2021-11-09 18:13:00,032 INFO com.bornfire.config.CronJobScheduler$CertMapper [scheduling-1] EMAILADDRESS=cert_publisher_test@ips.maucas.mu, CN=BOMMMUPLXIPS, O=BOMM, L=Port-Louis, C=MU
2021-11-09 18:13:00,032 INFO com.bornfire.config.CronJobScheduler [scheduling-1] LDAP Cert:Success
2021-11-09 18:14:00,020 INFO com.bornfire.config.CronJobScheduler$CertMapper [scheduling-1] 0------
2021-11-09 18:14:00,021 INFO com.bornfire.config.CronJobScheduler$CertMapper [scheduling-1] Mapper[B@2669a6ad
2021-11-09 18:14:00,026 INFO com.bornfire.config.CronJobScheduler$CertMapper [scheduling-1] EMAILADDRESS=cert_publisher_test@ips.maucas.mu, CN=BOMMMUPLXIPS, O=BOMM, L=Port-Louis, C=MU
2021-11-09 18:14:00,027 INFO com.bornfire.config.CronJobScheduler [scheduling-1] LDAP Cert:Success
2021-11-09 18:15:00,021 INFO com.bornfire.config.CronJobScheduler$CertMapper [scheduling-1] 0------
2021-11-09 18:15:00,022 INFO com.bornfire.config.CronJobScheduler$CertMapper [scheduling-1] Mapper[B@57bff5ab
2021-11-09 18:15:00,027 INFO com.bornfire.config.CronJobScheduler$CertMapper [scheduling-1] EMAILADDRESS=cert_publisher_test@ips.maucas.mu, CN=BOMMMUPLXIPS, O=BOMM, L=Port-Louis, C=MU
2021-11-09 18:15:00,027 INFO com.bornfire.config.CronJobScheduler [scheduling-1] LDAP Cert:Success
2021-11-09 18:16:00,019 INFO com.bornfire.config.CronJobScheduler$CertMapper [scheduling-1] 0------
2021-11-09 18:16:00,020 INFO com.bornfire.config.CronJobScheduler$CertMapper [scheduling-1] Mapper[B@624944b3
2021-11-09 18:16:00,022 INFO com.bornfire.config.CronJobScheduler$CertMapper [scheduling-1] EMAILADDRESS=cert_publisher_test@ips.maucas.mu, CN=BOMMMUPLXIPS, O=BOMM, L=Port-Louis, C=MU
2021-11-09 18:16:00,024 INFO com.bornfire.config.CronJobScheduler [scheduling-1] LDAP Cert:Success
2021-11-09 18:17:00,019 INFO com.bornfire.config.CronJobScheduler$CertMapper [scheduling-1] 0------
2021-11-09 18:17:00,019 INFO com.bornfire.config.CronJobScheduler$CertMapper [scheduling-1] Mapper[B@c67e1e1
2021-11-09 18:17:00,026 INFO com.bornfire.config.CronJobScheduler$CertMapper [scheduling-1] EMAILADDRESS=cert_publisher_test@ips.maucas.mu, CN=BOMMMUPLXIPS, O=BOMM, L=Port-Louis, C=MU
2021-11-09 18:17:00,027 INFO com.bornfire.config.CronJobScheduler [scheduling-1] LDAP Cert:Success
2021-11-09 18:18:00,019 INFO com.bornfire.config.CronJobScheduler$CertMapper [scheduling-1] 0------
2021-11-09 18:18:00,019 INFO com.bornfire.config.CronJobScheduler$CertMapper [scheduling-1] Mapper[B@6750620e
2021-11-09 18:18:00,022 INFO com.bornfire.config.CronJobScheduler$CertMapper [scheduling-1] EMAILADDRESS=cert_publisher_test@ips.maucas.mu, CN=BOMMMUPLXIPS, O=BOMM, L=Port-Louis, C=MU
2021-11-09 18:18:00,022 INFO com.bornfire.config.CronJobScheduler [scheduling-1] LDAP Cert:Success
2021-11-09 18:19:00,019 INFO com.bornfire.config.CronJobScheduler$CertMapper [scheduling-1] 0------
2021-11-09 18:19:00,020 INFO com.bornfire.config.CronJobScheduler$CertMapper [scheduling-1] Mapper[B@4f6ac1e2
2021-11-09 18:19:00,026 INFO com.bornfire.config.CronJobScheduler$CertMapper [scheduling-1] EMAILADDRESS=cert_publisher_test@ips.maucas.mu, CN=BOMMMUPLXIPS, O=BOMM, L=Port-Louis, C=MU
2021-11-09 18:19:00,027 INFO com.bornfire.config.CronJobScheduler [scheduling-1] LDAP Cert:Success
2021-11-09 18:20:00,022 INFO com.bornfire.config.CronJobScheduler$CertMapper [scheduling-1] 0------
2021-11-09 18:20:00,023 INFO com.bornfire.config.CronJobScheduler$CertMapper [scheduling-1] Mapper[B@672e6860
2021-11-09 18:20:00,029 INFO com.bornfire.config.CronJobScheduler$CertMapper [scheduling-1] EMAILADDRESS=cert_publisher_test@ips.maucas.mu, CN=BOMMMUPLXIPS, O=BOMM, L=Port-Louis, C=MU
2021-11-09 18:20:00,029 INFO com.bornfire.config.CronJobScheduler [scheduling-1] LDAP Cert:Success
2021-11-09 18:21:00,022 INFO com.bornfire.config.CronJobScheduler$CertMapper [scheduling-1] 0------
2021-11-09 18:21:00,023 INFO com.bornfire.config.CronJobScheduler$CertMapper [scheduling-1] Mapper[B@54f5f58d
2021-11-09 18:21:00,030 INFO com.bornfire.config.CronJobScheduler$CertMapper [scheduling-1] EMAILADDRESS=cert_publisher_test@ips.maucas.mu, CN=BOMMMUPLXIPS, O=BOMM, L=Port-Louis, C=MU
2021-11-09 18:21:00,030 INFO com.bornfire.config.CronJobScheduler [scheduling-1] LDAP Cert:Success
2021-11-09 18:22:03,032 INFO com.bornfire.config.CronJobScheduler$CertMapper [scheduling-1] 0------
2021-11-09 18:22:03,033 INFO com.bornfire.config.CronJobScheduler$CertMapper [scheduling-1] Mapper[B@30d1ad0f
2021-11-09 18:22:03,040 INFO com.bornfire.config.CronJobScheduler$CertMapper [scheduling-1] EMAILADDRESS=cert_publisher_test@ips.maucas.mu, CN=BOMMMUPLXIPS, O=BOMM, L=Port-Louis, C=MU
2021-11-09 18:22:03,041 INFO com.bornfire.config.CronJobScheduler [scheduling-1] LDAP Cert:Success
2021-11-09 18:23:00,021 INFO com.bornfire.config.CronJobScheduler$CertMapper [scheduling-1] 0------
2021-11-09 18:23:00,021 INFO com.bornfire.config.CronJobScheduler$CertMapper [scheduling-1] Mapper[B@292d1f26
2021-11-09 18:23:00,028 INFO com.bornfire.config.CronJobScheduler$CertMapper [scheduling-1] EMAILADDRESS=cert_publisher_test@ips.maucas.mu, CN=BOMMMUPLXIPS, O=BOMM, L=Port-Louis, C=MU
2021-11-09 18:23:00,029 INFO com.bornfire.config.CronJobScheduler [scheduling-1] LDAP Cert:Success
2021-11-09 18:24:00,022 INFO com.bornfire.config.CronJobScheduler$CertMapper [scheduling-1] 0------
2021-11-09 18:24:00,023 INFO com.bornfire.config.CronJobScheduler$CertMapper [scheduling-1] Mapper[B@3dd40f0b
2021-11-09 18:24:00,029 INFO com.bornfire.config.CronJobScheduler$CertMapper [scheduling-1] EMAILADDRESS=cert_publisher_test@ips.maucas.mu, CN=BOMMMUPLXIPS, O=BOMM, L=Port-Louis, C=MU
2021-11-09 18:24:00,030 INFO com.bornfire.config.CronJobScheduler [scheduling-1] LDAP Cert:Success
2021-11-09 18:25:00,020 INFO com.bornfire.config.CronJobScheduler$CertMapper [scheduling-1] 0------
2021-11-09 18:25:00,021 INFO com.bornfire.config.CronJobScheduler$CertMapper [scheduling-1] Mapper[B@4676cca1
2021-11-09 18:25:00,024 INFO com.bornfire.config.CronJobScheduler$CertMapper [scheduling-1] EMAILADDRESS=cert_publisher_test@ips.maucas.mu, CN=BOMMMUPLXIPS, O=BOMM, L=Port-Louis, C=MU
2021-11-09 18:25:00,025 INFO com.bornfire.config.CronJobScheduler [scheduling-1] LDAP Cert:Success
2021-11-09 18:26:00,021 INFO com.bornfire.config.CronJobScheduler$CertMapper [scheduling-1] 0------
2021-11-09 18:26:00,022 INFO com.bornfire.config.CronJobScheduler$CertMapper [scheduling-1] Mapper[B@7b72b8b5
2021-11-09 18:26:00,025 INFO com.bornfire.config.CronJobScheduler$CertMapper [scheduling-1] EMAILADDRESS=cert_publisher_test@ips.maucas.mu, CN=BOMMMUPLXIPS, O=BOMM, L=Port-Louis, C=MU
2021-11-09 18:26:00,026 INFO com.bornfire.config.CronJobScheduler [scheduling-1] LDAP Cert:Success
2021-11-09 18:27:00,022 INFO com.bornfire.config.CronJobScheduler$CertMapper [scheduling-1] 0------
2021-11-09 18:27:00,022 INFO com.bornfire.config.CronJobScheduler$CertMapper [scheduling-1] Mapper[B@3a674cd2
2021-11-09 18:27:00,026 INFO com.bornfire.config.CronJobScheduler$CertMapper [scheduling-1] EMAILADDRESS=cert_publisher_test@ips.maucas.mu, CN=BOMMMUPLXIPS, O=BOMM, L=Port-Louis, C=MU
2021-11-09 18:27:00,026 INFO com.bornfire.config.CronJobScheduler [scheduling-1] LDAP Cert:Success
