2022-01-24 11:30:06,449 INFO org.springframework.boot.StartupInfoLogger [main] Starting IpsPayApplication on HO-BIPSAPPUAT01 with PID 2588 (C:\Users\Ext_KalaivananR\git\BIPSCIMPAY\target\classes started by Ext_KalaivananR in C:\Users\Ext_KalaivananR\git\BIPSCIMPAY)
2022-01-24 11:30:06,460 DEBUG org.springframework.boot.StartupInfoLogger [main] Running with Spring Boot v2.2.4.RELEASE, Spring v5.2.3.RELEASE
2022-01-24 11:30:06,461 INFO org.springframework.boot.SpringApplication [main] No active profile set, falling back to default profiles: default
2022-01-24 11:30:07,516 INFO org.springframework.data.repository.config.RepositoryConfigurationDelegate [main] Multiple Spring Data modules found, entering strict repository configuration mode!
2022-01-24 11:30:07,518 INFO org.springframework.data.repository.config.RepositoryConfigurationDelegate [main] Bootstrapping Spring Data JPA repositories in DEFAULT mode.
2022-01-24 11:30:07,739 INFO org.springframework.data.repository.config.RepositoryConfigurationDelegate [main] Finished Spring Data repository scanning in 210ms. Found 36 JPA repository interfaces.
2022-01-24 11:30:08,109 INFO org.springframework.data.repository.config.RepositoryConfigurationDelegate [main] Multiple Spring Data modules found, entering strict repository configuration mode!
2022-01-24 11:30:08,110 INFO org.springframework.data.repository.config.RepositoryConfigurationDelegate [main] Bootstrapping Spring Data LDAP repositories in DEFAULT mode.
2022-01-24 11:30:08,280 INFO org.springframework.data.repository.config.RepositoryConfigurationExtensionSupport [main] Spring Data LDAP - Could not safely identify store assignment for repository candidate interface com.bornfire.entity.BankAgentTableRep. If you want this repository to be a LDAP repository, consider annotating your entities with one of these annotations: org.springframework.ldap.odm.annotations.Entry (preferred), or consider extending one of the following types with your repository: org.springframework.data.ldap.repository.LdapRepository.
2022-01-24 11:30:08,281 INFO org.springframework.data.repository.config.RepositoryConfigurationExtensionSupport [main] Spring Data LDAP - Could not safely identify store assignment for repository candidate interface com.bornfire.entity.BusinessHoursRep. If you want this repository to be a LDAP repository, consider annotating your entities with one of these annotations: org.springframework.ldap.odm.annotations.Entry (preferred), or consider extending one of the following types with your repository: org.springframework.data.ldap.repository.LdapRepository.
2022-01-24 11:30:08,282 INFO org.springframework.data.repository.config.RepositoryConfigurationExtensionSupport [main] Spring Data LDAP - Could not safely identify store assignment for repository candidate interface com.bornfire.entity.ConsentAccessInquiryTableRep. If you want this repository to be a LDAP repository, consider annotating your entities with one of these annotations: org.springframework.ldap.odm.annotations.Entry (preferred), or consider extending one of the following types with your repository: org.springframework.data.ldap.repository.LdapRepository.
2022-01-24 11:30:08,283 INFO org.springframework.data.repository.config.RepositoryConfigurationExtensionSupport [main] Spring Data LDAP - Could not safely identify store assignment for repository candidate interface com.bornfire.entity.ConsentAccessTableRep. If you want this repository to be a LDAP repository, consider annotating your entities with one of these annotations: org.springframework.ldap.odm.annotations.Entry (preferred), or consider extending one of the following types with your repository: org.springframework.data.ldap.repository.LdapRepository.
2022-01-24 11:30:08,284 INFO org.springframework.data.repository.config.RepositoryConfigurationExtensionSupport [main] Spring Data LDAP - Could not safely identify store assignment for repository candidate interface com.bornfire.entity.ConsentAccessTmpTableRep. If you want this repository to be a LDAP repository, consider annotating your entities with one of these annotations: org.springframework.ldap.odm.annotations.Entry (preferred), or consider extending one of the following types with your repository: org.springframework.data.ldap.repository.LdapRepository.
2022-01-24 11:30:08,285 INFO org.springframework.data.repository.config.RepositoryConfigurationExtensionSupport [main] Spring Data LDAP - Could not safely identify store assignment for repository candidate interface com.bornfire.entity.ConsentOutwardAccessTableRep. If you want this repository to be a LDAP repository, consider annotating your entities with one of these annotations: org.springframework.ldap.odm.annotations.Entry (preferred), or consider extending one of the following types with your repository: org.springframework.data.ldap.repository.LdapRepository.
2022-01-24 11:30:08,286 INFO org.springframework.data.repository.config.RepositoryConfigurationExtensionSupport [main] Spring Data LDAP - Could not safely identify store assignment for repository candidate interface com.bornfire.entity.ConsentOutwardAccessTmpTableRep. If you want this repository to be a LDAP repository, consider annotating your entities with one of these annotations: org.springframework.ldap.odm.annotations.Entry (preferred), or consider extending one of the following types with your repository: org.springframework.data.ldap.repository.LdapRepository.
2022-01-24 11:30:08,286 INFO org.springframework.data.repository.config.RepositoryConfigurationExtensionSupport [main] Spring Data LDAP - Could not safely identify store assignment for repository candidate interface com.bornfire.entity.ConsentOutwardAuthorisationTableRep. If you want this repository to be a LDAP repository, consider annotating your entities with one of these annotations: org.springframework.ldap.odm.annotations.Entry (preferred), or consider extending one of the following types with your repository: org.springframework.data.ldap.repository.LdapRepository.
2022-01-24 11:30:08,287 INFO org.springframework.data.repository.config.RepositoryConfigurationExtensionSupport [main] Spring Data LDAP - Could not safely identify store assignment for repository candidate interface com.bornfire.entity.ConsentOutwardInquiryTableRep. If you want this repository to be a LDAP repository, consider annotating your entities with one of these annotations: org.springframework.ldap.odm.annotations.Entry (preferred), or consider extending one of the following types with your repository: org.springframework.data.ldap.repository.LdapRepository.
2022-01-24 11:30:08,288 INFO org.springframework.data.repository.config.RepositoryConfigurationExtensionSupport [main] Spring Data LDAP - Could not safely identify store assignment for repository candidate interface com.bornfire.entity.ConsentTableRep. If you want this repository to be a LDAP repository, consider annotating your entities with one of these annotations: org.springframework.ldap.odm.annotations.Entry (preferred), or consider extending one of the following types with your repository: org.springframework.data.ldap.repository.LdapRepository.
2022-01-24 11:30:08,288 INFO org.springframework.data.repository.config.RepositoryConfigurationExtensionSupport [main] Spring Data LDAP - Could not safely identify store assignment for repository candidate interface com.bornfire.entity.IPSChargesAndFeesRep. If you want this repository to be a LDAP repository, consider annotating your entities with one of these annotations: org.springframework.ldap.odm.annotations.Entry (preferred), or consider extending one of the following types with your repository: org.springframework.data.ldap.repository.LdapRepository.
2022-01-24 11:30:08,289 INFO org.springframework.data.repository.config.RepositoryConfigurationExtensionSupport [main] Spring Data LDAP - Could not safely identify store assignment for repository candidate interface com.bornfire.entity.IPSFlowTableRep. If you want this repository to be a LDAP repository, consider annotating your entities with one of these annotations: org.springframework.ldap.odm.annotations.Entry (preferred), or consider extending one of the following types with your repository: org.springframework.data.ldap.repository.LdapRepository.
2022-01-24 11:30:08,290 INFO org.springframework.data.repository.config.RepositoryConfigurationExtensionSupport [main] Spring Data LDAP - Could not safely identify store assignment for repository candidate interface com.bornfire.entity.MerchantQrCodeRegRep. If you want this repository to be a LDAP repository, consider annotating your entities with one of these annotations: org.springframework.ldap.odm.annotations.Entry (preferred), or consider extending one of the following types with your repository: org.springframework.data.ldap.repository.LdapRepository.
2022-01-24 11:30:08,291 INFO org.springframework.data.repository.config.RepositoryConfigurationExtensionSupport [main] Spring Data LDAP - Could not safely identify store assignment for repository candidate interface com.bornfire.entity.MerchantQrGenTablerep. If you want this repository to be a LDAP repository, consider annotating your entities with one of these annotations: org.springframework.ldap.odm.annotations.Entry (preferred), or consider extending one of the following types with your repository: org.springframework.data.ldap.repository.LdapRepository.
2022-01-24 11:30:08,293 INFO org.springframework.data.repository.config.RepositoryConfigurationExtensionSupport [main] Spring Data LDAP - Could not safely identify store assignment for repository candidate interface com.bornfire.entity.OTPGenTableRep. If you want this repository to be a LDAP repository, consider annotating your entities with one of these annotations: org.springframework.ldap.odm.annotations.Entry (preferred), or consider extending one of the following types with your repository: org.springframework.data.ldap.repository.LdapRepository.
2022-01-24 11:30:08,295 INFO org.springframework.data.repository.config.RepositoryConfigurationExtensionSupport [main] Spring Data LDAP - Could not safely identify store assignment for repository candidate interface com.bornfire.entity.OutwardTransHistMonitoringTableRep. If you want this repository to be a LDAP repository, consider annotating your entities with one of these annotations: org.springframework.ldap.odm.annotations.Entry (preferred), or consider extending one of the following types with your repository: org.springframework.data.ldap.repository.LdapRepository.
2022-01-24 11:30:08,297 INFO org.springframework.data.repository.config.RepositoryConfigurationExtensionSupport [main] Spring Data LDAP - Could not safely identify store assignment for repository candidate interface com.bornfire.entity.OutwardTransactionMonitoringTableRep. If you want this repository to be a LDAP repository, consider annotating your entities with one of these annotations: org.springframework.ldap.odm.annotations.Entry (preferred), or consider extending one of the following types with your repository: org.springframework.data.ldap.repository.LdapRepository.
2022-01-24 11:30:08,299 INFO org.springframework.data.repository.config.RepositoryConfigurationExtensionSupport [main] Spring Data LDAP - Could not safely identify store assignment for repository candidate interface com.bornfire.entity.RegPublicKeyRep. If you want this repository to be a LDAP repository, consider annotating your entities with one of these annotations: org.springframework.ldap.odm.annotations.Entry (preferred), or consider extending one of the following types with your repository: org.springframework.data.ldap.repository.LdapRepository.
2022-01-24 11:30:08,301 INFO org.springframework.data.repository.config.RepositoryConfigurationExtensionSupport [main] Spring Data LDAP - Could not safely identify store assignment for repository candidate interface com.bornfire.entity.RegPublicKeyTmpRep. If you want this repository to be a LDAP repository, consider annotating your entities with one of these annotations: org.springframework.ldap.odm.annotations.Entry (preferred), or consider extending one of the following types with your repository: org.springframework.data.ldap.repository.LdapRepository.
2022-01-24 11:30:08,302 INFO org.springframework.data.repository.config.RepositoryConfigurationExtensionSupport [main] Spring Data LDAP - Could not safely identify store assignment for repository candidate interface com.bornfire.entity.SettlementAccountAmtRep. If you want this repository to be a LDAP repository, consider annotating your entities with one of these annotations: org.springframework.ldap.odm.annotations.Entry (preferred), or consider extending one of the following types with your repository: org.springframework.data.ldap.repository.LdapRepository.
2022-01-24 11:30:08,303 INFO org.springframework.data.repository.config.RepositoryConfigurationExtensionSupport [main] Spring Data LDAP - Could not safely identify store assignment for repository candidate interface com.bornfire.entity.SettlementAccountRep. If you want this repository to be a LDAP repository, consider annotating your entities with one of these annotations: org.springframework.ldap.odm.annotations.Entry (preferred), or consider extending one of the following types with your repository: org.springframework.data.ldap.repository.LdapRepository.
2022-01-24 11:30:08,303 INFO org.springframework.data.repository.config.RepositoryConfigurationExtensionSupport [main] Spring Data LDAP - Could not safely identify store assignment for repository candidate interface com.bornfire.entity.SettlementLimitReportRep. If you want this repository to be a LDAP repository, consider annotating your entities with one of these annotations: org.springframework.ldap.odm.annotations.Entry (preferred), or consider extending one of the following types with your repository: org.springframework.data.ldap.repository.LdapRepository.
2022-01-24 11:30:08,306 INFO org.springframework.data.repository.config.RepositoryConfigurationExtensionSupport [main] Spring Data LDAP - Could not safely identify store assignment for repository candidate interface com.bornfire.entity.SettlementReportRep. If you want this repository to be a LDAP repository, consider annotating your entities with one of these annotations: org.springframework.ldap.odm.annotations.Entry (preferred), or consider extending one of the following types with your repository: org.springframework.data.ldap.repository.LdapRepository.
2022-01-24 11:30:08,306 INFO org.springframework.data.repository.config.RepositoryConfigurationExtensionSupport [main] Spring Data LDAP - Could not safely identify store assignment for repository candidate interface com.bornfire.entity.TranAllDetailsTableRep. If you want this repository to be a LDAP repository, consider annotating your entities with one of these annotations: org.springframework.ldap.odm.annotations.Entry (preferred), or consider extending one of the following types with your repository: org.springframework.data.ldap.repository.LdapRepository.
2022-01-24 11:30:08,307 INFO org.springframework.data.repository.config.RepositoryConfigurationExtensionSupport [main] Spring Data LDAP - Could not safely identify store assignment for repository candidate interface com.bornfire.entity.TranCBSTableRep. If you want this repository to be a LDAP repository, consider annotating your entities with one of these annotations: org.springframework.ldap.odm.annotations.Entry (preferred), or consider extending one of the following types with your repository: org.springframework.data.ldap.repository.LdapRepository.
2022-01-24 11:30:08,308 INFO org.springframework.data.repository.config.RepositoryConfigurationExtensionSupport [main] Spring Data LDAP - Could not safely identify store assignment for repository candidate interface com.bornfire.entity.TranCimCBSTableRep. If you want this repository to be a LDAP repository, consider annotating your entities with one of these annotations: org.springframework.ldap.odm.annotations.Entry (preferred), or consider extending one of the following types with your repository: org.springframework.data.ldap.repository.LdapRepository.
2022-01-24 11:30:08,309 INFO org.springframework.data.repository.config.RepositoryConfigurationExtensionSupport [main] Spring Data LDAP - Could not safely identify store assignment for repository candidate interface com.bornfire.entity.TranCimGLRep. If you want this repository to be a LDAP repository, consider annotating your entities with one of these annotations: org.springframework.ldap.odm.annotations.Entry (preferred), or consider extending one of the following types with your repository: org.springframework.data.ldap.repository.LdapRepository.
2022-01-24 11:30:08,310 INFO org.springframework.data.repository.config.RepositoryConfigurationExtensionSupport [main] Spring Data LDAP - Could not safely identify store assignment for repository candidate interface com.bornfire.entity.TranHistMonitorHistRep. If you want this repository to be a LDAP repository, consider annotating your entities with one of these annotations: org.springframework.ldap.odm.annotations.Entry (preferred), or consider extending one of the following types with your repository: org.springframework.data.ldap.repository.LdapRepository.
2022-01-24 11:30:08,312 INFO org.springframework.data.repository.config.RepositoryConfigurationExtensionSupport [main] Spring Data LDAP - Could not safely identify store assignment for repository candidate interface com.bornfire.entity.TranIPSTableRep. If you want this repository to be a LDAP repository, consider annotating your entities with one of these annotations: org.springframework.ldap.odm.annotations.Entry (preferred), or consider extending one of the following types with your repository: org.springframework.data.ldap.repository.LdapRepository.
2022-01-24 11:30:08,313 INFO org.springframework.data.repository.config.RepositoryConfigurationExtensionSupport [main] Spring Data LDAP - Could not safely identify store assignment for repository candidate interface com.bornfire.entity.TranNetStatRep. If you want this repository to be a LDAP repository, consider annotating your entities with one of these annotations: org.springframework.ldap.odm.annotations.Entry (preferred), or consider extending one of the following types with your repository: org.springframework.data.ldap.repository.LdapRepository.
2022-01-24 11:30:08,313 INFO org.springframework.data.repository.config.RepositoryConfigurationExtensionSupport [main] Spring Data LDAP - Could not safely identify store assignment for repository candidate interface com.bornfire.entity.TranNonCBSTableRep. If you want this repository to be a LDAP repository, consider annotating your entities with one of these annotations: org.springframework.ldap.odm.annotations.Entry (preferred), or consider extending one of the following types with your repository: org.springframework.data.ldap.repository.LdapRepository.
2022-01-24 11:30:08,314 INFO org.springframework.data.repository.config.RepositoryConfigurationExtensionSupport [main] Spring Data LDAP - Could not safely identify store assignment for repository candidate interface com.bornfire.entity.TransactionMonitorRep. If you want this repository to be a LDAP repository, consider annotating your entities with one of these annotations: org.springframework.ldap.odm.annotations.Entry (preferred), or consider extending one of the following types with your repository: org.springframework.data.ldap.repository.LdapRepository.
2022-01-24 11:30:08,315 INFO org.springframework.data.repository.config.RepositoryConfigurationExtensionSupport [main] Spring Data LDAP - Could not safely identify store assignment for repository candidate interface com.bornfire.entity.UpdateCBSIncProceRep. If you want this repository to be a LDAP repository, consider annotating your entities with one of these annotations: org.springframework.ldap.odm.annotations.Entry (preferred), or consider extending one of the following types with your repository: org.springframework.data.ldap.repository.LdapRepository.
2022-01-24 11:30:08,316 INFO org.springframework.data.repository.config.RepositoryConfigurationExtensionSupport [main] Spring Data LDAP - Could not safely identify store assignment for repository candidate interface com.bornfire.entity.WalletAccessTableRep. If you want this repository to be a LDAP repository, consider annotating your entities with one of these annotations: org.springframework.ldap.odm.annotations.Entry (preferred), or consider extending one of the following types with your repository: org.springframework.data.ldap.repository.LdapRepository.
2022-01-24 11:30:08,316 INFO org.springframework.data.repository.config.RepositoryConfigurationExtensionSupport [main] Spring Data LDAP - Could not safely identify store assignment for repository candidate interface com.bornfire.entity.WalletAccessTmpTableRep. If you want this repository to be a LDAP repository, consider annotating your entities with one of these annotations: org.springframework.ldap.odm.annotations.Entry (preferred), or consider extending one of the following types with your repository: org.springframework.data.ldap.repository.LdapRepository.
2022-01-24 11:30:08,317 INFO org.springframework.data.repository.config.RepositoryConfigurationExtensionSupport [main] Spring Data LDAP - Could not safely identify store assignment for repository candidate interface com.bornfire.entity.WalletRequestRegisterTableRep. If you want this repository to be a LDAP repository, consider annotating your entities with one of these annotations: org.springframework.ldap.odm.annotations.Entry (preferred), or consider extending one of the following types with your repository: org.springframework.data.ldap.repository.LdapRepository.
2022-01-24 11:30:08,317 INFO org.springframework.data.repository.config.RepositoryConfigurationDelegate [main] Finished Spring Data repository scanning in 205ms. Found 0 LDAP repository interfaces.
2022-01-24 11:30:08,656 INFO org.springframework.context.support.PostProcessorRegistrationDelegate$BeanPostProcessorChecker [main] Bean 'IPSGenConfig' of type [com.bornfire.config.IPSGenConfig$$EnhancerBySpringCGLIB$$49893f95] is not eligible for getting processed by all BeanPostProcessors (for example: not eligible for auto-proxying)
2022-01-24 11:30:08,680 INFO org.springframework.context.support.PostProcessorRegistrationDelegate$BeanPostProcessorChecker [main] Bean 'IPSServerConfig' of type [com.bornfire.config.IPSServerConfig$$EnhancerBySpringCGLIB$$2f28ffac] is not eligible for getting processed by all BeanPostProcessors (for example: not eligible for auto-proxying)
2022-01-24 11:30:08,682 INFO org.springframework.context.support.PostProcessorRegistrationDelegate$BeanPostProcessorChecker [main] Bean 'org.springframework.ws.config.annotation.DelegatingWsConfiguration' of type [org.springframework.ws.config.annotation.DelegatingWsConfiguration$$EnhancerBySpringCGLIB$$1c056e1f] is not eligible for getting processed by all BeanPostProcessors (for example: not eligible for auto-proxying)
2022-01-24 11:30:08,717 INFO org.springframework.ws.soap.addressing.server.AbstractAddressingEndpointMapping [main] Supporting [WS-Addressing August 2004, WS-Addressing 1.0]
2022-01-24 11:30:08,773 INFO org.springframework.context.support.PostProcessorRegistrationDelegate$BeanPostProcessorChecker [main] Bean 'org.springframework.transaction.annotation.ProxyTransactionManagementConfiguration' of type [org.springframework.transaction.annotation.ProxyTransactionManagementConfiguration] is not eligible for getting processed by all BeanPostProcessors (for example: not eligible for auto-proxying)
2022-01-24 11:30:09,112 INFO org.springframework.boot.web.embedded.tomcat.TomcatWebServer [main] Tomcat initialized with port(s): 8440 (http)
2022-01-24 11:30:09,124 INFO org.apache.juli.logging.DirectJDKLog [main] Initializing ProtocolHandler ["http-nio-8440"]
2022-01-24 11:30:09,125 INFO org.apache.juli.logging.DirectJDKLog [main] Starting service [Tomcat]
2022-01-24 11:30:09,125 INFO org.apache.juli.logging.DirectJDKLog [main] Starting Servlet engine: [Apache Tomcat/9.0.30]
2022-01-24 11:30:09,245 INFO org.apache.juli.logging.DirectJDKLog [main] Initializing Spring embedded WebApplicationContext
2022-01-24 11:30:09,245 INFO org.springframework.boot.web.servlet.context.ServletWebServerApplicationContext [main] Root WebApplicationContext: initialization completed in 2739 ms
2022-01-24 11:30:09,864 INFO org.hibernate.Version [main] HHH000412: Hibernate Core {5.4.10.Final}
2022-01-24 11:30:10,024 INFO org.hibernate.annotations.common.reflection.java.JavaReflectionManager [main] HCANN000001: Hibernate Commons Annotations {5.1.0.Final}
2022-01-24 11:30:10,148 INFO com.zaxxer.hikari.HikariDataSource [main] HikariBIPS - Starting...
2022-01-24 11:30:10,765 INFO com.zaxxer.hikari.HikariDataSource [main] HikariBIPS - Start completed.
2022-01-24 11:30:10,780 INFO org.hibernate.dialect.Dialect [main] HHH000400: Using dialect: org.hibernate.dialect.Oracle12cDialect
2022-01-24 11:30:11,350 WARN org.hibernate.mapping.RootClass [main] HHH000038: Composite-id class does not override equals(): com.bornfire.entity.TranIPSTableID
2022-01-24 11:30:11,350 WARN org.hibernate.mapping.RootClass [main] HHH000039: Composite-id class does not override hashCode(): com.bornfire.entity.TranIPSTableID
2022-01-24 11:30:11,352 WARN org.hibernate.mapping.RootClass [main] HHH000038: Composite-id class does not override equals(): com.bornfire.entity.TranCimGLDetailID
2022-01-24 11:30:11,354 WARN org.hibernate.mapping.RootClass [main] HHH000039: Composite-id class does not override hashCode(): com.bornfire.entity.TranCimGLDetailID
2022-01-24 11:30:11,355 WARN org.hibernate.mapping.RootClass [main] HHH000038: Composite-id class does not override equals(): com.bornfire.entity.SettlementReportDetailID
2022-01-24 11:30:11,355 WARN org.hibernate.mapping.RootClass [main] HHH000039: Composite-id class does not override hashCode(): com.bornfire.entity.SettlementReportDetailID
2022-01-24 11:30:13,032 INFO org.hibernate.engine.transaction.jta.platform.internal.JtaPlatformInitiator [main] HHH000490: Using JtaPlatform implementation: [org.hibernate.engine.transaction.jta.platform.internal.NoJtaPlatform]
2022-01-24 11:30:14,398 INFO org.springframework.ws.soap.saaj.SaajSoapMessageFactory [main] Creating SAAJ 1.3 MessageFactory with SOAP 1.1 Protocol
2022-01-24 11:30:14,645 INFO org.springframework.scheduling.concurrent.ExecutorConfigurationSupport [main] Initializing ExecutorService
2022-01-24 11:30:14,648 INFO org.springframework.scheduling.concurrent.ExecutorConfigurationSupport [main] Initializing ExecutorService 'taskExecutor'
2022-01-24 11:30:14,676 INFO org.springframework.scheduling.concurrent.ExecutorConfigurationSupport [main] Initializing ExecutorService
2022-01-24 11:30:14,677 INFO org.springframework.scheduling.concurrent.ExecutorConfigurationSupport [main] Initializing ExecutorService 'asyncExecutor'
2022-01-24 11:30:15,577 WARN org.springframework.boot.autoconfigure.orm.jpa.JpaBaseConfiguration$JpaWebConfiguration [main] spring.jpa.open-in-view is enabled by default. Therefore, database queries may be performed during view rendering. Explicitly configure spring.jpa.open-in-view to disable this warning
2022-01-24 11:30:16,191 INFO org.springframework.scheduling.concurrent.ExecutorConfigurationSupport [main] Initializing ExecutorService 'taskScheduler'
2022-01-24 11:30:16,209 INFO org.springframework.boot.actuate.endpoint.web.EndpointLinksResolver [main] Exposing 13 endpoint(s) beneath base path '/actuator'
2022-01-24 11:30:16,280 INFO org.apache.juli.logging.DirectJDKLog [main] Starting ProtocolHandler ["http-nio-8440"]
2022-01-24 11:30:16,334 INFO org.springframework.boot.web.embedded.tomcat.TomcatWebServer [main] Tomcat started on port(s): 8440 (http) with context path ''
2022-01-24 11:30:16,337 INFO org.springframework.boot.StartupInfoLogger [main] Started IpsPayApplication in 10.317 seconds (JVM running for 11.097)
2022-01-24 11:31:00,046 INFO com.bornfire.config.CronJobScheduler$CertMapper [scheduling-1] 0------
2022-01-24 11:31:00,047 INFO com.bornfire.config.CronJobScheduler$CertMapper [scheduling-1] Mapper[B@348002f7
2022-01-24 11:31:00,056 INFO com.bornfire.config.CronJobScheduler$CertMapper [scheduling-1] EMAILADDRESS=cert_publisher_test@ips.maucas.mu, CN=BOMMMUPLXIPS, O=BOMM, L=Port-Louis, C=MU
2022-01-24 11:31:00,058 INFO com.bornfire.config.CronJobScheduler [scheduling-1] LDAP Cert:Success
2022-01-24 11:32:00,025 INFO com.bornfire.config.CronJobScheduler$CertMapper [scheduling-1] 0------
2022-01-24 11:32:00,026 INFO com.bornfire.config.CronJobScheduler$CertMapper [scheduling-1] Mapper[B@5b3c20b6
2022-01-24 11:32:00,030 INFO com.bornfire.config.CronJobScheduler$CertMapper [scheduling-1] EMAILADDRESS=cert_publisher_test@ips.maucas.mu, CN=BOMMMUPLXIPS, O=BOMM, L=Port-Louis, C=MU
2022-01-24 11:32:00,030 INFO com.bornfire.config.CronJobScheduler [scheduling-1] LDAP Cert:Success
2022-01-24 11:32:00,031 INFO com.bornfire.config.CronJobScheduler [scheduling-1] Get Settlement Account Balance
2022-01-24 11:32:00,152 INFO com.bornfire.config.CronJobScheduler [scheduling-1] Settlement Account Balance Updated Successfully
2022-01-24 11:33:00,017 INFO com.bornfire.config.CronJobScheduler$CertMapper [scheduling-1] 0------
2022-01-24 11:33:00,018 INFO com.bornfire.config.CronJobScheduler$CertMapper [scheduling-1] Mapper[B@1452fd49
2022-01-24 11:33:00,022 INFO com.bornfire.config.CronJobScheduler$CertMapper [scheduling-1] EMAILADDRESS=cert_publisher_test@ips.maucas.mu, CN=BOMMMUPLXIPS, O=BOMM, L=Port-Louis, C=MU
2022-01-24 11:33:00,022 INFO com.bornfire.config.CronJobScheduler [scheduling-1] LDAP Cert:Success
2022-01-24 11:34:00,023 INFO com.bornfire.config.CronJobScheduler$CertMapper [scheduling-1] 0------
2022-01-24 11:34:00,024 INFO com.bornfire.config.CronJobScheduler$CertMapper [scheduling-1] Mapper[B@45f3abce
2022-01-24 11:34:00,029 INFO com.bornfire.config.CronJobScheduler$CertMapper [scheduling-1] EMAILADDRESS=cert_publisher_test@ips.maucas.mu, CN=BOMMMUPLXIPS, O=BOMM, L=Port-Louis, C=MU
2022-01-24 11:34:00,029 INFO com.bornfire.config.CronJobScheduler [scheduling-1] LDAP Cert:Success
2022-01-24 11:35:00,021 INFO com.bornfire.config.CronJobScheduler$CertMapper [scheduling-1] 0------
2022-01-24 11:35:00,527 INFO com.bornfire.config.CronJobScheduler$CertMapper [scheduling-1] Mapper[B@59eccd73
2022-01-24 11:35:00,535 INFO com.bornfire.config.CronJobScheduler$CertMapper [scheduling-1] EMAILADDRESS=cert_publisher_test@ips.maucas.mu, CN=BOMMMUPLXIPS, O=BOMM, L=Port-Louis, C=MU
2022-01-24 11:35:00,537 INFO com.bornfire.config.CronJobScheduler [scheduling-1] LDAP Cert:Success
2022-01-24 11:36:00,022 INFO com.bornfire.config.CronJobScheduler$CertMapper [scheduling-1] 0------
2022-01-24 11:36:00,023 INFO com.bornfire.config.CronJobScheduler$CertMapper [scheduling-1] Mapper[B@782ae0e
2022-01-24 11:36:00,028 INFO com.bornfire.config.CronJobScheduler$CertMapper [scheduling-1] EMAILADDRESS=cert_publisher_test@ips.maucas.mu, CN=BOMMMUPLXIPS, O=BOMM, L=Port-Louis, C=MU
2022-01-24 11:36:00,028 INFO com.bornfire.config.CronJobScheduler [scheduling-1] LDAP Cert:Success
2022-01-24 11:37:00,022 INFO com.bornfire.config.CronJobScheduler$CertMapper [scheduling-1] 0------
2022-01-24 11:37:00,023 INFO com.bornfire.config.CronJobScheduler$CertMapper [scheduling-1] Mapper[B@4b9b302
2022-01-24 11:37:00,026 INFO com.bornfire.config.CronJobScheduler$CertMapper [scheduling-1] EMAILADDRESS=cert_publisher_test@ips.maucas.mu, CN=BOMMMUPLXIPS, O=BOMM, L=Port-Louis, C=MU
2022-01-24 11:37:00,027 INFO com.bornfire.config.CronJobScheduler [scheduling-1] LDAP Cert:Success
2022-01-24 11:38:00,022 INFO com.bornfire.config.CronJobScheduler$CertMapper [scheduling-1] 0------
2022-01-24 11:38:00,023 INFO com.bornfire.config.CronJobScheduler$CertMapper [scheduling-1] Mapper[B@5c4cc580
2022-01-24 11:38:00,027 INFO com.bornfire.config.CronJobScheduler$CertMapper [scheduling-1] EMAILADDRESS=cert_publisher_test@ips.maucas.mu, CN=BOMMMUPLXIPS, O=BOMM, L=Port-Louis, C=MU
2022-01-24 11:38:00,027 INFO com.bornfire.config.CronJobScheduler [scheduling-1] LDAP Cert:Success
2022-01-24 11:39:00,021 INFO com.bornfire.config.CronJobScheduler$CertMapper [scheduling-1] 0------
2022-01-24 11:39:00,022 INFO com.bornfire.config.CronJobScheduler$CertMapper [scheduling-1] Mapper[B@63f41c2f
2022-01-24 11:39:00,028 INFO com.bornfire.config.CronJobScheduler$CertMapper [scheduling-1] EMAILADDRESS=cert_publisher_test@ips.maucas.mu, CN=BOMMMUPLXIPS, O=BOMM, L=Port-Louis, C=MU
2022-01-24 11:39:00,028 INFO com.bornfire.config.CronJobScheduler [scheduling-1] LDAP Cert:Success
2022-01-24 11:40:00,021 INFO com.bornfire.config.CronJobScheduler$CertMapper [scheduling-1] 0------
2022-01-24 11:40:00,022 INFO com.bornfire.config.CronJobScheduler$CertMapper [scheduling-1] Mapper[B@71943c81
2022-01-24 11:40:00,026 INFO com.bornfire.config.CronJobScheduler$CertMapper [scheduling-1] EMAILADDRESS=cert_publisher_test@ips.maucas.mu, CN=BOMMMUPLXIPS, O=BOMM, L=Port-Louis, C=MU
2022-01-24 11:40:00,026 INFO com.bornfire.config.CronJobScheduler [scheduling-1] LDAP Cert:Success
2022-01-24 11:41:00,020 INFO com.bornfire.config.CronJobScheduler$CertMapper [scheduling-1] 0------
2022-01-24 11:41:00,021 INFO com.bornfire.config.CronJobScheduler$CertMapper [scheduling-1] Mapper[B@387ca012
2022-01-24 11:41:00,026 INFO com.bornfire.config.CronJobScheduler$CertMapper [scheduling-1] EMAILADDRESS=cert_publisher_test@ips.maucas.mu, CN=BOMMMUPLXIPS, O=BOMM, L=Port-Louis, C=MU
2022-01-24 11:41:00,026 INFO com.bornfire.config.CronJobScheduler [scheduling-1] LDAP Cert:Success
2022-01-24 11:42:00,020 INFO com.bornfire.config.CronJobScheduler$CertMapper [scheduling-1] 0------
2022-01-24 11:42:00,021 INFO com.bornfire.config.CronJobScheduler$CertMapper [scheduling-1] Mapper[B@2260258
2022-01-24 11:42:00,025 INFO com.bornfire.config.CronJobScheduler$CertMapper [scheduling-1] EMAILADDRESS=cert_publisher_test@ips.maucas.mu, CN=BOMMMUPLXIPS, O=BOMM, L=Port-Louis, C=MU
2022-01-24 11:42:00,027 INFO com.bornfire.config.CronJobScheduler [scheduling-1] LDAP Cert:Success
2022-01-24 11:43:00,020 INFO com.bornfire.config.CronJobScheduler$CertMapper [scheduling-1] 0------
2022-01-24 11:43:00,021 INFO com.bornfire.config.CronJobScheduler$CertMapper [scheduling-1] Mapper[B@41f07357
2022-01-24 11:43:00,025 INFO com.bornfire.config.CronJobScheduler$CertMapper [scheduling-1] EMAILADDRESS=cert_publisher_test@ips.maucas.mu, CN=BOMMMUPLXIPS, O=BOMM, L=Port-Louis, C=MU
2022-01-24 11:43:00,025 INFO com.bornfire.config.CronJobScheduler [scheduling-1] LDAP Cert:Success
2022-01-24 11:44:00,020 INFO com.bornfire.config.CronJobScheduler$CertMapper [scheduling-1] 0------
2022-01-24 11:44:00,021 INFO com.bornfire.config.CronJobScheduler$CertMapper [scheduling-1] Mapper[B@11d02fdc
2022-01-24 11:44:00,025 INFO com.bornfire.config.CronJobScheduler$CertMapper [scheduling-1] EMAILADDRESS=cert_publisher_test@ips.maucas.mu, CN=BOMMMUPLXIPS, O=BOMM, L=Port-Louis, C=MU
2022-01-24 11:44:00,026 INFO com.bornfire.config.CronJobScheduler [scheduling-1] LDAP Cert:Success
2022-01-24 11:45:00,022 INFO com.bornfire.config.CronJobScheduler$CertMapper [scheduling-1] 0------
2022-01-24 11:45:00,023 INFO com.bornfire.config.CronJobScheduler$CertMapper [scheduling-1] Mapper[B@4c7171c4
2022-01-24 11:45:00,028 INFO com.bornfire.config.CronJobScheduler$CertMapper [scheduling-1] EMAILADDRESS=cert_publisher_test@ips.maucas.mu, CN=BOMMMUPLXIPS, O=BOMM, L=Port-Louis, C=MU
2022-01-24 11:45:00,029 INFO com.bornfire.config.CronJobScheduler [scheduling-1] LDAP Cert:Success
2022-01-24 11:46:00,022 INFO com.bornfire.config.CronJobScheduler$CertMapper [scheduling-1] 0------
2022-01-24 11:46:00,022 INFO com.bornfire.config.CronJobScheduler$CertMapper [scheduling-1] Mapper[B@2ce1461a
2022-01-24 11:46:00,026 INFO com.bornfire.config.CronJobScheduler$CertMapper [scheduling-1] EMAILADDRESS=cert_publisher_test@ips.maucas.mu, CN=BOMMMUPLXIPS, O=BOMM, L=Port-Louis, C=MU
2022-01-24 11:46:00,026 INFO com.bornfire.config.CronJobScheduler [scheduling-1] LDAP Cert:Success
2022-01-24 11:47:00,020 INFO com.bornfire.config.CronJobScheduler$CertMapper [scheduling-1] 0------
2022-01-24 11:47:00,021 INFO com.bornfire.config.CronJobScheduler$CertMapper [scheduling-1] Mapper[B@291affb6
2022-01-24 11:47:00,025 INFO com.bornfire.config.CronJobScheduler$CertMapper [scheduling-1] EMAILADDRESS=cert_publisher_test@ips.maucas.mu, CN=BOMMMUPLXIPS, O=BOMM, L=Port-Louis, C=MU
2022-01-24 11:47:00,025 INFO com.bornfire.config.CronJobScheduler [scheduling-1] LDAP Cert:Success
2022-01-24 11:48:00,024 INFO com.bornfire.config.CronJobScheduler$CertMapper [scheduling-1] 0------
2022-01-24 11:48:00,025 INFO com.bornfire.config.CronJobScheduler$CertMapper [scheduling-1] Mapper[B@6c849127
2022-01-24 11:48:00,033 INFO com.bornfire.config.CronJobScheduler$CertMapper [scheduling-1] EMAILADDRESS=cert_publisher_test@ips.maucas.mu, CN=BOMMMUPLXIPS, O=BOMM, L=Port-Louis, C=MU
2022-01-24 11:48:00,034 INFO com.bornfire.config.CronJobScheduler [scheduling-1] LDAP Cert:Success
2022-01-24 11:49:00,025 INFO com.bornfire.config.CronJobScheduler$CertMapper [scheduling-1] 0------
2022-01-24 11:49:00,025 INFO com.bornfire.config.CronJobScheduler$CertMapper [scheduling-1] Mapper[B@4a73cb3b
2022-01-24 11:49:00,031 INFO com.bornfire.config.CronJobScheduler$CertMapper [scheduling-1] EMAILADDRESS=cert_publisher_test@ips.maucas.mu, CN=BOMMMUPLXIPS, O=BOMM, L=Port-Louis, C=MU
2022-01-24 11:49:00,032 INFO com.bornfire.config.CronJobScheduler [scheduling-1] LDAP Cert:Success
2022-01-24 11:50:00,026 INFO com.bornfire.config.CronJobScheduler$CertMapper [scheduling-1] 0------
2022-01-24 11:50:00,027 INFO com.bornfire.config.CronJobScheduler$CertMapper [scheduling-1] Mapper[B@6ee61613
2022-01-24 11:50:00,039 INFO com.bornfire.config.CronJobScheduler$CertMapper [scheduling-1] EMAILADDRESS=cert_publisher_test@ips.maucas.mu, CN=BOMMMUPLXIPS, O=BOMM, L=Port-Louis, C=MU
2022-01-24 11:50:00,039 INFO com.bornfire.config.CronJobScheduler [scheduling-1] LDAP Cert:Success
2022-01-24 11:51:00,023 INFO com.bornfire.config.CronJobScheduler$CertMapper [scheduling-1] 0------
2022-01-24 11:51:00,024 INFO com.bornfire.config.CronJobScheduler$CertMapper [scheduling-1] Mapper[B@10ffa336
2022-01-24 11:51:00,032 INFO com.bornfire.config.CronJobScheduler$CertMapper [scheduling-1] EMAILADDRESS=cert_publisher_test@ips.maucas.mu, CN=BOMMMUPLXIPS, O=BOMM, L=Port-Louis, C=MU
2022-01-24 11:51:00,033 INFO com.bornfire.config.CronJobScheduler [scheduling-1] LDAP Cert:Success
2022-01-24 11:52:00,019 INFO com.bornfire.config.CronJobScheduler$CertMapper [scheduling-1] 0------
2022-01-24 11:52:00,020 INFO com.bornfire.config.CronJobScheduler$CertMapper [scheduling-1] Mapper[B@583a05a7
2022-01-24 11:52:00,023 INFO com.bornfire.config.CronJobScheduler$CertMapper [scheduling-1] EMAILADDRESS=cert_publisher_test@ips.maucas.mu, CN=BOMMMUPLXIPS, O=BOMM, L=Port-Louis, C=MU
2022-01-24 11:52:00,024 INFO com.bornfire.config.CronJobScheduler [scheduling-1] LDAP Cert:Success
2022-01-24 11:53:00,022 INFO com.bornfire.config.CronJobScheduler$CertMapper [scheduling-1] 0------
2022-01-24 11:53:00,023 INFO com.bornfire.config.CronJobScheduler$CertMapper [scheduling-1] Mapper[B@c442788
2022-01-24 11:53:00,036 INFO com.bornfire.config.CronJobScheduler$CertMapper [scheduling-1] EMAILADDRESS=cert_publisher_test@ips.maucas.mu, CN=BOMMMUPLXIPS, O=BOMM, L=Port-Louis, C=MU
2022-01-24 11:53:00,036 INFO com.bornfire.config.CronJobScheduler [scheduling-1] LDAP Cert:Success
2022-01-24 11:54:00,021 INFO com.bornfire.config.CronJobScheduler$CertMapper [scheduling-1] 0------
2022-01-24 11:54:00,021 INFO com.bornfire.config.CronJobScheduler$CertMapper [scheduling-1] Mapper[B@52ccee9d
2022-01-24 11:54:00,026 INFO com.bornfire.config.CronJobScheduler$CertMapper [scheduling-1] EMAILADDRESS=cert_publisher_test@ips.maucas.mu, CN=BOMMMUPLXIPS, O=BOMM, L=Port-Louis, C=MU
2022-01-24 11:54:00,026 INFO com.bornfire.config.CronJobScheduler [scheduling-1] LDAP Cert:Success
2022-01-24 11:55:00,029 INFO com.bornfire.config.CronJobScheduler$CertMapper [scheduling-1] 0------
2022-01-24 11:55:00,030 INFO com.bornfire.config.CronJobScheduler$CertMapper [scheduling-1] Mapper[B@3fc711e1
2022-01-24 11:55:00,037 INFO com.bornfire.config.CronJobScheduler$CertMapper [scheduling-1] EMAILADDRESS=cert_publisher_test@ips.maucas.mu, CN=BOMMMUPLXIPS, O=BOMM, L=Port-Louis, C=MU
2022-01-24 11:55:00,038 INFO com.bornfire.config.CronJobScheduler [scheduling-1] LDAP Cert:Success
2022-01-24 11:56:00,024 INFO com.bornfire.config.CronJobScheduler$CertMapper [scheduling-1] 0------
2022-01-24 11:56:00,025 INFO com.bornfire.config.CronJobScheduler$CertMapper [scheduling-1] Mapper[B@37d82c83
2022-01-24 11:56:00,030 INFO com.bornfire.config.CronJobScheduler$CertMapper [scheduling-1] EMAILADDRESS=cert_publisher_test@ips.maucas.mu, CN=BOMMMUPLXIPS, O=BOMM, L=Port-Louis, C=MU
2022-01-24 11:56:00,030 INFO com.bornfire.config.CronJobScheduler [scheduling-1] LDAP Cert:Success
2022-01-24 11:57:00,021 INFO com.bornfire.config.CronJobScheduler$CertMapper [scheduling-1] 0------
2022-01-24 11:57:00,022 INFO com.bornfire.config.CronJobScheduler$CertMapper [scheduling-1] Mapper[B@1a0d2597
2022-01-24 11:57:00,026 INFO com.bornfire.config.CronJobScheduler$CertMapper [scheduling-1] EMAILADDRESS=cert_publisher_test@ips.maucas.mu, CN=BOMMMUPLXIPS, O=BOMM, L=Port-Louis, C=MU
2022-01-24 11:57:00,027 INFO com.bornfire.config.CronJobScheduler [scheduling-1] LDAP Cert:Success
2022-01-24 11:58:00,020 INFO com.bornfire.config.CronJobScheduler$CertMapper [scheduling-1] 0------
2022-01-24 11:58:00,020 INFO com.bornfire.config.CronJobScheduler$CertMapper [scheduling-1] Mapper[B@2f80984d
2022-01-24 11:58:00,025 INFO com.bornfire.config.CronJobScheduler$CertMapper [scheduling-1] EMAILADDRESS=cert_publisher_test@ips.maucas.mu, CN=BOMMMUPLXIPS, O=BOMM, L=Port-Louis, C=MU
2022-01-24 11:58:00,026 INFO com.bornfire.config.CronJobScheduler [scheduling-1] LDAP Cert:Success
2022-01-24 11:59:00,019 INFO com.bornfire.config.CronJobScheduler$CertMapper [scheduling-1] 0------
2022-01-24 11:59:00,020 INFO com.bornfire.config.CronJobScheduler$CertMapper [scheduling-1] Mapper[B@284fcc45
2022-01-24 11:59:00,025 INFO com.bornfire.config.CronJobScheduler$CertMapper [scheduling-1] EMAILADDRESS=cert_publisher_test@ips.maucas.mu, CN=BOMMMUPLXIPS, O=BOMM, L=Port-Louis, C=MU
2022-01-24 11:59:00,025 INFO com.bornfire.config.CronJobScheduler [scheduling-1] LDAP Cert:Success
2022-01-24 12:00:00,027 INFO com.bornfire.config.CronJobScheduler$CertMapper [scheduling-1] 0------
2022-01-24 12:00:00,028 INFO com.bornfire.config.CronJobScheduler$CertMapper [scheduling-1] Mapper[B@5e8551fb
2022-01-24 12:00:00,034 INFO com.bornfire.config.CronJobScheduler$CertMapper [scheduling-1] EMAILADDRESS=cert_publisher_test@ips.maucas.mu, CN=BOMMMUPLXIPS, O=BOMM, L=Port-Louis, C=MU
2022-01-24 12:00:00,035 INFO com.bornfire.config.CronJobScheduler [scheduling-1] LDAP Cert:Success
2022-01-24 12:01:00,023 INFO com.bornfire.config.CronJobScheduler$CertMapper [scheduling-1] 0------
2022-01-24 12:01:00,024 INFO com.bornfire.config.CronJobScheduler$CertMapper [scheduling-1] Mapper[B@2dd7f621
2022-01-24 12:01:00,035 INFO com.bornfire.config.CronJobScheduler$CertMapper [scheduling-1] EMAILADDRESS=cert_publisher_test@ips.maucas.mu, CN=BOMMMUPLXIPS, O=BOMM, L=Port-Louis, C=MU
2022-01-24 12:01:00,036 INFO com.bornfire.config.CronJobScheduler [scheduling-1] LDAP Cert:Success
2022-01-24 12:02:00,022 INFO com.bornfire.config.CronJobScheduler$CertMapper [scheduling-1] 0------
2022-01-24 12:02:00,022 INFO com.bornfire.config.CronJobScheduler$CertMapper [scheduling-1] Mapper[B@6be5126
2022-01-24 12:02:00,027 INFO com.bornfire.config.CronJobScheduler$CertMapper [scheduling-1] EMAILADDRESS=cert_publisher_test@ips.maucas.mu, CN=BOMMMUPLXIPS, O=BOMM, L=Port-Louis, C=MU
2022-01-24 12:02:00,027 INFO com.bornfire.config.CronJobScheduler [scheduling-1] LDAP Cert:Success
2022-01-24 12:03:00,023 INFO com.bornfire.config.CronJobScheduler$CertMapper [scheduling-1] 0------
2022-01-24 12:03:00,023 INFO com.bornfire.config.CronJobScheduler$CertMapper [scheduling-1] Mapper[B@50458850
2022-01-24 12:03:00,028 INFO com.bornfire.config.CronJobScheduler$CertMapper [scheduling-1] EMAILADDRESS=cert_publisher_test@ips.maucas.mu, CN=BOMMMUPLXIPS, O=BOMM, L=Port-Louis, C=MU
2022-01-24 12:03:00,029 INFO com.bornfire.config.CronJobScheduler [scheduling-1] LDAP Cert:Success
2022-01-24 12:04:00,024 INFO com.bornfire.config.CronJobScheduler$CertMapper [scheduling-1] 0------
2022-01-24 12:04:00,025 INFO com.bornfire.config.CronJobScheduler$CertMapper [scheduling-1] Mapper[B@24bb012a
2022-01-24 12:04:00,031 INFO com.bornfire.config.CronJobScheduler$CertMapper [scheduling-1] EMAILADDRESS=cert_publisher_test@ips.maucas.mu, CN=BOMMMUPLXIPS, O=BOMM, L=Port-Louis, C=MU
2022-01-24 12:04:00,031 INFO com.bornfire.config.CronJobScheduler [scheduling-1] LDAP Cert:Success
2022-01-24 12:05:00,190 INFO com.bornfire.config.CronJobScheduler$CertMapper [scheduling-1] 0------
2022-01-24 12:05:00,191 INFO com.bornfire.config.CronJobScheduler$CertMapper [scheduling-1] Mapper[B@36cf8d62
2022-01-24 12:05:00,200 INFO com.bornfire.config.CronJobScheduler$CertMapper [scheduling-1] EMAILADDRESS=cert_publisher_test@ips.maucas.mu, CN=BOMMMUPLXIPS, O=BOMM, L=Port-Louis, C=MU
2022-01-24 12:05:00,201 INFO com.bornfire.config.CronJobScheduler [scheduling-1] LDAP Cert:Success
2022-01-24 12:06:00,023 INFO com.bornfire.config.CronJobScheduler$CertMapper [scheduling-1] 0------
2022-01-24 12:06:00,023 INFO com.bornfire.config.CronJobScheduler$CertMapper [scheduling-1] Mapper[B@428ccdfc
2022-01-24 12:06:00,027 INFO com.bornfire.config.CronJobScheduler$CertMapper [scheduling-1] EMAILADDRESS=cert_publisher_test@ips.maucas.mu, CN=BOMMMUPLXIPS, O=BOMM, L=Port-Louis, C=MU
2022-01-24 12:06:00,027 INFO com.bornfire.config.CronJobScheduler [scheduling-1] LDAP Cert:Success
2022-01-24 12:07:00,023 INFO com.bornfire.config.CronJobScheduler$CertMapper [scheduling-1] 0------
2022-01-24 12:07:00,024 INFO com.bornfire.config.CronJobScheduler$CertMapper [scheduling-1] Mapper[B@3ef7daf5
2022-01-24 12:07:00,028 INFO com.bornfire.config.CronJobScheduler$CertMapper [scheduling-1] EMAILADDRESS=cert_publisher_test@ips.maucas.mu, CN=BOMMMUPLXIPS, O=BOMM, L=Port-Louis, C=MU
2022-01-24 12:07:00,028 INFO com.bornfire.config.CronJobScheduler [scheduling-1] LDAP Cert:Success
2022-01-24 12:08:00,032 INFO com.bornfire.config.CronJobScheduler$CertMapper [scheduling-1] 0------
2022-01-24 12:08:00,033 INFO com.bornfire.config.CronJobScheduler$CertMapper [scheduling-1] Mapper[B@42392e50
2022-01-24 12:08:00,039 INFO com.bornfire.config.CronJobScheduler$CertMapper [scheduling-1] EMAILADDRESS=cert_publisher_test@ips.maucas.mu, CN=BOMMMUPLXIPS, O=BOMM, L=Port-Louis, C=MU
2022-01-24 12:08:00,039 INFO com.bornfire.config.CronJobScheduler [scheduling-1] LDAP Cert:Success
2022-01-24 12:09:00,026 INFO com.bornfire.config.CronJobScheduler$CertMapper [scheduling-1] 0------
2022-01-24 12:09:00,026 INFO com.bornfire.config.CronJobScheduler$CertMapper [scheduling-1] Mapper[B@8570fe8
2022-01-24 12:09:00,029 INFO com.bornfire.config.CronJobScheduler$CertMapper [scheduling-1] EMAILADDRESS=cert_publisher_test@ips.maucas.mu, CN=BOMMMUPLXIPS, O=BOMM, L=Port-Louis, C=MU
2022-01-24 12:09:00,030 INFO com.bornfire.config.CronJobScheduler [scheduling-1] LDAP Cert:Success
2022-01-24 12:10:00,028 INFO com.bornfire.config.CronJobScheduler$CertMapper [scheduling-1] 0------
2022-01-24 12:10:00,029 INFO com.bornfire.config.CronJobScheduler$CertMapper [scheduling-1] Mapper[B@2c10c033
2022-01-24 12:10:00,034 INFO com.bornfire.config.CronJobScheduler$CertMapper [scheduling-1] EMAILADDRESS=cert_publisher_test@ips.maucas.mu, CN=BOMMMUPLXIPS, O=BOMM, L=Port-Louis, C=MU
2022-01-24 12:10:00,035 INFO com.bornfire.config.CronJobScheduler [scheduling-1] LDAP Cert:Success
2022-01-24 12:11:00,026 INFO com.bornfire.config.CronJobScheduler$CertMapper [scheduling-1] 0------
2022-01-24 12:11:00,027 INFO com.bornfire.config.CronJobScheduler$CertMapper [scheduling-1] Mapper[B@2c308736
2022-01-24 12:11:00,033 INFO com.bornfire.config.CronJobScheduler$CertMapper [scheduling-1] EMAILADDRESS=cert_publisher_test@ips.maucas.mu, CN=BOMMMUPLXIPS, O=BOMM, L=Port-Louis, C=MU
2022-01-24 12:11:00,033 INFO com.bornfire.config.CronJobScheduler [scheduling-1] LDAP Cert:Success
2022-01-24 12:12:00,024 INFO com.bornfire.config.CronJobScheduler$CertMapper [scheduling-1] 0------
2022-01-24 12:12:00,025 INFO com.bornfire.config.CronJobScheduler$CertMapper [scheduling-1] Mapper[B@2770774e
2022-01-24 12:12:00,028 INFO com.bornfire.config.CronJobScheduler$CertMapper [scheduling-1] EMAILADDRESS=cert_publisher_test@ips.maucas.mu, CN=BOMMMUPLXIPS, O=BOMM, L=Port-Louis, C=MU
2022-01-24 12:12:00,029 INFO com.bornfire.config.CronJobScheduler [scheduling-1] LDAP Cert:Success
2022-01-24 12:13:00,027 INFO com.bornfire.config.CronJobScheduler$CertMapper [scheduling-1] 0------
2022-01-24 12:13:00,027 INFO com.bornfire.config.CronJobScheduler$CertMapper [scheduling-1] Mapper[B@17e80407
2022-01-24 12:13:00,034 INFO com.bornfire.config.CronJobScheduler$CertMapper [scheduling-1] EMAILADDRESS=cert_publisher_test@ips.maucas.mu, CN=BOMMMUPLXIPS, O=BOMM, L=Port-Louis, C=MU
2022-01-24 12:13:00,034 INFO com.bornfire.config.CronJobScheduler [scheduling-1] LDAP Cert:Success
2022-01-24 12:14:00,025 INFO com.bornfire.config.CronJobScheduler$CertMapper [scheduling-1] 0------
2022-01-24 12:14:00,025 INFO com.bornfire.config.CronJobScheduler$CertMapper [scheduling-1] Mapper[B@3dd34f91
2022-01-24 12:14:00,030 INFO com.bornfire.config.CronJobScheduler$CertMapper [scheduling-1] EMAILADDRESS=cert_publisher_test@ips.maucas.mu, CN=BOMMMUPLXIPS, O=BOMM, L=Port-Louis, C=MU
2022-01-24 12:14:00,030 INFO com.bornfire.config.CronJobScheduler [scheduling-1] LDAP Cert:Success
2022-01-24 12:15:00,026 INFO com.bornfire.config.CronJobScheduler$CertMapper [scheduling-1] 0------
2022-01-24 12:15:00,027 INFO com.bornfire.config.CronJobScheduler$CertMapper [scheduling-1] Mapper[B@15f2762a
2022-01-24 12:15:00,033 INFO com.bornfire.config.CronJobScheduler$CertMapper [scheduling-1] EMAILADDRESS=cert_publisher_test@ips.maucas.mu, CN=BOMMMUPLXIPS, O=BOMM, L=Port-Louis, C=MU
2022-01-24 12:15:00,033 INFO com.bornfire.config.CronJobScheduler [scheduling-1] LDAP Cert:Success
2022-01-24 12:16:00,024 INFO com.bornfire.config.CronJobScheduler$CertMapper [scheduling-1] 0------
2022-01-24 12:16:00,025 INFO com.bornfire.config.CronJobScheduler$CertMapper [scheduling-1] Mapper[B@311cb9dd
2022-01-24 12:16:00,032 INFO com.bornfire.config.CronJobScheduler$CertMapper [scheduling-1] EMAILADDRESS=cert_publisher_test@ips.maucas.mu, CN=BOMMMUPLXIPS, O=BOMM, L=Port-Louis, C=MU
2022-01-24 12:16:00,032 INFO com.bornfire.config.CronJobScheduler [scheduling-1] LDAP Cert:Success
2022-01-24 12:17:00,023 INFO com.bornfire.config.CronJobScheduler$CertMapper [scheduling-1] 0------
2022-01-24 12:17:00,024 INFO com.bornfire.config.CronJobScheduler$CertMapper [scheduling-1] Mapper[B@66834bc5
2022-01-24 12:17:00,033 INFO com.bornfire.config.CronJobScheduler$CertMapper [scheduling-1] EMAILADDRESS=cert_publisher_test@ips.maucas.mu, CN=BOMMMUPLXIPS, O=BOMM, L=Port-Louis, C=MU
2022-01-24 12:17:00,033 INFO com.bornfire.config.CronJobScheduler [scheduling-1] LDAP Cert:Success
2022-01-24 12:18:00,022 INFO com.bornfire.config.CronJobScheduler$CertMapper [scheduling-1] 0------
2022-01-24 12:18:00,022 INFO com.bornfire.config.CronJobScheduler$CertMapper [scheduling-1] Mapper[B@418b2f43
2022-01-24 12:18:00,027 INFO com.bornfire.config.CronJobScheduler$CertMapper [scheduling-1] EMAILADDRESS=cert_publisher_test@ips.maucas.mu, CN=BOMMMUPLXIPS, O=BOMM, L=Port-Louis, C=MU
2022-01-24 12:18:00,027 INFO com.bornfire.config.CronJobScheduler [scheduling-1] LDAP Cert:Success
2022-01-24 12:19:00,018 INFO com.bornfire.config.CronJobScheduler$CertMapper [scheduling-1] 0------
2022-01-24 12:19:00,018 INFO com.bornfire.config.CronJobScheduler$CertMapper [scheduling-1] Mapper[B@474e527e
2022-01-24 12:19:00,022 INFO com.bornfire.config.CronJobScheduler$CertMapper [scheduling-1] EMAILADDRESS=cert_publisher_test@ips.maucas.mu, CN=BOMMMUPLXIPS, O=BOMM, L=Port-Louis, C=MU
2022-01-24 12:19:00,022 INFO com.bornfire.config.CronJobScheduler [scheduling-1] LDAP Cert:Success
2022-01-24 12:20:00,020 INFO com.bornfire.config.CronJobScheduler$CertMapper [scheduling-1] 0------
2022-01-24 12:20:00,021 INFO com.bornfire.config.CronJobScheduler$CertMapper [scheduling-1] Mapper[B@1348d91b
2022-01-24 12:20:00,029 INFO com.bornfire.config.CronJobScheduler$CertMapper [scheduling-1] EMAILADDRESS=cert_publisher_test@ips.maucas.mu, CN=BOMMMUPLXIPS, O=BOMM, L=Port-Louis, C=MU
2022-01-24 12:20:00,030 INFO com.bornfire.config.CronJobScheduler [scheduling-1] LDAP Cert:Success
2022-01-24 12:21:00,022 INFO com.bornfire.config.CronJobScheduler$CertMapper [scheduling-1] 0------
2022-01-24 12:21:00,023 INFO com.bornfire.config.CronJobScheduler$CertMapper [scheduling-1] Mapper[B@6fe975d4
2022-01-24 12:21:00,028 INFO com.bornfire.config.CronJobScheduler$CertMapper [scheduling-1] EMAILADDRESS=cert_publisher_test@ips.maucas.mu, CN=BOMMMUPLXIPS, O=BOMM, L=Port-Louis, C=MU
2022-01-24 12:21:00,028 INFO com.bornfire.config.CronJobScheduler [scheduling-1] LDAP Cert:Success
2022-01-24 12:22:00,019 INFO com.bornfire.config.CronJobScheduler$CertMapper [scheduling-1] 0------
2022-01-24 12:22:00,020 INFO com.bornfire.config.CronJobScheduler$CertMapper [scheduling-1] Mapper[B@7780ae5d
2022-01-24 12:22:00,026 INFO com.bornfire.config.CronJobScheduler$CertMapper [scheduling-1] EMAILADDRESS=cert_publisher_test@ips.maucas.mu, CN=BOMMMUPLXIPS, O=BOMM, L=Port-Louis, C=MU
2022-01-24 12:22:00,026 INFO com.bornfire.config.CronJobScheduler [scheduling-1] LDAP Cert:Success
2022-01-24 12:23:00,021 INFO com.bornfire.config.CronJobScheduler$CertMapper [scheduling-1] 0------
2022-01-24 12:23:00,021 INFO com.bornfire.config.CronJobScheduler$CertMapper [scheduling-1] Mapper[B@4268df71
2022-01-24 12:23:00,024 INFO com.bornfire.config.CronJobScheduler$CertMapper [scheduling-1] EMAILADDRESS=cert_publisher_test@ips.maucas.mu, CN=BOMMMUPLXIPS, O=BOMM, L=Port-Louis, C=MU
2022-01-24 12:23:00,026 INFO com.bornfire.config.CronJobScheduler [scheduling-1] LDAP Cert:Success
2022-01-24 12:24:00,021 INFO com.bornfire.config.CronJobScheduler$CertMapper [scheduling-1] 0------
2022-01-24 12:24:00,022 INFO com.bornfire.config.CronJobScheduler$CertMapper [scheduling-1] Mapper[B@173d5626
2022-01-24 12:24:00,031 INFO com.bornfire.config.CronJobScheduler$CertMapper [scheduling-1] EMAILADDRESS=cert_publisher_test@ips.maucas.mu, CN=BOMMMUPLXIPS, O=BOMM, L=Port-Louis, C=MU
2022-01-24 12:24:00,032 INFO com.bornfire.config.CronJobScheduler [scheduling-1] LDAP Cert:Success
2022-01-24 12:25:00,022 INFO com.bornfire.config.CronJobScheduler$CertMapper [scheduling-1] 0------
2022-01-24 12:25:00,022 INFO com.bornfire.config.CronJobScheduler$CertMapper [scheduling-1] Mapper[B@33ded6c0
2022-01-24 12:25:00,026 INFO com.bornfire.config.CronJobScheduler$CertMapper [scheduling-1] EMAILADDRESS=cert_publisher_test@ips.maucas.mu, CN=BOMMMUPLXIPS, O=BOMM, L=Port-Louis, C=MU
2022-01-24 12:25:00,026 INFO com.bornfire.config.CronJobScheduler [scheduling-1] LDAP Cert:Success
2022-01-24 12:26:00,100 INFO com.bornfire.config.CronJobScheduler$CertMapper [scheduling-1] 0------
2022-01-24 12:26:00,100 INFO com.bornfire.config.CronJobScheduler$CertMapper [scheduling-1] Mapper[B@415e64a0
2022-01-24 12:26:00,111 INFO com.bornfire.config.CronJobScheduler$CertMapper [scheduling-1] EMAILADDRESS=cert_publisher_test@ips.maucas.mu, CN=BOMMMUPLXIPS, O=BOMM, L=Port-Louis, C=MU
2022-01-24 12:26:00,112 INFO com.bornfire.config.CronJobScheduler [scheduling-1] LDAP Cert:Success
2022-01-24 12:27:00,019 INFO com.bornfire.config.CronJobScheduler$CertMapper [scheduling-1] 0------
2022-01-24 12:27:00,021 INFO com.bornfire.config.CronJobScheduler$CertMapper [scheduling-1] Mapper[B@45c9a8ad
2022-01-24 12:27:00,028 INFO com.bornfire.config.CronJobScheduler$CertMapper [scheduling-1] EMAILADDRESS=cert_publisher_test@ips.maucas.mu, CN=BOMMMUPLXIPS, O=BOMM, L=Port-Louis, C=MU
2022-01-24 12:27:00,029 INFO com.bornfire.config.CronJobScheduler [scheduling-1] LDAP Cert:Success
2022-01-24 12:28:00,019 INFO com.bornfire.config.CronJobScheduler$CertMapper [scheduling-1] 0------
2022-01-24 12:28:00,019 INFO com.bornfire.config.CronJobScheduler$CertMapper [scheduling-1] Mapper[B@38384a54
2022-01-24 12:28:00,026 INFO com.bornfire.config.CronJobScheduler$CertMapper [scheduling-1] EMAILADDRESS=cert_publisher_test@ips.maucas.mu, CN=BOMMMUPLXIPS, O=BOMM, L=Port-Louis, C=MU
2022-01-24 12:28:00,026 INFO com.bornfire.config.CronJobScheduler [scheduling-1] LDAP Cert:Success
2022-01-24 12:29:00,019 INFO com.bornfire.config.CronJobScheduler$CertMapper [scheduling-1] 0------
2022-01-24 12:29:00,019 INFO com.bornfire.config.CronJobScheduler$CertMapper [scheduling-1] Mapper[B@7d95f345
2022-01-24 12:29:00,025 INFO com.bornfire.config.CronJobScheduler$CertMapper [scheduling-1] EMAILADDRESS=cert_publisher_test@ips.maucas.mu, CN=BOMMMUPLXIPS, O=BOMM, L=Port-Louis, C=MU
2022-01-24 12:29:00,026 INFO com.bornfire.config.CronJobScheduler [scheduling-1] LDAP Cert:Success
2022-01-24 12:30:00,020 INFO com.bornfire.config.CronJobScheduler$CertMapper [scheduling-1] 0------
2022-01-24 12:30:00,021 INFO com.bornfire.config.CronJobScheduler$CertMapper [scheduling-1] Mapper[B@4f5cf333
2022-01-24 12:30:00,024 INFO com.bornfire.config.CronJobScheduler$CertMapper [scheduling-1] EMAILADDRESS=cert_publisher_test@ips.maucas.mu, CN=BOMMMUPLXIPS, O=BOMM, L=Port-Louis, C=MU
2022-01-24 12:30:00,025 INFO com.bornfire.config.CronJobScheduler [scheduling-1] LDAP Cert:Success
2022-01-24 12:31:00,019 INFO com.bornfire.config.CronJobScheduler$CertMapper [scheduling-1] 0------
2022-01-24 12:31:00,020 INFO com.bornfire.config.CronJobScheduler$CertMapper [scheduling-1] Mapper[B@47d8b6b5
2022-01-24 12:31:00,030 INFO com.bornfire.config.CronJobScheduler$CertMapper [scheduling-1] EMAILADDRESS=cert_publisher_test@ips.maucas.mu, CN=BOMMMUPLXIPS, O=BOMM, L=Port-Louis, C=MU
2022-01-24 12:31:00,031 INFO com.bornfire.config.CronJobScheduler [scheduling-1] LDAP Cert:Success
2022-01-24 12:32:00,021 INFO com.bornfire.config.CronJobScheduler$CertMapper [scheduling-1] 0------
2022-01-24 12:32:00,023 INFO com.bornfire.config.CronJobScheduler$CertMapper [scheduling-1] Mapper[B@3d483ef0
2022-01-24 12:32:00,033 INFO com.bornfire.config.CronJobScheduler$CertMapper [scheduling-1] EMAILADDRESS=cert_publisher_test@ips.maucas.mu, CN=BOMMMUPLXIPS, O=BOMM, L=Port-Louis, C=MU
2022-01-24 12:32:00,034 INFO com.bornfire.config.CronJobScheduler [scheduling-1] LDAP Cert:Success
2022-01-24 12:33:00,022 INFO com.bornfire.config.CronJobScheduler$CertMapper [scheduling-1] 0------
2022-01-24 12:33:00,022 INFO com.bornfire.config.CronJobScheduler$CertMapper [scheduling-1] Mapper[B@6f15fdc7
2022-01-24 12:33:00,026 INFO com.bornfire.config.CronJobScheduler$CertMapper [scheduling-1] EMAILADDRESS=cert_publisher_test@ips.maucas.mu, CN=BOMMMUPLXIPS, O=BOMM, L=Port-Louis, C=MU
2022-01-24 12:33:00,026 INFO com.bornfire.config.CronJobScheduler [scheduling-1] LDAP Cert:Success
2022-01-24 12:34:00,022 INFO com.bornfire.config.CronJobScheduler$CertMapper [scheduling-1] 0------
2022-01-24 12:34:00,023 INFO com.bornfire.config.CronJobScheduler$CertMapper [scheduling-1] Mapper[B@47784e7d
2022-01-24 12:34:00,030 INFO com.bornfire.config.CronJobScheduler$CertMapper [scheduling-1] EMAILADDRESS=cert_publisher_test@ips.maucas.mu, CN=BOMMMUPLXIPS, O=BOMM, L=Port-Louis, C=MU
2022-01-24 12:34:00,030 INFO com.bornfire.config.CronJobScheduler [scheduling-1] LDAP Cert:Success
2022-01-24 12:35:00,020 INFO com.bornfire.config.CronJobScheduler$CertMapper [scheduling-1] 0------
2022-01-24 12:35:00,020 INFO com.bornfire.config.CronJobScheduler$CertMapper [scheduling-1] Mapper[B@45973539
2022-01-24 12:35:00,025 INFO com.bornfire.config.CronJobScheduler$CertMapper [scheduling-1] EMAILADDRESS=cert_publisher_test@ips.maucas.mu, CN=BOMMMUPLXIPS, O=BOMM, L=Port-Louis, C=MU
2022-01-24 12:35:00,026 INFO com.bornfire.config.CronJobScheduler [scheduling-1] LDAP Cert:Success
2022-01-24 12:36:00,022 INFO com.bornfire.config.CronJobScheduler$CertMapper [scheduling-1] 0------
2022-01-24 12:36:00,023 INFO com.bornfire.config.CronJobScheduler$CertMapper [scheduling-1] Mapper[B@39d42cc5
2022-01-24 12:36:00,031 INFO com.bornfire.config.CronJobScheduler$CertMapper [scheduling-1] EMAILADDRESS=cert_publisher_test@ips.maucas.mu, CN=BOMMMUPLXIPS, O=BOMM, L=Port-Louis, C=MU
2022-01-24 12:36:00,032 INFO com.bornfire.config.CronJobScheduler [scheduling-1] LDAP Cert:Success
2022-01-24 12:37:00,021 INFO com.bornfire.config.CronJobScheduler$CertMapper [scheduling-1] 0------
2022-01-24 12:37:00,022 INFO com.bornfire.config.CronJobScheduler$CertMapper [scheduling-1] Mapper[B@796f15fd
2022-01-24 12:37:00,029 INFO com.bornfire.config.CronJobScheduler$CertMapper [scheduling-1] EMAILADDRESS=cert_publisher_test@ips.maucas.mu, CN=BOMMMUPLXIPS, O=BOMM, L=Port-Louis, C=MU
2022-01-24 12:37:00,030 INFO com.bornfire.config.CronJobScheduler [scheduling-1] LDAP Cert:Success
2022-01-24 12:38:00,021 INFO com.bornfire.config.CronJobScheduler$CertMapper [scheduling-1] 0------
2022-01-24 12:38:00,022 INFO com.bornfire.config.CronJobScheduler$CertMapper [scheduling-1] Mapper[B@7ce1b70b
2022-01-24 12:38:00,025 INFO com.bornfire.config.CronJobScheduler$CertMapper [scheduling-1] EMAILADDRESS=cert_publisher_test@ips.maucas.mu, CN=BOMMMUPLXIPS, O=BOMM, L=Port-Louis, C=MU
2022-01-24 12:38:00,025 INFO com.bornfire.config.CronJobScheduler [scheduling-1] LDAP Cert:Success
2022-01-24 12:39:00,025 INFO com.bornfire.config.CronJobScheduler$CertMapper [scheduling-1] 0------
2022-01-24 12:39:00,025 INFO com.bornfire.config.CronJobScheduler$CertMapper [scheduling-1] Mapper[B@a36b53
2022-01-24 12:39:00,029 INFO com.bornfire.config.CronJobScheduler$CertMapper [scheduling-1] EMAILADDRESS=cert_publisher_test@ips.maucas.mu, CN=BOMMMUPLXIPS, O=BOMM, L=Port-Louis, C=MU
2022-01-24 12:39:00,029 INFO com.bornfire.config.CronJobScheduler [scheduling-1] LDAP Cert:Success
2022-01-24 12:40:00,029 INFO com.bornfire.config.CronJobScheduler$CertMapper [scheduling-1] 0------
2022-01-24 12:40:00,029 INFO com.bornfire.config.CronJobScheduler$CertMapper [scheduling-1] Mapper[B@1889cd86
2022-01-24 12:40:00,034 INFO com.bornfire.config.CronJobScheduler$CertMapper [scheduling-1] EMAILADDRESS=cert_publisher_test@ips.maucas.mu, CN=BOMMMUPLXIPS, O=BOMM, L=Port-Louis, C=MU
2022-01-24 12:40:00,035 INFO com.bornfire.config.CronJobScheduler [scheduling-1] LDAP Cert:Success
2022-01-24 12:41:00,023 INFO com.bornfire.config.CronJobScheduler$CertMapper [scheduling-1] 0------
2022-01-24 12:41:00,023 INFO com.bornfire.config.CronJobScheduler$CertMapper [scheduling-1] Mapper[B@1948f397
2022-01-24 12:41:00,027 INFO com.bornfire.config.CronJobScheduler$CertMapper [scheduling-1] EMAILADDRESS=cert_publisher_test@ips.maucas.mu, CN=BOMMMUPLXIPS, O=BOMM, L=Port-Louis, C=MU
2022-01-24 12:41:00,027 INFO com.bornfire.config.CronJobScheduler [scheduling-1] LDAP Cert:Success
2022-01-24 12:42:00,024 INFO com.bornfire.config.CronJobScheduler$CertMapper [scheduling-1] 0------
2022-01-24 12:42:00,024 INFO com.bornfire.config.CronJobScheduler$CertMapper [scheduling-1] Mapper[B@68e0465a
2022-01-24 12:42:00,030 INFO com.bornfire.config.CronJobScheduler$CertMapper [scheduling-1] EMAILADDRESS=cert_publisher_test@ips.maucas.mu, CN=BOMMMUPLXIPS, O=BOMM, L=Port-Louis, C=MU
2022-01-24 12:42:00,031 INFO com.bornfire.config.CronJobScheduler [scheduling-1] LDAP Cert:Success
2022-01-24 12:43:00,020 INFO com.bornfire.config.CronJobScheduler$CertMapper [scheduling-1] 0------
2022-01-24 12:43:00,021 INFO com.bornfire.config.CronJobScheduler$CertMapper [scheduling-1] Mapper[B@738251e6
2022-01-24 12:43:00,024 INFO com.bornfire.config.CronJobScheduler$CertMapper [scheduling-1] EMAILADDRESS=cert_publisher_test@ips.maucas.mu, CN=BOMMMUPLXIPS, O=BOMM, L=Port-Louis, C=MU
2022-01-24 12:43:00,025 INFO com.bornfire.config.CronJobScheduler [scheduling-1] LDAP Cert:Success
2022-01-24 12:44:00,022 INFO com.bornfire.config.CronJobScheduler$CertMapper [scheduling-1] 0------
2022-01-24 12:44:00,023 INFO com.bornfire.config.CronJobScheduler$CertMapper [scheduling-1] Mapper[B@253147ed
2022-01-24 12:44:00,028 INFO com.bornfire.config.CronJobScheduler$CertMapper [scheduling-1] EMAILADDRESS=cert_publisher_test@ips.maucas.mu, CN=BOMMMUPLXIPS, O=BOMM, L=Port-Louis, C=MU
2022-01-24 12:44:00,028 INFO com.bornfire.config.CronJobScheduler [scheduling-1] LDAP Cert:Success
2022-01-24 12:45:00,021 INFO com.bornfire.config.CronJobScheduler$CertMapper [scheduling-1] 0------
2022-01-24 12:45:00,021 INFO com.bornfire.config.CronJobScheduler$CertMapper [scheduling-1] Mapper[B@7bbbdc97
2022-01-24 12:45:00,026 INFO com.bornfire.config.CronJobScheduler$CertMapper [scheduling-1] EMAILADDRESS=cert_publisher_test@ips.maucas.mu, CN=BOMMMUPLXIPS, O=BOMM, L=Port-Louis, C=MU
2022-01-24 12:45:00,027 INFO com.bornfire.config.CronJobScheduler [scheduling-1] LDAP Cert:Success
2022-01-24 12:46:00,021 INFO com.bornfire.config.CronJobScheduler$CertMapper [scheduling-1] 0------
2022-01-24 12:46:00,022 INFO com.bornfire.config.CronJobScheduler$CertMapper [scheduling-1] Mapper[B@1183972c
2022-01-24 12:46:00,028 INFO com.bornfire.config.CronJobScheduler$CertMapper [scheduling-1] EMAILADDRESS=cert_publisher_test@ips.maucas.mu, CN=BOMMMUPLXIPS, O=BOMM, L=Port-Louis, C=MU
2022-01-24 12:46:00,028 INFO com.bornfire.config.CronJobScheduler [scheduling-1] LDAP Cert:Success
2022-01-24 12:47:00,022 INFO com.bornfire.config.CronJobScheduler$CertMapper [scheduling-1] 0------
2022-01-24 12:47:00,022 INFO com.bornfire.config.CronJobScheduler$CertMapper [scheduling-1] Mapper[B@70efe99b
2022-01-24 12:47:00,028 INFO com.bornfire.config.CronJobScheduler$CertMapper [scheduling-1] EMAILADDRESS=cert_publisher_test@ips.maucas.mu, CN=BOMMMUPLXIPS, O=BOMM, L=Port-Louis, C=MU
2022-01-24 12:47:00,029 INFO com.bornfire.config.CronJobScheduler [scheduling-1] LDAP Cert:Success
2022-01-24 12:48:00,021 INFO com.bornfire.config.CronJobScheduler$CertMapper [scheduling-1] 0------
2022-01-24 12:48:00,022 INFO com.bornfire.config.CronJobScheduler$CertMapper [scheduling-1] Mapper[B@5f4ed644
2022-01-24 12:48:00,027 INFO com.bornfire.config.CronJobScheduler$CertMapper [scheduling-1] EMAILADDRESS=cert_publisher_test@ips.maucas.mu, CN=BOMMMUPLXIPS, O=BOMM, L=Port-Louis, C=MU
2022-01-24 12:48:00,028 INFO com.bornfire.config.CronJobScheduler [scheduling-1] LDAP Cert:Success
2022-01-24 12:49:00,020 INFO com.bornfire.config.CronJobScheduler$CertMapper [scheduling-1] 0------
2022-01-24 12:49:00,021 INFO com.bornfire.config.CronJobScheduler$CertMapper [scheduling-1] Mapper[B@7ab4e65e
2022-01-24 12:49:00,029 INFO com.bornfire.config.CronJobScheduler$CertMapper [scheduling-1] EMAILADDRESS=cert_publisher_test@ips.maucas.mu, CN=BOMMMUPLXIPS, O=BOMM, L=Port-Louis, C=MU
2022-01-24 12:49:00,030 INFO com.bornfire.config.CronJobScheduler [scheduling-1] LDAP Cert:Success
2022-01-24 12:50:00,024 INFO com.bornfire.config.CronJobScheduler$CertMapper [scheduling-1] 0------
2022-01-24 12:50:00,024 INFO com.bornfire.config.CronJobScheduler$CertMapper [scheduling-1] Mapper[B@770334d3
2022-01-24 12:50:00,028 INFO com.bornfire.config.CronJobScheduler$CertMapper [scheduling-1] EMAILADDRESS=cert_publisher_test@ips.maucas.mu, CN=BOMMMUPLXIPS, O=BOMM, L=Port-Louis, C=MU
2022-01-24 12:50:00,029 INFO com.bornfire.config.CronJobScheduler [scheduling-1] LDAP Cert:Success
2022-01-24 12:51:00,025 INFO com.bornfire.config.CronJobScheduler$CertMapper [scheduling-1] 0------
2022-01-24 12:51:00,025 INFO com.bornfire.config.CronJobScheduler$CertMapper [scheduling-1] Mapper[B@782fa899
2022-01-24 12:51:00,034 INFO com.bornfire.config.CronJobScheduler$CertMapper [scheduling-1] EMAILADDRESS=cert_publisher_test@ips.maucas.mu, CN=BOMMMUPLXIPS, O=BOMM, L=Port-Louis, C=MU
2022-01-24 12:51:00,035 INFO com.bornfire.config.CronJobScheduler [scheduling-1] LDAP Cert:Success
2022-01-24 12:52:00,018 INFO com.bornfire.config.CronJobScheduler$CertMapper [scheduling-1] 0------
2022-01-24 12:52:00,019 INFO com.bornfire.config.CronJobScheduler$CertMapper [scheduling-1] Mapper[B@51fabd2e
2022-01-24 12:52:00,023 INFO com.bornfire.config.CronJobScheduler$CertMapper [scheduling-1] EMAILADDRESS=cert_publisher_test@ips.maucas.mu, CN=BOMMMUPLXIPS, O=BOMM, L=Port-Louis, C=MU
2022-01-24 12:52:00,023 INFO com.bornfire.config.CronJobScheduler [scheduling-1] LDAP Cert:Success
2022-01-24 12:53:00,021 INFO com.bornfire.config.CronJobScheduler$CertMapper [scheduling-1] 0------
2022-01-24 12:53:00,022 INFO com.bornfire.config.CronJobScheduler$CertMapper [scheduling-1] Mapper[B@c213759
2022-01-24 12:53:00,028 INFO com.bornfire.config.CronJobScheduler$CertMapper [scheduling-1] EMAILADDRESS=cert_publisher_test@ips.maucas.mu, CN=BOMMMUPLXIPS, O=BOMM, L=Port-Louis, C=MU
2022-01-24 12:53:00,028 INFO com.bornfire.config.CronJobScheduler [scheduling-1] LDAP Cert:Success
2022-01-24 12:54:00,022 INFO com.bornfire.config.CronJobScheduler$CertMapper [scheduling-1] 0------
2022-01-24 12:54:00,022 INFO com.bornfire.config.CronJobScheduler$CertMapper [scheduling-1] Mapper[B@62ea2fa2
2022-01-24 12:54:00,028 INFO com.bornfire.config.CronJobScheduler$CertMapper [scheduling-1] EMAILADDRESS=cert_publisher_test@ips.maucas.mu, CN=BOMMMUPLXIPS, O=BOMM, L=Port-Louis, C=MU
2022-01-24 12:54:00,028 INFO com.bornfire.config.CronJobScheduler [scheduling-1] LDAP Cert:Success
2022-01-24 12:55:00,021 INFO com.bornfire.config.CronJobScheduler$CertMapper [scheduling-1] 0------
2022-01-24 12:55:00,022 INFO com.bornfire.config.CronJobScheduler$CertMapper [scheduling-1] Mapper[B@67043806
2022-01-24 12:55:00,026 INFO com.bornfire.config.CronJobScheduler$CertMapper [scheduling-1] EMAILADDRESS=cert_publisher_test@ips.maucas.mu, CN=BOMMMUPLXIPS, O=BOMM, L=Port-Louis, C=MU
2022-01-24 12:55:00,027 INFO com.bornfire.config.CronJobScheduler [scheduling-1] LDAP Cert:Success
2022-01-24 12:56:00,020 INFO com.bornfire.config.CronJobScheduler$CertMapper [scheduling-1] 0------
2022-01-24 12:56:00,021 INFO com.bornfire.config.CronJobScheduler$CertMapper [scheduling-1] Mapper[B@6313ea05
2022-01-24 12:56:00,024 INFO com.bornfire.config.CronJobScheduler$CertMapper [scheduling-1] EMAILADDRESS=cert_publisher_test@ips.maucas.mu, CN=BOMMMUPLXIPS, O=BOMM, L=Port-Louis, C=MU
2022-01-24 12:56:00,025 INFO com.bornfire.config.CronJobScheduler [scheduling-1] LDAP Cert:Success
2022-01-24 12:57:00,024 INFO com.bornfire.config.CronJobScheduler$CertMapper [scheduling-1] 0------
2022-01-24 12:57:00,025 INFO com.bornfire.config.CronJobScheduler$CertMapper [scheduling-1] Mapper[B@660d82c1
2022-01-24 12:57:00,032 INFO com.bornfire.config.CronJobScheduler$CertMapper [scheduling-1] EMAILADDRESS=cert_publisher_test@ips.maucas.mu, CN=BOMMMUPLXIPS, O=BOMM, L=Port-Louis, C=MU
2022-01-24 12:57:00,032 INFO com.bornfire.config.CronJobScheduler [scheduling-1] LDAP Cert:Success
2022-01-24 12:58:00,022 INFO com.bornfire.config.CronJobScheduler$CertMapper [scheduling-1] 0------
2022-01-24 12:58:00,023 INFO com.bornfire.config.CronJobScheduler$CertMapper [scheduling-1] Mapper[B@5529369d
2022-01-24 12:58:00,027 INFO com.bornfire.config.CronJobScheduler$CertMapper [scheduling-1] EMAILADDRESS=cert_publisher_test@ips.maucas.mu, CN=BOMMMUPLXIPS, O=BOMM, L=Port-Louis, C=MU
2022-01-24 12:58:00,028 INFO com.bornfire.config.CronJobScheduler [scheduling-1] LDAP Cert:Success
2022-01-24 12:59:00,017 INFO com.bornfire.config.CronJobScheduler$CertMapper [scheduling-1] 0------
2022-01-24 12:59:00,018 INFO com.bornfire.config.CronJobScheduler$CertMapper [scheduling-1] Mapper[B@13abf036
2022-01-24 12:59:00,021 INFO com.bornfire.config.CronJobScheduler$CertMapper [scheduling-1] EMAILADDRESS=cert_publisher_test@ips.maucas.mu, CN=BOMMMUPLXIPS, O=BOMM, L=Port-Louis, C=MU
2022-01-24 12:59:00,022 INFO com.bornfire.config.CronJobScheduler [scheduling-1] LDAP Cert:Success
2022-01-24 13:00:00,019 INFO com.bornfire.config.CronJobScheduler$CertMapper [scheduling-1] 0------
2022-01-24 13:00:00,020 INFO com.bornfire.config.CronJobScheduler$CertMapper [scheduling-1] Mapper[B@6f147384
2022-01-24 13:00:00,024 INFO com.bornfire.config.CronJobScheduler$CertMapper [scheduling-1] EMAILADDRESS=cert_publisher_test@ips.maucas.mu, CN=BOMMMUPLXIPS, O=BOMM, L=Port-Louis, C=MU
2022-01-24 13:00:00,025 INFO com.bornfire.config.CronJobScheduler [scheduling-1] LDAP Cert:Success
2022-01-24 13:01:00,018 INFO com.bornfire.config.CronJobScheduler$CertMapper [scheduling-1] 0------
2022-01-24 13:01:00,018 INFO com.bornfire.config.CronJobScheduler$CertMapper [scheduling-1] Mapper[B@6585ff2d
2022-01-24 13:01:00,022 INFO com.bornfire.config.CronJobScheduler$CertMapper [scheduling-1] EMAILADDRESS=cert_publisher_test@ips.maucas.mu, CN=BOMMMUPLXIPS, O=BOMM, L=Port-Louis, C=MU
2022-01-24 13:01:00,023 INFO com.bornfire.config.CronJobScheduler [scheduling-1] LDAP Cert:Success
2022-01-24 13:02:00,021 INFO com.bornfire.config.CronJobScheduler$CertMapper [scheduling-1] 0------
2022-01-24 13:02:00,022 INFO com.bornfire.config.CronJobScheduler$CertMapper [scheduling-1] Mapper[B@7904b0de
2022-01-24 13:02:00,033 INFO com.bornfire.config.CronJobScheduler$CertMapper [scheduling-1] EMAILADDRESS=cert_publisher_test@ips.maucas.mu, CN=BOMMMUPLXIPS, O=BOMM, L=Port-Louis, C=MU
2022-01-24 13:02:00,033 INFO com.bornfire.config.CronJobScheduler [scheduling-1] LDAP Cert:Success
2022-01-24 13:03:00,021 INFO com.bornfire.config.CronJobScheduler$CertMapper [scheduling-1] 0------
2022-01-24 13:03:00,022 INFO com.bornfire.config.CronJobScheduler$CertMapper [scheduling-1] Mapper[B@3562d588
2022-01-24 13:03:00,031 INFO com.bornfire.config.CronJobScheduler$CertMapper [scheduling-1] EMAILADDRESS=cert_publisher_test@ips.maucas.mu, CN=BOMMMUPLXIPS, O=BOMM, L=Port-Louis, C=MU
2022-01-24 13:03:00,031 INFO com.bornfire.config.CronJobScheduler [scheduling-1] LDAP Cert:Success
2022-01-24 13:04:00,020 INFO com.bornfire.config.CronJobScheduler$CertMapper [scheduling-1] 0------
2022-01-24 13:04:00,020 INFO com.bornfire.config.CronJobScheduler$CertMapper [scheduling-1] Mapper[B@79a608f3
2022-01-24 13:04:00,024 INFO com.bornfire.config.CronJobScheduler$CertMapper [scheduling-1] EMAILADDRESS=cert_publisher_test@ips.maucas.mu, CN=BOMMMUPLXIPS, O=BOMM, L=Port-Louis, C=MU
2022-01-24 13:04:00,024 INFO com.bornfire.config.CronJobScheduler [scheduling-1] LDAP Cert:Success
2022-01-24 13:05:00,028 INFO com.bornfire.config.CronJobScheduler$CertMapper [scheduling-1] 0------
2022-01-24 13:05:00,028 INFO com.bornfire.config.CronJobScheduler$CertMapper [scheduling-1] Mapper[B@3390ec7d
2022-01-24 13:05:00,031 INFO com.bornfire.config.CronJobScheduler$CertMapper [scheduling-1] EMAILADDRESS=cert_publisher_test@ips.maucas.mu, CN=BOMMMUPLXIPS, O=BOMM, L=Port-Louis, C=MU
2022-01-24 13:05:00,032 INFO com.bornfire.config.CronJobScheduler [scheduling-1] LDAP Cert:Success
2022-01-24 13:06:00,027 INFO com.bornfire.config.CronJobScheduler$CertMapper [scheduling-1] 0------
2022-01-24 13:06:00,027 INFO com.bornfire.config.CronJobScheduler$CertMapper [scheduling-1] Mapper[B@6f4e2891
2022-01-24 13:06:00,033 INFO com.bornfire.config.CronJobScheduler$CertMapper [scheduling-1] EMAILADDRESS=cert_publisher_test@ips.maucas.mu, CN=BOMMMUPLXIPS, O=BOMM, L=Port-Louis, C=MU
2022-01-24 13:06:00,033 INFO com.bornfire.config.CronJobScheduler [scheduling-1] LDAP Cert:Success
2022-01-24 13:07:00,025 INFO com.bornfire.config.CronJobScheduler$CertMapper [scheduling-1] 0------
2022-01-24 13:07:00,026 INFO com.bornfire.config.CronJobScheduler$CertMapper [scheduling-1] Mapper[B@4ca37e65
2022-01-24 13:07:00,032 INFO com.bornfire.config.CronJobScheduler$CertMapper [scheduling-1] EMAILADDRESS=cert_publisher_test@ips.maucas.mu, CN=BOMMMUPLXIPS, O=BOMM, L=Port-Louis, C=MU
2022-01-24 13:07:00,033 INFO com.bornfire.config.CronJobScheduler [scheduling-1] LDAP Cert:Success
2022-01-24 13:08:00,022 INFO com.bornfire.config.CronJobScheduler$CertMapper [scheduling-1] 0------
2022-01-24 13:08:00,023 INFO com.bornfire.config.CronJobScheduler$CertMapper [scheduling-1] Mapper[B@50b0692
2022-01-24 13:08:00,031 INFO com.bornfire.config.CronJobScheduler$CertMapper [scheduling-1] EMAILADDRESS=cert_publisher_test@ips.maucas.mu, CN=BOMMMUPLXIPS, O=BOMM, L=Port-Louis, C=MU
2022-01-24 13:08:00,032 INFO com.bornfire.config.CronJobScheduler [scheduling-1] LDAP Cert:Success
2022-01-24 13:09:00,026 INFO com.bornfire.config.CronJobScheduler$CertMapper [scheduling-1] 0------
2022-01-24 13:09:00,027 INFO com.bornfire.config.CronJobScheduler$CertMapper [scheduling-1] Mapper[B@314cf14a
2022-01-24 13:09:00,033 INFO com.bornfire.config.CronJobScheduler$CertMapper [scheduling-1] EMAILADDRESS=cert_publisher_test@ips.maucas.mu, CN=BOMMMUPLXIPS, O=BOMM, L=Port-Louis, C=MU
2022-01-24 13:09:00,033 INFO com.bornfire.config.CronJobScheduler [scheduling-1] LDAP Cert:Success
2022-01-24 13:10:00,028 INFO com.bornfire.config.CronJobScheduler$CertMapper [scheduling-1] 0------
2022-01-24 13:10:00,029 INFO com.bornfire.config.CronJobScheduler$CertMapper [scheduling-1] Mapper[B@2f584d52
2022-01-24 13:10:00,038 INFO com.bornfire.config.CronJobScheduler$CertMapper [scheduling-1] EMAILADDRESS=cert_publisher_test@ips.maucas.mu, CN=BOMMMUPLXIPS, O=BOMM, L=Port-Louis, C=MU
2022-01-24 13:10:00,038 INFO com.bornfire.config.CronJobScheduler [scheduling-1] LDAP Cert:Success
2022-01-24 13:11:00,020 INFO com.bornfire.config.CronJobScheduler$CertMapper [scheduling-1] 0------
2022-01-24 13:11:00,021 INFO com.bornfire.config.CronJobScheduler$CertMapper [scheduling-1] Mapper[B@785f5e8a
2022-01-24 13:11:00,029 INFO com.bornfire.config.CronJobScheduler$CertMapper [scheduling-1] EMAILADDRESS=cert_publisher_test@ips.maucas.mu, CN=BOMMMUPLXIPS, O=BOMM, L=Port-Louis, C=MU
2022-01-24 13:11:00,030 INFO com.bornfire.config.CronJobScheduler [scheduling-1] LDAP Cert:Success
2022-01-24 13:12:00,019 INFO com.bornfire.config.CronJobScheduler$CertMapper [scheduling-1] 0------
2022-01-24 13:12:00,020 INFO com.bornfire.config.CronJobScheduler$CertMapper [scheduling-1] Mapper[B@253de885
2022-01-24 13:12:00,025 INFO com.bornfire.config.CronJobScheduler$CertMapper [scheduling-1] EMAILADDRESS=cert_publisher_test@ips.maucas.mu, CN=BOMMMUPLXIPS, O=BOMM, L=Port-Louis, C=MU
2022-01-24 13:12:00,026 INFO com.bornfire.config.CronJobScheduler [scheduling-1] LDAP Cert:Success
2022-01-24 13:13:00,014 INFO com.bornfire.config.CronJobScheduler$CertMapper [scheduling-1] 0------
2022-01-24 13:13:00,015 INFO com.bornfire.config.CronJobScheduler$CertMapper [scheduling-1] Mapper[B@732d9bc9
2022-01-24 13:13:00,021 INFO com.bornfire.config.CronJobScheduler$CertMapper [scheduling-1] EMAILADDRESS=cert_publisher_test@ips.maucas.mu, CN=BOMMMUPLXIPS, O=BOMM, L=Port-Louis, C=MU
2022-01-24 13:13:00,022 INFO com.bornfire.config.CronJobScheduler [scheduling-1] LDAP Cert:Success
2022-01-24 13:14:00,023 INFO com.bornfire.config.CronJobScheduler$CertMapper [scheduling-1] 0------
2022-01-24 13:14:00,024 INFO com.bornfire.config.CronJobScheduler$CertMapper [scheduling-1] Mapper[B@1e727a23
2022-01-24 13:14:00,035 INFO com.bornfire.config.CronJobScheduler$CertMapper [scheduling-1] EMAILADDRESS=cert_publisher_test@ips.maucas.mu, CN=BOMMMUPLXIPS, O=BOMM, L=Port-Louis, C=MU
2022-01-24 13:14:00,036 INFO com.bornfire.config.CronJobScheduler [scheduling-1] LDAP Cert:Success
2022-01-24 13:15:00,027 INFO com.bornfire.config.CronJobScheduler$CertMapper [scheduling-1] 0------
2022-01-24 13:15:00,027 INFO com.bornfire.config.CronJobScheduler$CertMapper [scheduling-1] Mapper[B@1cdbdc69
2022-01-24 13:15:00,033 INFO com.bornfire.config.CronJobScheduler$CertMapper [scheduling-1] EMAILADDRESS=cert_publisher_test@ips.maucas.mu, CN=BOMMMUPLXIPS, O=BOMM, L=Port-Louis, C=MU
2022-01-24 13:15:00,034 INFO com.bornfire.config.CronJobScheduler [scheduling-1] LDAP Cert:Success
2022-01-24 13:16:00,021 INFO com.bornfire.config.CronJobScheduler$CertMapper [scheduling-1] 0------
2022-01-24 13:16:00,022 INFO com.bornfire.config.CronJobScheduler$CertMapper [scheduling-1] Mapper[B@56e866b7
2022-01-24 13:16:00,026 INFO com.bornfire.config.CronJobScheduler$CertMapper [scheduling-1] EMAILADDRESS=cert_publisher_test@ips.maucas.mu, CN=BOMMMUPLXIPS, O=BOMM, L=Port-Louis, C=MU
2022-01-24 13:16:00,026 INFO com.bornfire.config.CronJobScheduler [scheduling-1] LDAP Cert:Success
2022-01-24 13:17:00,022 INFO com.bornfire.config.CronJobScheduler$CertMapper [scheduling-1] 0------
2022-01-24 13:17:00,023 INFO com.bornfire.config.CronJobScheduler$CertMapper [scheduling-1] Mapper[B@49044c70
2022-01-24 13:17:00,027 INFO com.bornfire.config.CronJobScheduler$CertMapper [scheduling-1] EMAILADDRESS=cert_publisher_test@ips.maucas.mu, CN=BOMMMUPLXIPS, O=BOMM, L=Port-Louis, C=MU
2022-01-24 13:17:00,028 INFO com.bornfire.config.CronJobScheduler [scheduling-1] LDAP Cert:Success
2022-01-24 13:18:00,024 INFO com.bornfire.config.CronJobScheduler$CertMapper [scheduling-1] 0------
2022-01-24 13:18:00,025 INFO com.bornfire.config.CronJobScheduler$CertMapper [scheduling-1] Mapper[B@442a8411
2022-01-24 13:18:00,034 INFO com.bornfire.config.CronJobScheduler$CertMapper [scheduling-1] EMAILADDRESS=cert_publisher_test@ips.maucas.mu, CN=BOMMMUPLXIPS, O=BOMM, L=Port-Louis, C=MU
2022-01-24 13:18:00,034 INFO com.bornfire.config.CronJobScheduler [scheduling-1] LDAP Cert:Success
2022-01-24 13:19:00,023 INFO com.bornfire.config.CronJobScheduler$CertMapper [scheduling-1] 0------
2022-01-24 13:19:00,023 INFO com.bornfire.config.CronJobScheduler$CertMapper [scheduling-1] Mapper[B@6d03069
2022-01-24 13:19:00,033 INFO com.bornfire.config.CronJobScheduler$CertMapper [scheduling-1] EMAILADDRESS=cert_publisher_test@ips.maucas.mu, CN=BOMMMUPLXIPS, O=BOMM, L=Port-Louis, C=MU
2022-01-24 13:19:00,033 INFO com.bornfire.config.CronJobScheduler [scheduling-1] LDAP Cert:Success
2022-01-24 13:20:00,029 INFO com.bornfire.config.CronJobScheduler$CertMapper [scheduling-1] 0------
2022-01-24 13:20:00,029 INFO com.bornfire.config.CronJobScheduler$CertMapper [scheduling-1] Mapper[B@131833da
2022-01-24 13:20:00,037 INFO com.bornfire.config.CronJobScheduler$CertMapper [scheduling-1] EMAILADDRESS=cert_publisher_test@ips.maucas.mu, CN=BOMMMUPLXIPS, O=BOMM, L=Port-Louis, C=MU
2022-01-24 13:20:00,037 INFO com.bornfire.config.CronJobScheduler [scheduling-1] LDAP Cert:Success
2022-01-24 13:21:00,022 INFO com.bornfire.config.CronJobScheduler$CertMapper [scheduling-1] 0------
2022-01-24 13:21:00,023 INFO com.bornfire.config.CronJobScheduler$CertMapper [scheduling-1] Mapper[B@78149a05
2022-01-24 13:21:00,032 INFO com.bornfire.config.CronJobScheduler$CertMapper [scheduling-1] EMAILADDRESS=cert_publisher_test@ips.maucas.mu, CN=BOMMMUPLXIPS, O=BOMM, L=Port-Louis, C=MU
2022-01-24 13:21:00,032 INFO com.bornfire.config.CronJobScheduler [scheduling-1] LDAP Cert:Success
2022-01-24 13:22:00,023 INFO com.bornfire.config.CronJobScheduler$CertMapper [scheduling-1] 0------
2022-01-24 13:22:00,024 INFO com.bornfire.config.CronJobScheduler$CertMapper [scheduling-1] Mapper[B@688e931a
2022-01-24 13:22:00,028 INFO com.bornfire.config.CronJobScheduler$CertMapper [scheduling-1] EMAILADDRESS=cert_publisher_test@ips.maucas.mu, CN=BOMMMUPLXIPS, O=BOMM, L=Port-Louis, C=MU
2022-01-24 13:22:00,028 INFO com.bornfire.config.CronJobScheduler [scheduling-1] LDAP Cert:Success
2022-01-24 13:23:00,024 INFO com.bornfire.config.CronJobScheduler$CertMapper [scheduling-1] 0------
2022-01-24 13:23:00,025 INFO com.bornfire.config.CronJobScheduler$CertMapper [scheduling-1] Mapper[B@6f5aa51a
2022-01-24 13:23:00,034 INFO com.bornfire.config.CronJobScheduler$CertMapper [scheduling-1] EMAILADDRESS=cert_publisher_test@ips.maucas.mu, CN=BOMMMUPLXIPS, O=BOMM, L=Port-Louis, C=MU
2022-01-24 13:23:00,034 INFO com.bornfire.config.CronJobScheduler [scheduling-1] LDAP Cert:Success
2022-01-24 13:24:00,021 INFO com.bornfire.config.CronJobScheduler$CertMapper [scheduling-1] 0------
2022-01-24 13:24:00,023 INFO com.bornfire.config.CronJobScheduler$CertMapper [scheduling-1] Mapper[B@3d0ecdc8
2022-01-24 13:24:00,030 INFO com.bornfire.config.CronJobScheduler$CertMapper [scheduling-1] EMAILADDRESS=cert_publisher_test@ips.maucas.mu, CN=BOMMMUPLXIPS, O=BOMM, L=Port-Louis, C=MU
2022-01-24 13:24:00,031 INFO com.bornfire.config.CronJobScheduler [scheduling-1] LDAP Cert:Success
2022-01-24 13:25:00,021 INFO com.bornfire.config.CronJobScheduler$CertMapper [scheduling-1] 0------
2022-01-24 13:25:00,022 INFO com.bornfire.config.CronJobScheduler$CertMapper [scheduling-1] Mapper[B@6116acde
2022-01-24 13:25:00,029 INFO com.bornfire.config.CronJobScheduler$CertMapper [scheduling-1] EMAILADDRESS=cert_publisher_test@ips.maucas.mu, CN=BOMMMUPLXIPS, O=BOMM, L=Port-Louis, C=MU
2022-01-24 13:25:00,029 INFO com.bornfire.config.CronJobScheduler [scheduling-1] LDAP Cert:Success
2022-01-24 13:26:00,019 INFO com.bornfire.config.CronJobScheduler$CertMapper [scheduling-1] 0------
2022-01-24 13:26:00,020 INFO com.bornfire.config.CronJobScheduler$CertMapper [scheduling-1] Mapper[B@7d9cf5a5
2022-01-24 13:26:00,025 INFO com.bornfire.config.CronJobScheduler$CertMapper [scheduling-1] EMAILADDRESS=cert_publisher_test@ips.maucas.mu, CN=BOMMMUPLXIPS, O=BOMM, L=Port-Louis, C=MU
2022-01-24 13:26:00,025 INFO com.bornfire.config.CronJobScheduler [scheduling-1] LDAP Cert:Success
