2022-01-20 17:01:25,211 INFO org.springframework.boot.StartupInfoLogger [main] Starting IpsPayApplication on HO-BIPSAPPUAT01 with PID 65784 (C:\Users\Ext_KalaivananR\git\BIPSCIMPAY\target\classes started by Ext_KalaivananR in C:\Users\Ext_KalaivananR\git\BIPSCIMPAY)
2022-01-20 17:01:25,221 DEBUG org.springframework.boot.StartupInfoLogger [main] Running with Spring Boot v2.2.4.RELEASE, Spring v5.2.3.RELEASE
2022-01-20 17:01:25,221 INFO org.springframework.boot.SpringApplication [main] No active profile set, falling back to default profiles: default
2022-01-20 17:01:28,234 INFO org.springframework.data.repository.config.RepositoryConfigurationDelegate [main] Multiple Spring Data modules found, entering strict repository configuration mode!
2022-01-20 17:01:28,236 INFO org.springframework.data.repository.config.RepositoryConfigurationDelegate [main] Bootstrapping Spring Data JPA repositories in DEFAULT mode.
2022-01-20 17:01:28,454 INFO org.springframework.data.repository.config.RepositoryConfigurationDelegate [main] Finished Spring Data repository scanning in 208ms. Found 36 JPA repository interfaces.
2022-01-20 17:01:29,339 INFO org.springframework.data.repository.config.RepositoryConfigurationDelegate [main] Multiple Spring Data modules found, entering strict repository configuration mode!
2022-01-20 17:01:29,340 INFO org.springframework.data.repository.config.RepositoryConfigurationDelegate [main] Bootstrapping Spring Data LDAP repositories in DEFAULT mode.
2022-01-20 17:01:29,474 INFO org.springframework.data.repository.config.RepositoryConfigurationExtensionSupport [main] Spring Data LDAP - Could not safely identify store assignment for repository candidate interface com.bornfire.entity.BankAgentTableRep. If you want this repository to be a LDAP repository, consider annotating your entities with one of these annotations: org.springframework.ldap.odm.annotations.Entry (preferred), or consider extending one of the following types with your repository: org.springframework.data.ldap.repository.LdapRepository.
2022-01-20 17:01:29,475 INFO org.springframework.data.repository.config.RepositoryConfigurationExtensionSupport [main] Spring Data LDAP - Could not safely identify store assignment for repository candidate interface com.bornfire.entity.BusinessHoursRep. If you want this repository to be a LDAP repository, consider annotating your entities with one of these annotations: org.springframework.ldap.odm.annotations.Entry (preferred), or consider extending one of the following types with your repository: org.springframework.data.ldap.repository.LdapRepository.
2022-01-20 17:01:29,476 INFO org.springframework.data.repository.config.RepositoryConfigurationExtensionSupport [main] Spring Data LDAP - Could not safely identify store assignment for repository candidate interface com.bornfire.entity.ConsentAccessInquiryTableRep. If you want this repository to be a LDAP repository, consider annotating your entities with one of these annotations: org.springframework.ldap.odm.annotations.Entry (preferred), or consider extending one of the following types with your repository: org.springframework.data.ldap.repository.LdapRepository.
2022-01-20 17:01:29,476 INFO org.springframework.data.repository.config.RepositoryConfigurationExtensionSupport [main] Spring Data LDAP - Could not safely identify store assignment for repository candidate interface com.bornfire.entity.ConsentAccessTableRep. If you want this repository to be a LDAP repository, consider annotating your entities with one of these annotations: org.springframework.ldap.odm.annotations.Entry (preferred), or consider extending one of the following types with your repository: org.springframework.data.ldap.repository.LdapRepository.
2022-01-20 17:01:29,477 INFO org.springframework.data.repository.config.RepositoryConfigurationExtensionSupport [main] Spring Data LDAP - Could not safely identify store assignment for repository candidate interface com.bornfire.entity.ConsentAccessTmpTableRep. If you want this repository to be a LDAP repository, consider annotating your entities with one of these annotations: org.springframework.ldap.odm.annotations.Entry (preferred), or consider extending one of the following types with your repository: org.springframework.data.ldap.repository.LdapRepository.
2022-01-20 17:01:29,479 INFO org.springframework.data.repository.config.RepositoryConfigurationExtensionSupport [main] Spring Data LDAP - Could not safely identify store assignment for repository candidate interface com.bornfire.entity.ConsentOutwardAccessTableRep. If you want this repository to be a LDAP repository, consider annotating your entities with one of these annotations: org.springframework.ldap.odm.annotations.Entry (preferred), or consider extending one of the following types with your repository: org.springframework.data.ldap.repository.LdapRepository.
2022-01-20 17:01:29,480 INFO org.springframework.data.repository.config.RepositoryConfigurationExtensionSupport [main] Spring Data LDAP - Could not safely identify store assignment for repository candidate interface com.bornfire.entity.ConsentOutwardAccessTmpTableRep. If you want this repository to be a LDAP repository, consider annotating your entities with one of these annotations: org.springframework.ldap.odm.annotations.Entry (preferred), or consider extending one of the following types with your repository: org.springframework.data.ldap.repository.LdapRepository.
2022-01-20 17:01:29,481 INFO org.springframework.data.repository.config.RepositoryConfigurationExtensionSupport [main] Spring Data LDAP - Could not safely identify store assignment for repository candidate interface com.bornfire.entity.ConsentOutwardAuthorisationTableRep. If you want this repository to be a LDAP repository, consider annotating your entities with one of these annotations: org.springframework.ldap.odm.annotations.Entry (preferred), or consider extending one of the following types with your repository: org.springframework.data.ldap.repository.LdapRepository.
2022-01-20 17:01:29,484 INFO org.springframework.data.repository.config.RepositoryConfigurationExtensionSupport [main] Spring Data LDAP - Could not safely identify store assignment for repository candidate interface com.bornfire.entity.ConsentOutwardInquiryTableRep. If you want this repository to be a LDAP repository, consider annotating your entities with one of these annotations: org.springframework.ldap.odm.annotations.Entry (preferred), or consider extending one of the following types with your repository: org.springframework.data.ldap.repository.LdapRepository.
2022-01-20 17:01:29,485 INFO org.springframework.data.repository.config.RepositoryConfigurationExtensionSupport [main] Spring Data LDAP - Could not safely identify store assignment for repository candidate interface com.bornfire.entity.ConsentTableRep. If you want this repository to be a LDAP repository, consider annotating your entities with one of these annotations: org.springframework.ldap.odm.annotations.Entry (preferred), or consider extending one of the following types with your repository: org.springframework.data.ldap.repository.LdapRepository.
2022-01-20 17:01:29,486 INFO org.springframework.data.repository.config.RepositoryConfigurationExtensionSupport [main] Spring Data LDAP - Could not safely identify store assignment for repository candidate interface com.bornfire.entity.IPSChargesAndFeesRep. If you want this repository to be a LDAP repository, consider annotating your entities with one of these annotations: org.springframework.ldap.odm.annotations.Entry (preferred), or consider extending one of the following types with your repository: org.springframework.data.ldap.repository.LdapRepository.
2022-01-20 17:01:29,486 INFO org.springframework.data.repository.config.RepositoryConfigurationExtensionSupport [main] Spring Data LDAP - Could not safely identify store assignment for repository candidate interface com.bornfire.entity.IPSFlowTableRep. If you want this repository to be a LDAP repository, consider annotating your entities with one of these annotations: org.springframework.ldap.odm.annotations.Entry (preferred), or consider extending one of the following types with your repository: org.springframework.data.ldap.repository.LdapRepository.
2022-01-20 17:01:29,487 INFO org.springframework.data.repository.config.RepositoryConfigurationExtensionSupport [main] Spring Data LDAP - Could not safely identify store assignment for repository candidate interface com.bornfire.entity.MerchantQrCodeRegRep. If you want this repository to be a LDAP repository, consider annotating your entities with one of these annotations: org.springframework.ldap.odm.annotations.Entry (preferred), or consider extending one of the following types with your repository: org.springframework.data.ldap.repository.LdapRepository.
2022-01-20 17:01:29,487 INFO org.springframework.data.repository.config.RepositoryConfigurationExtensionSupport [main] Spring Data LDAP - Could not safely identify store assignment for repository candidate interface com.bornfire.entity.MerchantQrGenTablerep. If you want this repository to be a LDAP repository, consider annotating your entities with one of these annotations: org.springframework.ldap.odm.annotations.Entry (preferred), or consider extending one of the following types with your repository: org.springframework.data.ldap.repository.LdapRepository.
2022-01-20 17:01:29,488 INFO org.springframework.data.repository.config.RepositoryConfigurationExtensionSupport [main] Spring Data LDAP - Could not safely identify store assignment for repository candidate interface com.bornfire.entity.OTPGenTableRep. If you want this repository to be a LDAP repository, consider annotating your entities with one of these annotations: org.springframework.ldap.odm.annotations.Entry (preferred), or consider extending one of the following types with your repository: org.springframework.data.ldap.repository.LdapRepository.
2022-01-20 17:01:29,489 INFO org.springframework.data.repository.config.RepositoryConfigurationExtensionSupport [main] Spring Data LDAP - Could not safely identify store assignment for repository candidate interface com.bornfire.entity.OutwardTransHistMonitoringTableRep. If you want this repository to be a LDAP repository, consider annotating your entities with one of these annotations: org.springframework.ldap.odm.annotations.Entry (preferred), or consider extending one of the following types with your repository: org.springframework.data.ldap.repository.LdapRepository.
2022-01-20 17:01:29,489 INFO org.springframework.data.repository.config.RepositoryConfigurationExtensionSupport [main] Spring Data LDAP - Could not safely identify store assignment for repository candidate interface com.bornfire.entity.OutwardTransactionMonitoringTableRep. If you want this repository to be a LDAP repository, consider annotating your entities with one of these annotations: org.springframework.ldap.odm.annotations.Entry (preferred), or consider extending one of the following types with your repository: org.springframework.data.ldap.repository.LdapRepository.
2022-01-20 17:01:29,490 INFO org.springframework.data.repository.config.RepositoryConfigurationExtensionSupport [main] Spring Data LDAP - Could not safely identify store assignment for repository candidate interface com.bornfire.entity.RegPublicKeyRep. If you want this repository to be a LDAP repository, consider annotating your entities with one of these annotations: org.springframework.ldap.odm.annotations.Entry (preferred), or consider extending one of the following types with your repository: org.springframework.data.ldap.repository.LdapRepository.
2022-01-20 17:01:29,491 INFO org.springframework.data.repository.config.RepositoryConfigurationExtensionSupport [main] Spring Data LDAP - Could not safely identify store assignment for repository candidate interface com.bornfire.entity.RegPublicKeyTmpRep. If you want this repository to be a LDAP repository, consider annotating your entities with one of these annotations: org.springframework.ldap.odm.annotations.Entry (preferred), or consider extending one of the following types with your repository: org.springframework.data.ldap.repository.LdapRepository.
2022-01-20 17:01:29,491 INFO org.springframework.data.repository.config.RepositoryConfigurationExtensionSupport [main] Spring Data LDAP - Could not safely identify store assignment for repository candidate interface com.bornfire.entity.SettlementAccountAmtRep. If you want this repository to be a LDAP repository, consider annotating your entities with one of these annotations: org.springframework.ldap.odm.annotations.Entry (preferred), or consider extending one of the following types with your repository: org.springframework.data.ldap.repository.LdapRepository.
2022-01-20 17:01:29,492 INFO org.springframework.data.repository.config.RepositoryConfigurationExtensionSupport [main] Spring Data LDAP - Could not safely identify store assignment for repository candidate interface com.bornfire.entity.SettlementAccountRep. If you want this repository to be a LDAP repository, consider annotating your entities with one of these annotations: org.springframework.ldap.odm.annotations.Entry (preferred), or consider extending one of the following types with your repository: org.springframework.data.ldap.repository.LdapRepository.
2022-01-20 17:01:29,493 INFO org.springframework.data.repository.config.RepositoryConfigurationExtensionSupport [main] Spring Data LDAP - Could not safely identify store assignment for repository candidate interface com.bornfire.entity.SettlementLimitReportRep. If you want this repository to be a LDAP repository, consider annotating your entities with one of these annotations: org.springframework.ldap.odm.annotations.Entry (preferred), or consider extending one of the following types with your repository: org.springframework.data.ldap.repository.LdapRepository.
2022-01-20 17:01:29,495 INFO org.springframework.data.repository.config.RepositoryConfigurationExtensionSupport [main] Spring Data LDAP - Could not safely identify store assignment for repository candidate interface com.bornfire.entity.SettlementReportRep. If you want this repository to be a LDAP repository, consider annotating your entities with one of these annotations: org.springframework.ldap.odm.annotations.Entry (preferred), or consider extending one of the following types with your repository: org.springframework.data.ldap.repository.LdapRepository.
2022-01-20 17:01:29,496 INFO org.springframework.data.repository.config.RepositoryConfigurationExtensionSupport [main] Spring Data LDAP - Could not safely identify store assignment for repository candidate interface com.bornfire.entity.TranAllDetailsTableRep. If you want this repository to be a LDAP repository, consider annotating your entities with one of these annotations: org.springframework.ldap.odm.annotations.Entry (preferred), or consider extending one of the following types with your repository: org.springframework.data.ldap.repository.LdapRepository.
2022-01-20 17:01:29,497 INFO org.springframework.data.repository.config.RepositoryConfigurationExtensionSupport [main] Spring Data LDAP - Could not safely identify store assignment for repository candidate interface com.bornfire.entity.TranCBSTableRep. If you want this repository to be a LDAP repository, consider annotating your entities with one of these annotations: org.springframework.ldap.odm.annotations.Entry (preferred), or consider extending one of the following types with your repository: org.springframework.data.ldap.repository.LdapRepository.
2022-01-20 17:01:29,497 INFO org.springframework.data.repository.config.RepositoryConfigurationExtensionSupport [main] Spring Data LDAP - Could not safely identify store assignment for repository candidate interface com.bornfire.entity.TranCimCBSTableRep. If you want this repository to be a LDAP repository, consider annotating your entities with one of these annotations: org.springframework.ldap.odm.annotations.Entry (preferred), or consider extending one of the following types with your repository: org.springframework.data.ldap.repository.LdapRepository.
2022-01-20 17:01:29,498 INFO org.springframework.data.repository.config.RepositoryConfigurationExtensionSupport [main] Spring Data LDAP - Could not safely identify store assignment for repository candidate interface com.bornfire.entity.TranCimGLRep. If you want this repository to be a LDAP repository, consider annotating your entities with one of these annotations: org.springframework.ldap.odm.annotations.Entry (preferred), or consider extending one of the following types with your repository: org.springframework.data.ldap.repository.LdapRepository.
2022-01-20 17:01:29,499 INFO org.springframework.data.repository.config.RepositoryConfigurationExtensionSupport [main] Spring Data LDAP - Could not safely identify store assignment for repository candidate interface com.bornfire.entity.TranHistMonitorHistRep. If you want this repository to be a LDAP repository, consider annotating your entities with one of these annotations: org.springframework.ldap.odm.annotations.Entry (preferred), or consider extending one of the following types with your repository: org.springframework.data.ldap.repository.LdapRepository.
2022-01-20 17:01:29,500 INFO org.springframework.data.repository.config.RepositoryConfigurationExtensionSupport [main] Spring Data LDAP - Could not safely identify store assignment for repository candidate interface com.bornfire.entity.TranIPSTableRep. If you want this repository to be a LDAP repository, consider annotating your entities with one of these annotations: org.springframework.ldap.odm.annotations.Entry (preferred), or consider extending one of the following types with your repository: org.springframework.data.ldap.repository.LdapRepository.
2022-01-20 17:01:29,500 INFO org.springframework.data.repository.config.RepositoryConfigurationExtensionSupport [main] Spring Data LDAP - Could not safely identify store assignment for repository candidate interface com.bornfire.entity.TranNetStatRep. If you want this repository to be a LDAP repository, consider annotating your entities with one of these annotations: org.springframework.ldap.odm.annotations.Entry (preferred), or consider extending one of the following types with your repository: org.springframework.data.ldap.repository.LdapRepository.
2022-01-20 17:01:29,501 INFO org.springframework.data.repository.config.RepositoryConfigurationExtensionSupport [main] Spring Data LDAP - Could not safely identify store assignment for repository candidate interface com.bornfire.entity.TranNonCBSTableRep. If you want this repository to be a LDAP repository, consider annotating your entities with one of these annotations: org.springframework.ldap.odm.annotations.Entry (preferred), or consider extending one of the following types with your repository: org.springframework.data.ldap.repository.LdapRepository.
2022-01-20 17:01:29,501 INFO org.springframework.data.repository.config.RepositoryConfigurationExtensionSupport [main] Spring Data LDAP - Could not safely identify store assignment for repository candidate interface com.bornfire.entity.TransactionMonitorRep. If you want this repository to be a LDAP repository, consider annotating your entities with one of these annotations: org.springframework.ldap.odm.annotations.Entry (preferred), or consider extending one of the following types with your repository: org.springframework.data.ldap.repository.LdapRepository.
2022-01-20 17:01:29,502 INFO org.springframework.data.repository.config.RepositoryConfigurationExtensionSupport [main] Spring Data LDAP - Could not safely identify store assignment for repository candidate interface com.bornfire.entity.UpdateCBSIncProceRep. If you want this repository to be a LDAP repository, consider annotating your entities with one of these annotations: org.springframework.ldap.odm.annotations.Entry (preferred), or consider extending one of the following types with your repository: org.springframework.data.ldap.repository.LdapRepository.
2022-01-20 17:01:29,502 INFO org.springframework.data.repository.config.RepositoryConfigurationExtensionSupport [main] Spring Data LDAP - Could not safely identify store assignment for repository candidate interface com.bornfire.entity.WalletAccessTableRep. If you want this repository to be a LDAP repository, consider annotating your entities with one of these annotations: org.springframework.ldap.odm.annotations.Entry (preferred), or consider extending one of the following types with your repository: org.springframework.data.ldap.repository.LdapRepository.
2022-01-20 17:01:29,503 INFO org.springframework.data.repository.config.RepositoryConfigurationExtensionSupport [main] Spring Data LDAP - Could not safely identify store assignment for repository candidate interface com.bornfire.entity.WalletAccessTmpTableRep. If you want this repository to be a LDAP repository, consider annotating your entities with one of these annotations: org.springframework.ldap.odm.annotations.Entry (preferred), or consider extending one of the following types with your repository: org.springframework.data.ldap.repository.LdapRepository.
2022-01-20 17:01:29,503 INFO org.springframework.data.repository.config.RepositoryConfigurationExtensionSupport [main] Spring Data LDAP - Could not safely identify store assignment for repository candidate interface com.bornfire.entity.WalletRequestRegisterTableRep. If you want this repository to be a LDAP repository, consider annotating your entities with one of these annotations: org.springframework.ldap.odm.annotations.Entry (preferred), or consider extending one of the following types with your repository: org.springframework.data.ldap.repository.LdapRepository.
2022-01-20 17:01:29,504 INFO org.springframework.data.repository.config.RepositoryConfigurationDelegate [main] Finished Spring Data repository scanning in 162ms. Found 0 LDAP repository interfaces.
2022-01-20 17:01:29,878 INFO org.springframework.context.support.PostProcessorRegistrationDelegate$BeanPostProcessorChecker [main] Bean 'IPSGenConfig' of type [com.bornfire.config.IPSGenConfig$$EnhancerBySpringCGLIB$$bb708cd] is not eligible for getting processed by all BeanPostProcessors (for example: not eligible for auto-proxying)
2022-01-20 17:01:29,897 INFO org.springframework.context.support.PostProcessorRegistrationDelegate$BeanPostProcessorChecker [main] Bean 'IPSServerConfig' of type [com.bornfire.config.IPSServerConfig$$EnhancerBySpringCGLIB$$f156c8e4] is not eligible for getting processed by all BeanPostProcessors (for example: not eligible for auto-proxying)
2022-01-20 17:01:29,899 INFO org.springframework.context.support.PostProcessorRegistrationDelegate$BeanPostProcessorChecker [main] Bean 'org.springframework.ws.config.annotation.DelegatingWsConfiguration' of type [org.springframework.ws.config.annotation.DelegatingWsConfiguration$$EnhancerBySpringCGLIB$$de333757] is not eligible for getting processed by all BeanPostProcessors (for example: not eligible for auto-proxying)
2022-01-20 17:01:29,934 INFO org.springframework.ws.soap.addressing.server.AbstractAddressingEndpointMapping [main] Supporting [WS-Addressing August 2004, WS-Addressing 1.0]
2022-01-20 17:01:29,990 INFO org.springframework.context.support.PostProcessorRegistrationDelegate$BeanPostProcessorChecker [main] Bean 'org.springframework.transaction.annotation.ProxyTransactionManagementConfiguration' of type [org.springframework.transaction.annotation.ProxyTransactionManagementConfiguration] is not eligible for getting processed by all BeanPostProcessors (for example: not eligible for auto-proxying)
2022-01-20 17:01:30,383 INFO org.springframework.boot.web.embedded.tomcat.TomcatWebServer [main] Tomcat initialized with port(s): 8440 (http)
2022-01-20 17:01:30,399 INFO org.apache.juli.logging.DirectJDKLog [main] Initializing ProtocolHandler ["http-nio-8440"]
2022-01-20 17:01:30,400 INFO org.apache.juli.logging.DirectJDKLog [main] Starting service [Tomcat]
2022-01-20 17:01:30,400 INFO org.apache.juli.logging.DirectJDKLog [main] Starting Servlet engine: [Apache Tomcat/9.0.30]
2022-01-20 17:01:30,545 INFO org.apache.juli.logging.DirectJDKLog [main] Initializing Spring embedded WebApplicationContext
2022-01-20 17:01:30,546 INFO org.springframework.boot.web.servlet.context.ServletWebServerApplicationContext [main] Root WebApplicationContext: initialization completed in 5200 ms
2022-01-20 17:01:32,975 INFO org.hibernate.Version [main] HHH000412: Hibernate Core {5.4.10.Final}
2022-01-20 17:01:33,159 INFO org.hibernate.annotations.common.reflection.java.JavaReflectionManager [main] HCANN000001: Hibernate Commons Annotations {5.1.0.Final}
2022-01-20 17:01:33,283 INFO com.zaxxer.hikari.HikariDataSource [main] HikariBIPS - Starting...
2022-01-20 17:01:35,808 INFO com.zaxxer.hikari.HikariDataSource [main] HikariBIPS - Start completed.
2022-01-20 17:01:35,822 INFO org.hibernate.dialect.Dialect [main] HHH000400: Using dialect: org.hibernate.dialect.Oracle12cDialect
2022-01-20 17:01:37,578 WARN org.hibernate.mapping.RootClass [main] HHH000038: Composite-id class does not override equals(): com.bornfire.entity.TranIPSTableID
2022-01-20 17:01:37,578 WARN org.hibernate.mapping.RootClass [main] HHH000039: Composite-id class does not override hashCode(): com.bornfire.entity.TranIPSTableID
2022-01-20 17:01:37,579 WARN org.hibernate.mapping.RootClass [main] HHH000038: Composite-id class does not override equals(): com.bornfire.entity.TranCimGLDetailID
2022-01-20 17:01:37,580 WARN org.hibernate.mapping.RootClass [main] HHH000039: Composite-id class does not override hashCode(): com.bornfire.entity.TranCimGLDetailID
2022-01-20 17:01:37,581 WARN org.hibernate.mapping.RootClass [main] HHH000038: Composite-id class does not override equals(): com.bornfire.entity.SettlementReportDetailID
2022-01-20 17:01:37,581 WARN org.hibernate.mapping.RootClass [main] HHH000039: Composite-id class does not override hashCode(): com.bornfire.entity.SettlementReportDetailID
2022-01-20 17:01:39,376 INFO org.hibernate.engine.transaction.jta.platform.internal.JtaPlatformInitiator [main] HHH000490: Using JtaPlatform implementation: [org.hibernate.engine.transaction.jta.platform.internal.NoJtaPlatform]
2022-01-20 17:01:40,865 INFO org.springframework.ws.soap.saaj.SaajSoapMessageFactory [main] Creating SAAJ 1.3 MessageFactory with SOAP 1.1 Protocol
2022-01-20 17:01:41,147 INFO org.springframework.scheduling.concurrent.ExecutorConfigurationSupport [main] Initializing ExecutorService
2022-01-20 17:01:41,148 INFO org.springframework.scheduling.concurrent.ExecutorConfigurationSupport [main] Initializing ExecutorService 'taskExecutor'
2022-01-20 17:01:41,177 INFO org.springframework.scheduling.concurrent.ExecutorConfigurationSupport [main] Initializing ExecutorService
2022-01-20 17:01:41,178 INFO org.springframework.scheduling.concurrent.ExecutorConfigurationSupport [main] Initializing ExecutorService 'asyncExecutor'
2022-01-20 17:01:42,221 WARN org.springframework.boot.autoconfigure.orm.jpa.JpaBaseConfiguration$JpaWebConfiguration [main] spring.jpa.open-in-view is enabled by default. Therefore, database queries may be performed during view rendering. Explicitly configure spring.jpa.open-in-view to disable this warning
2022-01-20 17:01:42,872 INFO org.springframework.scheduling.concurrent.ExecutorConfigurationSupport [main] Initializing ExecutorService 'taskScheduler'
2022-01-20 17:01:42,890 INFO org.springframework.boot.actuate.endpoint.web.EndpointLinksResolver [main] Exposing 13 endpoint(s) beneath base path '/actuator'
2022-01-20 17:01:42,960 INFO org.apache.juli.logging.DirectJDKLog [main] Starting ProtocolHandler ["http-nio-8440"]
2022-01-20 17:01:42,980 INFO org.springframework.boot.web.embedded.tomcat.TomcatWebServer [main] Tomcat started on port(s): 8440 (http) with context path ''
2022-01-20 17:01:42,982 INFO org.springframework.boot.StartupInfoLogger [main] Started IpsPayApplication in 19.114 seconds (JVM running for 19.887)
2022-01-20 17:02:00,055 INFO com.bornfire.config.CronJobScheduler$CertMapper [scheduling-1] 0------
2022-01-20 17:02:00,056 INFO com.bornfire.config.CronJobScheduler$CertMapper [scheduling-1] Mapper[B@6ce85ef1
2022-01-20 17:02:00,061 INFO com.bornfire.config.CronJobScheduler$CertMapper [scheduling-1] EMAILADDRESS=cert_publisher_test@ips.maucas.mu, CN=BOMMMUPLXIPS, O=BOMM, L=Port-Louis, C=MU
2022-01-20 17:02:00,061 INFO com.bornfire.config.CronJobScheduler [scheduling-1] LDAP Cert:Success
2022-01-20 17:03:00,021 INFO com.bornfire.config.CronJobScheduler$CertMapper [scheduling-1] 0------
2022-01-20 17:03:00,023 INFO com.bornfire.config.CronJobScheduler$CertMapper [scheduling-1] Mapper[B@de66a14
2022-01-20 17:03:00,029 INFO com.bornfire.config.CronJobScheduler$CertMapper [scheduling-1] EMAILADDRESS=cert_publisher_test@ips.maucas.mu, CN=BOMMMUPLXIPS, O=BOMM, L=Port-Louis, C=MU
2022-01-20 17:03:00,029 INFO com.bornfire.config.CronJobScheduler [scheduling-1] LDAP Cert:Success
2022-01-20 17:03:00,030 INFO com.bornfire.config.CronJobScheduler [scheduling-1] Get Settlement Account Balance
2022-01-20 17:03:00,209 INFO com.bornfire.config.CronJobScheduler [scheduling-1] Settlement Account Balance Updated Successfully
2022-01-20 17:04:00,026 INFO com.bornfire.config.CronJobScheduler$CertMapper [scheduling-1] 0------
2022-01-20 17:04:00,027 INFO com.bornfire.config.CronJobScheduler$CertMapper [scheduling-1] Mapper[B@4284cebf
2022-01-20 17:04:00,037 INFO com.bornfire.config.CronJobScheduler$CertMapper [scheduling-1] EMAILADDRESS=cert_publisher_test@ips.maucas.mu, CN=BOMMMUPLXIPS, O=BOMM, L=Port-Louis, C=MU
2022-01-20 17:04:00,038 INFO com.bornfire.config.CronJobScheduler [scheduling-1] LDAP Cert:Success
2022-01-20 17:05:00,020 INFO com.bornfire.config.CronJobScheduler$CertMapper [scheduling-1] 0------
2022-01-20 17:05:00,021 INFO com.bornfire.config.CronJobScheduler$CertMapper [scheduling-1] Mapper[B@6665b91a
2022-01-20 17:05:00,032 INFO com.bornfire.config.CronJobScheduler$CertMapper [scheduling-1] EMAILADDRESS=cert_publisher_test@ips.maucas.mu, CN=BOMMMUPLXIPS, O=BOMM, L=Port-Louis, C=MU
2022-01-20 17:05:00,033 INFO com.bornfire.config.CronJobScheduler [scheduling-1] LDAP Cert:Success
2022-01-20 17:06:00,021 INFO com.bornfire.config.CronJobScheduler$CertMapper [scheduling-1] 0------
2022-01-20 17:06:00,023 INFO com.bornfire.config.CronJobScheduler$CertMapper [scheduling-1] Mapper[B@64d16826
2022-01-20 17:06:00,028 INFO com.bornfire.config.CronJobScheduler$CertMapper [scheduling-1] EMAILADDRESS=cert_publisher_test@ips.maucas.mu, CN=BOMMMUPLXIPS, O=BOMM, L=Port-Louis, C=MU
2022-01-20 17:06:00,029 INFO com.bornfire.config.CronJobScheduler [scheduling-1] LDAP Cert:Success
2022-01-20 17:07:00,019 INFO com.bornfire.config.CronJobScheduler$CertMapper [scheduling-1] 0------
2022-01-20 17:07:00,020 INFO com.bornfire.config.CronJobScheduler$CertMapper [scheduling-1] Mapper[B@23bceccb
2022-01-20 17:07:00,028 INFO com.bornfire.config.CronJobScheduler$CertMapper [scheduling-1] EMAILADDRESS=cert_publisher_test@ips.maucas.mu, CN=BOMMMUPLXIPS, O=BOMM, L=Port-Louis, C=MU
2022-01-20 17:07:00,028 INFO com.bornfire.config.CronJobScheduler [scheduling-1] LDAP Cert:Success
2022-01-20 17:08:00,022 INFO com.bornfire.config.CronJobScheduler$CertMapper [scheduling-1] 0------
2022-01-20 17:08:00,023 INFO com.bornfire.config.CronJobScheduler$CertMapper [scheduling-1] Mapper[B@47292f35
2022-01-20 17:08:00,030 INFO com.bornfire.config.CronJobScheduler$CertMapper [scheduling-1] EMAILADDRESS=cert_publisher_test@ips.maucas.mu, CN=BOMMMUPLXIPS, O=BOMM, L=Port-Louis, C=MU
2022-01-20 17:08:00,031 INFO com.bornfire.config.CronJobScheduler [scheduling-1] LDAP Cert:Success
2022-01-20 17:09:00,021 INFO com.bornfire.config.CronJobScheduler$CertMapper [scheduling-1] 0------
2022-01-20 17:09:00,022 INFO com.bornfire.config.CronJobScheduler$CertMapper [scheduling-1] Mapper[B@ccfe3a3
2022-01-20 17:09:00,031 INFO com.bornfire.config.CronJobScheduler$CertMapper [scheduling-1] EMAILADDRESS=cert_publisher_test@ips.maucas.mu, CN=BOMMMUPLXIPS, O=BOMM, L=Port-Louis, C=MU
2022-01-20 17:09:00,032 INFO com.bornfire.config.CronJobScheduler [scheduling-1] LDAP Cert:Success
2022-01-20 17:10:00,022 INFO com.bornfire.config.CronJobScheduler$CertMapper [scheduling-1] 0------
2022-01-20 17:10:00,023 INFO com.bornfire.config.CronJobScheduler$CertMapper [scheduling-1] Mapper[B@63302a44
2022-01-20 17:10:00,033 INFO com.bornfire.config.CronJobScheduler$CertMapper [scheduling-1] EMAILADDRESS=cert_publisher_test@ips.maucas.mu, CN=BOMMMUPLXIPS, O=BOMM, L=Port-Louis, C=MU
2022-01-20 17:10:00,034 INFO com.bornfire.config.CronJobScheduler [scheduling-1] LDAP Cert:Success
2022-01-20 17:11:00,020 INFO com.bornfire.config.CronJobScheduler$CertMapper [scheduling-1] 0------
2022-01-20 17:11:00,021 INFO com.bornfire.config.CronJobScheduler$CertMapper [scheduling-1] Mapper[B@272e485d
2022-01-20 17:11:00,025 INFO com.bornfire.config.CronJobScheduler$CertMapper [scheduling-1] EMAILADDRESS=cert_publisher_test@ips.maucas.mu, CN=BOMMMUPLXIPS, O=BOMM, L=Port-Louis, C=MU
2022-01-20 17:11:00,026 INFO com.bornfire.config.CronJobScheduler [scheduling-1] LDAP Cert:Success
2022-01-20 17:12:00,021 INFO com.bornfire.config.CronJobScheduler$CertMapper [scheduling-1] 0------
2022-01-20 17:12:00,021 INFO com.bornfire.config.CronJobScheduler$CertMapper [scheduling-1] Mapper[B@29708b0a
2022-01-20 17:12:00,025 INFO com.bornfire.config.CronJobScheduler$CertMapper [scheduling-1] EMAILADDRESS=cert_publisher_test@ips.maucas.mu, CN=BOMMMUPLXIPS, O=BOMM, L=Port-Louis, C=MU
2022-01-20 17:12:00,026 INFO com.bornfire.config.CronJobScheduler [scheduling-1] LDAP Cert:Success
2022-01-20 17:13:00,020 INFO com.bornfire.config.CronJobScheduler$CertMapper [scheduling-1] 0------
2022-01-20 17:13:00,021 INFO com.bornfire.config.CronJobScheduler$CertMapper [scheduling-1] Mapper[B@5ad1b77c
2022-01-20 17:13:00,027 INFO com.bornfire.config.CronJobScheduler$CertMapper [scheduling-1] EMAILADDRESS=cert_publisher_test@ips.maucas.mu, CN=BOMMMUPLXIPS, O=BOMM, L=Port-Louis, C=MU
2022-01-20 17:13:00,027 INFO com.bornfire.config.CronJobScheduler [scheduling-1] LDAP Cert:Success
2022-01-20 17:14:00,022 INFO com.bornfire.config.CronJobScheduler$CertMapper [scheduling-1] 0------
2022-01-20 17:14:00,023 INFO com.bornfire.config.CronJobScheduler$CertMapper [scheduling-1] Mapper[B@3851c468
2022-01-20 17:14:00,029 INFO com.bornfire.config.CronJobScheduler$CertMapper [scheduling-1] EMAILADDRESS=cert_publisher_test@ips.maucas.mu, CN=BOMMMUPLXIPS, O=BOMM, L=Port-Louis, C=MU
2022-01-20 17:14:00,030 INFO com.bornfire.config.CronJobScheduler [scheduling-1] LDAP Cert:Success
2022-01-20 17:15:00,020 INFO com.bornfire.config.CronJobScheduler$CertMapper [scheduling-1] 0------
2022-01-20 17:15:00,021 INFO com.bornfire.config.CronJobScheduler$CertMapper [scheduling-1] Mapper[B@6de80f9f
2022-01-20 17:15:00,028 INFO com.bornfire.config.CronJobScheduler$CertMapper [scheduling-1] EMAILADDRESS=cert_publisher_test@ips.maucas.mu, CN=BOMMMUPLXIPS, O=BOMM, L=Port-Louis, C=MU
2022-01-20 17:15:00,029 INFO com.bornfire.config.CronJobScheduler [scheduling-1] LDAP Cert:Success
2022-01-20 17:16:00,019 INFO com.bornfire.config.CronJobScheduler$CertMapper [scheduling-1] 0------
2022-01-20 17:16:00,020 INFO com.bornfire.config.CronJobScheduler$CertMapper [scheduling-1] Mapper[B@40ede1f3
2022-01-20 17:16:00,027 INFO com.bornfire.config.CronJobScheduler$CertMapper [scheduling-1] EMAILADDRESS=cert_publisher_test@ips.maucas.mu, CN=BOMMMUPLXIPS, O=BOMM, L=Port-Louis, C=MU
2022-01-20 17:16:00,028 INFO com.bornfire.config.CronJobScheduler [scheduling-1] LDAP Cert:Success
2022-01-20 17:17:00,021 INFO com.bornfire.config.CronJobScheduler$CertMapper [scheduling-1] 0------
2022-01-20 17:17:00,023 INFO com.bornfire.config.CronJobScheduler$CertMapper [scheduling-1] Mapper[B@c2d4799
2022-01-20 17:17:00,031 INFO com.bornfire.config.CronJobScheduler$CertMapper [scheduling-1] EMAILADDRESS=cert_publisher_test@ips.maucas.mu, CN=BOMMMUPLXIPS, O=BOMM, L=Port-Louis, C=MU
2022-01-20 17:17:00,032 INFO com.bornfire.config.CronJobScheduler [scheduling-1] LDAP Cert:Success
2022-01-20 17:18:00,021 INFO com.bornfire.config.CronJobScheduler$CertMapper [scheduling-1] 0------
2022-01-20 17:18:00,022 INFO com.bornfire.config.CronJobScheduler$CertMapper [scheduling-1] Mapper[B@3287d3d3
2022-01-20 17:18:00,028 INFO com.bornfire.config.CronJobScheduler$CertMapper [scheduling-1] EMAILADDRESS=cert_publisher_test@ips.maucas.mu, CN=BOMMMUPLXIPS, O=BOMM, L=Port-Louis, C=MU
2022-01-20 17:18:00,028 INFO com.bornfire.config.CronJobScheduler [scheduling-1] LDAP Cert:Success
2022-01-20 17:19:00,022 INFO com.bornfire.config.CronJobScheduler$CertMapper [scheduling-1] 0------
2022-01-20 17:19:00,023 INFO com.bornfire.config.CronJobScheduler$CertMapper [scheduling-1] Mapper[B@32157fe8
2022-01-20 17:19:00,029 INFO com.bornfire.config.CronJobScheduler$CertMapper [scheduling-1] EMAILADDRESS=cert_publisher_test@ips.maucas.mu, CN=BOMMMUPLXIPS, O=BOMM, L=Port-Louis, C=MU
2022-01-20 17:19:00,030 INFO com.bornfire.config.CronJobScheduler [scheduling-1] LDAP Cert:Success
2022-01-20 17:20:00,019 INFO com.bornfire.config.CronJobScheduler$CertMapper [scheduling-1] 0------
2022-01-20 17:20:00,020 INFO com.bornfire.config.CronJobScheduler$CertMapper [scheduling-1] Mapper[B@54e2f7bc
2022-01-20 17:20:00,030 INFO com.bornfire.config.CronJobScheduler$CertMapper [scheduling-1] EMAILADDRESS=cert_publisher_test@ips.maucas.mu, CN=BOMMMUPLXIPS, O=BOMM, L=Port-Louis, C=MU
2022-01-20 17:20:00,031 INFO com.bornfire.config.CronJobScheduler [scheduling-1] LDAP Cert:Success
2022-01-20 17:21:00,022 INFO com.bornfire.config.CronJobScheduler$CertMapper [scheduling-1] 0------
2022-01-20 17:21:00,023 INFO com.bornfire.config.CronJobScheduler$CertMapper [scheduling-1] Mapper[B@71cb8ccb
2022-01-20 17:21:00,033 INFO com.bornfire.config.CronJobScheduler$CertMapper [scheduling-1] EMAILADDRESS=cert_publisher_test@ips.maucas.mu, CN=BOMMMUPLXIPS, O=BOMM, L=Port-Louis, C=MU
2022-01-20 17:21:00,033 INFO com.bornfire.config.CronJobScheduler [scheduling-1] LDAP Cert:Success
2022-01-20 17:22:00,019 INFO com.bornfire.config.CronJobScheduler$CertMapper [scheduling-1] 0------
2022-01-20 17:22:00,019 INFO com.bornfire.config.CronJobScheduler$CertMapper [scheduling-1] Mapper[B@7dded06a
2022-01-20 17:22:00,030 INFO com.bornfire.config.CronJobScheduler$CertMapper [scheduling-1] EMAILADDRESS=cert_publisher_test@ips.maucas.mu, CN=BOMMMUPLXIPS, O=BOMM, L=Port-Louis, C=MU
2022-01-20 17:22:00,031 INFO com.bornfire.config.CronJobScheduler [scheduling-1] LDAP Cert:Success
2022-01-20 17:23:00,019 INFO com.bornfire.config.CronJobScheduler$CertMapper [scheduling-1] 0------
2022-01-20 17:23:00,020 INFO com.bornfire.config.CronJobScheduler$CertMapper [scheduling-1] Mapper[B@642d0a06
2022-01-20 17:23:00,027 INFO com.bornfire.config.CronJobScheduler$CertMapper [scheduling-1] EMAILADDRESS=cert_publisher_test@ips.maucas.mu, CN=BOMMMUPLXIPS, O=BOMM, L=Port-Louis, C=MU
2022-01-20 17:23:00,028 INFO com.bornfire.config.CronJobScheduler [scheduling-1] LDAP Cert:Success
2022-01-20 17:24:00,022 INFO com.bornfire.config.CronJobScheduler$CertMapper [scheduling-1] 0------
2022-01-20 17:24:00,023 INFO com.bornfire.config.CronJobScheduler$CertMapper [scheduling-1] Mapper[B@27314e28
2022-01-20 17:24:00,032 INFO com.bornfire.config.CronJobScheduler$CertMapper [scheduling-1] EMAILADDRESS=cert_publisher_test@ips.maucas.mu, CN=BOMMMUPLXIPS, O=BOMM, L=Port-Louis, C=MU
2022-01-20 17:24:00,032 INFO com.bornfire.config.CronJobScheduler [scheduling-1] LDAP Cert:Success
2022-01-20 17:25:00,023 INFO com.bornfire.config.CronJobScheduler$CertMapper [scheduling-1] 0------
2022-01-20 17:25:00,024 INFO com.bornfire.config.CronJobScheduler$CertMapper [scheduling-1] Mapper[B@ab133d1
2022-01-20 17:25:00,033 INFO com.bornfire.config.CronJobScheduler$CertMapper [scheduling-1] EMAILADDRESS=cert_publisher_test@ips.maucas.mu, CN=BOMMMUPLXIPS, O=BOMM, L=Port-Louis, C=MU
2022-01-20 17:25:00,033 INFO com.bornfire.config.CronJobScheduler [scheduling-1] LDAP Cert:Success
2022-01-20 17:26:00,020 INFO com.bornfire.config.CronJobScheduler$CertMapper [scheduling-1] 0------
2022-01-20 17:26:00,021 INFO com.bornfire.config.CronJobScheduler$CertMapper [scheduling-1] Mapper[B@167ef6d
2022-01-20 17:26:00,027 INFO com.bornfire.config.CronJobScheduler$CertMapper [scheduling-1] EMAILADDRESS=cert_publisher_test@ips.maucas.mu, CN=BOMMMUPLXIPS, O=BOMM, L=Port-Louis, C=MU
2022-01-20 17:26:00,027 INFO com.bornfire.config.CronJobScheduler [scheduling-1] LDAP Cert:Success
2022-01-20 17:27:00,019 INFO com.bornfire.config.CronJobScheduler$CertMapper [scheduling-1] 0------
2022-01-20 17:27:00,020 INFO com.bornfire.config.CronJobScheduler$CertMapper [scheduling-1] Mapper[B@d16b87d
2022-01-20 17:27:00,027 INFO com.bornfire.config.CronJobScheduler$CertMapper [scheduling-1] EMAILADDRESS=cert_publisher_test@ips.maucas.mu, CN=BOMMMUPLXIPS, O=BOMM, L=Port-Louis, C=MU
2022-01-20 17:27:00,028 INFO com.bornfire.config.CronJobScheduler [scheduling-1] LDAP Cert:Success
2022-01-20 17:28:00,021 INFO com.bornfire.config.CronJobScheduler$CertMapper [scheduling-1] 0------
2022-01-20 17:28:00,022 INFO com.bornfire.config.CronJobScheduler$CertMapper [scheduling-1] Mapper[B@20fbe7f9
2022-01-20 17:28:00,031 INFO com.bornfire.config.CronJobScheduler$CertMapper [scheduling-1] EMAILADDRESS=cert_publisher_test@ips.maucas.mu, CN=BOMMMUPLXIPS, O=BOMM, L=Port-Louis, C=MU
2022-01-20 17:28:00,032 INFO com.bornfire.config.CronJobScheduler [scheduling-1] LDAP Cert:Success
2022-01-20 17:29:00,022 INFO com.bornfire.config.CronJobScheduler$CertMapper [scheduling-1] 0------
2022-01-20 17:29:00,023 INFO com.bornfire.config.CronJobScheduler$CertMapper [scheduling-1] Mapper[B@2357778c
2022-01-20 17:29:00,034 INFO com.bornfire.config.CronJobScheduler$CertMapper [scheduling-1] EMAILADDRESS=cert_publisher_test@ips.maucas.mu, CN=BOMMMUPLXIPS, O=BOMM, L=Port-Louis, C=MU
2022-01-20 17:29:00,035 INFO com.bornfire.config.CronJobScheduler [scheduling-1] LDAP Cert:Success
2022-01-20 17:30:00,019 INFO com.bornfire.config.CronJobScheduler$CertMapper [scheduling-1] 0------
2022-01-20 17:30:00,020 INFO com.bornfire.config.CronJobScheduler$CertMapper [scheduling-1] Mapper[B@1df5f80c
2022-01-20 17:30:00,026 INFO com.bornfire.config.CronJobScheduler$CertMapper [scheduling-1] EMAILADDRESS=cert_publisher_test@ips.maucas.mu, CN=BOMMMUPLXIPS, O=BOMM, L=Port-Louis, C=MU
2022-01-20 17:30:00,026 INFO com.bornfire.config.CronJobScheduler [scheduling-1] LDAP Cert:Success
2022-01-20 17:31:00,020 INFO com.bornfire.config.CronJobScheduler$CertMapper [scheduling-1] 0------
2022-01-20 17:31:00,021 INFO com.bornfire.config.CronJobScheduler$CertMapper [scheduling-1] Mapper[B@25187e9f
2022-01-20 17:31:00,029 INFO com.bornfire.config.CronJobScheduler$CertMapper [scheduling-1] EMAILADDRESS=cert_publisher_test@ips.maucas.mu, CN=BOMMMUPLXIPS, O=BOMM, L=Port-Louis, C=MU
2022-01-20 17:31:00,029 INFO com.bornfire.config.CronJobScheduler [scheduling-1] LDAP Cert:Success
2022-01-20 17:32:00,019 INFO com.bornfire.config.CronJobScheduler$CertMapper [scheduling-1] 0------
2022-01-20 17:32:00,020 INFO com.bornfire.config.CronJobScheduler$CertMapper [scheduling-1] Mapper[B@5a2391ea
2022-01-20 17:32:00,031 INFO com.bornfire.config.CronJobScheduler$CertMapper [scheduling-1] EMAILADDRESS=cert_publisher_test@ips.maucas.mu, CN=BOMMMUPLXIPS, O=BOMM, L=Port-Louis, C=MU
2022-01-20 17:32:00,032 INFO com.bornfire.config.CronJobScheduler [scheduling-1] LDAP Cert:Success
2022-01-20 17:33:00,020 INFO com.bornfire.config.CronJobScheduler$CertMapper [scheduling-1] 0------
2022-01-20 17:33:00,021 INFO com.bornfire.config.CronJobScheduler$CertMapper [scheduling-1] Mapper[B@42d07635
2022-01-20 17:33:00,031 INFO com.bornfire.config.CronJobScheduler$CertMapper [scheduling-1] EMAILADDRESS=cert_publisher_test@ips.maucas.mu, CN=BOMMMUPLXIPS, O=BOMM, L=Port-Louis, C=MU
2022-01-20 17:33:00,032 INFO com.bornfire.config.CronJobScheduler [scheduling-1] LDAP Cert:Success
2022-01-20 17:34:00,020 INFO com.bornfire.config.CronJobScheduler$CertMapper [scheduling-1] 0------
2022-01-20 17:34:00,021 INFO com.bornfire.config.CronJobScheduler$CertMapper [scheduling-1] Mapper[B@7057c3fb
2022-01-20 17:34:00,031 INFO com.bornfire.config.CronJobScheduler$CertMapper [scheduling-1] EMAILADDRESS=cert_publisher_test@ips.maucas.mu, CN=BOMMMUPLXIPS, O=BOMM, L=Port-Louis, C=MU
2022-01-20 17:34:00,031 INFO com.bornfire.config.CronJobScheduler [scheduling-1] LDAP Cert:Success
2022-01-20 17:35:00,185 INFO com.bornfire.config.CronJobScheduler$CertMapper [scheduling-1] 0------
2022-01-20 17:35:00,186 INFO com.bornfire.config.CronJobScheduler$CertMapper [scheduling-1] Mapper[B@165da7e8
2022-01-20 17:35:00,199 INFO com.bornfire.config.CronJobScheduler$CertMapper [scheduling-1] EMAILADDRESS=cert_publisher_test@ips.maucas.mu, CN=BOMMMUPLXIPS, O=BOMM, L=Port-Louis, C=MU
2022-01-20 17:35:00,200 INFO com.bornfire.config.CronJobScheduler [scheduling-1] LDAP Cert:Success
2022-01-20 17:36:00,022 INFO com.bornfire.config.CronJobScheduler$CertMapper [scheduling-1] 0------
2022-01-20 17:36:00,023 INFO com.bornfire.config.CronJobScheduler$CertMapper [scheduling-1] Mapper[B@5037d808
2022-01-20 17:36:00,034 INFO com.bornfire.config.CronJobScheduler$CertMapper [scheduling-1] EMAILADDRESS=cert_publisher_test@ips.maucas.mu, CN=BOMMMUPLXIPS, O=BOMM, L=Port-Louis, C=MU
2022-01-20 17:36:00,035 INFO com.bornfire.config.CronJobScheduler [scheduling-1] LDAP Cert:Success
2022-01-20 17:37:00,019 INFO com.bornfire.config.CronJobScheduler$CertMapper [scheduling-1] 0------
2022-01-20 17:37:00,020 INFO com.bornfire.config.CronJobScheduler$CertMapper [scheduling-1] Mapper[B@11176de5
2022-01-20 17:37:00,027 INFO com.bornfire.config.CronJobScheduler$CertMapper [scheduling-1] EMAILADDRESS=cert_publisher_test@ips.maucas.mu, CN=BOMMMUPLXIPS, O=BOMM, L=Port-Louis, C=MU
2022-01-20 17:37:00,028 INFO com.bornfire.config.CronJobScheduler [scheduling-1] LDAP Cert:Success
2022-01-20 17:38:00,022 INFO com.bornfire.config.CronJobScheduler$CertMapper [scheduling-1] 0------
2022-01-20 17:38:00,023 INFO com.bornfire.config.CronJobScheduler$CertMapper [scheduling-1] Mapper[B@5f913c27
2022-01-20 17:38:00,031 INFO com.bornfire.config.CronJobScheduler$CertMapper [scheduling-1] EMAILADDRESS=cert_publisher_test@ips.maucas.mu, CN=BOMMMUPLXIPS, O=BOMM, L=Port-Louis, C=MU
2022-01-20 17:38:00,031 INFO com.bornfire.config.CronJobScheduler [scheduling-1] LDAP Cert:Success
2022-01-20 17:39:00,021 INFO com.bornfire.config.CronJobScheduler$CertMapper [scheduling-1] 0------
2022-01-20 17:39:00,022 INFO com.bornfire.config.CronJobScheduler$CertMapper [scheduling-1] Mapper[B@2488a2da
2022-01-20 17:39:00,031 INFO com.bornfire.config.CronJobScheduler$CertMapper [scheduling-1] EMAILADDRESS=cert_publisher_test@ips.maucas.mu, CN=BOMMMUPLXIPS, O=BOMM, L=Port-Louis, C=MU
2022-01-20 17:39:00,031 INFO com.bornfire.config.CronJobScheduler [scheduling-1] LDAP Cert:Success
2022-01-20 17:40:00,018 INFO com.bornfire.config.CronJobScheduler$CertMapper [scheduling-1] 0------
2022-01-20 17:40:00,019 INFO com.bornfire.config.CronJobScheduler$CertMapper [scheduling-1] Mapper[B@4a91d9db
2022-01-20 17:40:00,022 INFO com.bornfire.config.CronJobScheduler$CertMapper [scheduling-1] EMAILADDRESS=cert_publisher_test@ips.maucas.mu, CN=BOMMMUPLXIPS, O=BOMM, L=Port-Louis, C=MU
2022-01-20 17:40:00,023 INFO com.bornfire.config.CronJobScheduler [scheduling-1] LDAP Cert:Success
2022-01-20 17:41:00,021 INFO com.bornfire.config.CronJobScheduler$CertMapper [scheduling-1] 0------
2022-01-20 17:41:00,022 INFO com.bornfire.config.CronJobScheduler$CertMapper [scheduling-1] Mapper[B@6043ed29
2022-01-20 17:41:00,033 INFO com.bornfire.config.CronJobScheduler$CertMapper [scheduling-1] EMAILADDRESS=cert_publisher_test@ips.maucas.mu, CN=BOMMMUPLXIPS, O=BOMM, L=Port-Louis, C=MU
2022-01-20 17:41:00,034 INFO com.bornfire.config.CronJobScheduler [scheduling-1] LDAP Cert:Success
2022-01-20 17:42:00,021 INFO com.bornfire.config.CronJobScheduler$CertMapper [scheduling-1] 0------
2022-01-20 17:42:00,022 INFO com.bornfire.config.CronJobScheduler$CertMapper [scheduling-1] Mapper[B@36658502
2022-01-20 17:42:00,025 INFO com.bornfire.config.CronJobScheduler$CertMapper [scheduling-1] EMAILADDRESS=cert_publisher_test@ips.maucas.mu, CN=BOMMMUPLXIPS, O=BOMM, L=Port-Louis, C=MU
2022-01-20 17:42:00,026 INFO com.bornfire.config.CronJobScheduler [scheduling-1] LDAP Cert:Success
2022-01-20 17:43:00,022 INFO com.bornfire.config.CronJobScheduler$CertMapper [scheduling-1] 0------
2022-01-20 17:43:00,023 INFO com.bornfire.config.CronJobScheduler$CertMapper [scheduling-1] Mapper[B@571a7f66
2022-01-20 17:43:00,034 INFO com.bornfire.config.CronJobScheduler$CertMapper [scheduling-1] EMAILADDRESS=cert_publisher_test@ips.maucas.mu, CN=BOMMMUPLXIPS, O=BOMM, L=Port-Louis, C=MU
2022-01-20 17:43:00,034 INFO com.bornfire.config.CronJobScheduler [scheduling-1] LDAP Cert:Success
2022-01-20 17:44:00,022 INFO com.bornfire.config.CronJobScheduler$CertMapper [scheduling-1] 0------
2022-01-20 17:44:00,023 INFO com.bornfire.config.CronJobScheduler$CertMapper [scheduling-1] Mapper[B@13812b5f
2022-01-20 17:44:00,028 INFO com.bornfire.config.CronJobScheduler$CertMapper [scheduling-1] EMAILADDRESS=cert_publisher_test@ips.maucas.mu, CN=BOMMMUPLXIPS, O=BOMM, L=Port-Louis, C=MU
2022-01-20 17:44:00,029 INFO com.bornfire.config.CronJobScheduler [scheduling-1] LDAP Cert:Success
2022-01-20 17:45:00,022 INFO com.bornfire.config.CronJobScheduler$CertMapper [scheduling-1] 0------
2022-01-20 17:45:00,023 INFO com.bornfire.config.CronJobScheduler$CertMapper [scheduling-1] Mapper[B@6c54b6a3
2022-01-20 17:45:00,029 INFO com.bornfire.config.CronJobScheduler$CertMapper [scheduling-1] EMAILADDRESS=cert_publisher_test@ips.maucas.mu, CN=BOMMMUPLXIPS, O=BOMM, L=Port-Louis, C=MU
2022-01-20 17:45:00,030 INFO com.bornfire.config.CronJobScheduler [scheduling-1] LDAP Cert:Success
2022-01-20 17:46:00,021 INFO com.bornfire.config.CronJobScheduler$CertMapper [scheduling-1] 0------
2022-01-20 17:46:00,022 INFO com.bornfire.config.CronJobScheduler$CertMapper [scheduling-1] Mapper[B@768363be
2022-01-20 17:46:00,033 INFO com.bornfire.config.CronJobScheduler$CertMapper [scheduling-1] EMAILADDRESS=cert_publisher_test@ips.maucas.mu, CN=BOMMMUPLXIPS, O=BOMM, L=Port-Louis, C=MU
2022-01-20 17:46:00,034 INFO com.bornfire.config.CronJobScheduler [scheduling-1] LDAP Cert:Success
2022-01-20 17:47:00,025 INFO com.bornfire.config.CronJobScheduler$CertMapper [scheduling-1] 0------
2022-01-20 17:47:00,025 INFO com.bornfire.config.CronJobScheduler$CertMapper [scheduling-1] Mapper[B@72e6d347
2022-01-20 17:47:00,031 INFO com.bornfire.config.CronJobScheduler$CertMapper [scheduling-1] EMAILADDRESS=cert_publisher_test@ips.maucas.mu, CN=BOMMMUPLXIPS, O=BOMM, L=Port-Louis, C=MU
2022-01-20 17:47:00,032 INFO com.bornfire.config.CronJobScheduler [scheduling-1] LDAP Cert:Success
2022-01-20 17:48:00,020 INFO com.bornfire.config.CronJobScheduler$CertMapper [scheduling-1] 0------
2022-01-20 17:48:00,021 INFO com.bornfire.config.CronJobScheduler$CertMapper [scheduling-1] Mapper[B@68a7d597
2022-01-20 17:48:00,028 INFO com.bornfire.config.CronJobScheduler$CertMapper [scheduling-1] EMAILADDRESS=cert_publisher_test@ips.maucas.mu, CN=BOMMMUPLXIPS, O=BOMM, L=Port-Louis, C=MU
2022-01-20 17:48:00,028 INFO com.bornfire.config.CronJobScheduler [scheduling-1] LDAP Cert:Success
2022-01-20 17:49:00,021 INFO com.bornfire.config.CronJobScheduler$CertMapper [scheduling-1] 0------
2022-01-20 17:49:00,021 INFO com.bornfire.config.CronJobScheduler$CertMapper [scheduling-1] Mapper[B@218f878e
2022-01-20 17:49:00,025 INFO com.bornfire.config.CronJobScheduler$CertMapper [scheduling-1] EMAILADDRESS=cert_publisher_test@ips.maucas.mu, CN=BOMMMUPLXIPS, O=BOMM, L=Port-Louis, C=MU
2022-01-20 17:49:00,026 INFO com.bornfire.config.CronJobScheduler [scheduling-1] LDAP Cert:Success
2022-01-20 17:50:00,023 INFO com.bornfire.config.CronJobScheduler$CertMapper [scheduling-1] 0------
2022-01-20 17:50:00,025 INFO com.bornfire.config.CronJobScheduler$CertMapper [scheduling-1] Mapper[B@4cfc8e92
2022-01-20 17:50:00,035 INFO com.bornfire.config.CronJobScheduler$CertMapper [scheduling-1] EMAILADDRESS=cert_publisher_test@ips.maucas.mu, CN=BOMMMUPLXIPS, O=BOMM, L=Port-Louis, C=MU
2022-01-20 17:50:00,036 INFO com.bornfire.config.CronJobScheduler [scheduling-1] LDAP Cert:Success
2022-01-20 17:51:00,021 INFO com.bornfire.config.CronJobScheduler$CertMapper [scheduling-1] 0------
2022-01-20 17:51:00,021 INFO com.bornfire.config.CronJobScheduler$CertMapper [scheduling-1] Mapper[B@8c400a1
2022-01-20 17:51:00,030 INFO com.bornfire.config.CronJobScheduler$CertMapper [scheduling-1] EMAILADDRESS=cert_publisher_test@ips.maucas.mu, CN=BOMMMUPLXIPS, O=BOMM, L=Port-Louis, C=MU
2022-01-20 17:51:00,031 INFO com.bornfire.config.CronJobScheduler [scheduling-1] LDAP Cert:Success
2022-01-20 17:52:00,021 INFO com.bornfire.config.CronJobScheduler$CertMapper [scheduling-1] 0------
2022-01-20 17:52:00,022 INFO com.bornfire.config.CronJobScheduler$CertMapper [scheduling-1] Mapper[B@5e197743
2022-01-20 17:52:00,030 INFO com.bornfire.config.CronJobScheduler$CertMapper [scheduling-1] EMAILADDRESS=cert_publisher_test@ips.maucas.mu, CN=BOMMMUPLXIPS, O=BOMM, L=Port-Louis, C=MU
2022-01-20 17:52:00,031 INFO com.bornfire.config.CronJobScheduler [scheduling-1] LDAP Cert:Success
2022-01-20 17:53:00,020 INFO com.bornfire.config.CronJobScheduler$CertMapper [scheduling-1] 0------
2022-01-20 17:53:00,021 INFO com.bornfire.config.CronJobScheduler$CertMapper [scheduling-1] Mapper[B@3f738f9
2022-01-20 17:53:00,026 INFO com.bornfire.config.CronJobScheduler$CertMapper [scheduling-1] EMAILADDRESS=cert_publisher_test@ips.maucas.mu, CN=BOMMMUPLXIPS, O=BOMM, L=Port-Louis, C=MU
2022-01-20 17:53:00,027 INFO com.bornfire.config.CronJobScheduler [scheduling-1] LDAP Cert:Success
2022-01-20 17:54:00,018 INFO com.bornfire.config.CronJobScheduler$CertMapper [scheduling-1] 0------
2022-01-20 17:54:00,019 INFO com.bornfire.config.CronJobScheduler$CertMapper [scheduling-1] Mapper[B@2b57ae0b
2022-01-20 17:54:00,030 INFO com.bornfire.config.CronJobScheduler$CertMapper [scheduling-1] EMAILADDRESS=cert_publisher_test@ips.maucas.mu, CN=BOMMMUPLXIPS, O=BOMM, L=Port-Louis, C=MU
2022-01-20 17:54:00,035 INFO com.bornfire.config.CronJobScheduler [scheduling-1] LDAP Cert:Success
2022-01-20 17:55:00,020 INFO com.bornfire.config.CronJobScheduler$CertMapper [scheduling-1] 0------
2022-01-20 17:55:00,020 INFO com.bornfire.config.CronJobScheduler$CertMapper [scheduling-1] Mapper[B@33e62c8
2022-01-20 17:55:00,026 INFO com.bornfire.config.CronJobScheduler$CertMapper [scheduling-1] EMAILADDRESS=cert_publisher_test@ips.maucas.mu, CN=BOMMMUPLXIPS, O=BOMM, L=Port-Louis, C=MU
2022-01-20 17:55:00,027 INFO com.bornfire.config.CronJobScheduler [scheduling-1] LDAP Cert:Success
2022-01-20 17:56:00,021 INFO com.bornfire.config.CronJobScheduler$CertMapper [scheduling-1] 0------
2022-01-20 17:56:00,022 INFO com.bornfire.config.CronJobScheduler$CertMapper [scheduling-1] Mapper[B@1608be83
2022-01-20 17:56:00,028 INFO com.bornfire.config.CronJobScheduler$CertMapper [scheduling-1] EMAILADDRESS=cert_publisher_test@ips.maucas.mu, CN=BOMMMUPLXIPS, O=BOMM, L=Port-Louis, C=MU
2022-01-20 17:56:00,028 INFO com.bornfire.config.CronJobScheduler [scheduling-1] LDAP Cert:Success
2022-01-20 17:57:00,020 INFO com.bornfire.config.CronJobScheduler$CertMapper [scheduling-1] 0------
2022-01-20 17:57:00,020 INFO com.bornfire.config.CronJobScheduler$CertMapper [scheduling-1] Mapper[B@2c827c4b
2022-01-20 17:57:00,025 INFO com.bornfire.config.CronJobScheduler$CertMapper [scheduling-1] EMAILADDRESS=cert_publisher_test@ips.maucas.mu, CN=BOMMMUPLXIPS, O=BOMM, L=Port-Louis, C=MU
2022-01-20 17:57:00,026 INFO com.bornfire.config.CronJobScheduler [scheduling-1] LDAP Cert:Success
2022-01-20 17:58:00,022 INFO com.bornfire.config.CronJobScheduler$CertMapper [scheduling-1] 0------
2022-01-20 17:58:00,022 INFO com.bornfire.config.CronJobScheduler$CertMapper [scheduling-1] Mapper[B@3a33b826
2022-01-20 17:58:00,028 INFO com.bornfire.config.CronJobScheduler$CertMapper [scheduling-1] EMAILADDRESS=cert_publisher_test@ips.maucas.mu, CN=BOMMMUPLXIPS, O=BOMM, L=Port-Louis, C=MU
2022-01-20 17:58:00,029 INFO com.bornfire.config.CronJobScheduler [scheduling-1] LDAP Cert:Success
2022-01-20 17:59:00,020 INFO com.bornfire.config.CronJobScheduler$CertMapper [scheduling-1] 0------
2022-01-20 17:59:00,021 INFO com.bornfire.config.CronJobScheduler$CertMapper [scheduling-1] Mapper[B@4a6bb58a
2022-01-20 17:59:00,030 INFO com.bornfire.config.CronJobScheduler$CertMapper [scheduling-1] EMAILADDRESS=cert_publisher_test@ips.maucas.mu, CN=BOMMMUPLXIPS, O=BOMM, L=Port-Louis, C=MU
2022-01-20 17:59:00,031 INFO com.bornfire.config.CronJobScheduler [scheduling-1] LDAP Cert:Success
2022-01-20 18:00:00,021 INFO com.bornfire.config.CronJobScheduler$CertMapper [scheduling-1] 0------
2022-01-20 18:00:00,022 INFO com.bornfire.config.CronJobScheduler$CertMapper [scheduling-1] Mapper[B@19c4e6e2
2022-01-20 18:00:00,032 INFO com.bornfire.config.CronJobScheduler$CertMapper [scheduling-1] EMAILADDRESS=cert_publisher_test@ips.maucas.mu, CN=BOMMMUPLXIPS, O=BOMM, L=Port-Louis, C=MU
2022-01-20 18:00:00,032 INFO com.bornfire.config.CronJobScheduler [scheduling-1] LDAP Cert:Success
2022-01-20 18:01:00,020 INFO com.bornfire.config.CronJobScheduler$CertMapper [scheduling-1] 0------
2022-01-20 18:01:00,021 INFO com.bornfire.config.CronJobScheduler$CertMapper [scheduling-1] Mapper[B@261ba1b5
2022-01-20 18:01:00,028 INFO com.bornfire.config.CronJobScheduler$CertMapper [scheduling-1] EMAILADDRESS=cert_publisher_test@ips.maucas.mu, CN=BOMMMUPLXIPS, O=BOMM, L=Port-Louis, C=MU
2022-01-20 18:01:00,029 INFO com.bornfire.config.CronJobScheduler [scheduling-1] LDAP Cert:Success
2022-01-20 18:02:00,020 INFO com.bornfire.config.CronJobScheduler$CertMapper [scheduling-1] 0------
2022-01-20 18:02:00,021 INFO com.bornfire.config.CronJobScheduler$CertMapper [scheduling-1] Mapper[B@14ecfd8
2022-01-20 18:02:00,026 INFO com.bornfire.config.CronJobScheduler$CertMapper [scheduling-1] EMAILADDRESS=cert_publisher_test@ips.maucas.mu, CN=BOMMMUPLXIPS, O=BOMM, L=Port-Louis, C=MU
2022-01-20 18:02:00,026 INFO com.bornfire.config.CronJobScheduler [scheduling-1] LDAP Cert:Success
2022-01-20 18:03:00,019 INFO com.bornfire.config.CronJobScheduler$CertMapper [scheduling-1] 0------
2022-01-20 18:03:00,020 INFO com.bornfire.config.CronJobScheduler$CertMapper [scheduling-1] Mapper[B@169eed9e
2022-01-20 18:03:00,029 INFO com.bornfire.config.CronJobScheduler$CertMapper [scheduling-1] EMAILADDRESS=cert_publisher_test@ips.maucas.mu, CN=BOMMMUPLXIPS, O=BOMM, L=Port-Louis, C=MU
2022-01-20 18:03:00,029 INFO com.bornfire.config.CronJobScheduler [scheduling-1] LDAP Cert:Success
2022-01-20 18:04:00,020 INFO com.bornfire.config.CronJobScheduler$CertMapper [scheduling-1] 0------
2022-01-20 18:04:00,021 INFO com.bornfire.config.CronJobScheduler$CertMapper [scheduling-1] Mapper[B@2853ea59
2022-01-20 18:04:00,024 INFO com.bornfire.config.CronJobScheduler$CertMapper [scheduling-1] EMAILADDRESS=cert_publisher_test@ips.maucas.mu, CN=BOMMMUPLXIPS, O=BOMM, L=Port-Louis, C=MU
2022-01-20 18:04:00,024 INFO com.bornfire.config.CronJobScheduler [scheduling-1] LDAP Cert:Success
2022-01-20 18:05:00,188 INFO com.bornfire.config.CronJobScheduler$CertMapper [scheduling-1] 0------
2022-01-20 18:05:00,189 INFO com.bornfire.config.CronJobScheduler$CertMapper [scheduling-1] Mapper[B@533ef0ef
2022-01-20 18:05:00,194 INFO com.bornfire.config.CronJobScheduler$CertMapper [scheduling-1] EMAILADDRESS=cert_publisher_test@ips.maucas.mu, CN=BOMMMUPLXIPS, O=BOMM, L=Port-Louis, C=MU
2022-01-20 18:05:00,194 INFO com.bornfire.config.CronJobScheduler [scheduling-1] LDAP Cert:Success
2022-01-20 18:06:00,021 INFO com.bornfire.config.CronJobScheduler$CertMapper [scheduling-1] 0------
2022-01-20 18:06:00,022 INFO com.bornfire.config.CronJobScheduler$CertMapper [scheduling-1] Mapper[B@2479c55f
2022-01-20 18:06:00,032 INFO com.bornfire.config.CronJobScheduler$CertMapper [scheduling-1] EMAILADDRESS=cert_publisher_test@ips.maucas.mu, CN=BOMMMUPLXIPS, O=BOMM, L=Port-Louis, C=MU
2022-01-20 18:06:00,033 INFO com.bornfire.config.CronJobScheduler [scheduling-1] LDAP Cert:Success
2022-01-20 18:07:00,025 INFO com.bornfire.config.CronJobScheduler$CertMapper [scheduling-1] 0------
2022-01-20 18:07:00,026 INFO com.bornfire.config.CronJobScheduler$CertMapper [scheduling-1] Mapper[B@456a2e53
2022-01-20 18:07:00,031 INFO com.bornfire.config.CronJobScheduler$CertMapper [scheduling-1] EMAILADDRESS=cert_publisher_test@ips.maucas.mu, CN=BOMMMUPLXIPS, O=BOMM, L=Port-Louis, C=MU
2022-01-20 18:07:00,031 INFO com.bornfire.config.CronJobScheduler [scheduling-1] LDAP Cert:Success
2022-01-20 18:08:00,018 INFO com.bornfire.config.CronJobScheduler$CertMapper [scheduling-1] 0------
2022-01-20 18:08:00,018 INFO com.bornfire.config.CronJobScheduler$CertMapper [scheduling-1] Mapper[B@72dc1585
2022-01-20 18:08:00,025 INFO com.bornfire.config.CronJobScheduler$CertMapper [scheduling-1] EMAILADDRESS=cert_publisher_test@ips.maucas.mu, CN=BOMMMUPLXIPS, O=BOMM, L=Port-Louis, C=MU
2022-01-20 18:08:00,025 INFO com.bornfire.config.CronJobScheduler [scheduling-1] LDAP Cert:Success
2022-01-20 18:09:00,025 INFO com.bornfire.config.CronJobScheduler$CertMapper [scheduling-1] 0------
2022-01-20 18:09:00,026 INFO com.bornfire.config.CronJobScheduler$CertMapper [scheduling-1] Mapper[B@56c12ab9
2022-01-20 18:09:00,030 INFO com.bornfire.config.CronJobScheduler$CertMapper [scheduling-1] EMAILADDRESS=cert_publisher_test@ips.maucas.mu, CN=BOMMMUPLXIPS, O=BOMM, L=Port-Louis, C=MU
2022-01-20 18:09:00,030 INFO com.bornfire.config.CronJobScheduler [scheduling-1] LDAP Cert:Success
2022-01-20 18:10:00,023 INFO com.bornfire.config.CronJobScheduler$CertMapper [scheduling-1] 0------
2022-01-20 18:10:00,023 INFO com.bornfire.config.CronJobScheduler$CertMapper [scheduling-1] Mapper[B@3c785e03
2022-01-20 18:10:00,027 INFO com.bornfire.config.CronJobScheduler$CertMapper [scheduling-1] EMAILADDRESS=cert_publisher_test@ips.maucas.mu, CN=BOMMMUPLXIPS, O=BOMM, L=Port-Louis, C=MU
2022-01-20 18:10:00,027 INFO com.bornfire.config.CronJobScheduler [scheduling-1] LDAP Cert:Success
2022-01-20 18:11:00,021 INFO com.bornfire.config.CronJobScheduler$CertMapper [scheduling-1] 0------
2022-01-20 18:11:00,023 INFO com.bornfire.config.CronJobScheduler$CertMapper [scheduling-1] Mapper[B@28f4f769
2022-01-20 18:11:00,030 INFO com.bornfire.config.CronJobScheduler$CertMapper [scheduling-1] EMAILADDRESS=cert_publisher_test@ips.maucas.mu, CN=BOMMMUPLXIPS, O=BOMM, L=Port-Louis, C=MU
2022-01-20 18:11:00,031 INFO com.bornfire.config.CronJobScheduler [scheduling-1] LDAP Cert:Success
2022-01-20 18:12:00,021 INFO com.bornfire.config.CronJobScheduler$CertMapper [scheduling-1] 0------
2022-01-20 18:12:00,022 INFO com.bornfire.config.CronJobScheduler$CertMapper [scheduling-1] Mapper[B@3a16afcf
2022-01-20 18:12:00,031 INFO com.bornfire.config.CronJobScheduler$CertMapper [scheduling-1] EMAILADDRESS=cert_publisher_test@ips.maucas.mu, CN=BOMMMUPLXIPS, O=BOMM, L=Port-Louis, C=MU
2022-01-20 18:12:00,031 INFO com.bornfire.config.CronJobScheduler [scheduling-1] LDAP Cert:Success
2022-01-20 18:13:00,020 INFO com.bornfire.config.CronJobScheduler$CertMapper [scheduling-1] 0------
2022-01-20 18:13:00,021 INFO com.bornfire.config.CronJobScheduler$CertMapper [scheduling-1] Mapper[B@655dded6
2022-01-20 18:13:00,026 INFO com.bornfire.config.CronJobScheduler$CertMapper [scheduling-1] EMAILADDRESS=cert_publisher_test@ips.maucas.mu, CN=BOMMMUPLXIPS, O=BOMM, L=Port-Louis, C=MU
2022-01-20 18:13:00,026 INFO com.bornfire.config.CronJobScheduler [scheduling-1] LDAP Cert:Success
2022-01-20 18:14:00,021 INFO com.bornfire.config.CronJobScheduler$CertMapper [scheduling-1] 0------
2022-01-20 18:14:00,022 INFO com.bornfire.config.CronJobScheduler$CertMapper [scheduling-1] Mapper[B@1b2b0c38
2022-01-20 18:14:00,032 INFO com.bornfire.config.CronJobScheduler$CertMapper [scheduling-1] EMAILADDRESS=cert_publisher_test@ips.maucas.mu, CN=BOMMMUPLXIPS, O=BOMM, L=Port-Louis, C=MU
2022-01-20 18:14:00,033 INFO com.bornfire.config.CronJobScheduler [scheduling-1] LDAP Cert:Success
2022-01-20 18:15:00,024 INFO com.bornfire.config.CronJobScheduler$CertMapper [scheduling-1] 0------
2022-01-20 18:15:00,025 INFO com.bornfire.config.CronJobScheduler$CertMapper [scheduling-1] Mapper[B@146bff8b
2022-01-20 18:15:00,034 INFO com.bornfire.config.CronJobScheduler$CertMapper [scheduling-1] EMAILADDRESS=cert_publisher_test@ips.maucas.mu, CN=BOMMMUPLXIPS, O=BOMM, L=Port-Louis, C=MU
2022-01-20 18:15:00,035 INFO com.bornfire.config.CronJobScheduler [scheduling-1] LDAP Cert:Success
2022-01-20 18:16:00,020 INFO com.bornfire.config.CronJobScheduler$CertMapper [scheduling-1] 0------
2022-01-20 18:16:00,022 INFO com.bornfire.config.CronJobScheduler$CertMapper [scheduling-1] Mapper[B@1b8c421e
2022-01-20 18:16:00,030 INFO com.bornfire.config.CronJobScheduler$CertMapper [scheduling-1] EMAILADDRESS=cert_publisher_test@ips.maucas.mu, CN=BOMMMUPLXIPS, O=BOMM, L=Port-Louis, C=MU
2022-01-20 18:16:00,031 INFO com.bornfire.config.CronJobScheduler [scheduling-1] LDAP Cert:Success
2022-01-20 18:17:00,020 INFO com.bornfire.config.CronJobScheduler$CertMapper [scheduling-1] 0------
2022-01-20 18:17:00,020 INFO com.bornfire.config.CronJobScheduler$CertMapper [scheduling-1] Mapper[B@102c94d7
2022-01-20 18:17:00,027 INFO com.bornfire.config.CronJobScheduler$CertMapper [scheduling-1] EMAILADDRESS=cert_publisher_test@ips.maucas.mu, CN=BOMMMUPLXIPS, O=BOMM, L=Port-Louis, C=MU
2022-01-20 18:17:00,027 INFO com.bornfire.config.CronJobScheduler [scheduling-1] LDAP Cert:Success
2022-01-20 18:18:00,022 INFO com.bornfire.config.CronJobScheduler$CertMapper [scheduling-1] 0------
2022-01-20 18:18:00,023 INFO com.bornfire.config.CronJobScheduler$CertMapper [scheduling-1] Mapper[B@53250026
2022-01-20 18:18:00,030 INFO com.bornfire.config.CronJobScheduler$CertMapper [scheduling-1] EMAILADDRESS=cert_publisher_test@ips.maucas.mu, CN=BOMMMUPLXIPS, O=BOMM, L=Port-Louis, C=MU
2022-01-20 18:18:00,030 INFO com.bornfire.config.CronJobScheduler [scheduling-1] LDAP Cert:Success
2022-01-20 18:19:00,023 INFO com.bornfire.config.CronJobScheduler$CertMapper [scheduling-1] 0------
2022-01-20 18:19:00,024 INFO com.bornfire.config.CronJobScheduler$CertMapper [scheduling-1] Mapper[B@18f92a6e
2022-01-20 18:19:00,034 INFO com.bornfire.config.CronJobScheduler$CertMapper [scheduling-1] EMAILADDRESS=cert_publisher_test@ips.maucas.mu, CN=BOMMMUPLXIPS, O=BOMM, L=Port-Louis, C=MU
2022-01-20 18:19:00,035 INFO com.bornfire.config.CronJobScheduler [scheduling-1] LDAP Cert:Success
2022-01-20 18:20:00,020 INFO com.bornfire.config.CronJobScheduler$CertMapper [scheduling-1] 0------
2022-01-20 18:20:00,021 INFO com.bornfire.config.CronJobScheduler$CertMapper [scheduling-1] Mapper[B@619c17dd
2022-01-20 18:20:00,032 INFO com.bornfire.config.CronJobScheduler$CertMapper [scheduling-1] EMAILADDRESS=cert_publisher_test@ips.maucas.mu, CN=BOMMMUPLXIPS, O=BOMM, L=Port-Louis, C=MU
2022-01-20 18:20:00,033 INFO com.bornfire.config.CronJobScheduler [scheduling-1] LDAP Cert:Success
2022-01-20 18:21:00,018 INFO com.bornfire.config.CronJobScheduler$CertMapper [scheduling-1] 0------
2022-01-20 18:21:00,019 INFO com.bornfire.config.CronJobScheduler$CertMapper [scheduling-1] Mapper[B@15e2bd15
2022-01-20 18:21:00,024 INFO com.bornfire.config.CronJobScheduler$CertMapper [scheduling-1] EMAILADDRESS=cert_publisher_test@ips.maucas.mu, CN=BOMMMUPLXIPS, O=BOMM, L=Port-Louis, C=MU
2022-01-20 18:21:00,025 INFO com.bornfire.config.CronJobScheduler [scheduling-1] LDAP Cert:Success
2022-01-20 18:22:00,019 INFO com.bornfire.config.CronJobScheduler$CertMapper [scheduling-1] 0------
2022-01-20 18:22:00,019 INFO com.bornfire.config.CronJobScheduler$CertMapper [scheduling-1] Mapper[B@6e3dbbbf
2022-01-20 18:22:00,024 INFO com.bornfire.config.CronJobScheduler$CertMapper [scheduling-1] EMAILADDRESS=cert_publisher_test@ips.maucas.mu, CN=BOMMMUPLXIPS, O=BOMM, L=Port-Louis, C=MU
2022-01-20 18:22:00,024 INFO com.bornfire.config.CronJobScheduler [scheduling-1] LDAP Cert:Success
2022-01-20 18:23:00,019 INFO com.bornfire.config.CronJobScheduler$CertMapper [scheduling-1] 0------
2022-01-20 18:23:00,020 INFO com.bornfire.config.CronJobScheduler$CertMapper [scheduling-1] Mapper[B@3fc6464c
2022-01-20 18:23:00,026 INFO com.bornfire.config.CronJobScheduler$CertMapper [scheduling-1] EMAILADDRESS=cert_publisher_test@ips.maucas.mu, CN=BOMMMUPLXIPS, O=BOMM, L=Port-Louis, C=MU
2022-01-20 18:23:00,027 INFO com.bornfire.config.CronJobScheduler [scheduling-1] LDAP Cert:Success
2022-01-20 18:24:00,023 INFO com.bornfire.config.CronJobScheduler$CertMapper [scheduling-1] 0------
2022-01-20 18:24:00,024 INFO com.bornfire.config.CronJobScheduler$CertMapper [scheduling-1] Mapper[B@3e659c96
2022-01-20 18:24:00,029 INFO com.bornfire.config.CronJobScheduler$CertMapper [scheduling-1] EMAILADDRESS=cert_publisher_test@ips.maucas.mu, CN=BOMMMUPLXIPS, O=BOMM, L=Port-Louis, C=MU
2022-01-20 18:24:00,030 INFO com.bornfire.config.CronJobScheduler [scheduling-1] LDAP Cert:Success
2022-01-20 18:25:00,020 INFO com.bornfire.config.CronJobScheduler$CertMapper [scheduling-1] 0------
2022-01-20 18:25:00,020 INFO com.bornfire.config.CronJobScheduler$CertMapper [scheduling-1] Mapper[B@3eef945a
2022-01-20 18:25:00,025 INFO com.bornfire.config.CronJobScheduler$CertMapper [scheduling-1] EMAILADDRESS=cert_publisher_test@ips.maucas.mu, CN=BOMMMUPLXIPS, O=BOMM, L=Port-Louis, C=MU
2022-01-20 18:25:00,025 INFO com.bornfire.config.CronJobScheduler [scheduling-1] LDAP Cert:Success
2022-01-20 18:26:00,021 INFO com.bornfire.config.CronJobScheduler$CertMapper [scheduling-1] 0------
2022-01-20 18:26:00,022 INFO com.bornfire.config.CronJobScheduler$CertMapper [scheduling-1] Mapper[B@3d8c307b
2022-01-20 18:26:00,027 INFO com.bornfire.config.CronJobScheduler$CertMapper [scheduling-1] EMAILADDRESS=cert_publisher_test@ips.maucas.mu, CN=BOMMMUPLXIPS, O=BOMM, L=Port-Louis, C=MU
2022-01-20 18:26:00,028 INFO com.bornfire.config.CronJobScheduler [scheduling-1] LDAP Cert:Success
2022-01-20 18:27:00,022 INFO com.bornfire.config.CronJobScheduler$CertMapper [scheduling-1] 0------
2022-01-20 18:27:00,023 INFO com.bornfire.config.CronJobScheduler$CertMapper [scheduling-1] Mapper[B@3075f5a0
2022-01-20 18:27:00,031 INFO com.bornfire.config.CronJobScheduler$CertMapper [scheduling-1] EMAILADDRESS=cert_publisher_test@ips.maucas.mu, CN=BOMMMUPLXIPS, O=BOMM, L=Port-Louis, C=MU
2022-01-20 18:27:00,032 INFO com.bornfire.config.CronJobScheduler [scheduling-1] LDAP Cert:Success
2022-01-20 18:28:00,019 INFO com.bornfire.config.CronJobScheduler$CertMapper [scheduling-1] 0------
2022-01-20 18:28:00,020 INFO com.bornfire.config.CronJobScheduler$CertMapper [scheduling-1] Mapper[B@22664e14
2022-01-20 18:28:00,023 INFO com.bornfire.config.CronJobScheduler$CertMapper [scheduling-1] EMAILADDRESS=cert_publisher_test@ips.maucas.mu, CN=BOMMMUPLXIPS, O=BOMM, L=Port-Louis, C=MU
2022-01-20 18:28:00,024 INFO com.bornfire.config.CronJobScheduler [scheduling-1] LDAP Cert:Success
2022-01-20 18:29:00,023 INFO com.bornfire.config.CronJobScheduler$CertMapper [scheduling-1] 0------
2022-01-20 18:29:00,023 INFO com.bornfire.config.CronJobScheduler$CertMapper [scheduling-1] Mapper[B@60694346
2022-01-20 18:29:00,029 INFO com.bornfire.config.CronJobScheduler$CertMapper [scheduling-1] EMAILADDRESS=cert_publisher_test@ips.maucas.mu, CN=BOMMMUPLXIPS, O=BOMM, L=Port-Louis, C=MU
2022-01-20 18:29:00,029 INFO com.bornfire.config.CronJobScheduler [scheduling-1] LDAP Cert:Success
2022-01-20 18:30:00,019 INFO com.bornfire.config.CronJobScheduler$CertMapper [scheduling-1] 0------
2022-01-20 18:30:00,020 INFO com.bornfire.config.CronJobScheduler$CertMapper [scheduling-1] Mapper[B@3cbaa8d8
2022-01-20 18:30:00,024 INFO com.bornfire.config.CronJobScheduler$CertMapper [scheduling-1] EMAILADDRESS=cert_publisher_test@ips.maucas.mu, CN=BOMMMUPLXIPS, O=BOMM, L=Port-Louis, C=MU
2022-01-20 18:30:00,024 INFO com.bornfire.config.CronJobScheduler [scheduling-1] LDAP Cert:Success
2022-01-20 18:31:00,021 INFO com.bornfire.config.CronJobScheduler$CertMapper [scheduling-1] 0------
2022-01-20 18:31:00,022 INFO com.bornfire.config.CronJobScheduler$CertMapper [scheduling-1] Mapper[B@237d921a
2022-01-20 18:31:00,031 INFO com.bornfire.config.CronJobScheduler$CertMapper [scheduling-1] EMAILADDRESS=cert_publisher_test@ips.maucas.mu, CN=BOMMMUPLXIPS, O=BOMM, L=Port-Louis, C=MU
2022-01-20 18:31:00,031 INFO com.bornfire.config.CronJobScheduler [scheduling-1] LDAP Cert:Success
2022-01-20 18:32:00,184 INFO com.bornfire.config.CronJobScheduler$CertMapper [scheduling-1] 0------
2022-01-20 18:32:00,184 INFO com.bornfire.config.CronJobScheduler$CertMapper [scheduling-1] Mapper[B@337b7e8f
2022-01-20 18:32:00,191 INFO com.bornfire.config.CronJobScheduler$CertMapper [scheduling-1] EMAILADDRESS=cert_publisher_test@ips.maucas.mu, CN=BOMMMUPLXIPS, O=BOMM, L=Port-Louis, C=MU
2022-01-20 18:32:00,191 INFO com.bornfire.config.CronJobScheduler [scheduling-1] LDAP Cert:Success
2022-01-20 18:33:00,020 INFO com.bornfire.config.CronJobScheduler$CertMapper [scheduling-1] 0------
2022-01-20 18:33:00,021 INFO com.bornfire.config.CronJobScheduler$CertMapper [scheduling-1] Mapper[B@192268d5
2022-01-20 18:33:00,031 INFO com.bornfire.config.CronJobScheduler$CertMapper [scheduling-1] EMAILADDRESS=cert_publisher_test@ips.maucas.mu, CN=BOMMMUPLXIPS, O=BOMM, L=Port-Louis, C=MU
2022-01-20 18:33:00,032 INFO com.bornfire.config.CronJobScheduler [scheduling-1] LDAP Cert:Success
2022-01-20 18:34:00,020 INFO com.bornfire.config.CronJobScheduler$CertMapper [scheduling-1] 0------
2022-01-20 18:34:00,021 INFO com.bornfire.config.CronJobScheduler$CertMapper [scheduling-1] Mapper[B@70b7ef41
2022-01-20 18:34:00,030 INFO com.bornfire.config.CronJobScheduler$CertMapper [scheduling-1] EMAILADDRESS=cert_publisher_test@ips.maucas.mu, CN=BOMMMUPLXIPS, O=BOMM, L=Port-Louis, C=MU
2022-01-20 18:34:00,031 INFO com.bornfire.config.CronJobScheduler [scheduling-1] LDAP Cert:Success
2022-01-20 18:35:00,020 INFO com.bornfire.config.CronJobScheduler$CertMapper [scheduling-1] 0------
2022-01-20 18:35:00,021 INFO com.bornfire.config.CronJobScheduler$CertMapper [scheduling-1] Mapper[B@3f155e0f
2022-01-20 18:35:00,032 INFO com.bornfire.config.CronJobScheduler$CertMapper [scheduling-1] EMAILADDRESS=cert_publisher_test@ips.maucas.mu, CN=BOMMMUPLXIPS, O=BOMM, L=Port-Louis, C=MU
2022-01-20 18:35:00,032 INFO com.bornfire.config.CronJobScheduler [scheduling-1] LDAP Cert:Success
2022-01-20 18:36:00,021 INFO com.bornfire.config.CronJobScheduler$CertMapper [scheduling-1] 0------
2022-01-20 18:36:00,021 INFO com.bornfire.config.CronJobScheduler$CertMapper [scheduling-1] Mapper[B@57f2c064
2022-01-20 18:36:00,027 INFO com.bornfire.config.CronJobScheduler$CertMapper [scheduling-1] EMAILADDRESS=cert_publisher_test@ips.maucas.mu, CN=BOMMMUPLXIPS, O=BOMM, L=Port-Louis, C=MU
2022-01-20 18:36:00,027 INFO com.bornfire.config.CronJobScheduler [scheduling-1] LDAP Cert:Success
2022-01-20 18:37:00,020 INFO com.bornfire.config.CronJobScheduler$CertMapper [scheduling-1] 0------
2022-01-20 18:37:00,020 INFO com.bornfire.config.CronJobScheduler$CertMapper [scheduling-1] Mapper[B@5d1c7e8f
2022-01-20 18:37:00,025 INFO com.bornfire.config.CronJobScheduler$CertMapper [scheduling-1] EMAILADDRESS=cert_publisher_test@ips.maucas.mu, CN=BOMMMUPLXIPS, O=BOMM, L=Port-Louis, C=MU
2022-01-20 18:37:00,025 INFO com.bornfire.config.CronJobScheduler [scheduling-1] LDAP Cert:Success
2022-01-20 18:38:00,020 INFO com.bornfire.config.CronJobScheduler$CertMapper [scheduling-1] 0------
2022-01-20 18:38:00,021 INFO com.bornfire.config.CronJobScheduler$CertMapper [scheduling-1] Mapper[B@129e5f8a
2022-01-20 18:38:00,029 INFO com.bornfire.config.CronJobScheduler$CertMapper [scheduling-1] EMAILADDRESS=cert_publisher_test@ips.maucas.mu, CN=BOMMMUPLXIPS, O=BOMM, L=Port-Louis, C=MU
2022-01-20 18:38:00,030 INFO com.bornfire.config.CronJobScheduler [scheduling-1] LDAP Cert:Success
2022-01-20 18:39:00,021 INFO com.bornfire.config.CronJobScheduler$CertMapper [scheduling-1] 0------
2022-01-20 18:39:00,022 INFO com.bornfire.config.CronJobScheduler$CertMapper [scheduling-1] Mapper[B@76e9ef0
2022-01-20 18:39:00,031 INFO com.bornfire.config.CronJobScheduler$CertMapper [scheduling-1] EMAILADDRESS=cert_publisher_test@ips.maucas.mu, CN=BOMMMUPLXIPS, O=BOMM, L=Port-Louis, C=MU
2022-01-20 18:39:00,031 INFO com.bornfire.config.CronJobScheduler [scheduling-1] LDAP Cert:Success
