2021-07-07 09:39:39,434 INFO org.springframework.boot.StartupInfoLogger [main] Starting IpsPayApplication on Raja with PID 4888 (E:\SpringWorkSpace\BIPSCIMPAY\target\classes started by moorthy in E:\SpringWorkSpace\BIPSCIMPAY)
2021-07-07 09:39:39,503 DEBUG org.springframework.boot.StartupInfoLogger [main] Running with Spring Boot v2.2.4.RELEASE, Spring v5.2.3.RELEASE
2021-07-07 09:39:39,503 INFO org.springframework.boot.SpringApplication [main] No active profile set, falling back to default profiles: default
2021-07-07 09:39:48,042 INFO org.springframework.data.repository.config.RepositoryConfigurationDelegate [main] Multiple Spring Data modules found, entering strict repository configuration mode!
2021-07-07 09:39:48,042 INFO org.springframework.data.repository.config.RepositoryConfigurationDelegate [main] Bootstrapping Spring Data JPA repositories in DEFAULT mode.
2021-07-07 09:39:48,280 INFO org.springframework.data.repository.config.RepositoryConfigurationDelegate [main] Finished Spring Data repository scanning in 201ms. Found 31 JPA repository interfaces.
2021-07-07 09:39:48,997 INFO org.springframework.data.repository.config.RepositoryConfigurationDelegate [main] Multiple Spring Data modules found, entering strict repository configuration mode!
2021-07-07 09:39:48,997 INFO org.springframework.data.repository.config.RepositoryConfigurationDelegate [main] Bootstrapping Spring Data LDAP repositories in DEFAULT mode.
2021-07-07 09:39:49,097 INFO org.springframework.data.repository.config.RepositoryConfigurationExtensionSupport [main] Spring Data LDAP - Could not safely identify store assignment for repository candidate interface com.bornfire.entity.BankAgentTableRep. If you want this repository to be a LDAP repository, consider annotating your entities with one of these annotations: org.springframework.ldap.odm.annotations.Entry (preferred), or consider extending one of the following types with your repository: org.springframework.data.ldap.repository.LdapRepository.
2021-07-07 09:39:49,111 INFO org.springframework.data.repository.config.RepositoryConfigurationExtensionSupport [main] Spring Data LDAP - Could not safely identify store assignment for repository candidate interface com.bornfire.entity.BusinessHoursRep. If you want this repository to be a LDAP repository, consider annotating your entities with one of these annotations: org.springframework.ldap.odm.annotations.Entry (preferred), or consider extending one of the following types with your repository: org.springframework.data.ldap.repository.LdapRepository.
2021-07-07 09:39:49,111 INFO org.springframework.data.repository.config.RepositoryConfigurationExtensionSupport [main] Spring Data LDAP - Could not safely identify store assignment for repository candidate interface com.bornfire.entity.ConsentAccessInquiryTableRep. If you want this repository to be a LDAP repository, consider annotating your entities with one of these annotations: org.springframework.ldap.odm.annotations.Entry (preferred), or consider extending one of the following types with your repository: org.springframework.data.ldap.repository.LdapRepository.
2021-07-07 09:39:49,112 INFO org.springframework.data.repository.config.RepositoryConfigurationExtensionSupport [main] Spring Data LDAP - Could not safely identify store assignment for repository candidate interface com.bornfire.entity.ConsentAccessTableRep. If you want this repository to be a LDAP repository, consider annotating your entities with one of these annotations: org.springframework.ldap.odm.annotations.Entry (preferred), or consider extending one of the following types with your repository: org.springframework.data.ldap.repository.LdapRepository.
2021-07-07 09:39:49,112 INFO org.springframework.data.repository.config.RepositoryConfigurationExtensionSupport [main] Spring Data LDAP - Could not safely identify store assignment for repository candidate interface com.bornfire.entity.ConsentAccessTmpTableRep. If you want this repository to be a LDAP repository, consider annotating your entities with one of these annotations: org.springframework.ldap.odm.annotations.Entry (preferred), or consider extending one of the following types with your repository: org.springframework.data.ldap.repository.LdapRepository.
2021-07-07 09:39:49,113 INFO org.springframework.data.repository.config.RepositoryConfigurationExtensionSupport [main] Spring Data LDAP - Could not safely identify store assignment for repository candidate interface com.bornfire.entity.ConsentOutwardAccessTableRep. If you want this repository to be a LDAP repository, consider annotating your entities with one of these annotations: org.springframework.ldap.odm.annotations.Entry (preferred), or consider extending one of the following types with your repository: org.springframework.data.ldap.repository.LdapRepository.
2021-07-07 09:39:49,113 INFO org.springframework.data.repository.config.RepositoryConfigurationExtensionSupport [main] Spring Data LDAP - Could not safely identify store assignment for repository candidate interface com.bornfire.entity.ConsentOutwardAccessTmpTableRep. If you want this repository to be a LDAP repository, consider annotating your entities with one of these annotations: org.springframework.ldap.odm.annotations.Entry (preferred), or consider extending one of the following types with your repository: org.springframework.data.ldap.repository.LdapRepository.
2021-07-07 09:39:49,113 INFO org.springframework.data.repository.config.RepositoryConfigurationExtensionSupport [main] Spring Data LDAP - Could not safely identify store assignment for repository candidate interface com.bornfire.entity.ConsentOutwardAuthorisationTableRep. If you want this repository to be a LDAP repository, consider annotating your entities with one of these annotations: org.springframework.ldap.odm.annotations.Entry (preferred), or consider extending one of the following types with your repository: org.springframework.data.ldap.repository.LdapRepository.
2021-07-07 09:39:49,113 INFO org.springframework.data.repository.config.RepositoryConfigurationExtensionSupport [main] Spring Data LDAP - Could not safely identify store assignment for repository candidate interface com.bornfire.entity.ConsentOutwardInquiryTableRep. If you want this repository to be a LDAP repository, consider annotating your entities with one of these annotations: org.springframework.ldap.odm.annotations.Entry (preferred), or consider extending one of the following types with your repository: org.springframework.data.ldap.repository.LdapRepository.
2021-07-07 09:39:49,113 INFO org.springframework.data.repository.config.RepositoryConfigurationExtensionSupport [main] Spring Data LDAP - Could not safely identify store assignment for repository candidate interface com.bornfire.entity.ConsentTableRep. If you want this repository to be a LDAP repository, consider annotating your entities with one of these annotations: org.springframework.ldap.odm.annotations.Entry (preferred), or consider extending one of the following types with your repository: org.springframework.data.ldap.repository.LdapRepository.
2021-07-07 09:39:49,113 INFO org.springframework.data.repository.config.RepositoryConfigurationExtensionSupport [main] Spring Data LDAP - Could not safely identify store assignment for repository candidate interface com.bornfire.entity.IPSChargesAndFeesRep. If you want this repository to be a LDAP repository, consider annotating your entities with one of these annotations: org.springframework.ldap.odm.annotations.Entry (preferred), or consider extending one of the following types with your repository: org.springframework.data.ldap.repository.LdapRepository.
2021-07-07 09:39:49,113 INFO org.springframework.data.repository.config.RepositoryConfigurationExtensionSupport [main] Spring Data LDAP - Could not safely identify store assignment for repository candidate interface com.bornfire.entity.IPSFlowTableRep. If you want this repository to be a LDAP repository, consider annotating your entities with one of these annotations: org.springframework.ldap.odm.annotations.Entry (preferred), or consider extending one of the following types with your repository: org.springframework.data.ldap.repository.LdapRepository.
2021-07-07 09:39:49,113 INFO org.springframework.data.repository.config.RepositoryConfigurationExtensionSupport [main] Spring Data LDAP - Could not safely identify store assignment for repository candidate interface com.bornfire.entity.OTPGenTableRep. If you want this repository to be a LDAP repository, consider annotating your entities with one of these annotations: org.springframework.ldap.odm.annotations.Entry (preferred), or consider extending one of the following types with your repository: org.springframework.data.ldap.repository.LdapRepository.
2021-07-07 09:39:49,113 INFO org.springframework.data.repository.config.RepositoryConfigurationExtensionSupport [main] Spring Data LDAP - Could not safely identify store assignment for repository candidate interface com.bornfire.entity.OutwardTransactionMonitoringTableRep. If you want this repository to be a LDAP repository, consider annotating your entities with one of these annotations: org.springframework.ldap.odm.annotations.Entry (preferred), or consider extending one of the following types with your repository: org.springframework.data.ldap.repository.LdapRepository.
2021-07-07 09:39:49,113 INFO org.springframework.data.repository.config.RepositoryConfigurationExtensionSupport [main] Spring Data LDAP - Could not safely identify store assignment for repository candidate interface com.bornfire.entity.RegPublicKeyRep. If you want this repository to be a LDAP repository, consider annotating your entities with one of these annotations: org.springframework.ldap.odm.annotations.Entry (preferred), or consider extending one of the following types with your repository: org.springframework.data.ldap.repository.LdapRepository.
2021-07-07 09:39:49,113 INFO org.springframework.data.repository.config.RepositoryConfigurationExtensionSupport [main] Spring Data LDAP - Could not safely identify store assignment for repository candidate interface com.bornfire.entity.RegPublicKeyTmpRep. If you want this repository to be a LDAP repository, consider annotating your entities with one of these annotations: org.springframework.ldap.odm.annotations.Entry (preferred), or consider extending one of the following types with your repository: org.springframework.data.ldap.repository.LdapRepository.
2021-07-07 09:39:49,113 INFO org.springframework.data.repository.config.RepositoryConfigurationExtensionSupport [main] Spring Data LDAP - Could not safely identify store assignment for repository candidate interface com.bornfire.entity.SettlementAccountAmtRep. If you want this repository to be a LDAP repository, consider annotating your entities with one of these annotations: org.springframework.ldap.odm.annotations.Entry (preferred), or consider extending one of the following types with your repository: org.springframework.data.ldap.repository.LdapRepository.
2021-07-07 09:39:49,113 INFO org.springframework.data.repository.config.RepositoryConfigurationExtensionSupport [main] Spring Data LDAP - Could not safely identify store assignment for repository candidate interface com.bornfire.entity.SettlementAccountRep. If you want this repository to be a LDAP repository, consider annotating your entities with one of these annotations: org.springframework.ldap.odm.annotations.Entry (preferred), or consider extending one of the following types with your repository: org.springframework.data.ldap.repository.LdapRepository.
2021-07-07 09:39:49,113 INFO org.springframework.data.repository.config.RepositoryConfigurationExtensionSupport [main] Spring Data LDAP - Could not safely identify store assignment for repository candidate interface com.bornfire.entity.SettlementLimitReportRep. If you want this repository to be a LDAP repository, consider annotating your entities with one of these annotations: org.springframework.ldap.odm.annotations.Entry (preferred), or consider extending one of the following types with your repository: org.springframework.data.ldap.repository.LdapRepository.
2021-07-07 09:39:49,113 INFO org.springframework.data.repository.config.RepositoryConfigurationExtensionSupport [main] Spring Data LDAP - Could not safely identify store assignment for repository candidate interface com.bornfire.entity.SettlementReportRep. If you want this repository to be a LDAP repository, consider annotating your entities with one of these annotations: org.springframework.ldap.odm.annotations.Entry (preferred), or consider extending one of the following types with your repository: org.springframework.data.ldap.repository.LdapRepository.
2021-07-07 09:39:49,113 INFO org.springframework.data.repository.config.RepositoryConfigurationExtensionSupport [main] Spring Data LDAP - Could not safely identify store assignment for repository candidate interface com.bornfire.entity.TranAllDetailsTableRep. If you want this repository to be a LDAP repository, consider annotating your entities with one of these annotations: org.springframework.ldap.odm.annotations.Entry (preferred), or consider extending one of the following types with your repository: org.springframework.data.ldap.repository.LdapRepository.
2021-07-07 09:39:49,113 INFO org.springframework.data.repository.config.RepositoryConfigurationExtensionSupport [main] Spring Data LDAP - Could not safely identify store assignment for repository candidate interface com.bornfire.entity.TranCBSTableRep. If you want this repository to be a LDAP repository, consider annotating your entities with one of these annotations: org.springframework.ldap.odm.annotations.Entry (preferred), or consider extending one of the following types with your repository: org.springframework.data.ldap.repository.LdapRepository.
2021-07-07 09:39:49,113 INFO org.springframework.data.repository.config.RepositoryConfigurationExtensionSupport [main] Spring Data LDAP - Could not safely identify store assignment for repository candidate interface com.bornfire.entity.TranCimCBSTableRep. If you want this repository to be a LDAP repository, consider annotating your entities with one of these annotations: org.springframework.ldap.odm.annotations.Entry (preferred), or consider extending one of the following types with your repository: org.springframework.data.ldap.repository.LdapRepository.
2021-07-07 09:39:49,113 INFO org.springframework.data.repository.config.RepositoryConfigurationExtensionSupport [main] Spring Data LDAP - Could not safely identify store assignment for repository candidate interface com.bornfire.entity.TranHistMonitorHistRep. If you want this repository to be a LDAP repository, consider annotating your entities with one of these annotations: org.springframework.ldap.odm.annotations.Entry (preferred), or consider extending one of the following types with your repository: org.springframework.data.ldap.repository.LdapRepository.
2021-07-07 09:39:49,113 INFO org.springframework.data.repository.config.RepositoryConfigurationExtensionSupport [main] Spring Data LDAP - Could not safely identify store assignment for repository candidate interface com.bornfire.entity.TranIPSTableRep. If you want this repository to be a LDAP repository, consider annotating your entities with one of these annotations: org.springframework.ldap.odm.annotations.Entry (preferred), or consider extending one of the following types with your repository: org.springframework.data.ldap.repository.LdapRepository.
2021-07-07 09:39:49,113 INFO org.springframework.data.repository.config.RepositoryConfigurationExtensionSupport [main] Spring Data LDAP - Could not safely identify store assignment for repository candidate interface com.bornfire.entity.TranNetStatRep. If you want this repository to be a LDAP repository, consider annotating your entities with one of these annotations: org.springframework.ldap.odm.annotations.Entry (preferred), or consider extending one of the following types with your repository: org.springframework.data.ldap.repository.LdapRepository.
2021-07-07 09:39:49,113 INFO org.springframework.data.repository.config.RepositoryConfigurationExtensionSupport [main] Spring Data LDAP - Could not safely identify store assignment for repository candidate interface com.bornfire.entity.TranNonCBSTableRep. If you want this repository to be a LDAP repository, consider annotating your entities with one of these annotations: org.springframework.ldap.odm.annotations.Entry (preferred), or consider extending one of the following types with your repository: org.springframework.data.ldap.repository.LdapRepository.
2021-07-07 09:39:49,113 INFO org.springframework.data.repository.config.RepositoryConfigurationExtensionSupport [main] Spring Data LDAP - Could not safely identify store assignment for repository candidate interface com.bornfire.entity.TransactionMonitorRep. If you want this repository to be a LDAP repository, consider annotating your entities with one of these annotations: org.springframework.ldap.odm.annotations.Entry (preferred), or consider extending one of the following types with your repository: org.springframework.data.ldap.repository.LdapRepository.
2021-07-07 09:39:49,113 INFO org.springframework.data.repository.config.RepositoryConfigurationExtensionSupport [main] Spring Data LDAP - Could not safely identify store assignment for repository candidate interface com.bornfire.entity.WalletAccessTableRep. If you want this repository to be a LDAP repository, consider annotating your entities with one of these annotations: org.springframework.ldap.odm.annotations.Entry (preferred), or consider extending one of the following types with your repository: org.springframework.data.ldap.repository.LdapRepository.
2021-07-07 09:39:49,113 INFO org.springframework.data.repository.config.RepositoryConfigurationExtensionSupport [main] Spring Data LDAP - Could not safely identify store assignment for repository candidate interface com.bornfire.entity.WalletAccessTmpTableRep. If you want this repository to be a LDAP repository, consider annotating your entities with one of these annotations: org.springframework.ldap.odm.annotations.Entry (preferred), or consider extending one of the following types with your repository: org.springframework.data.ldap.repository.LdapRepository.
2021-07-07 09:39:49,113 INFO org.springframework.data.repository.config.RepositoryConfigurationExtensionSupport [main] Spring Data LDAP - Could not safely identify store assignment for repository candidate interface com.bornfire.entity.WalletRequestRegisterTableRep. If you want this repository to be a LDAP repository, consider annotating your entities with one of these annotations: org.springframework.ldap.odm.annotations.Entry (preferred), or consider extending one of the following types with your repository: org.springframework.data.ldap.repository.LdapRepository.
2021-07-07 09:39:49,129 INFO org.springframework.data.repository.config.RepositoryConfigurationDelegate [main] Finished Spring Data repository scanning in 126ms. Found 0 LDAP repository interfaces.
2021-07-07 09:39:49,683 INFO org.springframework.context.support.PostProcessorRegistrationDelegate$BeanPostProcessorChecker [main] Bean 'IPSGenConfig' of type [com.bornfire.config.IPSGenConfig$$EnhancerBySpringCGLIB$$db4b7112] is not eligible for getting processed by all BeanPostProcessors (for example: not eligible for auto-proxying)
2021-07-07 09:39:49,698 INFO org.springframework.context.support.PostProcessorRegistrationDelegate$BeanPostProcessorChecker [main] Bean 'IPSServerConfig' of type [com.bornfire.config.IPSServerConfig$$EnhancerBySpringCGLIB$$c0eb3129] is not eligible for getting processed by all BeanPostProcessors (for example: not eligible for auto-proxying)
2021-07-07 09:39:49,698 INFO org.springframework.context.support.PostProcessorRegistrationDelegate$BeanPostProcessorChecker [main] Bean 'org.springframework.ws.config.annotation.DelegatingWsConfiguration' of type [org.springframework.ws.config.annotation.DelegatingWsConfiguration$$EnhancerBySpringCGLIB$$adc79f9c] is not eligible for getting processed by all BeanPostProcessors (for example: not eligible for auto-proxying)
2021-07-07 09:39:49,799 INFO org.springframework.ws.soap.addressing.server.AbstractAddressingEndpointMapping [main] Supporting [WS-Addressing August 2004, WS-Addressing 1.0]
2021-07-07 09:39:49,861 INFO org.springframework.context.support.PostProcessorRegistrationDelegate$BeanPostProcessorChecker [main] Bean 'org.springframework.transaction.annotation.ProxyTransactionManagementConfiguration' of type [org.springframework.transaction.annotation.ProxyTransactionManagementConfiguration] is not eligible for getting processed by all BeanPostProcessors (for example: not eligible for auto-proxying)
2021-07-07 09:39:50,584 INFO org.springframework.boot.web.embedded.tomcat.TomcatWebServer [main] Tomcat initialized with port(s): 8440 (https)
2021-07-07 09:39:50,594 INFO org.apache.juli.logging.DirectJDKLog [main] Initializing ProtocolHandler ["https-jsse-nio-8440"]
2021-07-07 09:39:50,594 INFO org.apache.juli.logging.DirectJDKLog [main] Starting service [Tomcat]
2021-07-07 09:39:50,594 INFO org.apache.juli.logging.DirectJDKLog [main] Starting Servlet engine: [Apache Tomcat/9.0.30]
2021-07-07 09:39:50,963 INFO org.apache.juli.logging.DirectJDKLog [main] Initializing Spring embedded WebApplicationContext
2021-07-07 09:39:50,963 INFO org.springframework.boot.web.servlet.context.ServletWebServerApplicationContext [main] Root WebApplicationContext: initialization completed in 11213 ms
2021-07-07 09:39:52,351 INFO org.hibernate.Version [main] HHH000412: Hibernate Core {5.4.10.Final}
2021-07-07 09:39:52,922 INFO org.hibernate.annotations.common.reflection.java.JavaReflectionManager [main] HCANN000001: Hibernate Commons Annotations {5.1.0.Final}
2021-07-07 09:39:55,526 INFO org.hibernate.dialect.Dialect [main] HHH000400: Using dialect: org.hibernate.dialect.Oracle10gDialect
2021-07-07 09:40:05,472 WARN org.hibernate.mapping.RootClass [main] HHH000038: Composite-id class does not override equals(): com.bornfire.entity.TranIPSTableID
2021-07-07 09:40:05,472 WARN org.hibernate.mapping.RootClass [main] HHH000039: Composite-id class does not override hashCode(): com.bornfire.entity.TranIPSTableID
2021-07-07 09:40:05,485 WARN org.hibernate.mapping.RootClass [main] HHH000038: Composite-id class does not override equals(): com.bornfire.entity.SettlementReportDetailID
2021-07-07 09:40:05,486 WARN org.hibernate.mapping.RootClass [main] HHH000039: Composite-id class does not override hashCode(): com.bornfire.entity.SettlementReportDetailID
2021-07-07 09:40:09,263 INFO org.hibernate.engine.transaction.jta.platform.internal.JtaPlatformInitiator [main] HHH000490: Using JtaPlatform implementation: [org.hibernate.engine.transaction.jta.platform.internal.NoJtaPlatform]
2021-07-07 09:40:12,355 INFO org.springframework.ws.soap.saaj.SaajSoapMessageFactory [main] Creating SAAJ 1.3 MessageFactory with SOAP 1.1 Protocol
2021-07-07 09:40:12,411 INFO org.springframework.scheduling.concurrent.ExecutorConfigurationSupport [main] Initializing ExecutorService
2021-07-07 09:40:12,411 INFO org.springframework.scheduling.concurrent.ExecutorConfigurationSupport [main] Initializing ExecutorService 'taskExecutor'
2021-07-07 09:40:13,139 INFO org.springframework.scheduling.concurrent.ExecutorConfigurationSupport [main] Initializing ExecutorService
2021-07-07 09:40:13,139 INFO org.springframework.scheduling.concurrent.ExecutorConfigurationSupport [main] Initializing ExecutorService 'asyncExecutor'
2021-07-07 09:40:13,509 WARN org.springframework.boot.autoconfigure.orm.jpa.JpaBaseConfiguration$JpaWebConfiguration [main] spring.jpa.open-in-view is enabled by default. Therefore, database queries may be performed during view rendering. Explicitly configure spring.jpa.open-in-view to disable this warning
2021-07-07 09:40:14,342 INFO org.springframework.scheduling.concurrent.ExecutorConfigurationSupport [main] Initializing ExecutorService 'taskScheduler'
2021-07-07 09:40:14,358 INFO org.springframework.boot.actuate.endpoint.web.EndpointLinksResolver [main] Exposing 13 endpoint(s) beneath base path '/actuator'
2021-07-07 09:40:14,411 INFO org.apache.juli.logging.DirectJDKLog [main] Starting ProtocolHandler ["https-jsse-nio-8440"]
2021-07-07 09:40:14,696 INFO org.springframework.boot.web.embedded.tomcat.TomcatWebServer [main] Tomcat started on port(s): 8440 (https) with context path ''
2021-07-07 09:40:14,701 INFO org.springframework.boot.StartupInfoLogger [main] Started IpsPayApplication in 36.821 seconds (JVM running for 42.385)
2021-07-07 09:44:00,162 INFO org.springframework.boot.admin.SpringApplicationAdminMXBeanRegistrar$SpringApplicationAdmin [RMI TCP Connection(15)-127.0.0.1] Application shutdown requested.
2021-07-07 09:44:00,165 INFO org.springframework.scheduling.concurrent.ExecutorConfigurationSupport [RMI TCP Connection(15)-127.0.0.1] Shutting down ExecutorService 'taskScheduler'
2021-07-07 09:44:00,166 INFO org.springframework.scheduling.concurrent.ExecutorConfigurationSupport [RMI TCP Connection(15)-127.0.0.1] Shutting down ExecutorService 'asyncExecutor'
2021-07-07 09:44:00,166 INFO org.springframework.scheduling.concurrent.ExecutorConfigurationSupport [RMI TCP Connection(15)-127.0.0.1] Shutting down ExecutorService 'taskExecutor'
2021-07-07 09:44:00,893 ERROR org.springframework.scheduling.support.TaskUtils$LoggingErrorHandler [scheduling-1] Unexpected error occurred in scheduled task
org.springframework.transaction.CannotCreateTransactionException: Could not open JPA EntityManager for transaction; nested exception is java.lang.IllegalStateException: Session/EntityManager is closed
	at org.springframework.orm.jpa.JpaTransactionManager.doBegin(JpaTransactionManager.java:448)
	at org.springframework.transaction.support.AbstractPlatformTransactionManager.getTransaction(AbstractPlatformTransactionManager.java:376)
	at org.springframework.transaction.interceptor.TransactionAspectSupport.createTransactionIfNecessary(TransactionAspectSupport.java:572)
	at org.springframework.transaction.interceptor.TransactionAspectSupport.invokeWithinTransaction(TransactionAspectSupport.java:360)
	at org.springframework.transaction.interceptor.TransactionInterceptor.invoke(TransactionInterceptor.java:99)
	at org.springframework.aop.framework.ReflectiveMethodInvocation.proceed(ReflectiveMethodInvocation.java:186)
	at org.springframework.aop.framework.CglibAopProxy$CglibMethodInvocation.proceed(CglibAopProxy.java:747)
	at org.springframework.aop.framework.CglibAopProxy$DynamicAdvisedInterceptor.intercept(CglibAopProxy.java:689)
	at com.bornfire.controller.IPSDao$$EnhancerBySpringCGLIB$$19ecf9c2.updateIncomingmessage(<generated>)
	at com.bornfire.config.CronJobScheduler.updateIncomingMessage(CronJobScheduler.java:541)
	at sun.reflect.NativeMethodAccessorImpl.invoke0(Native Method)
	at sun.reflect.NativeMethodAccessorImpl.invoke(Unknown Source)
	at sun.reflect.DelegatingMethodAccessorImpl.invoke(Unknown Source)
	at java.lang.reflect.Method.invoke(Unknown Source)
	at org.springframework.scheduling.support.ScheduledMethodRunnable.run(ScheduledMethodRunnable.java:84)
	at org.springframework.scheduling.support.DelegatingErrorHandlingRunnable.run(DelegatingErrorHandlingRunnable.java:54)
	at org.springframework.scheduling.concurrent.ReschedulingRunnable.run(ReschedulingRunnable.java:93)
	at java.util.concurrent.Executors$RunnableAdapter.call(Unknown Source)
	at java.util.concurrent.FutureTask.run(Unknown Source)
	at java.util.concurrent.ScheduledThreadPoolExecutor$ScheduledFutureTask.access$201(Unknown Source)
	at java.util.concurrent.ScheduledThreadPoolExecutor$ScheduledFutureTask.run(Unknown Source)
	at java.util.concurrent.ThreadPoolExecutor.runWorker(Unknown Source)
	at java.util.concurrent.ThreadPoolExecutor$Worker.run(Unknown Source)
	at java.lang.Thread.run(Unknown Source)
Caused by: java.lang.IllegalStateException: Session/EntityManager is closed
	at org.hibernate.internal.AbstractSharedSessionContract.checkOpen(AbstractSharedSessionContract.java:371)
	at org.hibernate.engine.spi.SharedSessionContractImplementor.checkOpen(SharedSessionContractImplementor.java:148)
	at org.hibernate.internal.AbstractSharedSessionContract.checkOpenOrWaitingForAutoClose(AbstractSharedSessionContract.java:377)
	at org.hibernate.internal.SessionImpl.startTransactionBoundary(SessionImpl.java:3204)
	at org.hibernate.resource.transaction.spi.TransactionCoordinatorOwner.startTransactionBoundary(TransactionCoordinatorOwner.java:38)
	at org.hibernate.resource.transaction.backend.jdbc.internal.JdbcResourceLocalTransactionCoordinatorImpl.afterBeginCallback(JdbcResourceLocalTransactionCoordinatorImpl.java:168)
	at org.hibernate.resource.transaction.backend.jdbc.internal.JdbcResourceLocalTransactionCoordinatorImpl.access$000(JdbcResourceLocalTransactionCoordinatorImpl.java:40)
	at org.hibernate.resource.transaction.backend.jdbc.internal.JdbcResourceLocalTransactionCoordinatorImpl$TransactionDriverControlImpl.begin(JdbcResourceLocalTransactionCoordinatorImpl.java:247)
	at org.hibernate.engine.transaction.internal.TransactionImpl.begin(TransactionImpl.java:83)
	at org.springframework.orm.jpa.DefaultJpaDialect.beginTransaction(DefaultJpaDialect.java:70)
	at org.springframework.orm.jpa.JpaTransactionManager.doBegin(JpaTransactionManager.java:402)
	... 23 common frames omitted
2021-07-07 09:44:06,592 INFO org.springframework.boot.StartupInfoLogger [main] Starting IpsPayApplication on Raja with PID 5840 (E:\SpringWorkSpace\BIPSCIMPAY\target\classes started by moorthy in E:\SpringWorkSpace\BIPSCIMPAY)
2021-07-07 09:44:06,608 DEBUG org.springframework.boot.StartupInfoLogger [main] Running with Spring Boot v2.2.4.RELEASE, Spring v5.2.3.RELEASE
2021-07-07 09:44:06,608 INFO org.springframework.boot.SpringApplication [main] No active profile set, falling back to default profiles: default
2021-07-07 09:44:07,779 INFO org.springframework.data.repository.config.RepositoryConfigurationDelegate [main] Multiple Spring Data modules found, entering strict repository configuration mode!
2021-07-07 09:44:07,779 INFO org.springframework.data.repository.config.RepositoryConfigurationDelegate [main] Bootstrapping Spring Data JPA repositories in DEFAULT mode.
2021-07-07 09:44:08,011 INFO org.springframework.data.repository.config.RepositoryConfigurationDelegate [main] Finished Spring Data repository scanning in 215ms. Found 31 JPA repository interfaces.
2021-07-07 09:44:08,443 INFO org.springframework.data.repository.config.RepositoryConfigurationDelegate [main] Multiple Spring Data modules found, entering strict repository configuration mode!
2021-07-07 09:44:08,443 INFO org.springframework.data.repository.config.RepositoryConfigurationDelegate [main] Bootstrapping Spring Data LDAP repositories in DEFAULT mode.
2021-07-07 09:44:08,512 INFO org.springframework.data.repository.config.RepositoryConfigurationExtensionSupport [main] Spring Data LDAP - Could not safely identify store assignment for repository candidate interface com.bornfire.entity.BankAgentTableRep. If you want this repository to be a LDAP repository, consider annotating your entities with one of these annotations: org.springframework.ldap.odm.annotations.Entry (preferred), or consider extending one of the following types with your repository: org.springframework.data.ldap.repository.LdapRepository.
2021-07-07 09:44:08,512 INFO org.springframework.data.repository.config.RepositoryConfigurationExtensionSupport [main] Spring Data LDAP - Could not safely identify store assignment for repository candidate interface com.bornfire.entity.BusinessHoursRep. If you want this repository to be a LDAP repository, consider annotating your entities with one of these annotations: org.springframework.ldap.odm.annotations.Entry (preferred), or consider extending one of the following types with your repository: org.springframework.data.ldap.repository.LdapRepository.
2021-07-07 09:44:08,512 INFO org.springframework.data.repository.config.RepositoryConfigurationExtensionSupport [main] Spring Data LDAP - Could not safely identify store assignment for repository candidate interface com.bornfire.entity.ConsentAccessInquiryTableRep. If you want this repository to be a LDAP repository, consider annotating your entities with one of these annotations: org.springframework.ldap.odm.annotations.Entry (preferred), or consider extending one of the following types with your repository: org.springframework.data.ldap.repository.LdapRepository.
2021-07-07 09:44:08,512 INFO org.springframework.data.repository.config.RepositoryConfigurationExtensionSupport [main] Spring Data LDAP - Could not safely identify store assignment for repository candidate interface com.bornfire.entity.ConsentAccessTableRep. If you want this repository to be a LDAP repository, consider annotating your entities with one of these annotations: org.springframework.ldap.odm.annotations.Entry (preferred), or consider extending one of the following types with your repository: org.springframework.data.ldap.repository.LdapRepository.
2021-07-07 09:44:08,512 INFO org.springframework.data.repository.config.RepositoryConfigurationExtensionSupport [main] Spring Data LDAP - Could not safely identify store assignment for repository candidate interface com.bornfire.entity.ConsentAccessTmpTableRep. If you want this repository to be a LDAP repository, consider annotating your entities with one of these annotations: org.springframework.ldap.odm.annotations.Entry (preferred), or consider extending one of the following types with your repository: org.springframework.data.ldap.repository.LdapRepository.
2021-07-07 09:44:08,512 INFO org.springframework.data.repository.config.RepositoryConfigurationExtensionSupport [main] Spring Data LDAP - Could not safely identify store assignment for repository candidate interface com.bornfire.entity.ConsentOutwardAccessTableRep. If you want this repository to be a LDAP repository, consider annotating your entities with one of these annotations: org.springframework.ldap.odm.annotations.Entry (preferred), or consider extending one of the following types with your repository: org.springframework.data.ldap.repository.LdapRepository.
2021-07-07 09:44:08,512 INFO org.springframework.data.repository.config.RepositoryConfigurationExtensionSupport [main] Spring Data LDAP - Could not safely identify store assignment for repository candidate interface com.bornfire.entity.ConsentOutwardAccessTmpTableRep. If you want this repository to be a LDAP repository, consider annotating your entities with one of these annotations: org.springframework.ldap.odm.annotations.Entry (preferred), or consider extending one of the following types with your repository: org.springframework.data.ldap.repository.LdapRepository.
2021-07-07 09:44:08,512 INFO org.springframework.data.repository.config.RepositoryConfigurationExtensionSupport [main] Spring Data LDAP - Could not safely identify store assignment for repository candidate interface com.bornfire.entity.ConsentOutwardAuthorisationTableRep. If you want this repository to be a LDAP repository, consider annotating your entities with one of these annotations: org.springframework.ldap.odm.annotations.Entry (preferred), or consider extending one of the following types with your repository: org.springframework.data.ldap.repository.LdapRepository.
2021-07-07 09:44:08,512 INFO org.springframework.data.repository.config.RepositoryConfigurationExtensionSupport [main] Spring Data LDAP - Could not safely identify store assignment for repository candidate interface com.bornfire.entity.ConsentOutwardInquiryTableRep. If you want this repository to be a LDAP repository, consider annotating your entities with one of these annotations: org.springframework.ldap.odm.annotations.Entry (preferred), or consider extending one of the following types with your repository: org.springframework.data.ldap.repository.LdapRepository.
2021-07-07 09:44:08,512 INFO org.springframework.data.repository.config.RepositoryConfigurationExtensionSupport [main] Spring Data LDAP - Could not safely identify store assignment for repository candidate interface com.bornfire.entity.ConsentTableRep. If you want this repository to be a LDAP repository, consider annotating your entities with one of these annotations: org.springframework.ldap.odm.annotations.Entry (preferred), or consider extending one of the following types with your repository: org.springframework.data.ldap.repository.LdapRepository.
2021-07-07 09:44:08,512 INFO org.springframework.data.repository.config.RepositoryConfigurationExtensionSupport [main] Spring Data LDAP - Could not safely identify store assignment for repository candidate interface com.bornfire.entity.IPSChargesAndFeesRep. If you want this repository to be a LDAP repository, consider annotating your entities with one of these annotations: org.springframework.ldap.odm.annotations.Entry (preferred), or consider extending one of the following types with your repository: org.springframework.data.ldap.repository.LdapRepository.
2021-07-07 09:44:08,528 INFO org.springframework.data.repository.config.RepositoryConfigurationExtensionSupport [main] Spring Data LDAP - Could not safely identify store assignment for repository candidate interface com.bornfire.entity.IPSFlowTableRep. If you want this repository to be a LDAP repository, consider annotating your entities with one of these annotations: org.springframework.ldap.odm.annotations.Entry (preferred), or consider extending one of the following types with your repository: org.springframework.data.ldap.repository.LdapRepository.
2021-07-07 09:44:08,528 INFO org.springframework.data.repository.config.RepositoryConfigurationExtensionSupport [main] Spring Data LDAP - Could not safely identify store assignment for repository candidate interface com.bornfire.entity.OTPGenTableRep. If you want this repository to be a LDAP repository, consider annotating your entities with one of these annotations: org.springframework.ldap.odm.annotations.Entry (preferred), or consider extending one of the following types with your repository: org.springframework.data.ldap.repository.LdapRepository.
2021-07-07 09:44:08,528 INFO org.springframework.data.repository.config.RepositoryConfigurationExtensionSupport [main] Spring Data LDAP - Could not safely identify store assignment for repository candidate interface com.bornfire.entity.OutwardTransactionMonitoringTableRep. If you want this repository to be a LDAP repository, consider annotating your entities with one of these annotations: org.springframework.ldap.odm.annotations.Entry (preferred), or consider extending one of the following types with your repository: org.springframework.data.ldap.repository.LdapRepository.
2021-07-07 09:44:08,528 INFO org.springframework.data.repository.config.RepositoryConfigurationExtensionSupport [main] Spring Data LDAP - Could not safely identify store assignment for repository candidate interface com.bornfire.entity.RegPublicKeyRep. If you want this repository to be a LDAP repository, consider annotating your entities with one of these annotations: org.springframework.ldap.odm.annotations.Entry (preferred), or consider extending one of the following types with your repository: org.springframework.data.ldap.repository.LdapRepository.
2021-07-07 09:44:08,528 INFO org.springframework.data.repository.config.RepositoryConfigurationExtensionSupport [main] Spring Data LDAP - Could not safely identify store assignment for repository candidate interface com.bornfire.entity.RegPublicKeyTmpRep. If you want this repository to be a LDAP repository, consider annotating your entities with one of these annotations: org.springframework.ldap.odm.annotations.Entry (preferred), or consider extending one of the following types with your repository: org.springframework.data.ldap.repository.LdapRepository.
2021-07-07 09:44:08,528 INFO org.springframework.data.repository.config.RepositoryConfigurationExtensionSupport [main] Spring Data LDAP - Could not safely identify store assignment for repository candidate interface com.bornfire.entity.SettlementAccountAmtRep. If you want this repository to be a LDAP repository, consider annotating your entities with one of these annotations: org.springframework.ldap.odm.annotations.Entry (preferred), or consider extending one of the following types with your repository: org.springframework.data.ldap.repository.LdapRepository.
2021-07-07 09:44:08,528 INFO org.springframework.data.repository.config.RepositoryConfigurationExtensionSupport [main] Spring Data LDAP - Could not safely identify store assignment for repository candidate interface com.bornfire.entity.SettlementAccountRep. If you want this repository to be a LDAP repository, consider annotating your entities with one of these annotations: org.springframework.ldap.odm.annotations.Entry (preferred), or consider extending one of the following types with your repository: org.springframework.data.ldap.repository.LdapRepository.
2021-07-07 09:44:08,528 INFO org.springframework.data.repository.config.RepositoryConfigurationExtensionSupport [main] Spring Data LDAP - Could not safely identify store assignment for repository candidate interface com.bornfire.entity.SettlementLimitReportRep. If you want this repository to be a LDAP repository, consider annotating your entities with one of these annotations: org.springframework.ldap.odm.annotations.Entry (preferred), or consider extending one of the following types with your repository: org.springframework.data.ldap.repository.LdapRepository.
2021-07-07 09:44:08,528 INFO org.springframework.data.repository.config.RepositoryConfigurationExtensionSupport [main] Spring Data LDAP - Could not safely identify store assignment for repository candidate interface com.bornfire.entity.SettlementReportRep. If you want this repository to be a LDAP repository, consider annotating your entities with one of these annotations: org.springframework.ldap.odm.annotations.Entry (preferred), or consider extending one of the following types with your repository: org.springframework.data.ldap.repository.LdapRepository.
2021-07-07 09:44:08,528 INFO org.springframework.data.repository.config.RepositoryConfigurationExtensionSupport [main] Spring Data LDAP - Could not safely identify store assignment for repository candidate interface com.bornfire.entity.TranAllDetailsTableRep. If you want this repository to be a LDAP repository, consider annotating your entities with one of these annotations: org.springframework.ldap.odm.annotations.Entry (preferred), or consider extending one of the following types with your repository: org.springframework.data.ldap.repository.LdapRepository.
2021-07-07 09:44:08,543 INFO org.springframework.data.repository.config.RepositoryConfigurationExtensionSupport [main] Spring Data LDAP - Could not safely identify store assignment for repository candidate interface com.bornfire.entity.TranCBSTableRep. If you want this repository to be a LDAP repository, consider annotating your entities with one of these annotations: org.springframework.ldap.odm.annotations.Entry (preferred), or consider extending one of the following types with your repository: org.springframework.data.ldap.repository.LdapRepository.
2021-07-07 09:44:08,543 INFO org.springframework.data.repository.config.RepositoryConfigurationExtensionSupport [main] Spring Data LDAP - Could not safely identify store assignment for repository candidate interface com.bornfire.entity.TranCimCBSTableRep. If you want this repository to be a LDAP repository, consider annotating your entities with one of these annotations: org.springframework.ldap.odm.annotations.Entry (preferred), or consider extending one of the following types with your repository: org.springframework.data.ldap.repository.LdapRepository.
2021-07-07 09:44:08,559 INFO org.springframework.data.repository.config.RepositoryConfigurationExtensionSupport [main] Spring Data LDAP - Could not safely identify store assignment for repository candidate interface com.bornfire.entity.TranHistMonitorHistRep. If you want this repository to be a LDAP repository, consider annotating your entities with one of these annotations: org.springframework.ldap.odm.annotations.Entry (preferred), or consider extending one of the following types with your repository: org.springframework.data.ldap.repository.LdapRepository.
2021-07-07 09:44:08,559 INFO org.springframework.data.repository.config.RepositoryConfigurationExtensionSupport [main] Spring Data LDAP - Could not safely identify store assignment for repository candidate interface com.bornfire.entity.TranIPSTableRep. If you want this repository to be a LDAP repository, consider annotating your entities with one of these annotations: org.springframework.ldap.odm.annotations.Entry (preferred), or consider extending one of the following types with your repository: org.springframework.data.ldap.repository.LdapRepository.
2021-07-07 09:44:08,559 INFO org.springframework.data.repository.config.RepositoryConfigurationExtensionSupport [main] Spring Data LDAP - Could not safely identify store assignment for repository candidate interface com.bornfire.entity.TranNetStatRep. If you want this repository to be a LDAP repository, consider annotating your entities with one of these annotations: org.springframework.ldap.odm.annotations.Entry (preferred), or consider extending one of the following types with your repository: org.springframework.data.ldap.repository.LdapRepository.
2021-07-07 09:44:08,559 INFO org.springframework.data.repository.config.RepositoryConfigurationExtensionSupport [main] Spring Data LDAP - Could not safely identify store assignment for repository candidate interface com.bornfire.entity.TranNonCBSTableRep. If you want this repository to be a LDAP repository, consider annotating your entities with one of these annotations: org.springframework.ldap.odm.annotations.Entry (preferred), or consider extending one of the following types with your repository: org.springframework.data.ldap.repository.LdapRepository.
2021-07-07 09:44:08,559 INFO org.springframework.data.repository.config.RepositoryConfigurationExtensionSupport [main] Spring Data LDAP - Could not safely identify store assignment for repository candidate interface com.bornfire.entity.TransactionMonitorRep. If you want this repository to be a LDAP repository, consider annotating your entities with one of these annotations: org.springframework.ldap.odm.annotations.Entry (preferred), or consider extending one of the following types with your repository: org.springframework.data.ldap.repository.LdapRepository.
2021-07-07 09:44:08,559 INFO org.springframework.data.repository.config.RepositoryConfigurationExtensionSupport [main] Spring Data LDAP - Could not safely identify store assignment for repository candidate interface com.bornfire.entity.WalletAccessTableRep. If you want this repository to be a LDAP repository, consider annotating your entities with one of these annotations: org.springframework.ldap.odm.annotations.Entry (preferred), or consider extending one of the following types with your repository: org.springframework.data.ldap.repository.LdapRepository.
2021-07-07 09:44:08,559 INFO org.springframework.data.repository.config.RepositoryConfigurationExtensionSupport [main] Spring Data LDAP - Could not safely identify store assignment for repository candidate interface com.bornfire.entity.WalletAccessTmpTableRep. If you want this repository to be a LDAP repository, consider annotating your entities with one of these annotations: org.springframework.ldap.odm.annotations.Entry (preferred), or consider extending one of the following types with your repository: org.springframework.data.ldap.repository.LdapRepository.
2021-07-07 09:44:08,559 INFO org.springframework.data.repository.config.RepositoryConfigurationExtensionSupport [main] Spring Data LDAP - Could not safely identify store assignment for repository candidate interface com.bornfire.entity.WalletRequestRegisterTableRep. If you want this repository to be a LDAP repository, consider annotating your entities with one of these annotations: org.springframework.ldap.odm.annotations.Entry (preferred), or consider extending one of the following types with your repository: org.springframework.data.ldap.repository.LdapRepository.
2021-07-07 09:44:08,559 INFO org.springframework.data.repository.config.RepositoryConfigurationDelegate [main] Finished Spring Data repository scanning in 122ms. Found 0 LDAP repository interfaces.
2021-07-07 09:44:08,913 INFO org.springframework.context.support.PostProcessorRegistrationDelegate$BeanPostProcessorChecker [main] Bean 'IPSGenConfig' of type [com.bornfire.config.IPSGenConfig$$EnhancerBySpringCGLIB$$f273bd44] is not eligible for getting processed by all BeanPostProcessors (for example: not eligible for auto-proxying)
2021-07-07 09:44:08,925 INFO org.springframework.context.support.PostProcessorRegistrationDelegate$BeanPostProcessorChecker [main] Bean 'IPSServerConfig' of type [com.bornfire.config.IPSServerConfig$$EnhancerBySpringCGLIB$$d8137d5b] is not eligible for getting processed by all BeanPostProcessors (for example: not eligible for auto-proxying)
2021-07-07 09:44:08,940 INFO org.springframework.context.support.PostProcessorRegistrationDelegate$BeanPostProcessorChecker [main] Bean 'org.springframework.ws.config.annotation.DelegatingWsConfiguration' of type [org.springframework.ws.config.annotation.DelegatingWsConfiguration$$EnhancerBySpringCGLIB$$c4efebce] is not eligible for getting processed by all BeanPostProcessors (for example: not eligible for auto-proxying)
2021-07-07 09:44:08,956 INFO org.springframework.ws.soap.addressing.server.AbstractAddressingEndpointMapping [main] Supporting [WS-Addressing August 2004, WS-Addressing 1.0]
2021-07-07 09:44:09,013 INFO org.springframework.context.support.PostProcessorRegistrationDelegate$BeanPostProcessorChecker [main] Bean 'org.springframework.transaction.annotation.ProxyTransactionManagementConfiguration' of type [org.springframework.transaction.annotation.ProxyTransactionManagementConfiguration] is not eligible for getting processed by all BeanPostProcessors (for example: not eligible for auto-proxying)
2021-07-07 09:44:09,260 INFO org.springframework.boot.web.embedded.tomcat.TomcatWebServer [main] Tomcat initialized with port(s): 8440 (https)
2021-07-07 09:44:09,276 INFO org.apache.juli.logging.DirectJDKLog [main] Initializing ProtocolHandler ["https-jsse-nio-8440"]
2021-07-07 09:44:09,276 INFO org.apache.juli.logging.DirectJDKLog [main] Starting service [Tomcat]
2021-07-07 09:44:09,276 INFO org.apache.juli.logging.DirectJDKLog [main] Starting Servlet engine: [Apache Tomcat/9.0.30]
2021-07-07 09:44:09,414 INFO org.apache.juli.logging.DirectJDKLog [main] Initializing Spring embedded WebApplicationContext
2021-07-07 09:44:09,414 INFO org.springframework.boot.web.servlet.context.ServletWebServerApplicationContext [main] Root WebApplicationContext: initialization completed in 2744 ms
2021-07-07 09:44:10,163 INFO org.hibernate.Version [main] HHH000412: Hibernate Core {5.4.10.Final}
2021-07-07 09:44:10,332 INFO org.hibernate.annotations.common.reflection.java.JavaReflectionManager [main] HCANN000001: Hibernate Commons Annotations {5.1.0.Final}
2021-07-07 09:44:11,920 INFO org.hibernate.dialect.Dialect [main] HHH000400: Using dialect: org.hibernate.dialect.Oracle10gDialect
2021-07-07 09:44:20,466 WARN org.hibernate.mapping.RootClass [main] HHH000038: Composite-id class does not override equals(): com.bornfire.entity.TranIPSTableID
2021-07-07 09:44:20,466 WARN org.hibernate.mapping.RootClass [main] HHH000039: Composite-id class does not override hashCode(): com.bornfire.entity.TranIPSTableID
2021-07-07 09:44:20,471 WARN org.hibernate.mapping.RootClass [main] HHH000038: Composite-id class does not override equals(): com.bornfire.entity.SettlementReportDetailID
2021-07-07 09:44:20,471 WARN org.hibernate.mapping.RootClass [main] HHH000039: Composite-id class does not override hashCode(): com.bornfire.entity.SettlementReportDetailID
2021-07-07 09:44:22,773 INFO org.hibernate.engine.transaction.jta.platform.internal.JtaPlatformInitiator [main] HHH000490: Using JtaPlatform implementation: [org.hibernate.engine.transaction.jta.platform.internal.NoJtaPlatform]
2021-07-07 09:44:26,554 INFO org.springframework.ws.soap.saaj.SaajSoapMessageFactory [main] Creating SAAJ 1.3 MessageFactory with SOAP 1.1 Protocol
2021-07-07 09:44:27,185 INFO org.springframework.scheduling.concurrent.ExecutorConfigurationSupport [main] Initializing ExecutorService
2021-07-07 09:44:27,187 INFO org.springframework.scheduling.concurrent.ExecutorConfigurationSupport [main] Initializing ExecutorService 'taskExecutor'
2021-07-07 09:44:27,909 INFO org.springframework.scheduling.concurrent.ExecutorConfigurationSupport [main] Initializing ExecutorService
2021-07-07 09:44:27,910 INFO org.springframework.scheduling.concurrent.ExecutorConfigurationSupport [main] Initializing ExecutorService 'asyncExecutor'
2021-07-07 09:44:28,458 WARN org.springframework.boot.autoconfigure.orm.jpa.JpaBaseConfiguration$JpaWebConfiguration [main] spring.jpa.open-in-view is enabled by default. Therefore, database queries may be performed during view rendering. Explicitly configure spring.jpa.open-in-view to disable this warning
2021-07-07 09:44:29,305 INFO org.springframework.scheduling.concurrent.ExecutorConfigurationSupport [main] Initializing ExecutorService 'taskScheduler'
2021-07-07 09:44:29,324 INFO org.springframework.boot.actuate.endpoint.web.EndpointLinksResolver [main] Exposing 13 endpoint(s) beneath base path '/actuator'
2021-07-07 09:44:29,423 INFO org.apache.juli.logging.DirectJDKLog [main] Starting ProtocolHandler ["https-jsse-nio-8440"]
2021-07-07 09:44:30,220 INFO org.springframework.boot.web.embedded.tomcat.TomcatWebServer [main] Tomcat started on port(s): 8440 (https) with context path ''
2021-07-07 09:44:30,222 INFO org.springframework.boot.StartupInfoLogger [main] Started IpsPayApplication in 24.164 seconds (JVM running for 25.373)
2021-07-07 09:45:51,616 INFO org.apache.juli.logging.DirectJDKLog [https-jsse-nio-8440-exec-4] Initializing Spring DispatcherServlet 'dispatcherServlet'
2021-07-07 09:45:51,617 INFO org.springframework.web.servlet.FrameworkServlet [https-jsse-nio-8440-exec-4] Initializing Servlet 'dispatcherServlet'
2021-07-07 09:45:51,629 INFO org.springframework.web.servlet.FrameworkServlet [https-jsse-nio-8440-exec-4] Completed initialization in 12 ms
2021-07-07 09:46:30,478 INFO com.bornfire.controller.IPSRestController [https-jsse-nio-8440-exec-2] Sequence20210707_0006
2021-07-07 09:46:30,479 INFO com.bornfire.controller.IPSRestController [https-jsse-nio-8440-exec-2] Service Bulk RTP Starts22
2021-07-07 09:46:30,480 INFO com.bornfire.controller.IPSRestController [https-jsse-nio-8440-exec-2] Calling Bulk RTP Credit Transfer Connection flow Starts
2021-07-07 09:46:30,480 INFO com.bornfire.controller.IPSRestController [https-jsse-nio-8440-exec-2] PID:22
2021-07-07 09:46:30,480 INFO com.bornfire.controller.IPSRestController [https-jsse-nio-8440-exec-2] PSU_Device_ID:22
2021-07-07 09:46:30,481 INFO com.bornfire.controller.IPSRestController [https-jsse-nio-8440-exec-2] PSU_IP_Address:102.203.303.33
2021-07-07 09:46:30,481 INFO com.bornfire.controller.IPSRestController [https-jsse-nio-8440-exec-2] PSU_ID:7653475634
2021-07-07 09:46:30,482 INFO com.bornfire.controller.IPSRestController [https-jsse-nio-8440-exec-2] RTP Bulk Request->RTPbulkTransferRequest [RemitterAccount=RemitterAccount [AcctName=vv, AcctNumber=098990098, BankCode=0700, CurrencyCode=MUR], BenAccount=[BenAccount [ReqUniqueId=1021, BenName=df, BenAcctNumber=090908900099, TrAmt=1, CurrencyCode=MUR, TrRmks=Test1]]]
2021-07-07 09:47:45,114 INFO com.bornfire.controller.IPSRestController [https-jsse-nio-8440-exec-6] Sequence20210707_0007
2021-07-07 09:47:45,114 INFO com.bornfire.controller.IPSRestController [https-jsse-nio-8440-exec-6] Service Bulk RTP Starts22
2021-07-07 09:47:45,115 INFO com.bornfire.controller.IPSRestController [https-jsse-nio-8440-exec-6] Calling Bulk RTP Credit Transfer Connection flow Starts
2021-07-07 09:47:45,115 INFO com.bornfire.controller.IPSRestController [https-jsse-nio-8440-exec-6] PID:22
2021-07-07 09:47:45,116 INFO com.bornfire.controller.IPSRestController [https-jsse-nio-8440-exec-6] PSU_Device_ID:22
2021-07-07 09:47:45,116 INFO com.bornfire.controller.IPSRestController [https-jsse-nio-8440-exec-6] PSU_IP_Address:102.203.303.33
2021-07-07 09:47:45,117 INFO com.bornfire.controller.IPSRestController [https-jsse-nio-8440-exec-6] PSU_ID:7653475634
2021-07-07 09:47:45,117 INFO com.bornfire.controller.IPSRestController [https-jsse-nio-8440-exec-6] RTP Bulk Request->RTPbulkTransferRequest [RemitterAccount=RemitterAccount [AcctName=vv, AcctNumber=098990098, BankCode=0700, CurrencyCode=MUR], BenAccount=[BenAccount [ReqUniqueId=1021, BenName=df, BenAcctNumber=090908900099, TrAmt=1, CurrencyCode=MUR, TrRmks=Test1]]]
2021-07-07 09:47:54,144 INFO com.bornfire.controller.IPSRestController [https-jsse-nio-8440-exec-10] Sequence20210707_0008
2021-07-07 09:47:54,144 INFO com.bornfire.controller.IPSRestController [https-jsse-nio-8440-exec-10] Service Bulk RTP Starts22
2021-07-07 09:47:54,145 INFO com.bornfire.controller.IPSRestController [https-jsse-nio-8440-exec-10] Calling Bulk RTP Credit Transfer Connection flow Starts
2021-07-07 09:47:54,145 INFO com.bornfire.controller.IPSRestController [https-jsse-nio-8440-exec-10] PID:22
2021-07-07 09:47:54,146 INFO com.bornfire.controller.IPSRestController [https-jsse-nio-8440-exec-10] PSU_Device_ID:22
2021-07-07 09:47:54,146 INFO com.bornfire.controller.IPSRestController [https-jsse-nio-8440-exec-10] PSU_IP_Address:102.203.303.33
2021-07-07 09:47:54,146 INFO com.bornfire.controller.IPSRestController [https-jsse-nio-8440-exec-10] PSU_ID:7653475634
2021-07-07 09:47:54,146 INFO com.bornfire.controller.IPSRestController [https-jsse-nio-8440-exec-10] RTP Bulk Request->RTPbulkTransferRequest [RemitterAccount=RemitterAccount [AcctName=vv, AcctNumber=098990098, BankCode=0700, CurrencyCode=MUR], BenAccount=[BenAccount [ReqUniqueId=1021, BenName=df, BenAcctNumber=090908900099, TrAmt=1, CurrencyCode=MUR, TrRmks=Test1]]]
