2020-06-24 10:40:04,281 INFO org.springframework.boot.StartupInfoLogger [main] Starting IpsPayApplication on XBRLTEST with PID 13052 (C:\Users\Administrator\git\ipspay\target\classes started by Administrator in C:\Users\Administrator\git\ipspay)
2020-06-24 10:40:04,284 DEBUG org.springframework.boot.StartupInfoLogger [main] Running with Spring Boot v2.2.4.RELEASE, Spring v5.2.3.RELEASE
2020-06-24 10:40:04,284 INFO org.springframework.boot.SpringApplication [main] No active profile set, falling back to default profiles: default
2020-06-24 10:40:04,772 INFO org.springframework.data.repository.config.RepositoryConfigurationDelegate [main] Multiple Spring Data modules found, entering strict repository configuration mode!
2020-06-24 10:40:04,773 INFO org.springframework.data.repository.config.RepositoryConfigurationDelegate [main] Bootstrapping Spring Data JPA repositories in DEFAULT mode.
2020-06-24 10:40:04,838 INFO org.springframework.data.repository.config.RepositoryConfigurationDelegate [main] Finished Spring Data repository scanning in 60ms. Found 17 JPA repository interfaces.
2020-06-24 10:40:05,029 INFO org.springframework.data.repository.config.RepositoryConfigurationDelegate [main] Multiple Spring Data modules found, entering strict repository configuration mode!
2020-06-24 10:40:05,030 INFO org.springframework.data.repository.config.RepositoryConfigurationDelegate [main] Bootstrapping Spring Data LDAP repositories in DEFAULT mode.
2020-06-24 10:40:05,068 INFO org.springframework.data.repository.config.RepositoryConfigurationExtensionSupport [main] Spring Data LDAP - Could not safely identify store assignment for repository candidate interface com.bornfire.entity.BankAgentTableRep. If you want this repository to be a LDAP repository, consider annotating your entities with one of these annotations: org.springframework.ldap.odm.annotations.Entry (preferred), or consider extending one of the following types with your repository: org.springframework.data.ldap.repository.LdapRepository.
2020-06-24 10:40:05,068 INFO org.springframework.data.repository.config.RepositoryConfigurationExtensionSupport [main] Spring Data LDAP - Could not safely identify store assignment for repository candidate interface com.bornfire.entity.BusinessHoursRep. If you want this repository to be a LDAP repository, consider annotating your entities with one of these annotations: org.springframework.ldap.odm.annotations.Entry (preferred), or consider extending one of the following types with your repository: org.springframework.data.ldap.repository.LdapRepository.
2020-06-24 10:40:05,069 INFO org.springframework.data.repository.config.RepositoryConfigurationExtensionSupport [main] Spring Data LDAP - Could not safely identify store assignment for repository candidate interface com.bornfire.entity.ConsentTableRep. If you want this repository to be a LDAP repository, consider annotating your entities with one of these annotations: org.springframework.ldap.odm.annotations.Entry (preferred), or consider extending one of the following types with your repository: org.springframework.data.ldap.repository.LdapRepository.
2020-06-24 10:40:05,069 INFO org.springframework.data.repository.config.RepositoryConfigurationExtensionSupport [main] Spring Data LDAP - Could not safely identify store assignment for repository candidate interface com.bornfire.entity.IPSChargesAndFeesRep. If you want this repository to be a LDAP repository, consider annotating your entities with one of these annotations: org.springframework.ldap.odm.annotations.Entry (preferred), or consider extending one of the following types with your repository: org.springframework.data.ldap.repository.LdapRepository.
2020-06-24 10:40:05,069 INFO org.springframework.data.repository.config.RepositoryConfigurationExtensionSupport [main] Spring Data LDAP - Could not safely identify store assignment for repository candidate interface com.bornfire.entity.IPSFlowTableRep. If you want this repository to be a LDAP repository, consider annotating your entities with one of these annotations: org.springframework.ldap.odm.annotations.Entry (preferred), or consider extending one of the following types with your repository: org.springframework.data.ldap.repository.LdapRepository.
2020-06-24 10:40:05,070 INFO org.springframework.data.repository.config.RepositoryConfigurationExtensionSupport [main] Spring Data LDAP - Could not safely identify store assignment for repository candidate interface com.bornfire.entity.OTPGenTableRep. If you want this repository to be a LDAP repository, consider annotating your entities with one of these annotations: org.springframework.ldap.odm.annotations.Entry (preferred), or consider extending one of the following types with your repository: org.springframework.data.ldap.repository.LdapRepository.
2020-06-24 10:40:05,070 INFO org.springframework.data.repository.config.RepositoryConfigurationExtensionSupport [main] Spring Data LDAP - Could not safely identify store assignment for repository candidate interface com.bornfire.entity.RegPublicKeyRep. If you want this repository to be a LDAP repository, consider annotating your entities with one of these annotations: org.springframework.ldap.odm.annotations.Entry (preferred), or consider extending one of the following types with your repository: org.springframework.data.ldap.repository.LdapRepository.
2020-06-24 10:40:05,071 INFO org.springframework.data.repository.config.RepositoryConfigurationExtensionSupport [main] Spring Data LDAP - Could not safely identify store assignment for repository candidate interface com.bornfire.entity.RegPublicKeyTmpRep. If you want this repository to be a LDAP repository, consider annotating your entities with one of these annotations: org.springframework.ldap.odm.annotations.Entry (preferred), or consider extending one of the following types with your repository: org.springframework.data.ldap.repository.LdapRepository.
2020-06-24 10:40:05,071 INFO org.springframework.data.repository.config.RepositoryConfigurationExtensionSupport [main] Spring Data LDAP - Could not safely identify store assignment for repository candidate interface com.bornfire.entity.SettlementAccountAmtRep. If you want this repository to be a LDAP repository, consider annotating your entities with one of these annotations: org.springframework.ldap.odm.annotations.Entry (preferred), or consider extending one of the following types with your repository: org.springframework.data.ldap.repository.LdapRepository.
2020-06-24 10:40:05,071 INFO org.springframework.data.repository.config.RepositoryConfigurationExtensionSupport [main] Spring Data LDAP - Could not safely identify store assignment for repository candidate interface com.bornfire.entity.SettlementAccountRep. If you want this repository to be a LDAP repository, consider annotating your entities with one of these annotations: org.springframework.ldap.odm.annotations.Entry (preferred), or consider extending one of the following types with your repository: org.springframework.data.ldap.repository.LdapRepository.
2020-06-24 10:40:05,072 INFO org.springframework.data.repository.config.RepositoryConfigurationExtensionSupport [main] Spring Data LDAP - Could not safely identify store assignment for repository candidate interface com.bornfire.entity.SettlementLimitReportRep. If you want this repository to be a LDAP repository, consider annotating your entities with one of these annotations: org.springframework.ldap.odm.annotations.Entry (preferred), or consider extending one of the following types with your repository: org.springframework.data.ldap.repository.LdapRepository.
2020-06-24 10:40:05,072 INFO org.springframework.data.repository.config.RepositoryConfigurationExtensionSupport [main] Spring Data LDAP - Could not safely identify store assignment for repository candidate interface com.bornfire.entity.SettlementReportRep. If you want this repository to be a LDAP repository, consider annotating your entities with one of these annotations: org.springframework.ldap.odm.annotations.Entry (preferred), or consider extending one of the following types with your repository: org.springframework.data.ldap.repository.LdapRepository.
2020-06-24 10:40:05,073 INFO org.springframework.data.repository.config.RepositoryConfigurationExtensionSupport [main] Spring Data LDAP - Could not safely identify store assignment for repository candidate interface com.bornfire.entity.TranCBSTableRep. If you want this repository to be a LDAP repository, consider annotating your entities with one of these annotations: org.springframework.ldap.odm.annotations.Entry (preferred), or consider extending one of the following types with your repository: org.springframework.data.ldap.repository.LdapRepository.
2020-06-24 10:40:05,073 INFO org.springframework.data.repository.config.RepositoryConfigurationExtensionSupport [main] Spring Data LDAP - Could not safely identify store assignment for repository candidate interface com.bornfire.entity.TranHistMonitorHistRep. If you want this repository to be a LDAP repository, consider annotating your entities with one of these annotations: org.springframework.ldap.odm.annotations.Entry (preferred), or consider extending one of the following types with your repository: org.springframework.data.ldap.repository.LdapRepository.
2020-06-24 10:40:05,075 INFO org.springframework.data.repository.config.RepositoryConfigurationExtensionSupport [main] Spring Data LDAP - Could not safely identify store assignment for repository candidate interface com.bornfire.entity.TranIPSTableRep. If you want this repository to be a LDAP repository, consider annotating your entities with one of these annotations: org.springframework.ldap.odm.annotations.Entry (preferred), or consider extending one of the following types with your repository: org.springframework.data.ldap.repository.LdapRepository.
2020-06-24 10:40:05,075 INFO org.springframework.data.repository.config.RepositoryConfigurationExtensionSupport [main] Spring Data LDAP - Could not safely identify store assignment for repository candidate interface com.bornfire.entity.TranNetStatRep. If you want this repository to be a LDAP repository, consider annotating your entities with one of these annotations: org.springframework.ldap.odm.annotations.Entry (preferred), or consider extending one of the following types with your repository: org.springframework.data.ldap.repository.LdapRepository.
2020-06-24 10:40:05,076 INFO org.springframework.data.repository.config.RepositoryConfigurationExtensionSupport [main] Spring Data LDAP - Could not safely identify store assignment for repository candidate interface com.bornfire.entity.TransactionMonitorRep. If you want this repository to be a LDAP repository, consider annotating your entities with one of these annotations: org.springframework.ldap.odm.annotations.Entry (preferred), or consider extending one of the following types with your repository: org.springframework.data.ldap.repository.LdapRepository.
2020-06-24 10:40:05,076 INFO org.springframework.data.repository.config.RepositoryConfigurationDelegate [main] Finished Spring Data repository scanning in 45ms. Found 0 LDAP repository interfaces.
2020-06-24 10:40:05,244 INFO org.springframework.context.support.PostProcessorRegistrationDelegate$BeanPostProcessorChecker [main] Bean 'IPSServerConfig' of type [com.bornfire.config.IPSServerConfig$$EnhancerBySpringCGLIB$$404ee7c7] is not eligible for getting processed by all BeanPostProcessors (for example: not eligible for auto-proxying)
2020-06-24 10:40:05,245 INFO org.springframework.context.support.PostProcessorRegistrationDelegate$BeanPostProcessorChecker [main] Bean 'org.springframework.ws.config.annotation.DelegatingWsConfiguration' of type [org.springframework.ws.config.annotation.DelegatingWsConfiguration$$EnhancerBySpringCGLIB$$2d2b563a] is not eligible for getting processed by all BeanPostProcessors (for example: not eligible for auto-proxying)
2020-06-24 10:40:05,263 INFO org.springframework.ws.soap.addressing.server.AbstractAddressingEndpointMapping [main] Supporting [WS-Addressing August 2004, WS-Addressing 1.0]
2020-06-24 10:40:05,300 INFO org.springframework.context.support.PostProcessorRegistrationDelegate$BeanPostProcessorChecker [main] Bean 'org.springframework.transaction.annotation.ProxyTransactionManagementConfiguration' of type [org.springframework.transaction.annotation.ProxyTransactionManagementConfiguration] is not eligible for getting processed by all BeanPostProcessors (for example: not eligible for auto-proxying)
2020-06-24 10:40:05,454 INFO org.springframework.boot.web.embedded.tomcat.TomcatWebServer [main] Tomcat initialized with port(s): 8440 (https)
2020-06-24 10:40:05,459 INFO org.apache.juli.logging.DirectJDKLog [main] Initializing ProtocolHandler ["https-jsse-nio-8440"]
2020-06-24 10:40:05,460 INFO org.apache.juli.logging.DirectJDKLog [main] Starting service [Tomcat]
2020-06-24 10:40:05,460 INFO org.apache.juli.logging.DirectJDKLog [main] Starting Servlet engine: [Apache Tomcat/9.0.30]
2020-06-24 10:40:05,523 INFO org.apache.juli.logging.DirectJDKLog [main] Initializing Spring embedded WebApplicationContext
2020-06-24 10:40:05,523 INFO org.springframework.boot.web.servlet.context.ServletWebServerApplicationContext [main] Root WebApplicationContext: initialization completed in 1213 ms
2020-06-24 10:40:05,902 INFO org.hibernate.Version [main] HHH000412: Hibernate Core {5.4.10.Final}
2020-06-24 10:40:05,984 INFO org.hibernate.annotations.common.reflection.java.JavaReflectionManager [main] HCANN000001: Hibernate Commons Annotations {5.1.0.Final}
2020-06-24 10:40:07,063 WARN org.hibernate.engine.jdbc.env.internal.JdbcEnvironmentInitiator [main] HHH000342: Could not obtain connection to query metadata : IO Error: The Network Adapter could not establish the connection
2020-06-24 10:40:07,069 INFO org.hibernate.dialect.Dialect [main] HHH000400: Using dialect: org.hibernate.dialect.Oracle10gDialect
2020-06-24 10:40:07,197 WARN org.hibernate.mapping.RootClass [main] HHH000038: Composite-id class does not override equals(): com.bornfire.entity.TranIPSTableID
2020-06-24 10:40:07,197 WARN org.hibernate.mapping.RootClass [main] HHH000039: Composite-id class does not override hashCode(): com.bornfire.entity.TranIPSTableID
2020-06-24 10:40:07,198 WARN org.hibernate.mapping.RootClass [main] HHH000038: Composite-id class does not override equals(): com.bornfire.entity.SettlementReportDetailID
2020-06-24 10:40:07,198 WARN org.hibernate.mapping.RootClass [main] HHH000039: Composite-id class does not override hashCode(): com.bornfire.entity.SettlementReportDetailID
2020-06-24 10:40:08,744 ERROR org.hibernate.hql.spi.id.IdTableHelper [main] Unable obtain JDBC Connection
java.sql.SQLRecoverableException: IO Error: The Network Adapter could not establish the connection
	at oracle.jdbc.driver.T4CConnection.logon(T4CConnection.java:743)
	at oracle.jdbc.driver.PhysicalConnection.connect(PhysicalConnection.java:666)
	at oracle.jdbc.driver.T4CDriverExtension.getConnection(T4CDriverExtension.java:32)
	at oracle.jdbc.driver.OracleDriver.connect(OracleDriver.java:566)
	at oracle.jdbc.pool.OracleDataSource.getPhysicalConnection(OracleDataSource.java:317)
	at oracle.jdbc.pool.OracleDataSource.getConnection(OracleDataSource.java:241)
	at oracle.jdbc.pool.OracleDataSource.getConnection(OracleDataSource.java:184)
	at org.hibernate.engine.jdbc.connections.internal.DatasourceConnectionProviderImpl.getConnection(DatasourceConnectionProviderImpl.java:122)
	at org.hibernate.engine.jdbc.env.internal.JdbcEnvironmentInitiator$ConnectionProviderJdbcConnectionAccess.obtainConnection(JdbcEnvironmentInitiator.java:180)
	at org.hibernate.hql.spi.id.IdTableHelper.executeIdTableCreationStatements(IdTableHelper.java:67)
	at org.hibernate.hql.spi.id.global.GlobalTemporaryTableBulkIdStrategy.finishPreparation(GlobalTemporaryTableBulkIdStrategy.java:125)
	at org.hibernate.hql.spi.id.global.GlobalTemporaryTableBulkIdStrategy.finishPreparation(GlobalTemporaryTableBulkIdStrategy.java:42)
	at org.hibernate.hql.spi.id.AbstractMultiTableBulkIdStrategyImpl.prepare(AbstractMultiTableBulkIdStrategyImpl.java:88)
	at org.hibernate.internal.SessionFactoryImpl.<init>(SessionFactoryImpl.java:313)
	at org.hibernate.boot.internal.SessionFactoryBuilderImpl.build(SessionFactoryBuilderImpl.java:462)
	at org.hibernate.cfg.Configuration.buildSessionFactory(Configuration.java:708)
	at org.hibernate.cfg.Configuration.buildSessionFactory(Configuration.java:724)
	at org.springframework.orm.hibernate5.LocalSessionFactoryBean.buildSessionFactory(LocalSessionFactoryBean.java:616)
	at org.springframework.orm.hibernate5.LocalSessionFactoryBean.afterPropertiesSet(LocalSessionFactoryBean.java:600)
	at org.springframework.beans.factory.support.AbstractAutowireCapableBeanFactory.invokeInitMethods(AbstractAutowireCapableBeanFactory.java:1855)
	at org.springframework.beans.factory.support.AbstractAutowireCapableBeanFactory.initializeBean(AbstractAutowireCapableBeanFactory.java:1792)
	at org.springframework.beans.factory.support.AbstractAutowireCapableBeanFactory.doCreateBean(AbstractAutowireCapableBeanFactory.java:595)
	at org.springframework.beans.factory.support.AbstractAutowireCapableBeanFactory.createBean(AbstractAutowireCapableBeanFactory.java:517)
	at org.springframework.beans.factory.support.AbstractBeanFactory.lambda$doGetBean$0(AbstractBeanFactory.java:323)
	at org.springframework.beans.factory.support.DefaultSingletonBeanRegistry.getSingleton(DefaultSingletonBeanRegistry.java:222)
	at org.springframework.beans.factory.support.AbstractBeanFactory.doGetBean(AbstractBeanFactory.java:321)
	at org.springframework.beans.factory.support.AbstractBeanFactory.getBean(AbstractBeanFactory.java:202)
	at org.springframework.beans.factory.support.BeanDefinitionValueResolver.resolveReference(BeanDefinitionValueResolver.java:330)
	at org.springframework.beans.factory.support.BeanDefinitionValueResolver.resolveValueIfNecessary(BeanDefinitionValueResolver.java:113)
	at org.springframework.beans.factory.support.ConstructorResolver.resolveConstructorArguments(ConstructorResolver.java:691)
	at org.springframework.beans.factory.support.ConstructorResolver.instantiateUsingFactoryMethod(ConstructorResolver.java:508)
	at org.springframework.beans.factory.support.AbstractAutowireCapableBeanFactory.instantiateUsingFactoryMethod(AbstractAutowireCapableBeanFactory.java:1338)
	at org.springframework.beans.factory.support.AbstractAutowireCapableBeanFactory.createBeanInstance(AbstractAutowireCapableBeanFactory.java:1177)
	at org.springframework.beans.factory.support.AbstractAutowireCapableBeanFactory.doCreateBean(AbstractAutowireCapableBeanFactory.java:557)
	at org.springframework.beans.factory.support.AbstractAutowireCapableBeanFactory.createBean(AbstractAutowireCapableBeanFactory.java:517)
	at org.springframework.beans.factory.support.BeanDefinitionValueResolver.resolveInnerBean(BeanDefinitionValueResolver.java:374)
	at org.springframework.beans.factory.support.BeanDefinitionValueResolver.resolveValueIfNecessary(BeanDefinitionValueResolver.java:134)
	at org.springframework.beans.factory.support.AbstractAutowireCapableBeanFactory.applyPropertyValues(AbstractAutowireCapableBeanFactory.java:1699)
	at org.springframework.beans.factory.support.AbstractAutowireCapableBeanFactory.populateBean(AbstractAutowireCapableBeanFactory.java:1444)
	at org.springframework.beans.factory.support.AbstractAutowireCapableBeanFactory.doCreateBean(AbstractAutowireCapableBeanFactory.java:594)
	at org.springframework.beans.factory.support.AbstractAutowireCapableBeanFactory.createBean(AbstractAutowireCapableBeanFactory.java:517)
	at org.springframework.beans.factory.support.AbstractBeanFactory.lambda$doGetBean$0(AbstractBeanFactory.java:323)
	at org.springframework.beans.factory.support.DefaultSingletonBeanRegistry.getSingleton(DefaultSingletonBeanRegistry.java:222)
	at org.springframework.beans.factory.support.AbstractBeanFactory.doGetBean(AbstractBeanFactory.java:321)
	at org.springframework.beans.factory.support.AbstractBeanFactory.getBean(AbstractBeanFactory.java:202)
	at org.springframework.beans.factory.config.DependencyDescriptor.resolveCandidate(DependencyDescriptor.java:276)
	at org.springframework.beans.factory.support.DefaultListableBeanFactory.doResolveDependency(DefaultListableBeanFactory.java:1287)
	at org.springframework.beans.factory.support.DefaultListableBeanFactory.resolveDependency(DefaultListableBeanFactory.java:1207)
	at org.springframework.beans.factory.annotation.AutowiredAnnotationBeanPostProcessor$AutowiredFieldElement.inject(AutowiredAnnotationBeanPostProcessor.java:640)
	at org.springframework.beans.factory.annotation.InjectionMetadata.inject(InjectionMetadata.java:116)
	at org.springframework.beans.factory.annotation.AutowiredAnnotationBeanPostProcessor.postProcessProperties(AutowiredAnnotationBeanPostProcessor.java:399)
	at org.springframework.beans.factory.support.AbstractAutowireCapableBeanFactory.populateBean(AbstractAutowireCapableBeanFactory.java:1422)
	at org.springframework.beans.factory.support.AbstractAutowireCapableBeanFactory.doCreateBean(AbstractAutowireCapableBeanFactory.java:594)
	at org.springframework.beans.factory.support.AbstractAutowireCapableBeanFactory.createBean(AbstractAutowireCapableBeanFactory.java:517)
	at org.springframework.beans.factory.support.AbstractBeanFactory.lambda$doGetBean$0(AbstractBeanFactory.java:323)
	at org.springframework.beans.factory.support.DefaultSingletonBeanRegistry.getSingleton(DefaultSingletonBeanRegistry.java:222)
	at org.springframework.beans.factory.support.AbstractBeanFactory.doGetBean(AbstractBeanFactory.java:321)
	at org.springframework.beans.factory.support.AbstractBeanFactory.getBean(AbstractBeanFactory.java:202)
	at org.springframework.beans.factory.config.DependencyDescriptor.resolveCandidate(DependencyDescriptor.java:276)
	at org.springframework.beans.factory.support.DefaultListableBeanFactory.doResolveDependency(DefaultListableBeanFactory.java:1287)
	at org.springframework.beans.factory.support.DefaultListableBeanFactory.resolveDependency(DefaultListableBeanFactory.java:1207)
	at org.springframework.beans.factory.annotation.AutowiredAnnotationBeanPostProcessor$AutowiredFieldElement.inject(AutowiredAnnotationBeanPostProcessor.java:640)
	at org.springframework.beans.factory.annotation.InjectionMetadata.inject(InjectionMetadata.java:116)
	at org.springframework.beans.factory.annotation.AutowiredAnnotationBeanPostProcessor.postProcessProperties(AutowiredAnnotationBeanPostProcessor.java:399)
	at org.springframework.beans.factory.support.AbstractAutowireCapableBeanFactory.populateBean(AbstractAutowireCapableBeanFactory.java:1422)
	at org.springframework.beans.factory.support.AbstractAutowireCapableBeanFactory.doCreateBean(AbstractAutowireCapableBeanFactory.java:594)
	at org.springframework.beans.factory.support.AbstractAutowireCapableBeanFactory.createBean(AbstractAutowireCapableBeanFactory.java:517)
	at org.springframework.beans.factory.support.AbstractBeanFactory.lambda$doGetBean$0(AbstractBeanFactory.java:323)
	at org.springframework.beans.factory.support.DefaultSingletonBeanRegistry.getSingleton(DefaultSingletonBeanRegistry.java:222)
	at org.springframework.beans.factory.support.AbstractBeanFactory.doGetBean(AbstractBeanFactory.java:321)
	at org.springframework.beans.factory.support.AbstractBeanFactory.getBean(AbstractBeanFactory.java:202)
	at org.springframework.beans.factory.support.DefaultListableBeanFactory.preInstantiateSingletons(DefaultListableBeanFactory.java:879)
	at org.springframework.context.support.AbstractApplicationContext.finishBeanFactoryInitialization(AbstractApplicationContext.java:878)
	at org.springframework.context.support.AbstractApplicationContext.refresh(AbstractApplicationContext.java:550)
	at org.springframework.boot.web.servlet.context.ServletWebServerApplicationContext.refresh(ServletWebServerApplicationContext.java:141)
	at org.springframework.boot.SpringApplication.refresh(SpringApplication.java:747)
	at org.springframework.boot.SpringApplication.refreshContext(SpringApplication.java:397)
	at org.springframework.boot.SpringApplication.run(SpringApplication.java:315)
	at org.springframework.boot.SpringApplication.run(SpringApplication.java:1226)
	at org.springframework.boot.SpringApplication.run(SpringApplication.java:1215)
	at com.bornfire.IpsPayApplication.main(IpsPayApplication.java:21)
Caused by: oracle.net.ns.NetException: The Network Adapter could not establish the connection
	at oracle.net.nt.ConnStrategy.execute(ConnStrategy.java:470)
	at oracle.net.resolver.AddrResolution.resolveAndExecute(AddrResolution.java:506)
	at oracle.net.ns.NSProtocol.establishConnection(NSProtocol.java:595)
	at oracle.net.ns.NSProtocolStream.negotiateConnection(NSProtocolStream.java:246)
	at oracle.net.ns.NSProtocol.connect(NSProtocol.java:264)
	at oracle.jdbc.driver.T4CConnection.connect(T4CConnection.java:1452)
	at oracle.jdbc.driver.T4CConnection.logon(T4CConnection.java:496)
	... 80 common frames omitted
Caused by: java.net.ConnectException: Connection refused: connect
	at java.net.DualStackPlainSocketImpl.waitForConnect(Native Method)
	at java.net.DualStackPlainSocketImpl.socketConnect(DualStackPlainSocketImpl.java:85)
	at java.net.AbstractPlainSocketImpl.doConnect(AbstractPlainSocketImpl.java:350)
	at java.net.AbstractPlainSocketImpl.connectToAddress(AbstractPlainSocketImpl.java:206)
	at java.net.AbstractPlainSocketImpl.connect(AbstractPlainSocketImpl.java:188)
	at java.net.PlainSocketImpl.connect(PlainSocketImpl.java:172)
	at java.net.SocksSocketImpl.connect(SocksSocketImpl.java:392)
	at java.net.Socket.connect(Socket.java:589)
	at oracle.net.nt.TcpNTAdapter.connect(TcpNTAdapter.java:161)
	at oracle.net.nt.ConnOption.connect(ConnOption.java:159)
	at oracle.net.nt.ConnStrategy.execute(ConnStrategy.java:428)
	... 86 common frames omitted
2020-06-24 10:40:08,751 INFO org.hibernate.engine.transaction.jta.platform.internal.JtaPlatformInitiator [main] HHH000490: Using JtaPlatform implementation: [org.hibernate.engine.transaction.jta.platform.internal.NoJtaPlatform]
2020-06-24 10:40:09,401 INFO org.springframework.ws.soap.saaj.SaajSoapMessageFactory [main] Creating SAAJ 1.3 MessageFactory with SOAP 1.1 Protocol
2020-06-24 10:40:09,414 INFO org.springframework.scheduling.concurrent.ExecutorConfigurationSupport [main] Initializing ExecutorService
2020-06-24 10:40:09,415 INFO org.springframework.scheduling.concurrent.ExecutorConfigurationSupport [main] Initializing ExecutorService 'taskExecutor'
2020-06-24 10:40:09,777 WARN org.springframework.boot.autoconfigure.orm.jpa.JpaBaseConfiguration$JpaWebConfiguration [main] spring.jpa.open-in-view is enabled by default. Therefore, database queries may be performed during view rendering. Explicitly configure spring.jpa.open-in-view to disable this warning
2020-06-24 10:40:10,084 INFO org.springframework.scheduling.concurrent.ExecutorConfigurationSupport [main] Initializing ExecutorService 'taskScheduler'
2020-06-24 10:40:10,095 INFO org.springframework.boot.actuate.endpoint.web.EndpointLinksResolver [main] Exposing 13 endpoint(s) beneath base path '/actuator'
2020-06-24 10:40:10,134 INFO org.apache.juli.logging.DirectJDKLog [main] Starting ProtocolHandler ["https-jsse-nio-8440"]
2020-06-24 10:40:10,173 INFO org.springframework.boot.web.embedded.tomcat.TomcatWebServer [main] Tomcat started on port(s): 8440 (https) with context path ''
2020-06-24 10:40:10,175 INFO org.springframework.boot.StartupInfoLogger [main] Started IpsPayApplication in 6.143 seconds (JVM running for 6.526)
2020-06-24 10:40:20,881 INFO org.apache.juli.logging.DirectJDKLog [https-jsse-nio-8440-exec-8] Initializing Spring DispatcherServlet 'dispatcherServlet'
2020-06-24 10:40:20,881 INFO org.springframework.web.servlet.FrameworkServlet [https-jsse-nio-8440-exec-8] Initializing Servlet 'dispatcherServlet'
2020-06-24 10:40:20,886 INFO org.springframework.web.servlet.FrameworkServlet [https-jsse-nio-8440-exec-8] Completed initialization in 5 ms
2020-06-24 10:40:21,600 ERROR org.apache.juli.logging.DirectJDKLog [https-jsse-nio-8440-exec-8] Servlet.service() for servlet [dispatcherServlet] in context with path [] threw exception [Request processing failed; nested exception is java.lang.NullPointerException] with root cause
java.lang.NullPointerException: null
	at com.bornfire.controller.IPSRestController.test(IPSRestController.java:538)
	at sun.reflect.NativeMethodAccessorImpl.invoke0(Native Method)
	at sun.reflect.NativeMethodAccessorImpl.invoke(NativeMethodAccessorImpl.java:62)
	at sun.reflect.DelegatingMethodAccessorImpl.invoke(DelegatingMethodAccessorImpl.java:43)
	at java.lang.reflect.Method.invoke(Method.java:498)
	at org.springframework.web.method.support.InvocableHandlerMethod.doInvoke(InvocableHandlerMethod.java:190)
	at org.springframework.web.method.support.InvocableHandlerMethod.invokeForRequest(InvocableHandlerMethod.java:138)
	at org.springframework.web.servlet.mvc.method.annotation.ServletInvocableHandlerMethod.invokeAndHandle(ServletInvocableHandlerMethod.java:106)
	at org.springframework.web.servlet.mvc.method.annotation.RequestMappingHandlerAdapter.invokeHandlerMethod(RequestMappingHandlerAdapter.java:888)
	at org.springframework.web.servlet.mvc.method.annotation.RequestMappingHandlerAdapter.handleInternal(RequestMappingHandlerAdapter.java:793)
	at org.springframework.web.servlet.mvc.method.AbstractHandlerMethodAdapter.handle(AbstractHandlerMethodAdapter.java:87)
	at org.springframework.web.servlet.DispatcherServlet.doDispatch(DispatcherServlet.java:1040)
	at org.springframework.web.servlet.DispatcherServlet.doService(DispatcherServlet.java:943)
	at org.springframework.web.servlet.FrameworkServlet.processRequest(FrameworkServlet.java:1006)
	at org.springframework.web.servlet.FrameworkServlet.doGet(FrameworkServlet.java:898)
	at javax.servlet.http.HttpServlet.service(HttpServlet.java:634)
	at org.springframework.web.servlet.FrameworkServlet.service(FrameworkServlet.java:883)
	at javax.servlet.http.HttpServlet.service(HttpServlet.java:741)
	at org.apache.catalina.core.ApplicationFilterChain.internalDoFilter(ApplicationFilterChain.java:231)
	at org.apache.catalina.core.ApplicationFilterChain.doFilter(ApplicationFilterChain.java:166)
	at org.apache.tomcat.websocket.server.WsFilter.doFilter(WsFilter.java:53)
	at org.apache.catalina.core.ApplicationFilterChain.internalDoFilter(ApplicationFilterChain.java:193)
	at org.apache.catalina.core.ApplicationFilterChain.doFilter(ApplicationFilterChain.java:166)
	at org.springframework.web.filter.RequestContextFilter.doFilterInternal(RequestContextFilter.java:100)
	at org.springframework.web.filter.OncePerRequestFilter.doFilter(OncePerRequestFilter.java:119)
	at org.apache.catalina.core.ApplicationFilterChain.internalDoFilter(ApplicationFilterChain.java:193)
	at org.apache.catalina.core.ApplicationFilterChain.doFilter(ApplicationFilterChain.java:166)
	at org.springframework.web.filter.FormContentFilter.doFilterInternal(FormContentFilter.java:93)
	at org.springframework.web.filter.OncePerRequestFilter.doFilter(OncePerRequestFilter.java:119)
	at org.apache.catalina.core.ApplicationFilterChain.internalDoFilter(ApplicationFilterChain.java:193)
	at org.apache.catalina.core.ApplicationFilterChain.doFilter(ApplicationFilterChain.java:166)
	at org.springframework.boot.actuate.metrics.web.servlet.WebMvcMetricsFilter.doFilterInternal(WebMvcMetricsFilter.java:108)
	at org.springframework.web.filter.OncePerRequestFilter.doFilter(OncePerRequestFilter.java:119)
	at org.apache.catalina.core.ApplicationFilterChain.internalDoFilter(ApplicationFilterChain.java:193)
	at org.apache.catalina.core.ApplicationFilterChain.doFilter(ApplicationFilterChain.java:166)
	at org.springframework.web.filter.CharacterEncodingFilter.doFilterInternal(CharacterEncodingFilter.java:201)
	at org.springframework.web.filter.OncePerRequestFilter.doFilter(OncePerRequestFilter.java:119)
	at org.apache.catalina.core.ApplicationFilterChain.internalDoFilter(ApplicationFilterChain.java:193)
	at org.apache.catalina.core.ApplicationFilterChain.doFilter(ApplicationFilterChain.java:166)
	at org.apache.catalina.core.StandardWrapperValve.invoke(StandardWrapperValve.java:202)
	at org.apache.catalina.core.StandardContextValve.invoke(StandardContextValve.java:96)
	at org.apache.catalina.authenticator.AuthenticatorBase.invoke(AuthenticatorBase.java:541)
	at org.apache.catalina.core.StandardHostValve.invoke(StandardHostValve.java:139)
	at org.apache.catalina.valves.ErrorReportValve.invoke(ErrorReportValve.java:92)
	at org.apache.catalina.core.StandardEngineValve.invoke(StandardEngineValve.java:74)
	at org.apache.catalina.connector.CoyoteAdapter.service(CoyoteAdapter.java:343)
	at org.apache.coyote.http11.Http11Processor.service(Http11Processor.java:367)
	at org.apache.coyote.AbstractProcessorLight.process(AbstractProcessorLight.java:65)
	at org.apache.coyote.AbstractProtocol$ConnectionHandler.process(AbstractProtocol.java:860)
	at org.apache.tomcat.util.net.NioEndpoint$SocketProcessor.doRun(NioEndpoint.java:1598)
	at org.apache.tomcat.util.net.SocketProcessorBase.run(SocketProcessorBase.java:49)
	at java.util.concurrent.ThreadPoolExecutor.runWorker(ThreadPoolExecutor.java:1149)
	at java.util.concurrent.ThreadPoolExecutor$Worker.run(ThreadPoolExecutor.java:624)
	at org.apache.tomcat.util.threads.TaskThread$WrappingRunnable.run(TaskThread.java:61)
	at java.lang.Thread.run(Thread.java:748)
2020-06-24 10:40:52,769 INFO org.springframework.boot.admin.SpringApplicationAdminMXBeanRegistrar$SpringApplicationAdmin [RMI TCP Connection(5)-127.0.0.1] Application shutdown requested.
2020-06-24 10:40:52,772 INFO org.springframework.scheduling.concurrent.ExecutorConfigurationSupport [RMI TCP Connection(5)-127.0.0.1] Shutting down ExecutorService 'taskScheduler'
2020-06-24 10:40:52,775 INFO org.springframework.scheduling.concurrent.ExecutorConfigurationSupport [RMI TCP Connection(5)-127.0.0.1] Shutting down ExecutorService 'taskExecutor'
